#
# There is insufficient memory for the Java Runtime Environment to continue.
# Native memory allocation (malloc) failed to allocate 32744 bytes for Chunk::new
# Possible reasons:
#   The system is out of physical RAM or swap space
#   The process is running with CompressedOops enabled, and the Java Heap may be blocking the growth of the native heap
# Possible solutions:
#   Reduce memory load on the system
#   Increase physical memory or swap space
#   Check if swap backing store is full
#   Decrease Java heap size (-Xmx/-Xms)
#   Decrease number of Java threads
#
#  

Host: 11th Gen Intel(R) Core(TM) i5-11400H @ 2.70GHz, 12 cores, 11G,  Windows 11 , 64 bit Build 22000 (10.0.22000.708)
Time: Fri Jul  8 15:26:24 2022 Pakistan Standard Time elapsed time: 5914.584516 seconds (0d 1h 38m 34s)

---------------  T H R E A D  ---------------

Current thread (0x00000212e594f1a0):  JavaThread "C2 CompilerThread0" daemon [_thread_in_native, id=21536, stack(0x0000002a23300000,0x0000002a23400000)]


Current CompileTask:
C2:5914585 1186  s    4       sun.java2d.loops.GraphicsPrimitive::makeUniqueID (26 bytes)

Stack: [0x0000002a23300000,0x0000002a23400000]
Native frames: (J=compiled Java code, j=interpreted, Vv=VM code, C=native code)
V  [jvm.dll+0x69804a]
V  [jvm.dll+0x7f308d]
V  [jvm.dll+0x7f499e]
V  [jvm.dll+0x7f5053]
V  [jvm.dll+0x25ca3f]
V  [jvm.dll+0xb8c2f]
V  [jvm.dll+0xb8fa5]
V  [jvm.dll+0x2c794f]
V  [jvm.dll+0x59fdb0]
V  [jvm.dll+0x238398]
V  [jvm.dll+0x2319c5]
V  [jvm.dll+0x22eeeb]
V  [jvm.dll+0x1b9cfc]
V  [jvm.dll+0x23e8ca]
V  [jvm.dll+0x23cbac]
V  [jvm.dll+0x7a5781]
V  [jvm.dll+0x79fbba]
V  [jvm.dll+0x696ef5]
C  [ucrtbase.dll+0x26c0c]
C  [KERNEL32.DLL+0x154e0]
C  [ntdll.dll+0x485b]


---------------  P R O C E S S  ---------------

Threads class SMR info:
_java_thread_list=0x00000212ed26da40, length=16, elements={
0x00000212e5928430, 0x00000212e5928dd0, 0x00000212e59418a0, 0x00000212e5944250,
0x00000212e594cc10, 0x00000212e594d5b0, 0x00000212e594f1a0, 0x00000212e594fa90,
0x00000212e5950380, 0x00000212e9c75db0, 0x00000212e9d39930, 0x00000212e9e1fb60,
0x00000212e9ee59f0, 0x00000212e9ee9180, 0x00000212e9fec0e0, 0x00000212c4fac1d0
}

Java Threads: ( => current thread )
  0x00000212e5928430 JavaThread "Reference Handler" daemon [_thread_blocked, id=20784, stack(0x0000002a22d00000,0x0000002a22e00000)]
  0x00000212e5928dd0 JavaThread "Finalizer" daemon [_thread_blocked, id=2004, stack(0x0000002a22e00000,0x0000002a22f00000)]
  0x00000212e59418a0 JavaThread "Signal Dispatcher" daemon [_thread_blocked, id=11524, stack(0x0000002a22f00000,0x0000002a23000000)]
  0x00000212e5944250 JavaThread "Attach Listener" daemon [_thread_blocked, id=17456, stack(0x0000002a23000000,0x0000002a23100000)]
  0x00000212e594cc10 JavaThread "Service Thread" daemon [_thread_blocked, id=9280, stack(0x0000002a23100000,0x0000002a23200000)]
  0x00000212e594d5b0 JavaThread "Monitor Deflation Thread" daemon [_thread_blocked, id=3924, stack(0x0000002a23200000,0x0000002a23300000)]
=>0x00000212e594f1a0 JavaThread "C2 CompilerThread0" daemon [_thread_in_native, id=21536, stack(0x0000002a23300000,0x0000002a23400000)]
  0x00000212e594fa90 JavaThread "C1 CompilerThread0" daemon [_thread_in_native, id=18544, stack(0x0000002a23400000,0x0000002a23500000)]
  0x00000212e5950380 JavaThread "Sweeper thread" daemon [_thread_blocked, id=18200, stack(0x0000002a23500000,0x0000002a23600000)]
  0x00000212e9c75db0 JavaThread "Common-Cleaner" daemon [_thread_blocked, id=6396, stack(0x0000002a23600000,0x0000002a23700000)]
  0x00000212e9d39930 JavaThread "Notification Thread" daemon [_thread_blocked, id=9832, stack(0x0000002a23700000,0x0000002a23800000)]
  0x00000212e9e1fb60 JavaThread "Java2D Disposer" daemon [_thread_blocked, id=22176, stack(0x0000002a23900000,0x0000002a23a00000)]
  0x00000212e9ee59f0 JavaThread "AWT-Shutdown" [_thread_blocked, id=10472, stack(0x0000002a23a00000,0x0000002a23b00000)]
  0x00000212e9ee9180 JavaThread "AWT-Windows" daemon [_thread_in_native, id=21976, stack(0x0000002a23b00000,0x0000002a23c00000)]
  0x00000212e9fec0e0 JavaThread "AWT-EventQueue-0" [_thread_blocked, id=10552, stack(0x0000002a24400000,0x0000002a24500000)]
  0x00000212c4fac1d0 JavaThread "DestroyJavaVM" [_thread_blocked, id=16832, stack(0x0000002a22600000,0x0000002a22700000)]

Other Threads:
  0x00000212c503a340 VMThread "VM Thread" [stack: 0x0000002a22c00000,0x0000002a22d00000] [id=8924]
  0x00000212e9d65510 WatcherThread "VM Periodic Task Thread" [stack: 0x0000002a23800000,0x0000002a23900000] [id=4544]
  0x00000212c500a060 WorkerThread "GC Thread#0" [stack: 0x0000002a22700000,0x0000002a22800000] [id=1776]
  0x00000212e9f93f10 WorkerThread "GC Thread#1" [stack: 0x0000002a23d00000,0x0000002a23e00000] [id=21620]
  0x00000212e9fda030 WorkerThread "GC Thread#2" [stack: 0x0000002a23e00000,0x0000002a23f00000] [id=6740]
  0x00000212e9fda2d0 WorkerThread "GC Thread#3" [stack: 0x0000002a23f00000,0x0000002a24000000] [id=1168]
  0x00000212e9ff3100 WorkerThread "GC Thread#4" [stack: 0x0000002a24000000,0x0000002a24100000] [id=22464]
  0x00000212e9ff33a0 WorkerThread "GC Thread#5" [stack: 0x0000002a24100000,0x0000002a24200000] [id=9240]
  0x00000212e9ff3640 WorkerThread "GC Thread#6" [stack: 0x0000002a24200000,0x0000002a24300000] [id=6932]
  0x00000212e9ff38e0 WorkerThread "GC Thread#7" [stack: 0x0000002a24300000,0x0000002a24400000] [id=9180]
  0x00000212c50169e0 ConcurrentGCThread "G1 Main Marker" [stack: 0x0000002a22800000,0x0000002a22900000] [id=3916]
  0x00000212c50173d0 WorkerThread "G1 Conc#0" [stack: 0x0000002a22900000,0x0000002a22a00000] [id=20820]
  0x00000212e57e2a00 ConcurrentGCThread "G1 Refine#0" [stack: 0x0000002a22a00000,0x0000002a22b00000] [id=2800]
  0x00000212e57e3310 ConcurrentGCThread "G1 Service" [stack: 0x0000002a22b00000,0x0000002a22c00000] [id=16240]

Threads with active compile tasks:
C2 CompilerThread0  5914608 1186  s    4       sun.java2d.loops.GraphicsPrimitive::makeUniqueID (26 bytes)
C1 CompilerThread0  5914608 1187  s    3       sun.java2d.loops.GraphicsPrimitiveMgr::locatePrim (95 bytes)

VM state: not at safepoint (normal execution)

VM Mutex/Monitor currently owned by a thread: None

Heap address: 0x0000000745a00000, size: 2982 MB, Compressed Oops mode: Zero based, Oop shift amount: 3

CDS archive(s) mapped at: [0x0000000800000000-0x0000000800ba0000-0x0000000800ba0000), size 12189696, SharedBaseAddress: 0x0000000800000000, ArchiveRelocationMode: 0.
Compressed class space mapped at: 0x0000000800c00000-0x0000000840c00000, reserved size: 1073741824
Narrow klass base: 0x0000000800000000, Narrow klass shift: 0, Narrow klass range: 0x100000000

GC Precious Log:
 CardTable entry size: 512
 Card Set container configuration: InlinePtr #cards 4 size 8 Array Of Cards #cards 16 size 48 Howl #buckets 8 coarsen threshold 3686 Howl Bitmap #cards 512 size 80 coarsen threshold 460 Card regions per heap region 1 cards per card region 4096
 CPUs: 12 total, 12 available
 Memory: 11925M
 Large Page Support: Disabled
 NUMA Support: Disabled
 Compressed Oops: Enabled (Zero based)
 Heap Region Size: 2M
 Heap Min Capacity: 8M
 Heap Initial Capacity: 188M
 Heap Max Capacity: 2982M
 Pre-touch: Disabled
 Parallel Workers: 10
 Concurrent Workers: 3
 Concurrent Refinement Workers: 10
 Periodic GC: Disabled

Heap:
 garbage-first heap   total 192512K, used 94763K [0x0000000745a00000, 0x0000000800000000)
  region size 2048K, 16 young (32768K), 2 survivors (4096K)
 Metaspace       used 6947K, committed 7104K, reserved 1114112K
  class space    used 718K, committed 832K, reserved 1048576K

Heap Regions: E=young(eden), S=young(survivor), O=old, HS=humongous(starts), HC=humongous(continues), CS=collection set, F=free, OA=open archive, CA=closed archive, TAMS=top-at-mark-start (previous, next)
|   0|0x0000000745a00000, 0x0000000745c00000, 0x0000000745c00000|100%|HS|  |TAMS 0x0000000745a00000, 0x0000000745a00000| Complete 
|   1|0x0000000745c00000, 0x0000000745e00000, 0x0000000745e00000|100%|HC|  |TAMS 0x0000000745c00000, 0x0000000745c00000| Complete 
|   2|0x0000000745e00000, 0x0000000746000000, 0x0000000746000000|100%|HC|  |TAMS 0x0000000745e00000, 0x0000000745e00000| Complete 
|   3|0x0000000746000000, 0x0000000746200000, 0x0000000746200000|100%|HC|  |TAMS 0x0000000746000000, 0x0000000746000000| Complete 
|   4|0x0000000746200000, 0x0000000746400000, 0x0000000746400000|100%|HC|  |TAMS 0x0000000746200000, 0x0000000746200000| Complete 
|   5|0x0000000746400000, 0x0000000746600000, 0x0000000746600000|100%|HC|  |TAMS 0x0000000746400000, 0x0000000746400000| Complete 
|   6|0x0000000746600000, 0x0000000746800000, 0x0000000746800000|100%|HC|  |TAMS 0x0000000746600000, 0x0000000746600000| Complete 
|   7|0x0000000746800000, 0x0000000746a00000, 0x0000000746a00000|100%|HC|  |TAMS 0x0000000746800000, 0x0000000746800000| Complete 
|   8|0x0000000746a00000, 0x0000000746c00000, 0x0000000746c00000|100%|HC|  |TAMS 0x0000000746a00000, 0x0000000746a00000| Complete 
|   9|0x0000000746c00000, 0x0000000746e00000, 0x0000000746e00000|100%|HC|  |TAMS 0x0000000746c00000, 0x0000000746c00000| Complete 
|  10|0x0000000746e00000, 0x0000000747000000, 0x0000000747000000|100%|HC|  |TAMS 0x0000000746e00000, 0x0000000746e00000| Complete 
|  11|0x0000000747000000, 0x0000000747200000, 0x0000000747200000|100%|HC|  |TAMS 0x0000000747000000, 0x0000000747000000| Complete 
|  12|0x0000000747200000, 0x0000000747400000, 0x0000000747400000|100%|HC|  |TAMS 0x0000000747200000, 0x0000000747200000| Complete 
|  13|0x0000000747400000, 0x0000000747600000, 0x0000000747600000|100%|HC|  |TAMS 0x0000000747400000, 0x0000000747400000| Complete 
|  14|0x0000000747600000, 0x0000000747800000, 0x0000000747800000|100%|HC|  |TAMS 0x0000000747600000, 0x0000000747600000| Complete 
|  15|0x0000000747800000, 0x0000000747a00000, 0x0000000747a00000|100%|HC|  |TAMS 0x0000000747800000, 0x0000000747800000| Complete 
|  16|0x0000000747a00000, 0x0000000747c00000, 0x0000000747c00000|100%|HC|  |TAMS 0x0000000747a00000, 0x0000000747a00000| Complete 
|  17|0x0000000747c00000, 0x0000000747e00000, 0x0000000747e00000|100%|HC|  |TAMS 0x0000000747c00000, 0x0000000747c00000| Complete 
|  18|0x0000000747e00000, 0x0000000748000000, 0x0000000748000000|100%|HC|  |TAMS 0x0000000747e00000, 0x0000000747e00000| Complete 
|  19|0x0000000748000000, 0x0000000748200000, 0x0000000748200000|100%|HC|  |TAMS 0x0000000748000000, 0x0000000748000000| Complete 
|  20|0x0000000748200000, 0x0000000748400000, 0x0000000748400000|100%|HC|  |TAMS 0x0000000748200000, 0x0000000748200000| Complete 
|  21|0x0000000748400000, 0x0000000748600000, 0x0000000748600000|100%|HC|  |TAMS 0x0000000748400000, 0x0000000748400000| Complete 
|  22|0x0000000748600000, 0x0000000748800000, 0x0000000748800000|100%|HC|  |TAMS 0x0000000748600000, 0x0000000748600000| Complete 
|  23|0x0000000748800000, 0x0000000748a00000, 0x0000000748a00000|100%|HC|  |TAMS 0x0000000748800000, 0x0000000748800000| Complete 
|  24|0x0000000748a00000, 0x0000000748c00000, 0x0000000748c00000|100%|HC|  |TAMS 0x0000000748a00000, 0x0000000748a00000| Complete 
|  25|0x0000000748c00000, 0x0000000748e00000, 0x0000000748e00000|100%|HC|  |TAMS 0x0000000748c00000, 0x0000000748c00000| Complete 
|  26|0x0000000748e00000, 0x0000000749000000, 0x0000000749000000|100%|HC|  |TAMS 0x0000000748e00000, 0x0000000748e00000| Complete 
|  27|0x0000000749000000, 0x0000000749200000, 0x0000000749200000|100%|HS|  |TAMS 0x0000000749000000, 0x0000000749000000| Complete 
|  28|0x0000000749200000, 0x0000000749400000, 0x0000000749400000|100%|HC|  |TAMS 0x0000000749200000, 0x0000000749200000| Complete 
|  29|0x0000000749400000, 0x0000000749600000, 0x0000000749600000|100%|HS|  |TAMS 0x0000000749400000, 0x0000000749400000| Complete 
|  30|0x0000000749600000, 0x0000000749800000, 0x0000000749800000|100%|HC|  |TAMS 0x0000000749600000, 0x0000000749600000| Complete 
|  31|0x0000000749800000, 0x0000000749a00000, 0x0000000749a00000|100%|HC|  |TAMS 0x0000000749800000, 0x0000000749800000| Complete 
|  32|0x0000000749a00000, 0x0000000749a00000, 0x0000000749c00000|  0%| F|  |TAMS 0x0000000749a00000, 0x0000000749a00000| Untracked 
|  33|0x0000000749c00000, 0x0000000749c00000, 0x0000000749e00000|  0%| F|  |TAMS 0x0000000749c00000, 0x0000000749c00000| Untracked 
|  34|0x0000000749e00000, 0x0000000749e00000, 0x000000074a000000|  0%| F|  |TAMS 0x0000000749e00000, 0x0000000749e00000| Untracked 
|  35|0x000000074a000000, 0x000000074a000000, 0x000000074a200000|  0%| F|  |TAMS 0x000000074a000000, 0x000000074a000000| Untracked 
|  36|0x000000074a200000, 0x000000074a200000, 0x000000074a400000|  0%| F|  |TAMS 0x000000074a200000, 0x000000074a200000| Untracked 
|  37|0x000000074a400000, 0x000000074a400000, 0x000000074a600000|  0%| F|  |TAMS 0x000000074a400000, 0x000000074a400000| Untracked 
|  38|0x000000074a600000, 0x000000074a600000, 0x000000074a800000|  0%| F|  |TAMS 0x000000074a600000, 0x000000074a600000| Untracked 
|  39|0x000000074a800000, 0x000000074a800000, 0x000000074aa00000|  0%| F|  |TAMS 0x000000074a800000, 0x000000074a800000| Untracked 
|  40|0x000000074aa00000, 0x000000074aa00000, 0x000000074ac00000|  0%| F|  |TAMS 0x000000074aa00000, 0x000000074aa00000| Untracked 
|  41|0x000000074ac00000, 0x000000074ac00000, 0x000000074ae00000|  0%| F|  |TAMS 0x000000074ac00000, 0x000000074ac00000| Untracked 
|  42|0x000000074ae00000, 0x000000074ae00000, 0x000000074b000000|  0%| F|  |TAMS 0x000000074ae00000, 0x000000074ae00000| Untracked 
|  43|0x000000074b000000, 0x000000074b000000, 0x000000074b200000|  0%| F|  |TAMS 0x000000074b000000, 0x000000074b000000| Untracked 
|  44|0x000000074b200000, 0x000000074b200000, 0x000000074b400000|  0%| F|  |TAMS 0x000000074b200000, 0x000000074b200000| Untracked 
|  45|0x000000074b400000, 0x000000074b400000, 0x000000074b600000|  0%| F|  |TAMS 0x000000074b400000, 0x000000074b400000| Untracked 
|  46|0x000000074b600000, 0x000000074b600000, 0x000000074b800000|  0%| F|  |TAMS 0x000000074b600000, 0x000000074b600000| Untracked 
|  47|0x000000074b800000, 0x000000074b800000, 0x000000074ba00000|  0%| F|  |TAMS 0x000000074b800000, 0x000000074b800000| Untracked 
|  48|0x000000074ba00000, 0x000000074ba00000, 0x000000074bc00000|  0%| F|  |TAMS 0x000000074ba00000, 0x000000074ba00000| Untracked 
|  49|0x000000074bc00000, 0x000000074bc00000, 0x000000074be00000|  0%| F|  |TAMS 0x000000074bc00000, 0x000000074bc00000| Untracked 
|  50|0x000000074be00000, 0x000000074be00000, 0x000000074c000000|  0%| F|  |TAMS 0x000000074be00000, 0x000000074be00000| Untracked 
|  51|0x000000074c000000, 0x000000074c000000, 0x000000074c200000|  0%| F|  |TAMS 0x000000074c000000, 0x000000074c000000| Untracked 
|  52|0x000000074c200000, 0x000000074c200000, 0x000000074c400000|  0%| F|  |TAMS 0x000000074c200000, 0x000000074c200000| Untracked 
|  53|0x000000074c400000, 0x000000074c400000, 0x000000074c600000|  0%| F|  |TAMS 0x000000074c400000, 0x000000074c400000| Untracked 
|  54|0x000000074c600000, 0x000000074c600000, 0x000000074c800000|  0%| F|  |TAMS 0x000000074c600000, 0x000000074c600000| Untracked 
|  55|0x000000074c800000, 0x000000074c800000, 0x000000074ca00000|  0%| F|  |TAMS 0x000000074c800000, 0x000000074c800000| Untracked 
|  56|0x000000074ca00000, 0x000000074ca00000, 0x000000074cc00000|  0%| F|  |TAMS 0x000000074ca00000, 0x000000074ca00000| Untracked 
|  57|0x000000074cc00000, 0x000000074cc00000, 0x000000074ce00000|  0%| F|  |TAMS 0x000000074cc00000, 0x000000074cc00000| Untracked 
|  58|0x000000074ce00000, 0x000000074ce00000, 0x000000074d000000|  0%| F|  |TAMS 0x000000074ce00000, 0x000000074ce00000| Untracked 
|  59|0x000000074d000000, 0x000000074d000000, 0x000000074d200000|  0%| F|  |TAMS 0x000000074d000000, 0x000000074d000000| Untracked 
|  60|0x000000074d200000, 0x000000074d200000, 0x000000074d400000|  0%| F|  |TAMS 0x000000074d200000, 0x000000074d200000| Untracked 
|  61|0x000000074d400000, 0x000000074d400000, 0x000000074d600000|  0%| F|  |TAMS 0x000000074d400000, 0x000000074d400000| Untracked 
|  62|0x000000074d600000, 0x000000074d600000, 0x000000074d800000|  0%| F|  |TAMS 0x000000074d600000, 0x000000074d600000| Untracked 
|  63|0x000000074d800000, 0x000000074d800000, 0x000000074da00000|  0%| F|  |TAMS 0x000000074d800000, 0x000000074d800000| Untracked 
|  64|0x000000074da00000, 0x000000074da00000, 0x000000074dc00000|  0%| F|  |TAMS 0x000000074da00000, 0x000000074da00000| Untracked 
|  65|0x000000074dc00000, 0x000000074dc00000, 0x000000074de00000|  0%| F|  |TAMS 0x000000074dc00000, 0x000000074dc00000| Untracked 
|  66|0x000000074de00000, 0x000000074de00000, 0x000000074e000000|  0%| F|  |TAMS 0x000000074de00000, 0x000000074de00000| Untracked 
|  67|0x000000074e000000, 0x000000074e000000, 0x000000074e200000|  0%| F|  |TAMS 0x000000074e000000, 0x000000074e000000| Untracked 
|  68|0x000000074e200000, 0x000000074e200000, 0x000000074e400000|  0%| F|  |TAMS 0x000000074e200000, 0x000000074e200000| Untracked 
|  69|0x000000074e400000, 0x000000074e400000, 0x000000074e600000|  0%| F|  |TAMS 0x000000074e400000, 0x000000074e400000| Untracked 
|  70|0x000000074e600000, 0x000000074e600000, 0x000000074e800000|  0%| F|  |TAMS 0x000000074e600000, 0x000000074e600000| Untracked 
|  71|0x000000074e800000, 0x000000074e800000, 0x000000074ea00000|  0%| F|  |TAMS 0x000000074e800000, 0x000000074e800000| Untracked 
|  72|0x000000074ea00000, 0x000000074ea8ac28, 0x000000074ec00000| 27%| S|CS|TAMS 0x000000074ea00000, 0x000000074ea00000| Complete 
|  73|0x000000074ec00000, 0x000000074ee00000, 0x000000074ee00000|100%| S|CS|TAMS 0x000000074ec00000, 0x000000074ec00000| Complete 
|  74|0x000000074ee00000, 0x000000074ee00000, 0x000000074f000000|  0%| F|  |TAMS 0x000000074ee00000, 0x000000074ee00000| Untracked 
|  75|0x000000074f000000, 0x000000074f000000, 0x000000074f200000|  0%| F|  |TAMS 0x000000074f000000, 0x000000074f000000| Untracked 
|  76|0x000000074f200000, 0x000000074f200000, 0x000000074f400000|  0%| F|  |TAMS 0x000000074f200000, 0x000000074f200000| Untracked 
|  77|0x000000074f400000, 0x000000074f400000, 0x000000074f600000|  0%| F|  |TAMS 0x000000074f400000, 0x000000074f400000| Untracked 
|  78|0x000000074f600000, 0x000000074f600000, 0x000000074f800000|  0%| F|  |TAMS 0x000000074f600000, 0x000000074f600000| Untracked 
|  79|0x000000074f800000, 0x000000074f800000, 0x000000074fa00000|  0%| F|  |TAMS 0x000000074f800000, 0x000000074f800000| Untracked 
|  80|0x000000074fa00000, 0x000000074fb00728, 0x000000074fc00000| 50%| E|  |TAMS 0x000000074fa00000, 0x000000074fa00000| Complete 
|  81|0x000000074fc00000, 0x000000074fe00000, 0x000000074fe00000|100%| E|CS|TAMS 0x000000074fc00000, 0x000000074fc00000| Complete 
|  82|0x000000074fe00000, 0x0000000750000000, 0x0000000750000000|100%| E|CS|TAMS 0x000000074fe00000, 0x000000074fe00000| Complete 
|  83|0x0000000750000000, 0x0000000750200000, 0x0000000750200000|100%| E|CS|TAMS 0x0000000750000000, 0x0000000750000000| Complete 
|  84|0x0000000750200000, 0x0000000750400000, 0x0000000750400000|100%| E|CS|TAMS 0x0000000750200000, 0x0000000750200000| Complete 
|  85|0x0000000750400000, 0x0000000750600000, 0x0000000750600000|100%| E|CS|TAMS 0x0000000750400000, 0x0000000750400000| Complete 
|  86|0x0000000750600000, 0x0000000750800000, 0x0000000750800000|100%| E|CS|TAMS 0x0000000750600000, 0x0000000750600000| Complete 
|  87|0x0000000750800000, 0x0000000750a00000, 0x0000000750a00000|100%| E|CS|TAMS 0x0000000750800000, 0x0000000750800000| Complete 
|  88|0x0000000750a00000, 0x0000000750c00000, 0x0000000750c00000|100%| E|CS|TAMS 0x0000000750a00000, 0x0000000750a00000| Complete 
|  89|0x0000000750c00000, 0x0000000750e00000, 0x0000000750e00000|100%| E|CS|TAMS 0x0000000750c00000, 0x0000000750c00000| Complete 
|  90|0x0000000750e00000, 0x0000000751000000, 0x0000000751000000|100%| E|CS|TAMS 0x0000000750e00000, 0x0000000750e00000| Complete 
|  91|0x0000000751000000, 0x0000000751200000, 0x0000000751200000|100%| E|CS|TAMS 0x0000000751000000, 0x0000000751000000| Complete 
|  92|0x0000000751200000, 0x0000000751400000, 0x0000000751400000|100%| E|CS|TAMS 0x0000000751200000, 0x0000000751200000| Complete 
|  93|0x0000000751400000, 0x0000000751600000, 0x0000000751600000|100%| E|CS|TAMS 0x0000000751400000, 0x0000000751400000| Complete 

Card table byte_map: [0x00000212dc420000,0x00000212dca00000] _byte_map_base: 0x00000212d89f3000

Marking Bits (Prev, Next): (CMBitMap*) 0x00000212c500a660, (CMBitMap*) 0x00000212c500a6a0
 Prev Bits: [0x00000212dcfe0000, 0x00000212dfe78000)
 Next Bits: [0x00000212dfe80000, 0x00000212e2d18000)

Polling page: 0x00000212c2f60000

Metaspace:

Usage:
  Non-class:      6.08 MB used.
      Class:    718.20 KB used.
       Both:      6.78 MB used.

Virtual space:
  Non-class space:       64.00 MB reserved,       6.12 MB ( 10%) committed,  1 nodes.
      Class space:        1.00 GB reserved,     832.00 KB ( <1%) committed,  1 nodes.
             Both:        1.06 GB reserved,       6.94 MB ( <1%) committed. 

Chunk freelists:
   Non-Class:  1.00 MB
       Class:  3.24 MB
        Both:  4.24 MB

MaxMetaspaceSize: unlimited
CompressedClassSpaceSize: 1.00 GB
Initial GC threshold: 21.00 MB
Current GC threshold: 21.00 MB
CDS: on
MetaspaceReclaimPolicy: balanced
 - commit_granule_bytes: 65536.
 - commit_granule_words: 8192.
 - virtual_space_node_default_size: 8388608.
 - enlarge_chunks_in_place: 1.
 - new_chunks_are_fully_committed: 0.
 - uncommit_free_chunks: 1.
 - use_allocation_guard: 0.


Internal statistics:

num_allocs_failed_limit: 0.
num_arena_births: 126.
num_arena_deaths: 0.
num_vsnodes_births: 2.
num_vsnodes_deaths: 0.
num_space_committed: 111.
num_space_uncommitted: 0.
num_chunks_returned_to_freelist: 0.
num_chunks_taken_from_freelist: 181.
num_chunk_merges: 0.
num_chunk_splits: 94.
num_chunks_enlarged: 22.
num_inconsistent_stats: 0.

CodeHeap 'non-profiled nmethods': size=120000Kb used=365Kb max_used=365Kb free=119634Kb
 bounds [0x00000212d43b0000, 0x00000212d4620000, 0x00000212db8e0000]
CodeHeap 'profiled nmethods': size=120000Kb used=1973Kb max_used=1973Kb free=118026Kb
 bounds [0x00000212cce80000, 0x00000212cd0f0000, 0x00000212d43b0000]
CodeHeap 'non-nmethods': size=5760Kb used=1281Kb max_used=1312Kb free=4479Kb
 bounds [0x00000212cc8e0000, 0x00000212ccb50000, 0x00000212cce80000]
 total_blobs=1767 nmethods=1185 adapters=495
 compilation: enabled
              stopped_count=0, restarted_count=0
 full_count=0

Compilation events (20 events):
Event: 4158.565 Thread 0x00000212e594fa90 1176       3       jdk.internal.org.objectweb.asm.MethodVisitor::<init> (88 bytes)
Event: 4158.565 Thread 0x00000212e594f1a0 1177       4       java.util.HashMap::get (19 bytes)
Event: 4158.566 Thread 0x00000212e594fa90 nmethod 1176 0x00000212cd066590 code [0x00000212cd0667e0, 0x00000212cd0670c8]
Event: 4158.566 Thread 0x00000212e594fa90 1175       3       java.lang.invoke.MethodHandles$Lookup::in (283 bytes)
Event: 4158.569 Thread 0x00000212e594fa90 nmethod 1175 0x00000212cd067390 code [0x00000212cd0677a0, 0x00000212cd069268]
Event: 4158.569 Thread 0x00000212e594fa90 1178       1       java.awt.Color::getRGB (5 bytes)
Event: 4158.569 Thread 0x00000212e594fa90 nmethod 1178 0x00000212d440a490 code [0x00000212d440a620, 0x00000212d440a6f8]
Event: 4158.573 Thread 0x00000212e594f1a0 nmethod 1177 0x00000212d440a790 code [0x00000212d440a940, 0x00000212d440acf8]
Event: 5400.999 Thread 0x00000212e594fa90 1179   !   3       java.lang.ref.ReferenceQueue::remove (125 bytes)
Event: 5401.001 Thread 0x00000212e594fa90 nmethod 1179 0x00000212cd069b10 code [0x00000212cd069d20, 0x00000212cd06a4b8]
Event: 5521.011 Thread 0x00000212e594fa90 1180   !   3       jdk.internal.ref.PhantomCleanable::isListEmpty (34 bytes)
Event: 5521.012 Thread 0x00000212e594fa90 nmethod 1180 0x00000212cd06a810 code [0x00000212cd06a9a0, 0x00000212cd06abf8]
Event: 5521.012 Thread 0x00000212e594fa90 1181       3       jdk.internal.misc.InnocuousThread::eraseThreadLocals (23 bytes)
Event: 5521.012 Thread 0x00000212e594fa90 nmethod 1181 0x00000212cd06ad10 code [0x00000212cd06aea0, 0x00000212cd06b098]
Event: 5914.078 Thread 0x00000212e594fa90 1183   !   3       sun.awt.PostEventQueue::flush (168 bytes)
Event: 5914.081 Thread 0x00000212e594fa90 nmethod 1183 0x00000212cd06b110 code [0x00000212cd06b3c0, 0x00000212cd06c168]
Event: 5914.081 Thread 0x00000212e594fa90 1182       3       sun.awt.SunToolkit::flushPendingEvents (19 bytes)
Event: 5914.081 Thread 0x00000212e594fa90 nmethod 1182 0x00000212cd06c790 code [0x00000212cd06c940, 0x00000212cd06cbf8]
Event: 5914.566 Thread 0x00000212e594fa90 1185       3       java.awt.EventQueue::eventToCacheIndex (80 bytes)
Event: 5914.567 Thread 0x00000212e594f1a0 1186  s    4       sun.java2d.loops.GraphicsPrimitive::makeUniqueID (26 bytes)

GC Heap History (4 events):
Event: 0.379 GC heap before
{Heap before GC invocations=0 (full 0):
 garbage-first heap   total 192512K, used 75776K [0x0000000745a00000, 0x0000000800000000)
  region size 2048K, 11 young (22528K), 0 survivors (0K)
 Metaspace       used 4558K, committed 4672K, reserved 1114112K
  class space    used 465K, committed 512K, reserved 1048576K
}
Event: 0.383 GC heap after
{Heap after GC invocations=1 (full 0):
 garbage-first heap   total 192512K, used 57832K [0x0000000745a00000, 0x0000000800000000)
  region size 2048K, 2 young (4096K), 2 survivors (4096K)
 Metaspace       used 4558K, committed 4672K, reserved 1114112K
  class space    used 465K, committed 512K, reserved 1048576K
}
Event: 0.496 GC heap before
{Heap before GC invocations=1 (full 0):
 garbage-first heap   total 192512K, used 94696K [0x0000000745a00000, 0x0000000800000000)
  region size 2048K, 20 young (40960K), 2 survivors (4096K)
 Metaspace       used 4559K, committed 4672K, reserved 1114112K
  class space    used 465K, committed 512K, reserved 1048576K
}
Event: 0.499 GC heap after
{Heap after GC invocations=2 (full 0):
 garbage-first heap   total 192512K, used 57899K [0x0000000745a00000, 0x0000000800000000)
  region size 2048K, 2 young (4096K), 2 survivors (4096K)
 Metaspace       used 4559K, committed 4672K, reserved 1114112K
  class space    used 465K, committed 512K, reserved 1048576K
}

Deoptimization events (20 events):
Event: 0.972 Thread 0x00000212e9fec0e0 Uncommon trap: trap_request=0xffffff45 fr.pc=0x00000212d43baa38 relative=0x0000000000000098
Event: 0.972 Thread 0x00000212e9fec0e0 Uncommon trap: reason=unstable_if action=reinterpret pc=0x00000212d43baa38 method=java.lang.String.isLatin1()Z @ 10 c2
Event: 0.972 Thread 0x00000212e9fec0e0 DEOPT PACKING pc=0x00000212d43baa38 sp=0x0000002a244fd070
Event: 0.972 Thread 0x00000212e9fec0e0 DEOPT UNPACKING pc=0x00000212cc935c23 sp=0x0000002a244fcfa0 mode 2
Event: 0.982 Thread 0x00000212e9fec0e0 Uncommon trap: trap_request=0xffffff45 fr.pc=0x00000212d43fb700 relative=0x0000000000000440
Event: 0.982 Thread 0x00000212e9fec0e0 Uncommon trap: reason=unstable_if action=reinterpret pc=0x00000212d43fb700 method=java.lang.Character.isSurrogate(C)Z @ 3 c2
Event: 0.982 Thread 0x00000212e9fec0e0 DEOPT PACKING pc=0x00000212d43fb700 sp=0x0000002a244fcd40
Event: 0.982 Thread 0x00000212e9fec0e0 DEOPT UNPACKING pc=0x00000212cc935c23 sp=0x0000002a244fcc58 mode 2
Event: 1.009 Thread 0x00000212e9fec0e0 Uncommon trap: trap_request=0xffffffde fr.pc=0x00000212d43e7334 relative=0x0000000000000274
Event: 1.009 Thread 0x00000212e9fec0e0 Uncommon trap: reason=class_check action=maybe_recompile pc=0x00000212d43e7334 method=java.util.HashMap.getNode(Ljava/lang/Object;)Ljava/util/HashMap$Node; @ 63 c2
Event: 1.009 Thread 0x00000212e9fec0e0 DEOPT PACKING pc=0x00000212d43e7334 sp=0x0000002a244fd720
Event: 1.009 Thread 0x00000212e9fec0e0 DEOPT UNPACKING pc=0x00000212cc935c23 sp=0x0000002a244fd688 mode 2
Event: 196.305 Thread 0x00000212e9fec0e0 Uncommon trap: trap_request=0xffffffde fr.pc=0x00000212d4409500 relative=0x00000000000002c0
Event: 196.305 Thread 0x00000212e9fec0e0 Uncommon trap: reason=class_check action=maybe_recompile pc=0x00000212d4409500 method=java.util.HashMap.getNode(Ljava/lang/Object;)Ljava/util/HashMap$Node; @ 128 c2
Event: 196.305 Thread 0x00000212e9fec0e0 DEOPT PACKING pc=0x00000212d4409500 sp=0x0000002a244fe5a0
Event: 196.305 Thread 0x00000212e9fec0e0 DEOPT UNPACKING pc=0x00000212cc935c23 sp=0x0000002a244fe4a8 mode 2
Event: 196.306 Thread 0x00000212e9fec0e0 Uncommon trap: trap_request=0xffffffde fr.pc=0x00000212d4409500 relative=0x00000000000002c0
Event: 196.306 Thread 0x00000212e9fec0e0 Uncommon trap: reason=class_check action=maybe_recompile pc=0x00000212d4409500 method=java.util.HashMap.getNode(Ljava/lang/Object;)Ljava/util/HashMap$Node; @ 128 c2
Event: 196.306 Thread 0x00000212e9fec0e0 DEOPT PACKING pc=0x00000212d4409500 sp=0x0000002a244fe5f0
Event: 196.306 Thread 0x00000212e9fec0e0 DEOPT UNPACKING pc=0x00000212cc935c23 sp=0x0000002a244fe4f8 mode 2

Classes loaded (20 events):
Event: 196.306 Loading class java/awt/Panel done
Event: 196.306 Loading class java/applet/Applet done
Event: 196.306 Loading class javax/swing/KeyboardManager
Event: 196.306 Loading class javax/swing/KeyboardManager done
Event: 196.306 Loading class javax/swing/Popup$HeavyWeightWindow
Event: 196.306 Loading class sun/awt/ModalExclude
Event: 196.306 Loading class sun/awt/ModalExclude done
Event: 196.306 Loading class javax/swing/JWindow
Event: 196.307 Loading class javax/swing/JWindow done
Event: 196.307 Loading class javax/swing/Popup$HeavyWeightWindow done
Event: 196.307 Loading class java/awt/KeyboardFocusManager$2
Event: 196.307 Loading class java/awt/KeyboardFocusManager$2 done
Event: 196.308 Loading class sun/awt/SunToolkit$1
Event: 196.308 Loading class sun/awt/SunToolkit$1 done
Event: 4007.766 Loading class java/util/WeakHashMap$KeyIterator
Event: 4007.768 Loading class java/util/WeakHashMap$HashIterator
Event: 4007.769 Loading class java/util/WeakHashMap$HashIterator done
Event: 4007.769 Loading class java/util/WeakHashMap$KeyIterator done
Event: 4007.771 Loading class javax/swing/RepaintManager$DisplayChangedRunnable
Event: 4007.772 Loading class javax/swing/RepaintManager$DisplayChangedRunnable done

Classes unloaded (0 events):
No events

Classes redefined (0 events):
No events

Internal exceptions (18 events):
Event: 0.061 Thread 0x00000212c4fac1d0 Exception <a 'sun/nio/fs/WindowsException'{0x00000007515302e0}> (0x00000007515302e0) 
thrown [t:\workspace\open\src\hotspot\share\prims\jni.cpp, line 516]
Event: 0.061 Thread 0x00000212c4fac1d0 Exception <a 'sun/nio/fs/WindowsException'{0x0000000751530950}> (0x0000000751530950) 
thrown [t:\workspace\open\src\hotspot\share\prims\jni.cpp, line 516]
Event: 0.062 Thread 0x00000212c4fac1d0 Exception <a 'sun/nio/fs/WindowsException'{0x0000000751533320}> (0x0000000751533320) 
thrown [t:\workspace\open\src\hotspot\share\prims\jni.cpp, line 516]
Event: 0.062 Thread 0x00000212c4fac1d0 Exception <a 'sun/nio/fs/WindowsException'{0x0000000751534010}> (0x0000000751534010) 
thrown [t:\workspace\open\src\hotspot\share\prims\jni.cpp, line 516]
Event: 0.094 Thread 0x00000212c4fac1d0 Exception <a 'java/lang/ClassNotFoundException'{0x0000000751266e30}: sun/awt/resources/spi/awtProvider> (0x0000000751266e30) 
thrown [t:\workspace\open\src\hotspot\share\classfile\systemDictionary.cpp, line 255]
Event: 0.110 Thread 0x00000212c4fac1d0 Exception <a 'java/io/FileNotFoundException'{0x00000007512ba878}> (0x00000007512ba878) 
thrown [t:\workspace\open\src\hotspot\share\prims\jni.cpp, line 516]
Event: 0.115 Thread 0x00000212c4fac1d0 Exception <a 'java/io/FileNotFoundException'{0x00000007512e7ae0}> (0x00000007512e7ae0) 
thrown [t:\workspace\open\src\hotspot\share\prims\jni.cpp, line 516]
Event: 0.142 Thread 0x00000212c4fac1d0 Exception <a 'java/lang/NoSuchMethodError'{0x000000075132bfb0}: 'java.lang.Object java.lang.invoke.DirectMethodHandle$Holder.invokeStaticInit(java.lang.Object)'> (0x000000075132bfb0) 
thrown [t:\workspace\open\src\hotspot\share\interpreter\linkResolver.cpp, line 766]
Event: 0.169 Thread 0x00000212c4fac1d0 Exception <a 'java/lang/NoSuchMethodError'{0x00000007513e6350}: 'void java.lang.invoke.DirectMethodHandle$Holder.invokeSpecial(java.lang.Object, java.lang.Object, java.lang.Object)'> (0x00000007513e6350) 
thrown [t:\workspace\open\src\hotspot\share\interpreter\linkResolver.cpp, line 766]
Event: 0.177 Thread 0x00000212c4fac1d0 Exception <a 'java/lang/NoSuchMethodError'{0x0000000751011b58}: 'java.lang.Object java.lang.invoke.DirectMethodHandle$Holder.newInvokeSpecial(java.lang.Object, java.lang.Object, java.lang.Object, java.lang.Object, java.lang.Object)'> (0x0000000751011b58) 
thrown [t:\workspace\open\src\hotspot\share\interpreter\linkResolver.cpp, line 766]
Event: 0.183 Thread 0x00000212c4fac1d0 Exception <a 'java/lang/NoSuchMethodError'{0x0000000751043668}: 'java.lang.Object java.lang.invoke.DirectMethodHandle$Holder.invokeStatic(java.lang.Object, int, java.lang.Object)'> (0x0000000751043668) 
thrown [t:\workspace\open\src\hotspot\share\interpreter\linkResolver.cpp, line 766]
Event: 0.204 Thread 0x00000212c4fac1d0 Exception <a 'java/lang/ClassNotFoundException'{0x0000000751100668}: com/sun/swing/internal/plaf/metal/resources/spi/metalProvider> (0x0000000751100668) 
thrown [t:\workspace\open\src\hotspot\share\classfile\systemDictionary.cpp, line 255]
Event: 0.204 Thread 0x00000212c4fac1d0 Exception <a 'java/lang/ClassNotFoundException'{0x00000007511046a0}: com/sun/swing/internal/plaf/basic/resources/spi/basicProvider> (0x00000007511046a0) 
thrown [t:\workspace\open\src\hotspot\share\classfile\systemDictionary.cpp, line 255]
Event: 0.211 Thread 0x00000212c4fac1d0 Exception <a 'java/lang/NoSuchMethodError'{0x0000000751124a80}: 'int java.lang.invoke.Invokers$Holder.invokeExact_MT(java.lang.Object, java.lang.Object)'> (0x0000000751124a80) 
thrown [t:\workspace\open\src\hotspot\share\interpreter\linkResolver.cpp, line 766]
Event: 0.250 Thread 0x00000212e9f72ff0 Exception <a 'java/lang/NoSuchMethodError'{0x0000000750ecde10}: 'java.lang.Object java.lang.invoke.DirectMethodHandle$Holder.newInvokeSpecial(java.lang.Object, java.lang.Object, java.lang.Object, int, int, int, int, int)'> (0x0000000750ecde10) 
thrown [t:\workspace\open\src\hotspot\share\interpreter\linkResolver.cpp, line 766]
Event: 0.765 Thread 0x00000212e9ee9180 Exception <a 'java/lang/NoSuchMethodError'{0x00000007507799a8}: 'void java.lang.invoke.DirectMethodHandle$Holder.invokeVirtual(java.lang.Object, java.lang.Object)'> (0x00000007507799a8) 
thrown [t:\workspace\open\src\hotspot\share\interpreter\linkResolver.cpp, line 766]
Event: 0.779 Thread 0x00000212c4fac1d0 Exception <a 'java/lang/NoSuchMethodError'{0x0000000750b62d88}: 'void java.lang.invoke.DirectMethodHandle$Holder.invokeStaticInit(java.lang.Object)'> (0x0000000750b62d88) 
thrown [t:\workspace\open\src\hotspot\share\interpreter\linkResolver.cpp, line 766]
Event: 5914.560 Thread 0x00000212e9ee9180 Exception <a 'java/lang/InternalError'{0x000000075078e900}: Could not update the devices array.> (0x000000075078e900) 
thrown [t:\workspace\open\src\hotspot\share\prims\jni.cpp, line 535]

VM Operations (20 events):
Event: 0.379 Executing VM operation: G1CollectForAllocation
Event: 0.383 Executing VM operation: G1CollectForAllocation done
Event: 0.496 Executing VM operation: G1CollectForAllocation
Event: 0.499 Executing VM operation: G1CollectForAllocation done
Event: 0.542 Executing VM operation: HandshakeAllThreads
Event: 0.542 Executing VM operation: HandshakeAllThreads done
Event: 0.770 Executing VM operation: HandshakeAllThreads
Event: 0.770 Executing VM operation: HandshakeAllThreads done
Event: 0.838 Executing VM operation: HandshakeAllThreads
Event: 0.838 Executing VM operation: HandshakeAllThreads done
Event: 1.846 Executing VM operation: Cleanup
Event: 1.847 Executing VM operation: Cleanup done
Event: 2.858 Executing VM operation: Cleanup
Event: 2.859 Executing VM operation: Cleanup done
Event: 190.284 Executing VM operation: Cleanup
Event: 190.284 Executing VM operation: Cleanup done
Event: 196.331 Executing VM operation: Cleanup
Event: 196.331 Executing VM operation: Cleanup done
Event: 4158.614 Executing VM operation: Cleanup
Event: 4158.615 Executing VM operation: Cleanup done

Events (20 events):
Event: 0.047 Thread 0x00000212e9c75db0 Thread added: 0x00000212e9c75db0
Event: 0.058 Loaded shared library C:\Program Files\Java\jdk-18\bin\net.dll
Event: 0.060 Loaded shared library C:\Program Files\Java\jdk-18\bin\nio.dll
Event: 0.074 Thread 0x00000212e9d39930 Thread added: 0x00000212e9d39930
Event: 0.079 Loaded shared library C:\Program Files\Java\jdk-18\bin\zip.dll
Event: 0.089 Loaded shared library C:\Program Files\Java\jdk-18\bin\jimage.dll
Event: 0.101 Loaded shared library C:\Program Files\Java\jdk-18\bin\awt.dll
Event: 0.143 Thread 0x00000212e9e1fb60 Thread added: 0x00000212e9e1fb60
Event: 0.144 Thread 0x00000212e9ee59f0 Thread added: 0x00000212e9ee59f0
Event: 0.145 Thread 0x00000212e9ee9180 Thread added: 0x00000212e9ee9180
Event: 0.215 Thread 0x00000212e9f72ff0 Thread added: 0x00000212e9f72ff0
Event: 0.249 Loaded shared library C:\Program Files\Java\jdk-18\bin\javajpeg.dll
Event: 0.764 Thread 0x00000212e9fec0e0 Thread added: 0x00000212e9fec0e0
Event: 0.784 Loaded shared library C:\Program Files\Java\jdk-18\bin\freetype.dll
Event: 0.785 Loaded shared library C:\Program Files\Java\jdk-18\bin\fontmanager.dll
Event: 0.840 Thread 0x00000212c4fac1d0 Thread exited: 0x00000212c4fac1d0
Event: 0.840 Thread 0x00000212c4fac1d0 Thread added: 0x00000212c4fac1d0
Event: 0.995 Thread 0x00000212ed379960 Thread added: 0x00000212ed379960
Event: 2.019 Thread 0x00000212ed379960 Thread exited: 0x00000212ed379960
Event: 5.771 Thread 0x00000212e9f72ff0 Thread exited: 0x00000212e9f72ff0


Dynamic libraries:
0x00007ff6c77a0000 - 0x00007ff6c77b0000 	C:\Program Files\Java\jdk-18\bin\java.exe
0x00007ffd8a940000 - 0x00007ffd8ab49000 	C:\windows\SYSTEM32\ntdll.dll
0x00007ffd894a0000 - 0x00007ffd8955d000 	C:\windows\System32\KERNEL32.DLL
0x00007ffd87e20000 - 0x00007ffd88199000 	C:\windows\System32\KERNELBASE.dll
0x00007ffd88580000 - 0x00007ffd88691000 	C:\windows\System32\ucrtbase.dll
0x00007ffd6e9d0000 - 0x00007ffd6e9e8000 	C:\Program Files\Java\jdk-18\bin\jli.dll
0x00007ffd89710000 - 0x00007ffd897be000 	C:\windows\System32\ADVAPI32.dll
0x00007ffd62070000 - 0x00007ffd6208a000 	C:\Program Files\Java\jdk-18\bin\VCRUNTIME140.dll
0x00007ffd88b50000 - 0x00007ffd88bf3000 	C:\windows\System32\msvcrt.dll
0x00007ffd891a0000 - 0x00007ffd8923e000 	C:\windows\System32\sechost.dll
0x00007ffd892d0000 - 0x00007ffd893f0000 	C:\windows\System32\RPCRT4.dll
0x00007ffd88990000 - 0x00007ffd88b3c000 	C:\windows\System32\USER32.dll
0x00007ffd88430000 - 0x00007ffd88456000 	C:\windows\System32\win32u.dll
0x00007ffd5ffe0000 - 0x00007ffd60285000 	C:\windows\WinSxS\amd64_microsoft.windows.common-controls_6595b64144ccf1df_6.0.22000.120_none_9d947278b86cc467\COMCTL32.dll
0x00007ffd89470000 - 0x00007ffd89499000 	C:\windows\System32\GDI32.dll
0x00007ffd881a0000 - 0x00007ffd882b2000 	C:\windows\System32\gdi32full.dll
0x00007ffd88460000 - 0x00007ffd884fd000 	C:\windows\System32\msvcp_win.dll
0x00007ffd7f3f0000 - 0x00007ffd7f3fa000 	C:\windows\SYSTEM32\VERSION.dll
0x00007ffd8a750000 - 0x00007ffd8a781000 	C:\windows\System32\IMM32.DLL
0x00007ffd7fef0000 - 0x00007ffd7fefc000 	C:\Program Files\Java\jdk-18\bin\vcruntime140_1.dll
0x00007ffcf8a00000 - 0x00007ffcf8a8d000 	C:\Program Files\Java\jdk-18\bin\msvcp140.dll
0x00007ffceeba0000 - 0x00007ffcef7b1000 	C:\Program Files\Java\jdk-18\bin\server\jvm.dll
0x00007ffd88b40000 - 0x00007ffd88b48000 	C:\windows\System32\PSAPI.DLL
0x00007ffd7ff00000 - 0x00007ffd7ff09000 	C:\windows\SYSTEM32\WSOCK32.dll
0x00007ffd7fda0000 - 0x00007ffd7fdd3000 	C:\windows\SYSTEM32\WINMM.dll
0x00007ffd89240000 - 0x00007ffd892af000 	C:\windows\System32\WS2_32.dll
0x00007ffd87010000 - 0x00007ffd87028000 	C:\windows\SYSTEM32\kernel.appcore.dll
0x00007ffd61ff0000 - 0x00007ffd61ffa000 	C:\Program Files\Java\jdk-18\bin\jimage.dll
0x00007ffd85970000 - 0x00007ffd85b91000 	C:\windows\SYSTEM32\DBGHELP.DLL
0x00007ffd678e0000 - 0x00007ffd67911000 	C:\windows\SYSTEM32\dbgcore.DLL
0x00007ffd88500000 - 0x00007ffd8857f000 	C:\windows\System32\bcryptPrimitives.dll
0x00007ffd62000000 - 0x00007ffd62025000 	C:\Program Files\Java\jdk-18\bin\java.dll
0x00007ffd61f10000 - 0x00007ffd61fe6000 	C:\Program Files\Java\jdk-18\bin\jsvml.dll
0x00007ffd897c0000 - 0x00007ffd89f78000 	C:\windows\System32\SHELL32.dll
0x00007ffd85fa0000 - 0x00007ffd86808000 	C:\windows\SYSTEM32\windows.storage.dll
0x00007ffd88cd0000 - 0x00007ffd89049000 	C:\windows\System32\combase.dll
0x00007ffd85e30000 - 0x00007ffd85f96000 	C:\windows\SYSTEM32\wintypes.dll
0x00007ffd89050000 - 0x00007ffd8913a000 	C:\windows\System32\SHCORE.dll
0x00007ffd893f0000 - 0x00007ffd8944d000 	C:\windows\System32\shlwapi.dll
0x00007ffd87d50000 - 0x00007ffd87d71000 	C:\windows\SYSTEM32\profapi.dll
0x00007ffd38a20000 - 0x00007ffd38a33000 	C:\Program Files\Java\jdk-18\bin\net.dll
0x00007ffd7fde0000 - 0x00007ffd7feec000 	C:\windows\SYSTEM32\WINHTTP.dll
0x00007ffd87440000 - 0x00007ffd874a7000 	C:\windows\system32\mswsock.dll
0x00007ffd38a00000 - 0x00007ffd38a16000 	C:\Program Files\Java\jdk-18\bin\nio.dll
0x00007ffd389e0000 - 0x00007ffd389f8000 	C:\Program Files\Java\jdk-18\bin\zip.dll
0x00007ffd10bd0000 - 0x00007ffd10d5f000 	C:\Program Files\Java\jdk-18\bin\awt.dll
0x00007ffd8a600000 - 0x00007ffd8a6d6000 	C:\windows\System32\OLEAUT32.dll
0x00007ffd82830000 - 0x00007ffd828c1000 	C:\windows\SYSTEM32\apphelp.dll
0x00007ffd85550000 - 0x00007ffd8557f000 	C:\windows\system32\DWMAPI.DLL
0x00007ffd82920000 - 0x00007ffd829cc000 	C:\windows\system32\uxtheme.dll
0x00007ffd4dc70000 - 0x00007ffd4dd71000 	C:\windows\system32\opengl32.dll
0x00007ffd4dec0000 - 0x00007ffd4deed000 	C:\windows\SYSTEM32\GLU32.dll
0x00007ffd85190000 - 0x00007ffd851c8000 	C:\windows\SYSTEM32\dxcore.dll
0x00007ffd89560000 - 0x00007ffd8967e000 	C:\windows\System32\MSCTF.dll
0x00007ffd8a450000 - 0x00007ffd8a5ea000 	C:\windows\System32\ole32.dll
0x00007ffd59410000 - 0x00007ffd5943d000 	C:\Program Files\Java\jdk-18\bin\javajpeg.dll
0x00007ffcf7540000 - 0x00007ffcf75c9000 	C:\Program Files\Java\jdk-18\bin\freetype.dll
0x00007ffcf7490000 - 0x00007ffcf7538000 	C:\Program Files\Java\jdk-18\bin\fontmanager.dll
0x00007ffd5c9f0000 - 0x00007ffd5cb1d000 	C:\windows\SYSTEM32\textinputframework.dll
0x00007ffd82540000 - 0x00007ffd82672000 	C:\windows\SYSTEM32\CoreMessaging.dll
0x00007ffd776f0000 - 0x00007ffd77a5d000 	C:\windows\SYSTEM32\CoreUIComponents.dll
0x00007ffd876a0000 - 0x00007ffd876ac000 	C:\windows\SYSTEM32\CRYPTBASE.DLL
0x00007ffd64510000 - 0x00007ffd645be000 	C:\windows\SYSTEM32\TextShaping.dll

dbghelp: loaded successfully - version: 4.0.5 - missing functions: none
symbol engine: initialized successfully - sym options: 0x614 - pdb path: .;C:\Program Files\Java\jdk-18\bin;C:\windows\SYSTEM32;C:\windows\WinSxS\amd64_microsoft.windows.common-controls_6595b64144ccf1df_6.0.22000.120_none_9d947278b86cc467;C:\Program Files\Java\jdk-18\bin\server

VM Arguments:
jvm_args: -Dfile.encoding=UTF-8 --module-path=C:\Users\ayush\OneDrive\Documents\University Files\Semester 4\Lab\Project\Bank Management\Bank Management\build\classes 
java_command: bank.management.Loan_Application
java_class_path (initial): C:\Users\ayush\Downloads\jcalendar-tz-1.3.3-4.jar;C:\Users\ayush\Downloads\mysql-connector-java-8.0.28.jar;C:\Users\ayush\OneDrive\Documents\University Files\Semester 4\Lab\Project\Bank Management\Bank Management\build\classes
Launcher Type: SUN_STANDARD

[Global flags]
     intx CICompilerCount                          = 4                                         {product} {ergonomic}
     uint ConcGCThreads                            = 3                                         {product} {ergonomic}
     uint G1ConcRefinementThreads                  = 10                                        {product} {ergonomic}
   size_t G1HeapRegionSize                         = 2097152                                   {product} {ergonomic}
    uintx GCDrainStackTargetSize                   = 64                                        {product} {ergonomic}
   size_t InitialHeapSize                          = 197132288                                 {product} {ergonomic}
   size_t MarkStackSize                            = 4194304                                   {product} {ergonomic}
   size_t MaxHeapSize                              = 3126853632                                {product} {ergonomic}
   size_t MaxNewSize                               = 1874853888                                {product} {ergonomic}
   size_t MinHeapDeltaBytes                        = 2097152                                   {product} {ergonomic}
   size_t MinHeapSize                              = 8388608                                   {product} {ergonomic}
    uintx NonNMethodCodeHeapSize                   = 5839372                                {pd product} {ergonomic}
    uintx NonProfiledCodeHeapSize                  = 122909434                              {pd product} {ergonomic}
    uintx ProfiledCodeHeapSize                     = 122909434                              {pd product} {ergonomic}
    uintx ReservedCodeCacheSize                    = 251658240                              {pd product} {ergonomic}
     bool SegmentedCodeCache                       = true                                      {product} {ergonomic}
   size_t SoftMaxHeapSize                          = 3126853632                             {manageable} {ergonomic}
     bool UseCompressedClassPointers               = true                           {product lp64_product} {ergonomic}
     bool UseCompressedOops                        = true                           {product lp64_product} {ergonomic}
     bool UseG1GC                                  = true                                      {product} {ergonomic}
     bool UseLargePagesIndividualAllocation        = false                                  {pd product} {ergonomic}

Logging:
Log output configuration:
 #0: stdout all=warning uptime,level,tags foldmultilines=false
 #1: stderr all=off uptime,level,tags foldmultilines=false

Environment Variables:
PATH=C:\Program Files\Python310\Scripts\;C:\Program Files\Python310\;C:\Program Files\Common Files\Oracle\Java\javapath;C:\windows\system32;C:\windows;C:\windows\System32\Wbem;C:\windows\System32\WindowsPowerShell\v1.0\;C:\windows\System32\OpenSSH\;C:\Program Files (x86)\NVIDIA Corporation\PhysX\Common;C:\Program Files\NVIDIA Corporation\NVIDIA NvDLISR;C:\Program Files\nodejs\;C:\Program Files\MySQL\MySQL Server 8.0\bin;C:\Program Files\MySQL\MySQL Shell 8.0\bin\;C:\Users\ayush\AppData\Local\Microsoft\WindowsApps;C:\Users\ayush\AppData\Local\Programs\Microsoft VS Code\bin;C:\MinGW\bin;C:\Users\ayush\AppData\Roaming\npm
USERNAME=ayush
OS=Windows_NT
PROCESSOR_IDENTIFIER=Intel64 Family 6 Model 141 Stepping 1, GenuineIntel



---------------  S Y S T E M  ---------------

OS:
 Windows 11 , 64 bit Build 22000 (10.0.22000.708)
OS uptime: 0 days 3:08 hours

CPU: total 12 (initial active 12) (6 cores per cpu, 2 threads per core) family 6 model 141 stepping 1 microcode 0x3c, cx8, cmov, fxsr, ht, mmx, 3dnowpref, sse, sse2, sse3, ssse3, sse4.1, sse4.2, popcnt, lzcnt, tsc, tscinvbit, avx, avx2, aes, erms, clmul, bmi1, bmi2, adx, avx512f, avx512dq, avx512cd, avx512bw, avx512vl, sha, fma, vzeroupper, avx512_vpopcntdq, avx512_vpclmulqdq, avx512_vaes, avx512_vnni, clflush, clflushopt, clwb, avx512_vbmi2, avx512_vbmi

Memory: 4k page, system-wide physical 11925M (585M free)
TotalPageFile size 42349M (AvailPageFile size 0M)
current process WorkingSet (physical memory assigned to process): 51M, peak: 183M
current process commit charge ("private bytes"): 295M, peak: 325M

vm_info: Java HotSpot(TM) 64-Bit Server VM (18+36-2087) for windows-amd64 JRE (18+36-2087), built on Feb 15 2022 09:43:11 by "mach5one" with MS VC++ 16.8 / 16.9 (VS2019)

END.
