# JRE version: Java(TM) SE Runtime Environment (18.0+36) (build 18+36-2087)
# Java VM: Java HotSpot(TM) 64-Bit Server VM (18+36-2087, mixed mode, sharing, tiered, compressed oops, compressed class ptrs, g1 gc, windows-amd64)
# No core dump will be written. Minidumps are not enabled by default on client versions of Windows
#

---------------  S U M M A R Y ------------

Command Line: -Dfile.encoding=UTF-8 --module-path=C:\Users\ayush\OneDrive\Documents\University Files\Semester 4\Lab\Project\Bank Management\Bank Management\build\classes bank.management.Loan_Application

Host: 11th Gen Intel(R) Core(TM) i5-11400H @ 2.70GHz, 12 cores, 11G,  Windows 11 , 64 bit Build 22000 (10.0.22000.708)
Time: Fri Jul  8 15:26:24 2022 Pakistan Standard Time elapsed time: 3058.312365 seconds (0d 0h 50m 58s)

---------------  T H R E A D  ---------------

Current thread (0x0000021cdce257f0):  JavaThread "C1 CompilerThread0" daemon [_thread_in_vm, id=7912, stack(0x000000a943300000,0x000000a943400000)]


Current CompileTask:
C1:3058313 1279       3       java.beans.PropertyChangeSupport::firePropertyChange (81 bytes)

Stack: [0x000000a943300000,0x000000a943400000]
Native frames: (J=compiled Java code, j=interpreted, Vv=VM code, C=native code)
V  [jvm.dll+0x69804a]
V  [jvm.dll+0x7f308d]
V  [jvm.dll+0x7f499e]
V  [jvm.dll+0x7f5053]
V  [jvm.dll+0x25ca3f]
V  [jvm.dll+0x7eed9b]
V  [jvm.dll+0x63e276]
V  [jvm.dll+0x1d721e]
V  [jvm.dll+0x640c1b]
V  [jvm.dll+0x640a1e]
V  [jvm.dll+0x63ec3e]
V  [jvm.dll+0x65059a]
V  [jvm.dll+0x64948a]
V  [jvm.dll+0x1e4700]
V  [jvm.dll+0x1e48e6]
V  [jvm.dll+0x1485de]
V  [jvm.dll+0x148926]
V  [jvm.dll+0x147d9a]
V  [jvm.dll+0x149a81]
V  [jvm.dll+0x23e8ca]
V  [jvm.dll+0x23cbac]
V  [jvm.dll+0x7a5781]
V  [jvm.dll+0x79fbba]
V  [jvm.dll+0x696ef5]
C  [ucrtbase.dll+0x26c0c]
C  [KERNEL32.DLL+0x154e0]
C  [ntdll.dll+0x485b]


---------------  P R O C E S S  ---------------

Threads class SMR info:
_java_thread_list=0x0000021ce13a9730, length=16, elements={
0x0000021cdcdf6060, 0x0000021cdcdf6910, 0x0000021cdce0f430, 0x0000021cdce11cf0,
0x0000021cdce165b0, 0x0000021cdce16e60, 0x0000021cdce23560, 0x0000021cdce257f0,
0x0000021cdce2a260, 0x0000021ce1067a30, 0x0000021ce112ea00, 0x0000021ce12d5a90,
0x0000021ce12dda30, 0x0000021ce12a6f70, 0x0000021ce131a450, 0x0000021cbc4aedf0
}

Java Threads: ( => current thread )
  0x0000021cdcdf6060 JavaThread "Reference Handler" daemon [_thread_blocked, id=15240, stack(0x000000a942c00000,0x000000a942d00000)]
  0x0000021cdcdf6910 JavaThread "Finalizer" daemon [_thread_blocked, id=15228, stack(0x000000a942d00000,0x000000a942e00000)]
  0x0000021cdce0f430 JavaThread "Signal Dispatcher" daemon [_thread_blocked, id=22712, stack(0x000000a942e00000,0x000000a942f00000)]
  0x0000021cdce11cf0 JavaThread "Attach Listener" daemon [_thread_blocked, id=23476, stack(0x000000a942f00000,0x000000a943000000)]
  0x0000021cdce165b0 JavaThread "Service Thread" daemon [_thread_blocked, id=26484, stack(0x000000a943000000,0x000000a943100000)]
  0x0000021cdce16e60 JavaThread "Monitor Deflation Thread" daemon [_thread_blocked, id=25176, stack(0x000000a943100000,0x000000a943200000)]
  0x0000021cdce23560 JavaThread "C2 CompilerThread0" daemon [_thread_blocked, id=16196, stack(0x000000a943200000,0x000000a943300000)]
=>0x0000021cdce257f0 JavaThread "C1 CompilerThread0" daemon [_thread_in_vm, id=7912, stack(0x000000a943300000,0x000000a943400000)]
  0x0000021cdce2a260 JavaThread "Sweeper thread" daemon [_thread_blocked, id=7536, stack(0x000000a943400000,0x000000a943500000)]
  0x0000021ce1067a30 JavaThread "Common-Cleaner" daemon [_thread_blocked, id=24704, stack(0x000000a943500000,0x000000a943600000)]
  0x0000021ce112ea00 JavaThread "Notification Thread" daemon [_thread_blocked, id=17116, stack(0x000000a943600000,0x000000a943700000)]
  0x0000021ce12d5a90 JavaThread "Java2D Disposer" daemon [_thread_blocked, id=24252, stack(0x000000a943900000,0x000000a943a00000)]
  0x0000021ce12dda30 JavaThread "AWT-Shutdown" [_thread_blocked, id=25852, stack(0x000000a943a00000,0x000000a943b00000)]
  0x0000021ce12a6f70 JavaThread "AWT-Windows" daemon [_thread_in_native, id=6248, stack(0x000000a943b00000,0x000000a943c00000)]
  0x0000021ce131a450 JavaThread "AWT-EventQueue-0" [_thread_blocked, id=8752, stack(0x000000a944300000,0x000000a944400000)]
  0x0000021cbc4aedf0 JavaThread "DestroyJavaVM" [_thread_blocked, id=16792, stack(0x000000a942500000,0x000000a942600000)]

Other Threads:
  0x0000021cbc53d430 VMThread "VM Thread" [stack: 0x000000a942b00000,0x000000a942c00000] [id=24840]
  0x0000021ce112eec0 WatcherThread "VM Periodic Task Thread" [stack: 0x000000a943700000,0x000000a943800000] [id=27260]
  0x0000021cbc50c890 WorkerThread "GC Thread#0" [stack: 0x000000a942600000,0x000000a942700000] [id=15180]
  0x0000021ce1f59c90 WorkerThread "GC Thread#1" [stack: 0x000000a943800000,0x000000a943900000] [id=23108]
  0x0000021ce1f59f30 WorkerThread "GC Thread#2" [stack: 0x000000a943d00000,0x000000a943e00000] [id=28604]
  0x0000021ce1f5a1d0 WorkerThread "GC Thread#3" [stack: 0x000000a943e00000,0x000000a943f00000] [id=24660]
  0x0000021ce1f5b890 WorkerThread "GC Thread#4" [stack: 0x000000a943f00000,0x000000a944000000] [id=27672]
  0x0000021ce1f799c0 WorkerThread "GC Thread#5" [stack: 0x000000a944000000,0x000000a944100000] [id=24272]
  0x0000021ce1f79c60 WorkerThread "GC Thread#6" [stack: 0x000000a944100000,0x000000a944200000] [id=27700]
  0x0000021ce1f2fb50 WorkerThread "GC Thread#7" [stack: 0x000000a944200000,0x000000a944300000] [id=2584]
  0x0000021cbc519020 ConcurrentGCThread "G1 Main Marker" [stack: 0x000000a942700000,0x000000a942800000] [id=9504]
  0x0000021cbc519820 WorkerThread "G1 Conc#0" [stack: 0x000000a942800000,0x000000a942900000] [id=4052]
  0x0000021cbc56f800 ConcurrentGCThread "G1 Refine#0" [stack: 0x000000a942900000,0x000000a942a00000] [id=15488]
  0x0000021cbc570020 ConcurrentGCThread "G1 Service" [stack: 0x000000a942a00000,0x000000a942b00000] [id=27776]

Threads with active compile tasks:
C1 CompilerThread0  3058355 1279       3       java.beans.PropertyChangeSupport::firePropertyChange (81 bytes)

VM state: not at safepoint (normal execution)

VM Mutex/Monitor currently owned by a thread:  ([mutex/lock_event])
[0x0000021cbc4a9c70] Metaspace_lock - owner thread: 0x0000021cdce257f0
[0x0000021cbc498720] MethodData_lock - owner thread: 0x0000021cdce257f0

Heap address: 0x0000000745a00000, size: 2982 MB, Compressed Oops mode: Zero based, Oop shift amount: 3

CDS archive(s) mapped at: [0x0000000800000000-0x0000000800ba0000-0x0000000800ba0000), size 12189696, SharedBaseAddress: 0x0000000800000000, ArchiveRelocationMode: 0.
Compressed class space mapped at: 0x0000000800c00000-0x0000000840c00000, reserved size: 1073741824
Narrow klass base: 0x0000000800000000, Narrow klass shift: 0, Narrow klass range: 0x100000000

GC Precious Log:
 CardTable entry size: 512
 Card Set container configuration: InlinePtr #cards 4 size 8 Array Of Cards #cards 16 size 48 Howl #buckets 8 coarsen threshold 3686 Howl Bitmap #cards 512 size 80 coarsen threshold 460 Card regions per heap region 1 cards per card region 4096
 CPUs: 12 total, 12 available
 Memory: 11925M
 Large Page Support: Disabled
 NUMA Support: Disabled
 Compressed Oops: Enabled (Zero based)
 Heap Region Size: 2M
 Heap Min Capacity: 8M
 Heap Initial Capacity: 188M
 Heap Max Capacity: 2982M
 Pre-touch: Disabled
 Parallel Workers: 10
 Concurrent Workers: 3
 Concurrent Refinement Workers: 10
 Periodic GC: Disabled

Heap:
 garbage-first heap   total 192512K, used 92615K [0x0000000745a00000, 0x0000000800000000)
  region size 2048K, 15 young (30720K), 2 survivors (4096K)
 Metaspace       used 9093K, committed 9280K, reserved 1114112K
  class space    used 1045K, committed 1152K, reserved 1048576K

Heap Regions: E=young(eden), S=young(survivor), O=old, HS=humongous(starts), HC=humongous(continues), CS=collection set, F=free, OA=open archive, CA=closed archive, TAMS=top-at-mark-start (previous, next)
|   0|0x0000000745a00000, 0x0000000745c00000, 0x0000000745c00000|100%|HS|  |TAMS 0x0000000745a00000, 0x0000000745a00000| Complete 
|   1|0x0000000745c00000, 0x0000000745e00000, 0x0000000745e00000|100%|HC|  |TAMS 0x0000000745c00000, 0x0000000745c00000| Complete 
|   2|0x0000000745e00000, 0x0000000746000000, 0x0000000746000000|100%|HC|  |TAMS 0x0000000745e00000, 0x0000000745e00000| Complete 
|   3|0x0000000746000000, 0x0000000746200000, 0x0000000746200000|100%|HC|  |TAMS 0x0000000746000000, 0x0000000746000000| Complete 
|   4|0x0000000746200000, 0x0000000746400000, 0x0000000746400000|100%|HC|  |TAMS 0x0000000746200000, 0x0000000746200000| Complete 
|   5|0x0000000746400000, 0x0000000746600000, 0x0000000746600000|100%|HC|  |TAMS 0x0000000746400000, 0x0000000746400000| Complete 
|   6|0x0000000746600000, 0x0000000746800000, 0x0000000746800000|100%|HC|  |TAMS 0x0000000746600000, 0x0000000746600000| Complete 
|   7|0x0000000746800000, 0x0000000746a00000, 0x0000000746a00000|100%|HC|  |TAMS 0x0000000746800000, 0x0000000746800000| Complete 
|   8|0x0000000746a00000, 0x0000000746c00000, 0x0000000746c00000|100%|HC|  |TAMS 0x0000000746a00000, 0x0000000746a00000| Complete 
|   9|0x0000000746c00000, 0x0000000746e00000, 0x0000000746e00000|100%|HC|  |TAMS 0x0000000746c00000, 0x0000000746c00000| Complete 
|  10|0x0000000746e00000, 0x0000000747000000, 0x0000000747000000|100%|HC|  |TAMS 0x0000000746e00000, 0x0000000746e00000| Complete 
|  11|0x0000000747000000, 0x0000000747200000, 0x0000000747200000|100%|HC|  |TAMS 0x0000000747000000, 0x0000000747000000| Complete 
|  12|0x0000000747200000, 0x0000000747400000, 0x0000000747400000|100%|HC|  |TAMS 0x0000000747200000, 0x0000000747200000| Complete 
|  13|0x0000000747400000, 0x0000000747600000, 0x0000000747600000|100%|HC|  |TAMS 0x0000000747400000, 0x0000000747400000| Complete 
|  14|0x0000000747600000, 0x0000000747800000, 0x0000000747800000|100%|HC|  |TAMS 0x0000000747600000, 0x0000000747600000| Complete 
|  15|0x0000000747800000, 0x0000000747a00000, 0x0000000747a00000|100%|HC|  |TAMS 0x0000000747800000, 0x0000000747800000| Complete 
|  16|0x0000000747a00000, 0x0000000747c00000, 0x0000000747c00000|100%|HC|  |TAMS 0x0000000747a00000, 0x0000000747a00000| Complete 
|  17|0x0000000747c00000, 0x0000000747e00000, 0x0000000747e00000|100%|HC|  |TAMS 0x0000000747c00000, 0x0000000747c00000| Complete 
|  18|0x0000000747e00000, 0x0000000748000000, 0x0000000748000000|100%|HC|  |TAMS 0x0000000747e00000, 0x0000000747e00000| Complete 
|  19|0x0000000748000000, 0x0000000748200000, 0x0000000748200000|100%|HC|  |TAMS 0x0000000748000000, 0x0000000748000000| Complete 
|  20|0x0000000748200000, 0x0000000748400000, 0x0000000748400000|100%|HC|  |TAMS 0x0000000748200000, 0x0000000748200000| Complete 
|  21|0x0000000748400000, 0x0000000748600000, 0x0000000748600000|100%|HC|  |TAMS 0x0000000748400000, 0x0000000748400000| Complete 
|  22|0x0000000748600000, 0x0000000748800000, 0x0000000748800000|100%|HC|  |TAMS 0x0000000748600000, 0x0000000748600000| Complete 
|  23|0x0000000748800000, 0x0000000748a00000, 0x0000000748a00000|100%|HC|  |TAMS 0x0000000748800000, 0x0000000748800000| Complete 
|  24|0x0000000748a00000, 0x0000000748c00000, 0x0000000748c00000|100%|HC|  |TAMS 0x0000000748a00000, 0x0000000748a00000| Complete 
|  25|0x0000000748c00000, 0x0000000748e00000, 0x0000000748e00000|100%|HC|  |TAMS 0x0000000748c00000, 0x0000000748c00000| Complete 
|  26|0x0000000748e00000, 0x0000000749000000, 0x0000000749000000|100%|HC|  |TAMS 0x0000000748e00000, 0x0000000748e00000| Complete 
|  27|0x0000000749000000, 0x0000000749200000, 0x0000000749200000|100%|HS|  |TAMS 0x0000000749000000, 0x0000000749000000| Complete 
|  28|0x0000000749200000, 0x0000000749400000, 0x0000000749400000|100%|HC|  |TAMS 0x0000000749200000, 0x0000000749200000| Complete 
|  29|0x0000000749400000, 0x0000000749600000, 0x0000000749600000|100%|HS|  |TAMS 0x0000000749400000, 0x0000000749400000| Complete 
|  30|0x0000000749600000, 0x0000000749800000, 0x0000000749800000|100%|HC|  |TAMS 0x0000000749600000, 0x0000000749600000| Complete 
|  31|0x0000000749800000, 0x0000000749a00000, 0x0000000749a00000|100%|HC|  |TAMS 0x0000000749800000, 0x0000000749800000| Complete 
|  32|0x0000000749a00000, 0x0000000749a00000, 0x0000000749c00000|  0%| F|  |TAMS 0x0000000749a00000, 0x0000000749a00000| Untracked 
|  33|0x0000000749c00000, 0x0000000749c00000, 0x0000000749e00000|  0%| F|  |TAMS 0x0000000749c00000, 0x0000000749c00000| Untracked 
|  34|0x0000000749e00000, 0x0000000749e00000, 0x000000074a000000|  0%| F|  |TAMS 0x0000000749e00000, 0x0000000749e00000| Untracked 
|  35|0x000000074a000000, 0x000000074a000000, 0x000000074a200000|  0%| F|  |TAMS 0x000000074a000000, 0x000000074a000000| Untracked 
|  36|0x000000074a200000, 0x000000074a200000, 0x000000074a400000|  0%| F|  |TAMS 0x000000074a200000, 0x000000074a200000| Untracked 
|  37|0x000000074a400000, 0x000000074a400000, 0x000000074a600000|  0%| F|  |TAMS 0x000000074a400000, 0x000000074a400000| Untracked 
|  38|0x000000074a600000, 0x000000074a600000, 0x000000074a800000|  0%| F|  |TAMS 0x000000074a600000, 0x000000074a600000| Untracked 
|  39|0x000000074a800000, 0x000000074a800000, 0x000000074aa00000|  0%| F|  |TAMS 0x000000074a800000, 0x000000074a800000| Untracked 
|  40|0x000000074aa00000, 0x000000074aa00000, 0x000000074ac00000|  0%| F|  |TAMS 0x000000074aa00000, 0x000000074aa00000| Untracked 
|  41|0x000000074ac00000, 0x000000074ac00000, 0x000000074ae00000|  0%| F|  |TAMS 0x000000074ac00000, 0x000000074ac00000| Untracked 
|  42|0x000000074ae00000, 0x000000074ae00000, 0x000000074b000000|  0%| F|  |TAMS 0x000000074ae00000, 0x000000074ae00000| Untracked 
|  43|0x000000074b000000, 0x000000074b000000, 0x000000074b200000|  0%| F|  |TAMS 0x000000074b000000, 0x000000074b000000| Untracked 
|  44|0x000000074b200000, 0x000000074b200000, 0x000000074b400000|  0%| F|  |TAMS 0x000000074b200000, 0x000000074b200000| Untracked 
|  45|0x000000074b400000, 0x000000074b400000, 0x000000074b600000|  0%| F|  |TAMS 0x000000074b400000, 0x000000074b400000| Untracked 
|  46|0x000000074b600000, 0x000000074b600000, 0x000000074b800000|  0%| F|  |TAMS 0x000000074b600000, 0x000000074b600000| Untracked 
|  47|0x000000074b800000, 0x000000074b800000, 0x000000074ba00000|  0%| F|  |TAMS 0x000000074b800000, 0x000000074b800000| Untracked 
|  48|0x000000074ba00000, 0x000000074ba00000, 0x000000074bc00000|  0%| F|  |TAMS 0x000000074ba00000, 0x000000074ba00000| Untracked 
|  49|0x000000074bc00000, 0x000000074bc00000, 0x000000074be00000|  0%| F|  |TAMS 0x000000074bc00000, 0x000000074bc00000| Untracked 
|  50|0x000000074be00000, 0x000000074be00000, 0x000000074c000000|  0%| F|  |TAMS 0x000000074be00000, 0x000000074be00000| Untracked 
|  51|0x000000074c000000, 0x000000074c000000, 0x000000074c200000|  0%| F|  |TAMS 0x000000074c000000, 0x000000074c000000| Untracked 
|  52|0x000000074c200000, 0x000000074c200000, 0x000000074c400000|  0%| F|  |TAMS 0x000000074c200000, 0x000000074c200000| Untracked 
|  53|0x000000074c400000, 0x000000074c400000, 0x000000074c600000|  0%| F|  |TAMS 0x000000074c400000, 0x000000074c400000| Untracked 
|  54|0x000000074c600000, 0x000000074c600000, 0x000000074c800000|  0%| F|  |TAMS 0x000000074c600000, 0x000000074c600000| Untracked 
|  55|0x000000074c800000, 0x000000074c800000, 0x000000074ca00000|  0%| F|  |TAMS 0x000000074c800000, 0x000000074c800000| Untracked 
|  56|0x000000074ca00000, 0x000000074ca00000, 0x000000074cc00000|  0%| F|  |TAMS 0x000000074ca00000, 0x000000074ca00000| Untracked 
|  57|0x000000074cc00000, 0x000000074cc00000, 0x000000074ce00000|  0%| F|  |TAMS 0x000000074cc00000, 0x000000074cc00000| Untracked 
|  58|0x000000074ce00000, 0x000000074ce00000, 0x000000074d000000|  0%| F|  |TAMS 0x000000074ce00000, 0x000000074ce00000| Untracked 
|  59|0x000000074d000000, 0x000000074d000000, 0x000000074d200000|  0%| F|  |TAMS 0x000000074d000000, 0x000000074d000000| Untracked 
|  60|0x000000074d200000, 0x000000074d200000, 0x000000074d400000|  0%| F|  |TAMS 0x000000074d200000, 0x000000074d200000| Untracked 
|  61|0x000000074d400000, 0x000000074d400000, 0x000000074d600000|  0%| F|  |TAMS 0x000000074d400000, 0x000000074d400000| Untracked 
|  62|0x000000074d600000, 0x000000074d600000, 0x000000074d800000|  0%| F|  |TAMS 0x000000074d600000, 0x000000074d600000| Untracked 
|  63|0x000000074d800000, 0x000000074d800000, 0x000000074da00000|  0%| F|  |TAMS 0x000000074d800000, 0x000000074d800000| Untracked 
|  64|0x000000074da00000, 0x000000074da00000, 0x000000074dc00000|  0%| F|  |TAMS 0x000000074da00000, 0x000000074da00000| Untracked 
|  65|0x000000074dc00000, 0x000000074dc00000, 0x000000074de00000|  0%| F|  |TAMS 0x000000074dc00000, 0x000000074dc00000| Untracked 
|  66|0x000000074de00000, 0x000000074de00000, 0x000000074e000000|  0%| F|  |TAMS 0x000000074de00000, 0x000000074de00000| Untracked 
|  67|0x000000074e000000, 0x000000074e000000, 0x000000074e200000|  0%| F|  |TAMS 0x000000074e000000, 0x000000074e000000| Untracked 
|  68|0x000000074e200000, 0x000000074e200000, 0x000000074e400000|  0%| F|  |TAMS 0x000000074e200000, 0x000000074e200000| Untracked 
|  69|0x000000074e400000, 0x000000074e400000, 0x000000074e600000|  0%| F|  |TAMS 0x000000074e400000, 0x000000074e400000| Untracked 
|  70|0x000000074e600000, 0x000000074e600000, 0x000000074e800000|  0%| F|  |TAMS 0x000000074e600000, 0x000000074e600000| Untracked 
|  71|0x000000074e800000, 0x000000074e800000, 0x000000074ea00000|  0%| F|  |TAMS 0x000000074e800000, 0x000000074e800000| Untracked 
|  72|0x000000074ea00000, 0x000000074ea71c20, 0x000000074ec00000| 22%| S|CS|TAMS 0x000000074ea00000, 0x000000074ea00000| Complete 
|  73|0x000000074ec00000, 0x000000074ee00000, 0x000000074ee00000|100%| S|CS|TAMS 0x000000074ec00000, 0x000000074ec00000| Complete 
|  74|0x000000074ee00000, 0x000000074ee00000, 0x000000074f000000|  0%| F|  |TAMS 0x000000074ee00000, 0x000000074ee00000| Untracked 
|  75|0x000000074f000000, 0x000000074f000000, 0x000000074f200000|  0%| F|  |TAMS 0x000000074f000000, 0x000000074f000000| Untracked 
|  76|0x000000074f200000, 0x000000074f200000, 0x000000074f400000|  0%| F|  |TAMS 0x000000074f200000, 0x000000074f200000| Untracked 
|  77|0x000000074f400000, 0x000000074f400000, 0x000000074f600000|  0%| F|  |TAMS 0x000000074f400000, 0x000000074f400000| Untracked 
|  78|0x000000074f600000, 0x000000074f600000, 0x000000074f800000|  0%| F|  |TAMS 0x000000074f600000, 0x000000074f600000| Untracked 
|  79|0x000000074f800000, 0x000000074f800000, 0x000000074fa00000|  0%| F|  |TAMS 0x000000074f800000, 0x000000074f800000| Untracked 
|  80|0x000000074fa00000, 0x000000074fa00000, 0x000000074fc00000|  0%| F|  |TAMS 0x000000074fa00000, 0x000000074fa00000| Untracked 
|  81|0x000000074fc00000, 0x000000074fe00000, 0x000000074fe00000|100%| E|  |TAMS 0x000000074fc00000, 0x000000074fc00000| Complete 
|  82|0x000000074fe00000, 0x0000000750000000, 0x0000000750000000|100%| E|CS|TAMS 0x000000074fe00000, 0x000000074fe00000| Complete 
|  83|0x0000000750000000, 0x0000000750200000, 0x0000000750200000|100%| E|CS|TAMS 0x0000000750000000, 0x0000000750000000| Complete 
|  84|0x0000000750200000, 0x0000000750400000, 0x0000000750400000|100%| E|CS|TAMS 0x0000000750200000, 0x0000000750200000| Complete 
|  85|0x0000000750400000, 0x0000000750600000, 0x0000000750600000|100%| E|CS|TAMS 0x0000000750400000, 0x0000000750400000| Complete 
|  86|0x0000000750600000, 0x0000000750800000, 0x0000000750800000|100%| E|CS|TAMS 0x0000000750600000, 0x0000000750600000| Complete 
|  87|0x0000000750800000, 0x0000000750a00000, 0x0000000750a00000|100%| E|CS|TAMS 0x0000000750800000, 0x0000000750800000| Complete 
|  88|0x0000000750a00000, 0x0000000750c00000, 0x0000000750c00000|100%| E|CS|TAMS 0x0000000750a00000, 0x0000000750a00000| Complete 
|  89|0x0000000750c00000, 0x0000000750e00000, 0x0000000750e00000|100%| E|CS|TAMS 0x0000000750c00000, 0x0000000750c00000| Complete 
|  90|0x0000000750e00000, 0x0000000751000000, 0x0000000751000000|100%| E|CS|TAMS 0x0000000750e00000, 0x0000000750e00000| Complete 
|  91|0x0000000751000000, 0x0000000751200000, 0x0000000751200000|100%| E|CS|TAMS 0x0000000751000000, 0x0000000751000000| Complete 
|  92|0x0000000751200000, 0x0000000751400000, 0x0000000751400000|100%| E|CS|TAMS 0x0000000751200000, 0x0000000751200000| Complete 
|  93|0x0000000751400000, 0x0000000751600000, 0x0000000751600000|100%| E|CS|TAMS 0x0000000751400000, 0x0000000751400000| Complete 

Card table byte_map: [0x0000021cd3910000,0x0000021cd3ef0000] _byte_map_base: 0x0000021ccfee3000

Marking Bits (Prev, Next): (CMBitMap*) 0x0000021cbc50cca0, (CMBitMap*) 0x0000021cbc50cce0
 Prev Bits: [0x0000021cd44d0000, 0x0000021cd7368000)
 Next Bits: [0x0000021cd7370000, 0x0000021cda208000)

Polling page: 0x0000021cbbc80000

Metaspace:

Usage:
  Non-class:      7.86 MB used.
      Class:      1.02 MB used.
       Both:      8.88 MB used.

Virtual space:
  Non-class space:       64.00 MB reserved,       7.94 MB ( 12%) committed,  1 nodes.
      Class space:        1.00 GB reserved,       1.12 MB ( <1%) committed,  1 nodes.
             Both:        1.06 GB reserved,       9.06 MB ( <1%) committed. 

Chunk freelists:
   Non-Class:  43.00 KB
       Class:  2.74 MB
        Both:  2.78 MB

MaxMetaspaceSize: unlimited
CompressedClassSpaceSize: 1.00 GB
Initial GC threshold: 21.00 MB
Current GC threshold: 21.00 MB
CDS: on
MetaspaceReclaimPolicy: balanced
 - commit_granule_bytes: 65536.
 - commit_granule_words: 8192.
 - virtual_space_node_default_size: 8388608.
 - enlarge_chunks_in_place: 1.
 - new_chunks_are_fully_committed: 0.
 - uncommit_free_chunks: 1.
 - use_allocation_guard: 0.


Internal statistics:

num_allocs_failed_limit: 0.
num_arena_births: 126.
num_arena_deaths: 0.
num_vsnodes_births: 2.
num_vsnodes_deaths: 0.
num_space_committed: 145.
num_space_uncommitted: 0.
num_chunks_returned_to_freelist: 0.
num_chunks_taken_from_freelist: 174.
num_chunk_merges: 0.
num_chunk_splits: 96.
num_chunks_enlarged: 32.
num_inconsistent_stats: 0.

CodeHeap 'non-profiled nmethods': size=120000Kb used=394Kb max_used=394Kb free=119605Kb
 bounds [0x0000021ccb8b0000, 0x0000021ccbb20000, 0x0000021cd2de0000]
CodeHeap 'profiled nmethods': size=120000Kb used=2115Kb max_used=2115Kb free=117884Kb
 bounds [0x0000021cc4380000, 0x0000021cc45f0000, 0x0000021ccb8b0000]
CodeHeap 'non-nmethods': size=5760Kb used=1306Kb max_used=1335Kb free=4453Kb
 bounds [0x0000021cc3de0000, 0x0000021cc4050000, 0x0000021cc4380000]
 total_blobs=1894 nmethods=1278 adapters=529
 compilation: enabled
              stopped_count=0, restarted_count=0
 full_count=0

Compilation events (20 events):
Event: 1150.413 Thread 0x0000021cdce257f0 1268       3       java.util.HashMap::tableSizeFor (32 bytes)
Event: 1150.413 Thread 0x0000021cdce257f0 nmethod 1268 0x0000021cc458d390 code [0x0000021cc458d540, 0x0000021cc458d768]
Event: 1150.844 Thread 0x0000021cdce257f0 1270   !   3       sun.awt.PostEventQueue::flush (168 bytes)
Event: 1150.846 Thread 0x0000021cdce257f0 nmethod 1270 0x0000021cc458d810 code [0x0000021cc458dac0, 0x0000021cc458e868]
Event: 1150.846 Thread 0x0000021cdce257f0 1269       3       sun.awt.SunToolkit::flushPendingEvents (19 bytes)
Event: 1150.846 Thread 0x0000021cdce257f0 nmethod 1269 0x0000021cc458ee90 code [0x0000021cc458f040, 0x0000021cc458f2f8]
Event: 1151.109 Thread 0x0000021cdce257f0 1271       3       java.awt.EventQueue::eventToCacheIndex (80 bytes)
Event: 1151.109 Thread 0x0000021cdce257f0 nmethod 1271 0x0000021cc458f410 code [0x0000021cc458f5e0, 0x0000021cc458fbd8]
Event: 1151.388 Thread 0x0000021cdce257f0 1272       1       sun.awt.Win32GraphicsDevice::getDefaultScaleX (5 bytes)
Event: 1151.389 Thread 0x0000021cdce257f0 nmethod 1272 0x0000021ccb911490 code [0x0000021ccb911620, 0x0000021ccb9116f8]
Event: 1151.389 Thread 0x0000021cdce257f0 1273       1       sun.awt.Win32GraphicsDevice::getDefaultScaleY (5 bytes)
Event: 1151.389 Thread 0x0000021cdce257f0 nmethod 1273 0x0000021ccb911790 code [0x0000021ccb911920, 0x0000021ccb9119f8]
Event: 1302.281 Thread 0x0000021cdce257f0 1275       3       jdk.internal.misc.Unsafe::weakCompareAndSetInt (11 bytes)
Event: 1302.283 Thread 0x0000021cdce257f0 nmethod 1275 0x0000021cc458fc90 code [0x0000021cc458fe20, 0x0000021cc458ff58]
Event: 3057.800 Thread 0x0000021cdce257f0 1277  s    3       sun.java2d.loops.GraphicsPrimitiveMgr::locatePrim (95 bytes)
Event: 3057.800 Thread 0x0000021cdce23560 1276  s    4       sun.java2d.loops.GraphicsPrimitive::makeUniqueID (26 bytes)
Event: 3057.801 Thread 0x0000021cdce257f0 nmethod 1277 0x0000021cc4590010 code [0x0000021cc4590220, 0x0000021cc4590a88]
Event: 3057.801 Thread 0x0000021cdce23560 nmethod 1276 0x0000021ccb911e90 code [0x0000021ccb912020, 0x0000021ccb912238]
Event: 3058.285 Thread 0x0000021cdce23560 1278       4       sun.java2d.loops.GraphicsPrimitiveMgr::locate (104 bytes)
Event: 3058.285 Thread 0x0000021cdce257f0 1279       3       java.beans.PropertyChangeSupport::firePropertyChange (81 bytes)

GC Heap History (4 events):
Event: 0.432 GC heap before
{Heap before GC invocations=0 (full 0):
 garbage-first heap   total 192512K, used 75776K [0x0000000745a00000, 0x0000000800000000)
  region size 2048K, 11 young (22528K), 0 survivors (0K)
 Metaspace       used 4665K, committed 4864K, reserved 1114112K
  class space    used 482K, committed 576K, reserved 1048576K
}
Event: 0.437 GC heap after
{Heap after GC invocations=1 (full 0):
 garbage-first heap   total 192512K, used 57824K [0x0000000745a00000, 0x0000000800000000)
  region size 2048K, 2 young (4096K), 2 survivors (4096K)
 Metaspace       used 4665K, committed 4864K, reserved 1114112K
  class space    used 482K, committed 576K, reserved 1048576K
}
Event: 0.528 GC heap before
{Heap before GC invocations=1 (full 0):
 garbage-first heap   total 192512K, used 94688K [0x0000000745a00000, 0x0000000800000000)
  region size 2048K, 20 young (40960K), 2 survivors (4096K)
 Metaspace       used 4667K, committed 4864K, reserved 1114112K
  class space    used 482K, committed 576K, reserved 1048576K
}
Event: 0.533 GC heap after
{Heap after GC invocations=2 (full 0):
 garbage-first heap   total 192512K, used 57799K [0x0000000745a00000, 0x0000000800000000)
  region size 2048K, 2 young (4096K), 2 survivors (4096K)
 Metaspace       used 4667K, committed 4864K, reserved 1114112K
  class space    used 482K, committed 576K, reserved 1048576K
}

Deoptimization events (20 events):
Event: 0.840 Thread 0x0000021cbc4aedf0 Uncommon trap: trap_request=0xffffffde fr.pc=0x0000021ccb8eaad0 relative=0x00000000000002f0
Event: 0.840 Thread 0x0000021cbc4aedf0 Uncommon trap: reason=class_check action=maybe_recompile pc=0x0000021ccb8eaad0 method=java.util.HashMap.getNode(Ljava/lang/Object;)Ljava/util/HashMap$Node; @ 128 c2
Event: 0.840 Thread 0x0000021cbc4aedf0 DEOPT PACKING pc=0x0000021ccb8eaad0 sp=0x000000a9425fe3d0
Event: 0.840 Thread 0x0000021cbc4aedf0 DEOPT UNPACKING pc=0x0000021cc3e35c23 sp=0x000000a9425fe338 mode 2
Event: 0.877 Thread 0x0000021cbc4aedf0 Uncommon trap: trap_request=0xffffff45 fr.pc=0x0000021ccb8db290 relative=0x0000000000000210
Event: 0.877 Thread 0x0000021cbc4aedf0 Uncommon trap: reason=unstable_if action=reinterpret pc=0x0000021ccb8db290 method=java.lang.StringUTF16.compress([CI[BII)I @ 20 c2
Event: 0.877 Thread 0x0000021cbc4aedf0 DEOPT PACKING pc=0x0000021ccb8db290 sp=0x000000a9425fda70
Event: 0.877 Thread 0x0000021cbc4aedf0 DEOPT UNPACKING pc=0x0000021cc3e35c23 sp=0x000000a9425fd9f0 mode 2
Event: 0.993 Thread 0x0000021ce131a450 Uncommon trap: trap_request=0xffffff45 fr.pc=0x0000021ccb8f6330 relative=0x00000000000004f0
Event: 0.993 Thread 0x0000021ce131a450 Uncommon trap: reason=unstable_if action=reinterpret pc=0x0000021ccb8f6330 method=java.lang.StringLatin1.toLowerCase(Ljava/lang/String;[BLjava/util/Locale;)Ljava/lang/String; @ 43 c2
Event: 0.993 Thread 0x0000021ce131a450 DEOPT PACKING pc=0x0000021ccb8f6330 sp=0x000000a9443fccb0
Event: 0.993 Thread 0x0000021ce131a450 DEOPT UNPACKING pc=0x0000021cc3e35c23 sp=0x000000a9443fcc20 mode 2
Event: 1.082 Thread 0x0000021ce131a450 Uncommon trap: trap_request=0xffffff45 fr.pc=0x0000021ccb8b9cb8 relative=0x0000000000000098
Event: 1.082 Thread 0x0000021ce131a450 Uncommon trap: reason=unstable_if action=reinterpret pc=0x0000021ccb8b9cb8 method=java.lang.String.isLatin1()Z @ 10 c2
Event: 1.082 Thread 0x0000021ce131a450 DEOPT PACKING pc=0x0000021ccb8b9cb8 sp=0x000000a9443fcac0
Event: 1.082 Thread 0x0000021ce131a450 DEOPT UNPACKING pc=0x0000021cc3e35c23 sp=0x000000a9443fc9f0 mode 2
Event: 1.093 Thread 0x0000021ce131a450 Uncommon trap: trap_request=0xffffff45 fr.pc=0x0000021ccb901d30 relative=0x00000000000003f0
Event: 1.093 Thread 0x0000021ce131a450 Uncommon trap: reason=unstable_if action=reinterpret pc=0x0000021ccb901d30 method=java.lang.Character.isSurrogate(C)Z @ 3 c2
Event: 1.093 Thread 0x0000021ce131a450 DEOPT PACKING pc=0x0000021ccb901d30 sp=0x000000a9443fc780
Event: 1.093 Thread 0x0000021ce131a450 DEOPT UNPACKING pc=0x0000021cc3e35c23 sp=0x000000a9443fc6a8 mode 2

Classes loaded (20 events):
Event: 2.281 Loading class java/awt/Container$MouseEventTargetFilter
Event: 2.281 Loading class java/awt/Container$EventTargetFilter
Event: 2.281 Loading class java/awt/Container$EventTargetFilter done
Event: 2.281 Loading class java/awt/Container$MouseEventTargetFilter done
Event: 2.281 Loading class java/awt/LightweightDispatcher$1
Event: 2.281 Loading class java/awt/LightweightDispatcher$1 done
Event: 2.281 Loading class java/awt/event/MouseWheelEvent
Event: 2.281 Loading class java/awt/event/MouseWheelEvent done
Event: 2.542 Loading class java/awt/LightweightDispatcher$2
Event: 2.542 Loading class java/awt/LightweightDispatcher$2 done
Event: 5.734 Loading class java/awt/KeyboardFocusManager$2
Event: 5.735 Loading class java/awt/KeyboardFocusManager$2 done
Event: 5.735 Loading class sun/awt/SunToolkit$1
Event: 5.735 Loading class sun/awt/SunToolkit$1 done
Event: 1150.412 Loading class java/util/WeakHashMap$KeyIterator
Event: 1150.412 Loading class java/util/WeakHashMap$HashIterator
Event: 1150.412 Loading class java/util/WeakHashMap$HashIterator done
Event: 1150.412 Loading class java/util/WeakHashMap$KeyIterator done
Event: 1150.412 Loading class javax/swing/RepaintManager$DisplayChangedRunnable
Event: 1150.413 Loading class javax/swing/RepaintManager$DisplayChangedRunnable done

Classes unloaded (0 events):
No events

Classes redefined (0 events):
No events

Internal exceptions (17 events):
Event: 0.079 Thread 0x0000021cbc4aedf0 Exception <a 'sun/nio/fs/WindowsException'{0x00000007515302e0}> (0x00000007515302e0) 
thrown [t:\workspace\open\src\hotspot\share\prims\jni.cpp, line 516]
Event: 0.079 Thread 0x0000021cbc4aedf0 Exception <a 'sun/nio/fs/WindowsException'{0x0000000751530950}> (0x0000000751530950) 
thrown [t:\workspace\open\src\hotspot\share\prims\jni.cpp, line 516]
Event: 0.080 Thread 0x0000021cbc4aedf0 Exception <a 'sun/nio/fs/WindowsException'{0x0000000751533320}> (0x0000000751533320) 
thrown [t:\workspace\open\src\hotspot\share\prims\jni.cpp, line 516]
Event: 0.080 Thread 0x0000021cbc4aedf0 Exception <a 'sun/nio/fs/WindowsException'{0x0000000751534010}> (0x0000000751534010) 
thrown [t:\workspace\open\src\hotspot\share\prims\jni.cpp, line 516]
Event: 0.121 Thread 0x0000021cbc4aedf0 Exception <a 'java/lang/ClassNotFoundException'{0x0000000751268aa0}: sun/awt/resources/spi/awtProvider> (0x0000000751268aa0) 
thrown [t:\workspace\open\src\hotspot\share\classfile\systemDictionary.cpp, line 255]
Event: 0.141 Thread 0x0000021cbc4aedf0 Exception <a 'java/io/FileNotFoundException'{0x00000007512bd0b8}> (0x00000007512bd0b8) 
thrown [t:\workspace\open\src\hotspot\share\prims\jni.cpp, line 516]
Event: 0.147 Thread 0x0000021cbc4aedf0 Exception <a 'java/io/FileNotFoundException'{0x00000007512ea290}> (0x00000007512ea290) 
thrown [t:\workspace\open\src\hotspot\share\prims\jni.cpp, line 516]
Event: 0.180 Thread 0x0000021cbc4aedf0 Exception <a 'java/lang/NoSuchMethodError'{0x000000075132e480}: 'java.lang.Object java.lang.invoke.DirectMethodHandle$Holder.invokeStaticInit(java.lang.Object)'> (0x000000075132e480) 
thrown [t:\workspace\open\src\hotspot\share\interpreter\linkResolver.cpp, line 766]
Event: 0.209 Thread 0x0000021cbc4aedf0 Exception <a 'java/lang/NoSuchMethodError'{0x00000007513e8810}: 'void java.lang.invoke.DirectMethodHandle$Holder.invokeSpecial(java.lang.Object, java.lang.Object, java.lang.Object)'> (0x00000007513e8810) 
thrown [t:\workspace\open\src\hotspot\share\interpreter\linkResolver.cpp, line 766]
Event: 0.216 Thread 0x0000021cbc4aedf0 Exception <a 'java/lang/NoSuchMethodError'{0x0000000751013f88}: 'java.lang.Object java.lang.invoke.DirectMethodHandle$Holder.newInvokeSpecial(java.lang.Object, java.lang.Object, java.lang.Object, java.lang.Object, java.lang.Object)'> (0x0000000751013f88) 
thrown [t:\workspace\open\src\hotspot\share\interpreter\linkResolver.cpp, line 766]
Event: 0.221 Thread 0x0000021cbc4aedf0 Exception <a 'java/lang/NoSuchMethodError'{0x0000000751045a98}: 'java.lang.Object java.lang.invoke.DirectMethodHandle$Holder.invokeStatic(java.lang.Object, int, java.lang.Object)'> (0x0000000751045a98) 
thrown [t:\workspace\open\src\hotspot\share\interpreter\linkResolver.cpp, line 766]
Event: 0.242 Thread 0x0000021cbc4aedf0 Exception <a 'java/lang/ClassNotFoundException'{0x00000007511029b0}: com/sun/swing/internal/plaf/metal/resources/spi/metalProvider> (0x00000007511029b0) 
thrown [t:\workspace\open\src\hotspot\share\classfile\systemDictionary.cpp, line 255]
Event: 0.243 Thread 0x0000021cbc4aedf0 Exception <a 'java/lang/ClassNotFoundException'{0x00000007511069e8}: com/sun/swing/internal/plaf/basic/resources/spi/basicProvider> (0x00000007511069e8) 
thrown [t:\workspace\open\src\hotspot\share\classfile\systemDictionary.cpp, line 255]
Event: 0.250 Thread 0x0000021cbc4aedf0 Exception <a 'java/lang/NoSuchMethodError'{0x0000000751126e98}: 'int java.lang.invoke.Invokers$Holder.invokeExact_MT(java.lang.Object, java.lang.Object)'> (0x0000000751126e98) 
thrown [t:\workspace\open\src\hotspot\share\interpreter\linkResolver.cpp, line 766]
Event: 0.295 Thread 0x0000021ce1324cc0 Exception <a 'java/lang/NoSuchMethodError'{0x0000000750ecddc0}: 'java.lang.Object java.lang.invoke.DirectMethodHandle$Holder.newInvokeSpecial(java.lang.Object, java.lang.Object, java.lang.Object, int, int, int, int, int)'> (0x0000000750ecddc0) 
thrown [t:\workspace\open\src\hotspot\share\interpreter\linkResolver.cpp, line 766]
Event: 0.855 Thread 0x0000021ce12a6f70 Exception <a 'java/lang/NoSuchMethodError'{0x0000000750408580}: 'void java.lang.invoke.DirectMethodHandle$Holder.invokeVirtual(java.lang.Object, java.lang.Object)'> (0x0000000750408580) 
thrown [t:\workspace\open\src\hotspot\share\interpreter\linkResolver.cpp, line 766]
Event: 0.866 Thread 0x0000021cbc4aedf0 Exception <a 'java/lang/NoSuchMethodError'{0x00000007504617c8}: 'void java.lang.invoke.DirectMethodHandle$Holder.invokeStaticInit(java.lang.Object)'> (0x00000007504617c8) 
thrown [t:\workspace\open\src\hotspot\share\interpreter\linkResolver.cpp, line 766]

VM Operations (18 events):
Event: 0.081 Executing VM operation: HandshakeAllThreads
Event: 0.081 Executing VM operation: HandshakeAllThreads done
Event: 0.432 Executing VM operation: G1CollectForAllocation
Event: 0.437 Executing VM operation: G1CollectForAllocation done
Event: 0.528 Executing VM operation: G1CollectForAllocation
Event: 0.533 Executing VM operation: G1CollectForAllocation done
Event: 0.569 Executing VM operation: HandshakeAllThreads
Event: 0.569 Executing VM operation: HandshakeAllThreads done
Event: 0.807 Executing VM operation: HandshakeAllThreads
Event: 0.807 Executing VM operation: HandshakeAllThreads done
Event: 0.935 Executing VM operation: HandshakeAllThreads
Event: 0.935 Executing VM operation: HandshakeAllThreads done
Event: 1.934 Executing VM operation: Cleanup
Event: 1.935 Executing VM operation: Cleanup done
Event: 2.944 Executing VM operation: Cleanup
Event: 2.944 Executing VM operation: Cleanup done
Event: 1302.516 Executing VM operation: Cleanup
Event: 1302.516 Executing VM operation: Cleanup done

Events (20 events):
Event: 0.076 Loaded shared library C:\Program Files\Java\jdk-18\bin\nio.dll
Event: 0.092 Thread 0x0000021ce112ea00 Thread added: 0x0000021ce112ea00
Event: 0.098 Loaded shared library C:\Program Files\Java\jdk-18\bin\zip.dll
Event: 0.099 Thread 0x0000021cdce26210 Thread added: 0x0000021cdce26210
Event: 0.115 Loaded shared library C:\Program Files\Java\jdk-18\bin\jimage.dll
Event: 0.129 Loaded shared library C:\Program Files\Java\jdk-18\bin\awt.dll
Event: 0.181 Thread 0x0000021ce12d5a90 Thread added: 0x0000021ce12d5a90
Event: 0.181 Thread 0x0000021ce12dda30 Thread added: 0x0000021ce12dda30
Event: 0.182 Thread 0x0000021ce12a6f70 Thread added: 0x0000021ce12a6f70
Event: 0.256 Thread 0x0000021ce1324cc0 Thread added: 0x0000021ce1324cc0
Event: 0.294 Loaded shared library C:\Program Files\Java\jdk-18\bin\javajpeg.dll
Event: 0.394 Thread 0x0000021cdce26210 Thread exited: 0x0000021cdce26210
Event: 0.843 Thread 0x0000021ce131a450 Thread added: 0x0000021ce131a450
Event: 0.869 Loaded shared library C:\Program Files\Java\jdk-18\bin\freetype.dll
Event: 0.870 Loaded shared library C:\Program Files\Java\jdk-18\bin\fontmanager.dll
Event: 0.933 Thread 0x0000021cbc4aedf0 Thread exited: 0x0000021cbc4aedf0
Event: 0.933 Thread 0x0000021cbc4aedf0 Thread added: 0x0000021cbc4aedf0
Event: 1.110 Thread 0x0000021cdce26210 Thread added: 0x0000021cdce26210
Event: 2.284 Thread 0x0000021cdce26210 Thread exited: 0x0000021cdce26210
Event: 5.797 Thread 0x0000021ce1324cc0 Thread exited: 0x0000021ce1324cc0


Dynamic libraries:
0x00007ff6c77a0000 - 0x00007ff6c77b0000 	C:\Program Files\Java\jdk-18\bin\java.exe
0x00007ffd8a940000 - 0x00007ffd8ab49000 	C:\windows\SYSTEM32\ntdll.dll
0x00007ffd894a0000 - 0x00007ffd8955d000 	C:\windows\System32\KERNEL32.DLL
0x00007ffd87e20000 - 0x00007ffd88199000 	C:\windows\System32\KERNELBASE.dll
0x00007ffd88580000 - 0x00007ffd88691000 	C:\windows\System32\ucrtbase.dll
0x00007ffd6e9d0000 - 0x00007ffd6e9e8000 	C:\Program Files\Java\jdk-18\bin\jli.dll
0x00007ffd62070000 - 0x00007ffd6208a000 	C:\Program Files\Java\jdk-18\bin\VCRUNTIME140.dll
0x00007ffd89710000 - 0x00007ffd897be000 	C:\windows\System32\ADVAPI32.dll
0x00007ffd88b50000 - 0x00007ffd88bf3000 	C:\windows\System32\msvcrt.dll
0x00007ffd891a0000 - 0x00007ffd8923e000 	C:\windows\System32\sechost.dll
0x00007ffd892d0000 - 0x00007ffd893f0000 	C:\windows\System32\RPCRT4.dll
0x00007ffd88990000 - 0x00007ffd88b3c000 	C:\windows\System32\USER32.dll
0x00007ffd88430000 - 0x00007ffd88456000 	C:\windows\System32\win32u.dll
0x00007ffd5ffe0000 - 0x00007ffd60285000 	C:\windows\WinSxS\amd64_microsoft.windows.common-controls_6595b64144ccf1df_6.0.22000.120_none_9d947278b86cc467\COMCTL32.dll
0x00007ffd89470000 - 0x00007ffd89499000 	C:\windows\System32\GDI32.dll
0x00007ffd881a0000 - 0x00007ffd882b2000 	C:\windows\System32\gdi32full.dll
0x00007ffd88460000 - 0x00007ffd884fd000 	C:\windows\System32\msvcp_win.dll
0x00007ffd7f3f0000 - 0x00007ffd7f3fa000 	C:\windows\SYSTEM32\VERSION.dll
0x00007ffd8a750000 - 0x00007ffd8a781000 	C:\windows\System32\IMM32.DLL
0x00007ffd7fef0000 - 0x00007ffd7fefc000 	C:\Program Files\Java\jdk-18\bin\vcruntime140_1.dll
0x00007ffcf8a00000 - 0x00007ffcf8a8d000 	C:\Program Files\Java\jdk-18\bin\msvcp140.dll
0x00007ffceeba0000 - 0x00007ffcef7b1000 	C:\Program Files\Java\jdk-18\bin\server\jvm.dll
0x00007ffd88b40000 - 0x00007ffd88b48000 	C:\windows\System32\PSAPI.DLL
0x00007ffd7ff00000 - 0x00007ffd7ff09000 	C:\windows\SYSTEM32\WSOCK32.dll
0x00007ffd7fda0000 - 0x00007ffd7fdd3000 	C:\windows\SYSTEM32\WINMM.dll
0x00007ffd89240000 - 0x00007ffd892af000 	C:\windows\System32\WS2_32.dll
0x00007ffd87010000 - 0x00007ffd87028000 	C:\windows\SYSTEM32\kernel.appcore.dll
0x00007ffd61ff0000 - 0x00007ffd61ffa000 	C:\Program Files\Java\jdk-18\bin\jimage.dll
0x00007ffd85970000 - 0x00007ffd85b91000 	C:\windows\SYSTEM32\DBGHELP.DLL
0x00007ffd678e0000 - 0x00007ffd67911000 	C:\windows\SYSTEM32\dbgcore.DLL
0x00007ffd88500000 - 0x00007ffd8857f000 	C:\windows\System32\bcryptPrimitives.dll
0x00007ffd62000000 - 0x00007ffd62025000 	C:\Program Files\Java\jdk-18\bin\java.dll
0x00007ffd61f10000 - 0x00007ffd61fe6000 	C:\Program Files\Java\jdk-18\bin\jsvml.dll
0x00007ffd897c0000 - 0x00007ffd89f78000 	C:\windows\System32\SHELL32.dll
0x00007ffd85fa0000 - 0x00007ffd86808000 	C:\windows\SYSTEM32\windows.storage.dll
0x00007ffd88cd0000 - 0x00007ffd89049000 	C:\windows\System32\combase.dll
0x00007ffd85e30000 - 0x00007ffd85f96000 	C:\windows\SYSTEM32\wintypes.dll
0x00007ffd89050000 - 0x00007ffd8913a000 	C:\windows\System32\SHCORE.dll
0x00007ffd893f0000 - 0x00007ffd8944d000 	C:\windows\System32\shlwapi.dll
0x00007ffd87d50000 - 0x00007ffd87d71000 	C:\windows\SYSTEM32\profapi.dll
0x00007ffd38a20000 - 0x00007ffd38a33000 	C:\Program Files\Java\jdk-18\bin\net.dll
0x00007ffd7fde0000 - 0x00007ffd7feec000 	C:\windows\SYSTEM32\WINHTTP.dll
0x00007ffd87440000 - 0x00007ffd874a7000 	C:\windows\system32\mswsock.dll
0x00007ffd38a00000 - 0x00007ffd38a16000 	C:\Program Files\Java\jdk-18\bin\nio.dll
0x00007ffd389e0000 - 0x00007ffd389f8000 	C:\Program Files\Java\jdk-18\bin\zip.dll
0x00007ffd10bd0000 - 0x00007ffd10d5f000 	C:\Program Files\Java\jdk-18\bin\awt.dll
0x00007ffd8a600000 - 0x00007ffd8a6d6000 	C:\windows\System32\OLEAUT32.dll
0x00007ffd82830000 - 0x00007ffd828c1000 	C:\windows\SYSTEM32\apphelp.dll
0x00007ffd85550000 - 0x00007ffd8557f000 	C:\windows\system32\DWMAPI.DLL
0x00007ffd82920000 - 0x00007ffd829cc000 	C:\windows\system32\uxtheme.dll
0x00007ffd4dc70000 - 0x00007ffd4dd71000 	C:\windows\system32\opengl32.dll
0x00007ffd4dec0000 - 0x00007ffd4deed000 	C:\windows\SYSTEM32\GLU32.dll
0x00007ffd85190000 - 0x00007ffd851c8000 	C:\windows\SYSTEM32\dxcore.dll
0x00007ffd89560000 - 0x00007ffd8967e000 	C:\windows\System32\MSCTF.dll
0x00007ffd8a450000 - 0x00007ffd8a5ea000 	C:\windows\System32\ole32.dll
0x00007ffd59410000 - 0x00007ffd5943d000 	C:\Program Files\Java\jdk-18\bin\javajpeg.dll
0x00007ffcf7540000 - 0x00007ffcf75c9000 	C:\Program Files\Java\jdk-18\bin\freetype.dll
0x00007ffcf7490000 - 0x00007ffcf7538000 	C:\Program Files\Java\jdk-18\bin\fontmanager.dll
0x00007ffd88c20000 - 0x00007ffd88ccf000 	C:\windows\System32\clbcatq.dll
0x00007ffd75ff0000 - 0x00007ffd7619e000 	C:\windows\SYSTEM32\WindowsCodecs.dll
0x00007ffd4ccb0000 - 0x00007ffd4cd0d000 	C:\windows\system32\dataexchange.dll
0x00007ffd75350000 - 0x00007ffd755b6000 	C:\windows\system32\twinapi.appcore.dll
0x00007ffd5c9f0000 - 0x00007ffd5cb1d000 	C:\windows\SYSTEM32\textinputframework.dll
0x00007ffd82540000 - 0x00007ffd82672000 	C:\windows\SYSTEM32\CoreMessaging.dll
0x00007ffd776f0000 - 0x00007ffd77a5d000 	C:\windows\SYSTEM32\CoreUIComponents.dll
0x00007ffd876a0000 - 0x00007ffd876ac000 	C:\windows\SYSTEM32\CRYPTBASE.DLL
0x00007ffd64510000 - 0x00007ffd645be000 	C:\windows\SYSTEM32\TextShaping.dll

dbghelp: loaded successfully - version: 4.0.5 - missing functions: none
symbol engine: initialized successfully - sym options: 0x614 - pdb path: .;C:\Program Files\Java\jdk-18\bin;C:\windows\SYSTEM32;C:\windows\WinSxS\amd64_microsoft.windows.common-controls_6595b64144ccf1df_6.0.22000.120_none_9d947278b86cc467;C:\Program Files\Java\jdk-18\bin\server

VM Arguments:
jvm_args: -Dfile.encoding=UTF-8 --module-path=C:\Users\ayush\OneDrive\Documents\University Files\Semester 4\Lab\Project\Bank Management\Bank Management\build\classes 
java_command: bank.management.Loan_Application
java_class_path (initial): C:\Users\ayush\Downloads\jcalendar-tz-1.3.3-4.jar;C:\Users\ayush\Downloads\mysql-connector-java-8.0.28.jar;C:\Users\ayush\OneDrive\Documents\University Files\Semester 4\Lab\Project\Bank Management\Bank Management\build\classes
Launcher Type: SUN_STANDARD

[Global flags]
     intx CICompilerCount                          = 4                                         {product} {ergonomic}
     uint ConcGCThreads                            = 3                                         {product} {ergonomic}
     uint G1ConcRefinementThreads                  = 10                                        {product} {ergonomic}
   size_t G1HeapRegionSize                         = 2097152                                   {product} {ergonomic}
    uintx GCDrainStackTargetSize                   = 64                                        {product} {ergonomic}
   size_t InitialHeapSize                          = 197132288                                 {product} {ergonomic}
   size_t MarkStackSize                            = 4194304                                   {product} {ergonomic}
   size_t MaxHeapSize                              = 3126853632                                {product} {ergonomic}
   size_t MaxNewSize                               = 1874853888                                {product} {ergonomic}
   size_t MinHeapDeltaBytes                        = 2097152                                   {product} {ergonomic}
   size_t MinHeapSize                              = 8388608                                   {product} {ergonomic}
    uintx NonNMethodCodeHeapSize                   = 5839372                                {pd product} {ergonomic}
    uintx NonProfiledCodeHeapSize                  = 122909434                              {pd product} {ergonomic}
    uintx ProfiledCodeHeapSize                     = 122909434                              {pd product} {ergonomic}
    uintx ReservedCodeCacheSize                    = 251658240                              {pd product} {ergonomic}
     bool SegmentedCodeCache                       = true                                      {product} {ergonomic}
   size_t SoftMaxHeapSize                          = 3126853632                             {manageable} {ergonomic}
     bool UseCompressedClassPointers               = true                           {product lp64_product} {ergonomic}
     bool UseCompressedOops                        = true                           {product lp64_product} {ergonomic}
     bool UseG1GC                                  = true                                      {product} {ergonomic}
     bool UseLargePagesIndividualAllocation        = false                                  {pd product} {ergonomic}

Logging:
Log output configuration:
 #0: stdout all=warning uptime,level,tags foldmultilines=false
 #1: stderr all=off uptime,level,tags foldmultilines=false

Environment Variables:
PATH=C:\Program Files\Python310\Scripts\;C:\Program Files\Python310\;C:\Program Files\Common Files\Oracle\Java\javapath;C:\windows\system32;C:\windows;C:\windows\System32\Wbem;C:\windows\System32\WindowsPowerShell\v1.0\;C:\windows\System32\OpenSSH\;C:\Program Files (x86)\NVIDIA Corporation\PhysX\Common;C:\Program Files\NVIDIA Corporation\NVIDIA NvDLISR;C:\Program Files\nodejs\;C:\Program Files\MySQL\MySQL Server 8.0\bin;C:\Program Files\MySQL\MySQL Shell 8.0\bin\;C:\Users\ayush\AppData\Local\Microsoft\WindowsApps;C:\Users\ayush\AppData\Local\Programs\Microsoft VS Code\bin;C:\MinGW\bin;C:\Users\ayush\AppData\Roaming\npm
USERNAME=ayush
OS=Windows_NT
PROCESSOR_IDENTIFIER=Intel64 Family 6 Model 141 Stepping 1, GenuineIntel



---------------  S Y S T E M  ---------------

OS:
 Windows 11 , 64 bit Build 22000 (10.0.22000.708)
OS uptime: 0 days 3:08 hours

CPU: total 12 (initial active 12) (6 cores per cpu, 2 threads per core) family 6 model 141 stepping 1 microcode 0x3c, cx8, cmov, fxsr, ht, mmx, 3dnowpref, sse, sse2, sse3, ssse3, sse4.1, sse4.2, popcnt, lzcnt, tsc, tscinvbit, avx, avx2, aes, erms, clmul, bmi1, bmi2, adx, avx512f, avx512dq, avx512cd, avx512bw, avx512vl, sha, fma, vzeroupper, avx512_vpopcntdq, avx512_vpclmulqdq, avx512_vaes, avx512_vnni, clflush, clflushopt, clwb, avx512_vbmi2, avx512_vbmi

Memory: 4k page, system-wide physical 11925M (574M free)
TotalPageFile size 42349M (AvailPageFile size 0M)
current process WorkingSet (physical memory assigned to process): 59M, peak: 183M
current process commit charge ("private bytes"): 298M, peak: 326M

vm_info: Java HotSpot(TM) 64-Bit Server VM (18+36-2087) for windows-amd64 JRE (18+36-2087), built on Feb 15 2022 09:43:11 by "mach5one" with MS VC++ 16.8 / 16.9 (VS2019)

END.
