#
# There is insufficient memory for the Java Runtime Environment to continue.
# Native memory allocation (malloc) failed to allocate 116352 bytes for Chunk::new
# Possible reasons:
#   The system is out of physical RAM or swap space
#   The process is running with CompressedOops enabled, and the Java Heap may be blocking the growth of the native heap
# Possible solutions:
#   Reduce memory load on the system
#   Increase physical memory or swap space
#   Check if swap backing store is full
#   Decrease Java heap size (-Xmx/-Xms)
#   Decrease number of Java threads
#   Decrease Java thread stack sizes (-Xss)
#   Set larger code cache with -XX:ReservedCodeCacheSize=
#   JVM is running with Unscaled Compressed Oops mode in which the Java heap is
#     placed in the first 4GB address space. The Java Heap base address is the
#     maximum limit for the native heap growth. Please use -XX:HeapBaseMinAddress
#     to set the Java Heap base and to place the Java Heap above 4GB virtual address.
# This output file may be truncated or incomplete.
#
#  Out of Memory Error (arena.cpp:184), pid=21412, tid=20640
#
# JRE version: Java(TM) SE Runtime Environment (18.0.1.1+2) (build 18.0.1.1+2-6)
# Java VM: Java HotSpot(TM) 64-Bit Server VM (18.0.1.1+2-6, mixed mode, sharing, tiered, compressed oops, compressed class ptrs, g1 gc, windows-amd64)
# No core dump will be written. Minidumps are not enabled by default on client versions of Windows
#

---------------  S U M M A R Y ------------

Command Line: -Dfile.encoding=UTF-8 --module-path=C:\Users\Hp\Downloads\bank managment final\Bank Management\build\classes bank.management.Login

Host: Intel(R) Core(TM) i5-1035G1 CPU @ 1.00GHz, 8 cores, 7G,  Windows 10 , 64 bit Build 19041 (10.0.19041.1741)
Time: Thu Jul 14 08:07:32 2022 Pakistan Standard Time elapsed time: 0.433773 seconds (0d 0h 0m 0s)

---------------  T H R E A D  ---------------

Current thread (0x0000025b7fd43990):  JavaThread "C2 CompilerThread0" daemon [_thread_in_native, id=20640, stack(0x00000068e9d00000,0x00000068e9e00000)]


Current CompileTask:
C2:    433  691 %     4       java.awt.image.ReplicateScaleFilter::setPixels @ 145 (225 bytes)

Stack: [0x00000068e9d00000,0x00000068e9e00000]
Native frames: (J=compiled Java code, j=interpreted, Vv=VM code, C=native code)
V  [jvm.dll+0x69887a]
V  [jvm.dll+0x7f38bd]
V  [jvm.dll+0x7f51ce]
V  [jvm.dll+0x7f5883]
V  [jvm.dll+0x25ca3f]
V  [jvm.dll+0xb8c2f]
V  [jvm.dll+0xb8fa5]
V  [jvm.dll+0x385a6b]
V  [jvm.dll+0x34f811]
V  [jvm.dll+0x34ecaa]
V  [jvm.dll+0x22fc21]
V  [jvm.dll+0x22eff1]
V  [jvm.dll+0x1b9cfc]
V  [jvm.dll+0x23e8ca]
V  [jvm.dll+0x23cbb5]
V  [jvm.dll+0x7a5fb1]
V  [jvm.dll+0x7a03ea]
V  [jvm.dll+0x697725]
C  [ucrtbase.dll+0x21bb2]
C  [KERNEL32.DLL+0x17034]
C  [ntdll.dll+0x52651]


---------------  P R O C E S S  ---------------

Threads class SMR info:
_java_thread_list=0x0000025b1530e8b0, length=16, elements={
0x0000025b72d9dbd0, 0x0000025b7fd19de0, 0x0000025b7fd1a780, 0x0000025b7fd35ec0,
0x0000025b7fd38870, 0x0000025b7fd39210, 0x0000025b7fd39e30, 0x0000025b7fd43990,
0x0000025b7fd4d3e0, 0x0000025b7fd50cf0, 0x0000025b1506bdb0, 0x0000025b15125900,
0x0000025b152b6440, 0x0000025b15215d50, 0x0000025b152cd850, 0x0000025b1535b020
}

Java Threads: ( => current thread )
  0x0000025b72d9dbd0 JavaThread "main" [_thread_in_vm, id=2084, stack(0x00000068e9000000,0x00000068e9100000)]
  0x0000025b7fd19de0 JavaThread "Reference Handler" daemon [_thread_blocked, id=19960, stack(0x00000068e9700000,0x00000068e9800000)]
  0x0000025b7fd1a780 JavaThread "Finalizer" daemon [_thread_blocked, id=11980, stack(0x00000068e9800000,0x00000068e9900000)]
  0x0000025b7fd35ec0 JavaThread "Signal Dispatcher" daemon [_thread_blocked, id=20680, stack(0x00000068e9900000,0x00000068e9a00000)]
  0x0000025b7fd38870 JavaThread "Attach Listener" daemon [_thread_blocked, id=20676, stack(0x00000068e9a00000,0x00000068e9b00000)]
  0x0000025b7fd39210 JavaThread "Service Thread" daemon [_thread_blocked, id=20688, stack(0x00000068e9b00000,0x00000068e9c00000)]
  0x0000025b7fd39e30 JavaThread "Monitor Deflation Thread" daemon [_thread_blocked, id=20684, stack(0x00000068e9c00000,0x00000068e9d00000)]
=>0x0000025b7fd43990 JavaThread "C2 CompilerThread0" daemon [_thread_in_native, id=20640, stack(0x00000068e9d00000,0x00000068e9e00000)]
  0x0000025b7fd4d3e0 JavaThread "C1 CompilerThread0" daemon [_thread_blocked, id=20728, stack(0x00000068e9e00000,0x00000068e9f00000)]
  0x0000025b7fd50cf0 JavaThread "Sweeper thread" daemon [_thread_blocked, id=20732, stack(0x00000068e9f00000,0x00000068ea000000)]
  0x0000025b1506bdb0 JavaThread "Common-Cleaner" daemon [_thread_blocked, id=20784, stack(0x00000068ea000000,0x00000068ea100000)]
  0x0000025b15125900 JavaThread "Notification Thread" daemon [_thread_blocked, id=20724, stack(0x00000068ea100000,0x00000068ea200000)]
  0x0000025b152b6440 JavaThread "Java2D Disposer" daemon [_thread_blocked, id=17652, stack(0x00000068ea300000,0x00000068ea400000)]
  0x0000025b15215d50 JavaThread "AWT-Shutdown" [_thread_blocked, id=17660, stack(0x00000068ea400000,0x00000068ea500000)]
  0x0000025b152cd850 JavaThread "AWT-Windows" daemon [_thread_in_native, id=15396, stack(0x00000068ea500000,0x00000068ea600000)]
  0x0000025b1535b020 JavaThread "Image Fetcher 0" daemon [_thread_blocked, id=17668, stack(0x00000068ea600000,0x00000068ea700000)]

Other Threads:
  0x0000025b72e1ed50 VMThread "VM Thread" [stack: 0x00000068e9600000,0x00000068e9700000] [id=20072]
  0x0000025b151261d0 WatcherThread "VM Periodic Task Thread" [stack: 0x00000068ea200000,0x00000068ea300000] [id=20664]
  0x0000025b72dfcff0 WorkerThread "GC Thread#0" [stack: 0x00000068e9100000,0x00000068e9200000] [id=3380]
  0x0000025b72e0d5a0 ConcurrentGCThread "G1 Main Marker" [stack: 0x00000068e9200000,0x00000068e9300000] [id=10952]
  0x0000025b72e0f740 WorkerThread "G1 Conc#0" [stack: 0x00000068e9300000,0x00000068e9400000] [id=20620]
  0x0000025b72e5fcb0 ConcurrentGCThread "G1 Refine#0" [stack: 0x00000068e9400000,0x00000068e9500000] [id=20624]
  0x0000025b72e605c0 ConcurrentGCThread "G1 Service" [stack: 0x00000068e9500000,0x00000068e9600000] [id=20628]

Threads with active compile tasks:
C2 CompilerThread0      460  691 %     4       java.awt.image.ReplicateScaleFilter::setPixels @ 145 (225 bytes)

VM state: not at safepoint (normal execution)

VM Mutex/Monitor currently owned by a thread:  ([mutex/lock_event])
[0x0000025b72d96b40] Metaspace_lock - owner thread: 0x0000025b72d9dbd0

Heap address: 0x0000000084c00000, size: 1972 MB, Compressed Oops mode: 32-bit

CDS archive(s) mapped at: [0x0000000800000000-0x0000000800ba0000-0x0000000800ba0000), size 12189696, SharedBaseAddress: 0x0000000800000000, ArchiveRelocationMode: 0.
Compressed class space mapped at: 0x0000000800c00000-0x0000000840c00000, reserved size: 1073741824
Narrow klass base: 0x0000000800000000, Narrow klass shift: 0, Narrow klass range: 0x100000000

GC Precious Log:
 CardTable entry size: 512
 Card Set container configuration: InlinePtr #cards 5 size 8 Array Of Cards #cards 12 size 40 Howl #buckets 4 coarsen threshold 1843 Howl Bitmap #cards 512 size 80 coarsen threshold 460 Card regions per heap region 1 cards per card region 2048
 CPUs: 8 total, 8 available
 Memory: 7880M
 Large Page Support: Disabled
 NUMA Support: Disabled
 Compressed Oops: Enabled (32-bit)
 Heap Region Size: 1M
 Heap Min Capacity: 8M
 Heap Initial Capacity: 124M
 Heap Max Capacity: 1972M
 Pre-touch: Disabled
 Parallel Workers: 8
 Concurrent Workers: 2
 Concurrent Refinement Workers: 8
 Periodic GC: Disabled

Heap:
 garbage-first heap   total 126976K, used 20480K [0x0000000084c00000, 0x0000000100000000)
  region size 1024K, 14 young (14336K), 0 survivors (0K)
 Metaspace       used 5043K, committed 5184K, reserved 1114112K
  class space    used 546K, committed 640K, reserved 1048576K

Heap Regions: E=young(eden), S=young(survivor), O=old, HS=humongous(starts), HC=humongous(continues), CS=collection set, F=free, OA=open archive, CA=closed archive, TAMS=top-at-mark-start (previous, next)
|   0|0x0000000084c00000, 0x0000000084d00000, 0x0000000084d00000|100%|HS|  |TAMS 0x0000000084c00000, 0x0000000084c00000| Complete 
|   1|0x0000000084d00000, 0x0000000084e00000, 0x0000000084e00000|100%|HC|  |TAMS 0x0000000084d00000, 0x0000000084d00000| Complete 
|   2|0x0000000084e00000, 0x0000000084f00000, 0x0000000084f00000|100%|HC|  |TAMS 0x0000000084e00000, 0x0000000084e00000| Complete 
|   3|0x0000000084f00000, 0x0000000085000000, 0x0000000085000000|100%|HC|  |TAMS 0x0000000084f00000, 0x0000000084f00000| Complete 
|   4|0x0000000085000000, 0x0000000085100000, 0x0000000085100000|100%|HS|  |TAMS 0x0000000085000000, 0x0000000085000000| Complete 
|   5|0x0000000085100000, 0x0000000085200000, 0x0000000085200000|100%|HC|  |TAMS 0x0000000085100000, 0x0000000085100000| Complete 
|   6|0x0000000085200000, 0x0000000085300000, 0x0000000085300000|100%|HC|  |TAMS 0x0000000085200000, 0x0000000085200000| Complete 
|   7|0x0000000085300000, 0x0000000085300000, 0x0000000085400000|  0%| F|  |TAMS 0x0000000085300000, 0x0000000085300000| Untracked 
|   8|0x0000000085400000, 0x0000000085400000, 0x0000000085500000|  0%| F|  |TAMS 0x0000000085400000, 0x0000000085400000| Untracked 
|   9|0x0000000085500000, 0x0000000085500000, 0x0000000085600000|  0%| F|  |TAMS 0x0000000085500000, 0x0000000085500000| Untracked 
|  10|0x0000000085600000, 0x0000000085600000, 0x0000000085700000|  0%| F|  |TAMS 0x0000000085600000, 0x0000000085600000| Untracked 
|  11|0x0000000085700000, 0x0000000085700000, 0x0000000085800000|  0%| F|  |TAMS 0x0000000085700000, 0x0000000085700000| Untracked 
|  12|0x0000000085800000, 0x0000000085800000, 0x0000000085900000|  0%| F|  |TAMS 0x0000000085800000, 0x0000000085800000| Untracked 
|  13|0x0000000085900000, 0x0000000085900000, 0x0000000085a00000|  0%| F|  |TAMS 0x0000000085900000, 0x0000000085900000| Untracked 
|  14|0x0000000085a00000, 0x0000000085a00000, 0x0000000085b00000|  0%| F|  |TAMS 0x0000000085a00000, 0x0000000085a00000| Untracked 
|  15|0x0000000085b00000, 0x0000000085b00000, 0x0000000085c00000|  0%| F|  |TAMS 0x0000000085b00000, 0x0000000085b00000| Untracked 
|  16|0x0000000085c00000, 0x0000000085c00000, 0x0000000085d00000|  0%| F|  |TAMS 0x0000000085c00000, 0x0000000085c00000| Untracked 
|  17|0x0000000085d00000, 0x0000000085d00000, 0x0000000085e00000|  0%| F|  |TAMS 0x0000000085d00000, 0x0000000085d00000| Untracked 
|  18|0x0000000085e00000, 0x0000000085e00000, 0x0000000085f00000|  0%| F|  |TAMS 0x0000000085e00000, 0x0000000085e00000| Untracked 
|  19|0x0000000085f00000, 0x0000000085f00000, 0x0000000086000000|  0%| F|  |TAMS 0x0000000085f00000, 0x0000000085f00000| Untracked 
|  20|0x0000000086000000, 0x0000000086000000, 0x0000000086100000|  0%| F|  |TAMS 0x0000000086000000, 0x0000000086000000| Untracked 
|  21|0x0000000086100000, 0x0000000086100000, 0x0000000086200000|  0%| F|  |TAMS 0x0000000086100000, 0x0000000086100000| Untracked 
|  22|0x0000000086200000, 0x0000000086200000, 0x0000000086300000|  0%| F|  |TAMS 0x0000000086200000, 0x0000000086200000| Untracked 
|  23|0x0000000086300000, 0x0000000086300000, 0x0000000086400000|  0%| F|  |TAMS 0x0000000086300000, 0x0000000086300000| Untracked 
|  24|0x0000000086400000, 0x0000000086400000, 0x0000000086500000|  0%| F|  |TAMS 0x0000000086400000, 0x0000000086400000| Untracked 
|  25|0x0000000086500000, 0x0000000086500000, 0x0000000086600000|  0%| F|  |TAMS 0x0000000086500000, 0x0000000086500000| Untracked 
|  26|0x0000000086600000, 0x0000000086600000, 0x0000000086700000|  0%| F|  |TAMS 0x0000000086600000, 0x0000000086600000| Untracked 
|  27|0x0000000086700000, 0x0000000086700000, 0x0000000086800000|  0%| F|  |TAMS 0x0000000086700000, 0x0000000086700000| Untracked 
|  28|0x0000000086800000, 0x0000000086800000, 0x0000000086900000|  0%| F|  |TAMS 0x0000000086800000, 0x0000000086800000| Untracked 
|  29|0x0000000086900000, 0x0000000086900000, 0x0000000086a00000|  0%| F|  |TAMS 0x0000000086900000, 0x0000000086900000| Untracked 
|  30|0x0000000086a00000, 0x0000000086a00000, 0x0000000086b00000|  0%| F|  |TAMS 0x0000000086a00000, 0x0000000086a00000| Untracked 
|  31|0x0000000086b00000, 0x0000000086b00000, 0x0000000086c00000|  0%| F|  |TAMS 0x0000000086b00000, 0x0000000086b00000| Untracked 
|  32|0x0000000086c00000, 0x0000000086c00000, 0x0000000086d00000|  0%| F|  |TAMS 0x0000000086c00000, 0x0000000086c00000| Untracked 
|  33|0x0000000086d00000, 0x0000000086d00000, 0x0000000086e00000|  0%| F|  |TAMS 0x0000000086d00000, 0x0000000086d00000| Untracked 
|  34|0x0000000086e00000, 0x0000000086e00000, 0x0000000086f00000|  0%| F|  |TAMS 0x0000000086e00000, 0x0000000086e00000| Untracked 
|  35|0x0000000086f00000, 0x0000000086f00000, 0x0000000087000000|  0%| F|  |TAMS 0x0000000086f00000, 0x0000000086f00000| Untracked 
|  36|0x0000000087000000, 0x0000000087000000, 0x0000000087100000|  0%| F|  |TAMS 0x0000000087000000, 0x0000000087000000| Untracked 
|  37|0x0000000087100000, 0x0000000087100000, 0x0000000087200000|  0%| F|  |TAMS 0x0000000087100000, 0x0000000087100000| Untracked 
|  38|0x0000000087200000, 0x0000000087200000, 0x0000000087300000|  0%| F|  |TAMS 0x0000000087200000, 0x0000000087200000| Untracked 
|  39|0x0000000087300000, 0x0000000087300000, 0x0000000087400000|  0%| F|  |TAMS 0x0000000087300000, 0x0000000087300000| Untracked 
|  40|0x0000000087400000, 0x0000000087400000, 0x0000000087500000|  0%| F|  |TAMS 0x0000000087400000, 0x0000000087400000| Untracked 
|  41|0x0000000087500000, 0x0000000087500000, 0x0000000087600000|  0%| F|  |TAMS 0x0000000087500000, 0x0000000087500000| Untracked 
|  42|0x0000000087600000, 0x0000000087600000, 0x0000000087700000|  0%| F|  |TAMS 0x0000000087600000, 0x0000000087600000| Untracked 
|  43|0x0000000087700000, 0x0000000087700000, 0x0000000087800000|  0%| F|  |TAMS 0x0000000087700000, 0x0000000087700000| Untracked 
|  44|0x0000000087800000, 0x0000000087800000, 0x0000000087900000|  0%| F|  |TAMS 0x0000000087800000, 0x0000000087800000| Untracked 
|  45|0x0000000087900000, 0x0000000087900000, 0x0000000087a00000|  0%| F|  |TAMS 0x0000000087900000, 0x0000000087900000| Untracked 
|  46|0x0000000087a00000, 0x0000000087a00000, 0x0000000087b00000|  0%| F|  |TAMS 0x0000000087a00000, 0x0000000087a00000| Untracked 
|  47|0x0000000087b00000, 0x0000000087b00000, 0x0000000087c00000|  0%| F|  |TAMS 0x0000000087b00000, 0x0000000087b00000| Untracked 
|  48|0x0000000087c00000, 0x0000000087c00000, 0x0000000087d00000|  0%| F|  |TAMS 0x0000000087c00000, 0x0000000087c00000| Untracked 
|  49|0x0000000087d00000, 0x0000000087d00000, 0x0000000087e00000|  0%| F|  |TAMS 0x0000000087d00000, 0x0000000087d00000| Untracked 
|  50|0x0000000087e00000, 0x0000000087e00000, 0x0000000087f00000|  0%| F|  |TAMS 0x0000000087e00000, 0x0000000087e00000| Untracked 
|  51|0x0000000087f00000, 0x0000000087f00000, 0x0000000088000000|  0%| F|  |TAMS 0x0000000087f00000, 0x0000000087f00000| Untracked 
|  52|0x0000000088000000, 0x0000000088000000, 0x0000000088100000|  0%| F|  |TAMS 0x0000000088000000, 0x0000000088000000| Untracked 
|  53|0x0000000088100000, 0x0000000088100000, 0x0000000088200000|  0%| F|  |TAMS 0x0000000088100000, 0x0000000088100000| Untracked 
|  54|0x0000000088200000, 0x0000000088200000, 0x0000000088300000|  0%| F|  |TAMS 0x0000000088200000, 0x0000000088200000| Untracked 
|  55|0x0000000088300000, 0x0000000088300000, 0x0000000088400000|  0%| F|  |TAMS 0x0000000088300000, 0x0000000088300000| Untracked 
|  56|0x0000000088400000, 0x0000000088400000, 0x0000000088500000|  0%| F|  |TAMS 0x0000000088400000, 0x0000000088400000| Untracked 
|  57|0x0000000088500000, 0x0000000088500000, 0x0000000088600000|  0%| F|  |TAMS 0x0000000088500000, 0x0000000088500000| Untracked 
|  58|0x0000000088600000, 0x0000000088600000, 0x0000000088700000|  0%| F|  |TAMS 0x0000000088600000, 0x0000000088600000| Untracked 
|  59|0x0000000088700000, 0x0000000088700000, 0x0000000088800000|  0%| F|  |TAMS 0x0000000088700000, 0x0000000088700000| Untracked 
|  60|0x0000000088800000, 0x0000000088800000, 0x0000000088900000|  0%| F|  |TAMS 0x0000000088800000, 0x0000000088800000| Untracked 
|  61|0x0000000088900000, 0x0000000088900000, 0x0000000088a00000|  0%| F|  |TAMS 0x0000000088900000, 0x0000000088900000| Untracked 
|  62|0x0000000088a00000, 0x0000000088a00000, 0x0000000088b00000|  0%| F|  |TAMS 0x0000000088a00000, 0x0000000088a00000| Untracked 
|  63|0x0000000088b00000, 0x0000000088b00000, 0x0000000088c00000|  0%| F|  |TAMS 0x0000000088b00000, 0x0000000088b00000| Untracked 
|  64|0x0000000088c00000, 0x0000000088c00000, 0x0000000088d00000|  0%| F|  |TAMS 0x0000000088c00000, 0x0000000088c00000| Untracked 
|  65|0x0000000088d00000, 0x0000000088d00000, 0x0000000088e00000|  0%| F|  |TAMS 0x0000000088d00000, 0x0000000088d00000| Untracked 
|  66|0x0000000088e00000, 0x0000000088e00000, 0x0000000088f00000|  0%| F|  |TAMS 0x0000000088e00000, 0x0000000088e00000| Untracked 
|  67|0x0000000088f00000, 0x0000000088f00000, 0x0000000089000000|  0%| F|  |TAMS 0x0000000088f00000, 0x0000000088f00000| Untracked 
|  68|0x0000000089000000, 0x0000000089000000, 0x0000000089100000|  0%| F|  |TAMS 0x0000000089000000, 0x0000000089000000| Untracked 
|  69|0x0000000089100000, 0x0000000089100000, 0x0000000089200000|  0%| F|  |TAMS 0x0000000089100000, 0x0000000089100000| Untracked 
|  70|0x0000000089200000, 0x0000000089200000, 0x0000000089300000|  0%| F|  |TAMS 0x0000000089200000, 0x0000000089200000| Untracked 
|  71|0x0000000089300000, 0x0000000089300000, 0x0000000089400000|  0%| F|  |TAMS 0x0000000089300000, 0x0000000089300000| Untracked 
|  72|0x0000000089400000, 0x0000000089400000, 0x0000000089500000|  0%| F|  |TAMS 0x0000000089400000, 0x0000000089400000| Untracked 
|  73|0x0000000089500000, 0x0000000089500000, 0x0000000089600000|  0%| F|  |TAMS 0x0000000089500000, 0x0000000089500000| Untracked 
|  74|0x0000000089600000, 0x0000000089600000, 0x0000000089700000|  0%| F|  |TAMS 0x0000000089600000, 0x0000000089600000| Untracked 
|  75|0x0000000089700000, 0x0000000089700000, 0x0000000089800000|  0%| F|  |TAMS 0x0000000089700000, 0x0000000089700000| Untracked 
|  76|0x0000000089800000, 0x0000000089800000, 0x0000000089900000|  0%| F|  |TAMS 0x0000000089800000, 0x0000000089800000| Untracked 
|  77|0x0000000089900000, 0x0000000089900000, 0x0000000089a00000|  0%| F|  |TAMS 0x0000000089900000, 0x0000000089900000| Untracked 
|  78|0x0000000089a00000, 0x0000000089a00000, 0x0000000089b00000|  0%| F|  |TAMS 0x0000000089a00000, 0x0000000089a00000| Untracked 
|  79|0x0000000089b00000, 0x0000000089b00000, 0x0000000089c00000|  0%| F|  |TAMS 0x0000000089b00000, 0x0000000089b00000| Untracked 
|  80|0x0000000089c00000, 0x0000000089c00000, 0x0000000089d00000|  0%| F|  |TAMS 0x0000000089c00000, 0x0000000089c00000| Untracked 
|  81|0x0000000089d00000, 0x0000000089d00000, 0x0000000089e00000|  0%| F|  |TAMS 0x0000000089d00000, 0x0000000089d00000| Untracked 
|  82|0x0000000089e00000, 0x0000000089e00000, 0x0000000089f00000|  0%| F|  |TAMS 0x0000000089e00000, 0x0000000089e00000| Untracked 
|  83|0x0000000089f00000, 0x0000000089f00000, 0x000000008a000000|  0%| F|  |TAMS 0x0000000089f00000, 0x0000000089f00000| Untracked 
|  84|0x000000008a000000, 0x000000008a000000, 0x000000008a100000|  0%| F|  |TAMS 0x000000008a000000, 0x000000008a000000| Untracked 
|  85|0x000000008a100000, 0x000000008a100000, 0x000000008a200000|  0%| F|  |TAMS 0x000000008a100000, 0x000000008a100000| Untracked 
|  86|0x000000008a200000, 0x000000008a200000, 0x000000008a300000|  0%| F|  |TAMS 0x000000008a200000, 0x000000008a200000| Untracked 
|  87|0x000000008a300000, 0x000000008a300000, 0x000000008a400000|  0%| F|  |TAMS 0x000000008a300000, 0x000000008a300000| Untracked 
|  88|0x000000008a400000, 0x000000008a400000, 0x000000008a500000|  0%| F|  |TAMS 0x000000008a400000, 0x000000008a400000| Untracked 
|  89|0x000000008a500000, 0x000000008a500000, 0x000000008a600000|  0%| F|  |TAMS 0x000000008a500000, 0x000000008a500000| Untracked 
|  90|0x000000008a600000, 0x000000008a600000, 0x000000008a700000|  0%| F|  |TAMS 0x000000008a600000, 0x000000008a600000| Untracked 
|  91|0x000000008a700000, 0x000000008a700000, 0x000000008a800000|  0%| F|  |TAMS 0x000000008a700000, 0x000000008a700000| Untracked 
|  92|0x000000008a800000, 0x000000008a800000, 0x000000008a900000|  0%| F|  |TAMS 0x000000008a800000, 0x000000008a800000| Untracked 
|  93|0x000000008a900000, 0x000000008a900000, 0x000000008aa00000|  0%| F|  |TAMS 0x000000008a900000, 0x000000008a900000| Untracked 
|  94|0x000000008aa00000, 0x000000008aa00000, 0x000000008ab00000|  0%| F|  |TAMS 0x000000008aa00000, 0x000000008aa00000| Untracked 
|  95|0x000000008ab00000, 0x000000008ab00000, 0x000000008ac00000|  0%| F|  |TAMS 0x000000008ab00000, 0x000000008ab00000| Untracked 
|  96|0x000000008ac00000, 0x000000008ac00000, 0x000000008ad00000|  0%| F|  |TAMS 0x000000008ac00000, 0x000000008ac00000| Untracked 
|  97|0x000000008ad00000, 0x000000008ad00000, 0x000000008ae00000|  0%| F|  |TAMS 0x000000008ad00000, 0x000000008ad00000| Untracked 
|  98|0x000000008ae00000, 0x000000008ae00000, 0x000000008af00000|  0%| F|  |TAMS 0x000000008ae00000, 0x000000008ae00000| Untracked 
|  99|0x000000008af00000, 0x000000008af00000, 0x000000008b000000|  0%| F|  |TAMS 0x000000008af00000, 0x000000008af00000| Untracked 
| 100|0x000000008b000000, 0x000000008b000000, 0x000000008b100000|  0%| F|  |TAMS 0x000000008b000000, 0x000000008b000000| Untracked 
| 101|0x000000008b100000, 0x000000008b100000, 0x000000008b200000|  0%| F|  |TAMS 0x000000008b100000, 0x000000008b100000| Untracked 
| 102|0x000000008b200000, 0x000000008b200000, 0x000000008b300000|  0%| F|  |TAMS 0x000000008b200000, 0x000000008b200000| Untracked 
| 103|0x000000008b300000, 0x000000008b300000, 0x000000008b400000|  0%| F|  |TAMS 0x000000008b300000, 0x000000008b300000| Untracked 
| 104|0x000000008b400000, 0x000000008b400000, 0x000000008b500000|  0%| F|  |TAMS 0x000000008b400000, 0x000000008b400000| Untracked 
| 105|0x000000008b500000, 0x000000008b500000, 0x000000008b600000|  0%| F|  |TAMS 0x000000008b500000, 0x000000008b500000| Untracked 
| 106|0x000000008b600000, 0x000000008b600000, 0x000000008b700000|  0%| F|  |TAMS 0x000000008b600000, 0x000000008b600000| Untracked 
| 107|0x000000008b700000, 0x000000008b700000, 0x000000008b800000|  0%| F|  |TAMS 0x000000008b700000, 0x000000008b700000| Untracked 
| 108|0x000000008b800000, 0x000000008b800000, 0x000000008b900000|  0%| F|  |TAMS 0x000000008b800000, 0x000000008b800000| Untracked 
| 109|0x000000008b900000, 0x000000008b900000, 0x000000008ba00000|  0%| F|  |TAMS 0x000000008b900000, 0x000000008b900000| Untracked 
| 110|0x000000008ba00000, 0x000000008ba76a70, 0x000000008bb00000| 46%| E|  |TAMS 0x000000008ba00000, 0x000000008ba00000| Complete 
| 111|0x000000008bb00000, 0x000000008bc00000, 0x000000008bc00000|100%| E|CS|TAMS 0x000000008bb00000, 0x000000008bb00000| Complete 
| 112|0x000000008bc00000, 0x000000008bd00000, 0x000000008bd00000|100%| E|CS|TAMS 0x000000008bc00000, 0x000000008bc00000| Complete 
| 113|0x000000008bd00000, 0x000000008be00000, 0x000000008be00000|100%| E|CS|TAMS 0x000000008bd00000, 0x000000008bd00000| Complete 
| 114|0x000000008be00000, 0x000000008bf00000, 0x000000008bf00000|100%| E|CS|TAMS 0x000000008be00000, 0x000000008be00000| Complete 
| 115|0x000000008bf00000, 0x000000008c000000, 0x000000008c000000|100%| E|CS|TAMS 0x000000008bf00000, 0x000000008bf00000| Complete 
| 116|0x000000008c000000, 0x000000008c100000, 0x000000008c100000|100%| E|CS|TAMS 0x000000008c000000, 0x000000008c000000| Complete 
| 117|0x000000008c100000, 0x000000008c200000, 0x000000008c200000|100%| E|CS|TAMS 0x000000008c100000, 0x000000008c100000| Complete 
| 118|0x000000008c200000, 0x000000008c300000, 0x000000008c300000|100%| E|CS|TAMS 0x000000008c200000, 0x000000008c200000| Complete 
| 119|0x000000008c300000, 0x000000008c400000, 0x000000008c400000|100%| E|CS|TAMS 0x000000008c300000, 0x000000008c300000| Complete 
| 120|0x000000008c400000, 0x000000008c500000, 0x000000008c500000|100%| E|CS|TAMS 0x000000008c400000, 0x000000008c400000| Complete 
| 121|0x000000008c500000, 0x000000008c600000, 0x000000008c600000|100%| E|CS|TAMS 0x000000008c500000, 0x000000008c500000| Complete 
| 122|0x000000008c600000, 0x000000008c700000, 0x000000008c700000|100%| E|CS|TAMS 0x000000008c600000, 0x000000008c600000| Complete 
| 123|0x000000008c700000, 0x000000008c800000, 0x000000008c800000|100%| E|CS|TAMS 0x000000008c700000, 0x000000008c700000| Complete 

Card table byte_map: [0x0000025b7adf0000,0x0000025b7b1d0000] _byte_map_base: 0x0000025b7a9ca000

Marking Bits (Prev, Next): (CMBitMap*) 0x0000025b72dfd5f0, (CMBitMap*) 0x0000025b72dfd630
 Prev Bits: [0x0000025b7b5b0000, 0x0000025b7d480000)
 Next Bits: [0x0000025b7d480000, 0x0000025b7f350000)

Polling page: 0x0000025b70ce0000

Metaspace:

Usage:
  Non-class:      4.39 MB used.
      Class:    546.20 KB used.
       Both:      4.93 MB used.

Virtual space:
  Non-class space:       64.00 MB reserved,       4.44 MB (  7%) committed,  1 nodes.
      Class space:        1.00 GB reserved,     640.00 KB ( <1%) committed,  1 nodes.
             Both:        1.06 GB reserved,       5.06 MB ( <1%) committed. 

Chunk freelists:
   Non-Class:  2.89 MB
       Class:  3.25 MB
        Both:  6.14 MB

MaxMetaspaceSize: unlimited
CompressedClassSpaceSize: 1.00 GB
Initial GC threshold: 21.00 MB
Current GC threshold: 21.00 MB
CDS: on
MetaspaceReclaimPolicy: balanced
 - commit_granule_bytes: 65536.
 - commit_granule_words: 8192.
 - virtual_space_node_default_size: 8388608.
 - enlarge_chunks_in_place: 1.
 - new_chunks_are_fully_committed: 0.
 - uncommit_free_chunks: 1.
 - use_allocation_guard: 0.


Internal statistics:

num_allocs_failed_limit: 0.
num_arena_births: 106.
num_arena_deaths: 0.
num_vsnodes_births: 2.
num_vsnodes_deaths: 0.
num_space_committed: 81.
num_space_uncommitted: 0.
num_chunks_returned_to_freelist: 0.
num_chunks_taken_from_freelist: 143.
num_chunk_merges: 0.
num_chunk_splits: 78.
num_chunks_enlarged: 21.
num_inconsistent_stats: 0.

CodeHeap 'non-profiled nmethods': size=120000Kb used=193Kb max_used=193Kb free=119806Kb
 bounds [0x0000025b07ad0000, 0x0000025b07d40000, 0x0000025b0f000000]
CodeHeap 'profiled nmethods': size=120000Kb used=1095Kb max_used=1095Kb free=118904Kb
 bounds [0x0000025b005a0000, 0x0000025b00810000, 0x0000025b07ad0000]
CodeHeap 'non-nmethods': size=5760Kb used=1235Kb max_used=1250Kb free=4524Kb
 bounds [0x0000025b00000000, 0x0000025b00270000, 0x0000025b005a0000]
 total_blobs=1214 nmethods=693 adapters=434
 compilation: enabled
              stopped_count=0, restarted_count=0
 full_count=0

Compilation events (20 events):
Event: 0.405 Thread 0x0000025b7fd4d3e0 nmethod 681 0x0000025b006a9b10 code [0x0000025b006a9da0, 0x0000025b006aaca8]
Event: 0.405 Thread 0x0000025b7fd4d3e0  682       3       java.lang.invoke.LambdaForm$MH/0x0000000800c80c00::linkToTargetMethod (19 bytes)
Event: 0.406 Thread 0x0000025b7fd4d3e0 nmethod 682 0x0000025b006ab110 code [0x0000025b006ab2c0, 0x0000025b006ab678]
Event: 0.406 Thread 0x0000025b7fd4d3e0  683       3       java.lang.invoke.LambdaForm$DMH/0x0000000800c80400::newInvokeSpecial (36 bytes)
Event: 0.406 Thread 0x0000025b7fd4d3e0 nmethod 683 0x0000025b006ab790 code [0x0000025b006ab980, 0x0000025b006ac028]
Event: 0.406 Thread 0x0000025b7fd4d3e0  684       3       sun.awt.image.ImageWatched$WeakLink$$Lambda$147/0x0000000800c0eca0::<init> (44 bytes)
Event: 0.406 Thread 0x0000025b7fd4d3e0 nmethod 684 0x0000025b006ac290 code [0x0000025b006ac440, 0x0000025b006ac678]
Event: 0.406 Thread 0x0000025b7fd4d3e0  685       3       sun.awt.image.ImageWatched$WeakLink$$Lambda$147/0x0000000800c0eca0::run (32 bytes)
Event: 0.406 Thread 0x0000025b7fd4d3e0 nmethod 685 0x0000025b006ac790 code [0x0000025b006ac920, 0x0000025b006aca88]
Event: 0.406 Thread 0x0000025b7fd4d3e0  686       3       sun.awt.image.ImageWatched$WeakLink::lambda$update$0 (19 bytes)
Event: 0.407 Thread 0x0000025b7fd4d3e0 nmethod 686 0x0000025b006acb10 code [0x0000025b006accc0, 0x0000025b006acf68]
Event: 0.407 Thread 0x0000025b7fd4d3e0  687       3       java.awt.ImageMediaEntry::imageUpdate (51 bytes)
Event: 0.407 Thread 0x0000025b7fd4d3e0 nmethod 687 0x0000025b006ad090 code [0x0000025b006ad280, 0x0000025b006ad968]
Event: 0.407 Thread 0x0000025b7fd4d3e0  688   !   3       sun.awt.image.ImageRepresentation::setPixels (527 bytes)
Event: 0.409 Thread 0x0000025b7fd4d3e0 nmethod 688 0x0000025b006adb90 code [0x0000025b006adf20, 0x0000025b006aff88]
Event: 0.409 Thread 0x0000025b7fd4d3e0  689       3       sun.awt.image.IntegerInterleavedRaster::setDataElements (134 bytes)
Event: 0.410 Thread 0x0000025b7fd4d3e0 nmethod 689 0x0000025b006b1010 code [0x0000025b006b1200, 0x0000025b006b1898]
Event: 0.421 Thread 0x0000025b7fd4d3e0  690       3       java.util.Calendar::internalSet (8 bytes)
Event: 0.422 Thread 0x0000025b7fd4d3e0 nmethod 690 0x0000025b006b1b10 code [0x0000025b006b1ca0, 0x0000025b006b1dd8]
Event: 0.426 Thread 0x0000025b7fd43990  691 %     4       java.awt.image.ReplicateScaleFilter::setPixels @ 145 (225 bytes)

GC Heap History (0 events):
No events

Deoptimization events (4 events):
Event: 0.267 Thread 0x0000025b72d9dbd0 Uncommon trap: trap_request=0xffffff45 fr.pc=0x0000025b07adee30 relative=0x0000000000000990
Event: 0.267 Thread 0x0000025b72d9dbd0 Uncommon trap: reason=unstable_if action=reinterpret pc=0x0000025b07adee30 method=java.util.HashMap.putVal(ILjava/lang/Object;Ljava/lang/Object;ZZ)Ljava/lang/Object; @ 236 c2
Event: 0.267 Thread 0x0000025b72d9dbd0 DEOPT PACKING pc=0x0000025b07adee30 sp=0x00000068e90fdc60
Event: 0.267 Thread 0x0000025b72d9dbd0 DEOPT UNPACKING pc=0x0000025b00055c23 sp=0x00000068e90fdc18 mode 2

Classes loaded (20 events):
Event: 0.387 Loading class java/awt/image/WritableRenderedImage done
Event: 0.387 Loading class java/awt/image/BufferedImage done
Event: 0.387 Loading class java/awt/image/BufferedImage$1
Event: 0.387 Loading class java/awt/image/BufferedImage$1 done
Event: 0.392 Loading class java/awt/image/ReplicateScaleFilter
Event: 0.392 Loading class java/awt/image/ImageFilter
Event: 0.393 Loading class java/awt/image/ImageFilter done
Event: 0.393 Loading class java/awt/image/ReplicateScaleFilter done
Event: 0.393 Loading class java/awt/image/FilteredImageSource
Event: 0.393 Loading class java/awt/image/FilteredImageSource done
Event: 0.399 Loading class javax/swing/plaf/metal/MetalLabelUI
Event: 0.399 Loading class javax/swing/plaf/basic/BasicLabelUI
Event: 0.399 Loading class javax/swing/plaf/LabelUI
Event: 0.399 Loading class javax/swing/plaf/LabelUI done
Event: 0.399 Loading class javax/swing/plaf/basic/BasicLabelUI done
Event: 0.399 Loading class javax/swing/plaf/metal/MetalLabelUI done
Event: 0.399 Loading class javax/swing/plaf/metal/DefaultMetalTheme$FontDelegate$1
Event: 0.400 Loading class javax/swing/plaf/metal/DefaultMetalTheme$FontDelegate$1 done
Event: 0.400 Loading class javax/swing/plaf/basic/BasicHTML
Event: 0.400 Loading class javax/swing/plaf/basic/BasicHTML done

Classes unloaded (0 events):
No events

Classes redefined (0 events):
No events

Internal exceptions (15 events):
Event: 0.098 Thread 0x0000025b72d9dbd0 Exception <a 'sun/nio/fs/WindowsException'{0x000000008c6359d0}> (0x000000008c6359d0) 
thrown [s\open\src\hotspot\share\prims\jni.cpp, line 516]
Event: 0.098 Thread 0x0000025b72d9dbd0 Exception <a 'sun/nio/fs/WindowsException'{0x000000008c635f20}> (0x000000008c635f20) 
thrown [s\open\src\hotspot\share\prims\jni.cpp, line 516]
Event: 0.100 Thread 0x0000025b72d9dbd0 Exception <a 'sun/nio/fs/WindowsException'{0x000000008c638298}> (0x000000008c638298) 
thrown [s\open\src\hotspot\share\prims\jni.cpp, line 516]
Event: 0.100 Thread 0x0000025b72d9dbd0 Exception <a 'sun/nio/fs/WindowsException'{0x000000008c638d50}> (0x000000008c638d50) 
thrown [s\open\src\hotspot\share\prims\jni.cpp, line 516]
Event: 0.159 Thread 0x0000025b72d9dbd0 Exception <a 'java/lang/ClassNotFoundException'{0x000000008c6fe388}: sun/awt/resources/spi/awtProvider> (0x000000008c6fe388) 
thrown [s\open\src\hotspot\share\classfile\systemDictionary.cpp, line 255]
Event: 0.184 Thread 0x0000025b72d9dbd0 Exception <a 'java/io/FileNotFoundException'{0x000000008c552080}> (0x000000008c552080) 
thrown [s\open\src\hotspot\share\prims\jni.cpp, line 516]
Event: 0.193 Thread 0x0000025b72d9dbd0 Exception <a 'java/io/FileNotFoundException'{0x000000008c57f998}> (0x000000008c57f998) 
thrown [s\open\src\hotspot\share\prims\jni.cpp, line 516]
Event: 0.234 Thread 0x0000025b72d9dbd0 Exception <a 'java/lang/NoSuchMethodError'{0x000000008c5c3d48}: 'java.lang.Object java.lang.invoke.DirectMethodHandle$Holder.invokeStaticInit(java.lang.Object)'> (0x000000008c5c3d48) 
thrown [s\open\src\hotspot\share\interpreter\linkResolver.cpp, line 766]
Event: 0.269 Thread 0x0000025b72d9dbd0 Exception <a 'java/lang/NoSuchMethodError'{0x000000008c4975a0}: 'void java.lang.invoke.DirectMethodHandle$Holder.invokeSpecial(java.lang.Object, java.lang.Object, java.lang.Object)'> (0x000000008c4975a0) 
thrown [s\open\src\hotspot\share\interpreter\linkResolver.cpp, line 766]
Event: 0.279 Thread 0x0000025b72d9dbd0 Exception <a 'java/lang/NoSuchMethodError'{0x000000008c4c25c0}: 'java.lang.Object java.lang.invoke.DirectMethodHandle$Holder.newInvokeSpecial(java.lang.Object, java.lang.Object, java.lang.Object, java.lang.Object, java.lang.Object)'> (0x000000008c4c25c0) 
thrown [s\open\src\hotspot\share\interpreter\linkResolver.cpp, line 766]
Event: 0.286 Thread 0x0000025b72d9dbd0 Exception <a 'java/lang/NoSuchMethodError'{0x000000008c4f4340}: 'java.lang.Object java.lang.invoke.DirectMethodHandle$Holder.invokeStatic(java.lang.Object, int, java.lang.Object)'> (0x000000008c4f4340) 
thrown [s\open\src\hotspot\share\interpreter\linkResolver.cpp, line 766]
Event: 0.313 Thread 0x0000025b72d9dbd0 Exception <a 'java/lang/ClassNotFoundException'{0x000000008c3b16a0}: com/sun/swing/internal/plaf/metal/resources/spi/metalProvider> (0x000000008c3b16a0) 
thrown [s\open\src\hotspot\share\classfile\systemDictionary.cpp, line 255]
Event: 0.314 Thread 0x0000025b72d9dbd0 Exception <a 'java/lang/ClassNotFoundException'{0x000000008c3b5728}: com/sun/swing/internal/plaf/basic/resources/spi/basicProvider> (0x000000008c3b5728) 
thrown [s\open\src\hotspot\share\classfile\systemDictionary.cpp, line 255]
Event: 0.322 Thread 0x0000025b72d9dbd0 Exception <a 'java/lang/NoSuchMethodError'{0x000000008c3d5ad8}: 'int java.lang.invoke.Invokers$Holder.invokeExact_MT(java.lang.Object, java.lang.Object)'> (0x000000008c3d5ad8) 
thrown [s\open\src\hotspot\share\interpreter\linkResolver.cpp, line 766]
Event: 0.380 Thread 0x0000025b1535b020 Exception <a 'java/lang/NoSuchMethodError'{0x000000008c167bb8}: 'java.lang.Object java.lang.invoke.DirectMethodHandle$Holder.newInvokeSpecial(java.lang.Object, java.lang.Object, java.lang.Object, int, int, int, int, int)'> (0x000000008c167bb8) 
thrown [s\open\src\hotspot\share\interpreter\linkResolver.cpp, line 766]

VM Operations (2 events):
Event: 0.101 Executing VM operation: HandshakeAllThreads
Event: 0.101 Executing VM operation: HandshakeAllThreads done

Events (20 events):
Event: 0.027 Thread 0x0000025b7fd1a780 Thread added: 0x0000025b7fd1a780
Event: 0.039 Thread 0x0000025b7fd35ec0 Thread added: 0x0000025b7fd35ec0
Event: 0.039 Thread 0x0000025b7fd38870 Thread added: 0x0000025b7fd38870
Event: 0.040 Thread 0x0000025b7fd39210 Thread added: 0x0000025b7fd39210
Event: 0.040 Thread 0x0000025b7fd39e30 Thread added: 0x0000025b7fd39e30
Event: 0.040 Thread 0x0000025b7fd43990 Thread added: 0x0000025b7fd43990
Event: 0.040 Thread 0x0000025b7fd4d3e0 Thread added: 0x0000025b7fd4d3e0
Event: 0.041 Thread 0x0000025b7fd50cf0 Thread added: 0x0000025b7fd50cf0
Event: 0.075 Thread 0x0000025b1506bdb0 Thread added: 0x0000025b1506bdb0
Event: 0.094 Loaded shared library C:\Program Files\Java\jdk-18.0.1.1\bin\net.dll
Event: 0.096 Loaded shared library C:\Program Files\Java\jdk-18.0.1.1\bin\nio.dll
Event: 0.119 Thread 0x0000025b15125900 Thread added: 0x0000025b15125900
Event: 0.127 Loaded shared library C:\Program Files\Java\jdk-18.0.1.1\bin\zip.dll
Event: 0.151 Loaded shared library C:\Program Files\Java\jdk-18.0.1.1\bin\jimage.dll
Event: 0.169 Loaded shared library C:\Program Files\Java\jdk-18.0.1.1\bin\awt.dll
Event: 0.235 Thread 0x0000025b152b6440 Thread added: 0x0000025b152b6440
Event: 0.236 Thread 0x0000025b15215d50 Thread added: 0x0000025b15215d50
Event: 0.238 Thread 0x0000025b152cd850 Thread added: 0x0000025b152cd850
Event: 0.329 Thread 0x0000025b1535b020 Thread added: 0x0000025b1535b020
Event: 0.378 Loaded shared library C:\Program Files\Java\jdk-18.0.1.1\bin\javajpeg.dll


Dynamic libraries:
0x00007ff7dc680000 - 0x00007ff7dc690000 	C:\Program Files\Java\jdk-18.0.1.1\bin\java.exe
0x00007ffe942d0000 - 0x00007ffe944c7000 	C:\Windows\SYSTEM32\ntdll.dll
0x00007ffe92a80000 - 0x00007ffe92b3d000 	C:\Windows\System32\KERNEL32.DLL
0x00007ffe91ca0000 - 0x00007ffe91f6d000 	C:\Windows\System32\KERNELBASE.dll
0x00007ffe92000000 - 0x00007ffe92100000 	C:\Windows\System32\ucrtbase.dll
0x00007ffe8b580000 - 0x00007ffe8b59a000 	C:\Program Files\Java\jdk-18.0.1.1\bin\VCRUNTIME140.dll
0x00007ffe8e910000 - 0x00007ffe8e928000 	C:\Program Files\Java\jdk-18.0.1.1\bin\jli.dll
0x00007ffe92fc0000 - 0x00007ffe9306e000 	C:\Windows\System32\ADVAPI32.dll
0x00007ffe929c0000 - 0x00007ffe92a5e000 	C:\Windows\System32\msvcrt.dll
0x00007ffe92d20000 - 0x00007ffe92dbc000 	C:\Windows\System32\sechost.dll
0x00007ffe92bc0000 - 0x00007ffe92ce5000 	C:\Windows\System32\RPCRT4.dll
0x00007ffe92dc0000 - 0x00007ffe92f60000 	C:\Windows\System32\USER32.dll
0x00007ffe787b0000 - 0x00007ffe78a4a000 	C:\Windows\WinSxS\amd64_microsoft.windows.common-controls_6595b64144ccf1df_6.0.19041.1110_none_60b5254171f9507e\COMCTL32.dll
0x00007ffe92cf0000 - 0x00007ffe92d1a000 	C:\Windows\System32\GDI32.dll
0x00007ffe92100000 - 0x00007ffe92122000 	C:\Windows\System32\win32u.dll
0x00007ffe91a90000 - 0x00007ffe91b9b000 	C:\Windows\System32\gdi32full.dll
0x00007ffe919f0000 - 0x00007ffe91a8d000 	C:\Windows\System32\msvcp_win.dll
0x00007ffe8ac30000 - 0x00007ffe8ac3a000 	C:\Windows\SYSTEM32\VERSION.dll
0x00007ffe93b10000 - 0x00007ffe93b40000 	C:\Windows\System32\IMM32.DLL
0x00007ffe8b570000 - 0x00007ffe8b57c000 	C:\Program Files\Java\jdk-18.0.1.1\bin\vcruntime140_1.dll
0x00007ffe3f1f0000 - 0x00007ffe3f27d000 	C:\Program Files\Java\jdk-18.0.1.1\bin\msvcp140.dll
0x00007ffe38f70000 - 0x00007ffe39b80000 	C:\Program Files\Java\jdk-18.0.1.1\bin\server\jvm.dll
0x00007ffe92800000 - 0x00007ffe92808000 	C:\Windows\System32\PSAPI.DLL
0x00007ffe8b5a0000 - 0x00007ffe8b5a9000 	C:\Windows\SYSTEM32\WSOCK32.dll
0x00007ffe73c70000 - 0x00007ffe73c97000 	C:\Windows\SYSTEM32\WINMM.dll
0x00007ffe93460000 - 0x00007ffe934cb000 	C:\Windows\System32\WS2_32.dll
0x00007ffe90280000 - 0x00007ffe90292000 	C:\Windows\SYSTEM32\kernel.appcore.dll
0x00007ffe7ed20000 - 0x00007ffe7ed2a000 	C:\Program Files\Java\jdk-18.0.1.1\bin\jimage.dll
0x00007ffe8ffa0000 - 0x00007ffe90184000 	C:\Windows\SYSTEM32\DBGHELP.DLL
0x00007ffe77370000 - 0x00007ffe7739c000 	C:\Windows\SYSTEM32\dbgcore.DLL
0x00007ffe91f70000 - 0x00007ffe91ff2000 	C:\Windows\System32\bcryptPrimitives.dll
0x00007ffe8b500000 - 0x00007ffe8b525000 	C:\Program Files\Java\jdk-18.0.1.1\bin\java.dll
0x00007ffe7ec40000 - 0x00007ffe7ed16000 	C:\Program Files\Java\jdk-18.0.1.1\bin\jsvml.dll
0x00007ffe93b40000 - 0x00007ffe94284000 	C:\Windows\System32\SHELL32.dll
0x00007ffe8f730000 - 0x00007ffe8fec4000 	C:\Windows\SYSTEM32\windows.storage.dll
0x00007ffe934d0000 - 0x00007ffe93824000 	C:\Windows\System32\combase.dll
0x00007ffe91380000 - 0x00007ffe913ac000 	C:\Windows\SYSTEM32\Wldp.dll
0x00007ffe93100000 - 0x00007ffe931ad000 	C:\Windows\System32\SHCORE.dll
0x00007ffe92820000 - 0x00007ffe92875000 	C:\Windows\System32\shlwapi.dll
0x00007ffe91930000 - 0x00007ffe9194f000 	C:\Windows\SYSTEM32\profapi.dll
0x00007ffe7ebf0000 - 0x00007ffe7ec03000 	C:\Program Files\Java\jdk-18.0.1.1\bin\net.dll
0x00007ffe7b6e0000 - 0x00007ffe7b7ea000 	C:\Windows\SYSTEM32\WINHTTP.dll
0x00007ffe910e0000 - 0x00007ffe9114a000 	C:\Windows\system32\mswsock.dll
0x00007ffe7ebd0000 - 0x00007ffe7ebe6000 	C:\Program Files\Java\jdk-18.0.1.1\bin\nio.dll
0x00007ffe7ebb0000 - 0x00007ffe7ebc8000 	C:\Program Files\Java\jdk-18.0.1.1\bin\zip.dll
0x00007ffe3f280000 - 0x00007ffe3f40f000 	C:\Program Files\Java\jdk-18.0.1.1\bin\awt.dll
0x00007ffe93830000 - 0x00007ffe938fd000 	C:\Windows\System32\OLEAUT32.dll
0x00007ffe8eac0000 - 0x00007ffe8eb50000 	C:\Windows\SYSTEM32\apphelp.dll
0x00007ffe8f260000 - 0x00007ffe8f28f000 	C:\Windows\system32\DWMAPI.DLL
0x00007ffe8efe0000 - 0x00007ffe8f07e000 	C:\Windows\system32\uxtheme.dll
0x00007ffe74600000 - 0x00007ffe74726000 	C:\Windows\system32\opengl32.dll
0x00007ffe745d0000 - 0x00007ffe745fc000 	C:\Windows\SYSTEM32\GLU32.dll
0x00007ffe93290000 - 0x00007ffe933a5000 	C:\Windows\System32\MSCTF.dll
0x00007ffe92890000 - 0x00007ffe929ba000 	C:\Windows\System32\ole32.dll
0x00007ffe8ca20000 - 0x00007ffe8ca4d000 	C:\Program Files\Java\jdk-18.0.1.1\bin\javajpeg.dll

dbghelp: loaded successfully - version: 4.0.5 - missing functions: none
symbol engine: initialized successfully - sym options: 0x614 - pdb path: .;C:\Program Files\Java\jdk-18.0.1.1\bin;C:\Windows\SYSTEM32;C:\Windows\WinSxS\amd64_microsoft.windows.common-controls_6595b64144ccf1df_6.0.19041.1110_none_60b5254171f9507e;C:\Program Files\Java\jdk-18.0.1.1\bin\server

VM Arguments:
jvm_args: -Dfile.encoding=UTF-8 --module-path=C:\Users\Hp\Downloads\bank managment final\Bank Management\build\classes 
java_command: bank.management.Login
java_class_path (initial): C:\Users\Hp\Downloads\jcalendar-tz-1.3.3-4.jar;C:\Users\Hp\Downloads\mysql-connector-java-8.0.29.jar;C:\Users\Hp\Downloads\bank managment final\Bank Management\build\classes
Launcher Type: SUN_STANDARD

[Global flags]
     intx CICompilerCount                          = 4                                         {product} {ergonomic}
     uint ConcGCThreads                            = 2                                         {product} {ergonomic}
     uint G1ConcRefinementThreads                  = 8                                         {product} {ergonomic}
   size_t G1HeapRegionSize                         = 1048576                                   {product} {ergonomic}
    uintx GCDrainStackTargetSize                   = 64                                        {product} {ergonomic}
   size_t InitialHeapSize                          = 130023424                                 {product} {ergonomic}
   size_t MarkStackSize                            = 4194304                                   {product} {ergonomic}
   size_t MaxHeapSize                              = 2067791872                                {product} {ergonomic}
   size_t MaxNewSize                               = 1240465408                                {product} {ergonomic}
   size_t MinHeapDeltaBytes                        = 1048576                                   {product} {ergonomic}
   size_t MinHeapSize                              = 8388608                                   {product} {ergonomic}
    uintx NonNMethodCodeHeapSize                   = 5839372                                {pd product} {ergonomic}
    uintx NonProfiledCodeHeapSize                  = 122909434                              {pd product} {ergonomic}
    uintx ProfiledCodeHeapSize                     = 122909434                              {pd product} {ergonomic}
    uintx ReservedCodeCacheSize                    = 251658240                              {pd product} {ergonomic}
     bool SegmentedCodeCache                       = true                                      {product} {ergonomic}
   size_t SoftMaxHeapSize                          = 2067791872                             {manageable} {ergonomic}
     bool UseCompressedClassPointers               = true                           {product lp64_product} {ergonomic}
     bool UseCompressedOops                        = true                           {product lp64_product} {ergonomic}
     bool UseG1GC                                  = true                                      {product} {ergonomic}
     bool UseLargePagesIndividualAllocation        = false                                  {pd product} {ergonomic}

Logging:
Log output configuration:
 #0: stdout all=warning uptime,level,tags foldmultilines=false
 #1: stderr all=off uptime,level,tags foldmultilines=false

Environment Variables:
PATH=C:\Program Files\Common Files\Oracle\Java\javapath;C:\Python310\Scripts\;C:\Python310\;C:\Program Files (x86)\Common Files\Oracle\Java\javapath;C:\Windows\system32;C:\Windows;C:\Windows\System32\Wbem;C:\Windows\System32\WindowsPowerShell\v1.0\;C:\Windows\System32\OpenSSH\;C:\Program Files\nodejs\;C:\ProgramData\chocolatey\bin;C:\Program Files\Git\cmd;C:\Program Files\MySQL\MySQL Server 8.0\bin;C:\Program Files\MySQL\MySQL Shell 8.0\bin\;C:\Users\Hp\AppData\Local\Microsoft\WindowsApps;;C:\Users\Hp\AppData\Local\Programs\Microsoft VS Code\bin;C:\Users\Hp\AppData\Roaming\npm
USERNAME=Hp
OS=Windows_NT
PROCESSOR_IDENTIFIER=Intel64 Family 6 Model 126 Stepping 5, GenuineIntel



---------------  S Y S T E M  ---------------

OS:
 Windows 10 , 64 bit Build 19041 (10.0.19041.1741)
OS uptime: 0 days 13:45 hours

CPU: total 8 (initial active 8) (4 cores per cpu, 2 threads per core) family 6 model 126 stepping 5 microcode 0xa8, cx8, cmov, fxsr, ht, mmx, 3dnowpref, sse, sse2, sse3, ssse3, sse4.1, sse4.2, popcnt, lzcnt, tsc, tscinvbit, avx, avx2, aes, erms, clmul, bmi1, bmi2, adx, avx512f, avx512dq, avx512cd, avx512bw, avx512vl, sha, fma, vzeroupper, avx512_vpopcntdq, avx512_vpclmulqdq, avx512_vaes, avx512_vnni, clflush, clflushopt, avx512_vbmi2, avx512_vbmi

Memory: 4k page, system-wide physical 7880M (350M free)
TotalPageFile size 23224M (AvailPageFile size 5M)
current process WorkingSet (physical memory assigned to process): 62M, peak: 62M
current process commit charge ("private bytes"): 214M, peak: 214M

vm_info: Java HotSpot(TM) 64-Bit Server VM (18.0.1.1+2-6) for windows-amd64 JRE (18.0.1.1+2-6), built on Apr 25 2022 21:53:15 by "mach5one" with MS VC++ 16.8 / 16.9 (VS2019)

END.
