#
# There is insufficient memory for the Java Runtime Environment to continue.
# Native memory allocation (malloc) failed to allocate 779696 bytes for Chunk::new
# Possible reasons:
#   The system is out of physical RAM or swap space
#   The process is running with CompressedOops enabled, and the Java Heap may be blocking the growth of the native heap
# Possible solutions:
#   Reduce memory load on the system
#   Increase physical memory or swap space
#   Check if swap backing store is full
#   Decrease Java heap size (-Xmx/-Xms)
#   Decrease number of Java threads
#   Decrease Java thread stack sizes (-Xss)
#   Set larger code cache with -XX:ReservedCodeCacheSize=
#   JVM is running with Unscaled Compressed Oops mode in which the Java heap is
#     placed in the first 4GB address space. The Java Heap base address is the
#     maximum limit for the native heap growth. Please use -XX:HeapBaseMinAddress
#     to set the Java Heap base and to place the Java Heap above 4GB virtual address.
# This output file may be truncated or incomplete.
#
#  Out of Memory Error (arena.cpp:184), pid=7740, tid=20684
#
# JRE version: Java(TM) SE Runtime Environment (18.0.1.1+2) (build 18.0.1.1+2-6)
# Java VM: Java HotSpot(TM) 64-Bit Server VM (18.0.1.1+2-6, mixed mode, sharing, tiered, compressed oops, compressed class ptrs, g1 gc, windows-amd64)
# No core dump will be written. Minidumps are not enabled by default on client versions of Windows
#

---------------  S U M M A R Y ------------

Command Line: -Dfile.encoding=UTF-8 --module-path=C:\Users\Hp\Downloads\bank managment final\Bank Management\build\classes bank.management.Login

Host: Intel(R) Core(TM) i5-1035G1 CPU @ 1.00GHz, 8 cores, 7G,  Windows 10 , 64 bit Build 19041 (10.0.19041.1741)
Time: Thu Jul 14 08:07:42 2022 Pakistan Standard Time elapsed time: 0.837496 seconds (0d 0h 0m 0s)

---------------  T H R E A D  ---------------

Current thread (0x000001d278ebae60):  JavaThread "C2 CompilerThread0" daemon [_thread_in_native, id=20684, stack(0x000000531c100000,0x000000531c200000)]


Current CompileTask:
C2:    837 1142   !   4       sun.font.TrueTypeFont::getTableBuffer (215 bytes)

Stack: [0x000000531c100000,0x000000531c200000]
Native frames: (J=compiled Java code, j=interpreted, Vv=VM code, C=native code)
V  [jvm.dll+0x69887a]
V  [jvm.dll+0x7f38bd]
V  [jvm.dll+0x7f51ce]
V  [jvm.dll+0x7f5883]
V  [jvm.dll+0x25ca3f]
V  [jvm.dll+0xb8c2f]
V  [jvm.dll+0xb8fa5]
V  [jvm.dll+0x385a6b]
V  [jvm.dll+0x34f811]
V  [jvm.dll+0x34ecaa]
V  [jvm.dll+0x22fc21]
V  [jvm.dll+0x22eff1]
V  [jvm.dll+0x1b9cfc]
V  [jvm.dll+0x23e8ca]
V  [jvm.dll+0x23cbb5]
V  [jvm.dll+0x7a5fb1]
V  [jvm.dll+0x7a03ea]
V  [jvm.dll+0x697725]
C  [ucrtbase.dll+0x21bb2]
C  [KERNEL32.DLL+0x17034]
C  [ntdll.dll+0x52651]


---------------  P R O C E S S  ---------------

Threads class SMR info:
_java_thread_list=0x000001d27dc66fa0, length=17, elements={
0x000001d278e9c890, 0x000001d278e9d140, 0x000001d278eb6710, 0x000001d278eb8fe0,
0x000001d278eb9890, 0x000001d278eba140, 0x000001d278ebae60, 0x000001d278ebb890,
0x000001d278ec6300, 0x000001d278e88ae0, 0x000001d27d248760, 0x000001d27d35eb00,
0x000001d27d38d990, 0x000001d27d3e48f0, 0x000001d27d44a3e0, 0x000001d27d4d2790,
0x000001d269f1ce40
}

Java Threads: ( => current thread )
  0x000001d278e9c890 JavaThread "Reference Handler" daemon [_thread_blocked, id=20072, stack(0x000000531bb00000,0x000000531bc00000)]
  0x000001d278e9d140 JavaThread "Finalizer" daemon [_thread_blocked, id=19960, stack(0x000000531bc00000,0x000000531bd00000)]
  0x000001d278eb6710 JavaThread "Signal Dispatcher" daemon [_thread_blocked, id=11980, stack(0x000000531bd00000,0x000000531be00000)]
  0x000001d278eb8fe0 JavaThread "Attach Listener" daemon [_thread_blocked, id=20680, stack(0x000000531be00000,0x000000531bf00000)]
  0x000001d278eb9890 JavaThread "Service Thread" daemon [_thread_blocked, id=20676, stack(0x000000531bf00000,0x000000531c000000)]
  0x000001d278eba140 JavaThread "Monitor Deflation Thread" daemon [_thread_blocked, id=20688, stack(0x000000531c000000,0x000000531c100000)]
=>0x000001d278ebae60 JavaThread "C2 CompilerThread0" daemon [_thread_in_native, id=20684, stack(0x000000531c100000,0x000000531c200000)]
  0x000001d278ebb890 JavaThread "C1 CompilerThread0" daemon [_thread_blocked, id=20728, stack(0x000000531c200000,0x000000531c300000)]
  0x000001d278ec6300 JavaThread "Sweeper thread" daemon [_thread_blocked, id=20732, stack(0x000000531c300000,0x000000531c400000)]
  0x000001d278e88ae0 JavaThread "Common-Cleaner" daemon [_thread_blocked, id=20784, stack(0x000000531c400000,0x000000531c500000)]
  0x000001d27d248760 JavaThread "Notification Thread" daemon [_thread_blocked, id=20724, stack(0x000000531c500000,0x000000531c600000)]
  0x000001d27d35eb00 JavaThread "Java2D Disposer" daemon [_thread_blocked, id=15396, stack(0x000000531c700000,0x000000531c800000)]
  0x000001d27d38d990 JavaThread "AWT-Shutdown" [_thread_blocked, id=17668, stack(0x000000531c800000,0x000000531c900000)]
  0x000001d27d3e48f0 JavaThread "AWT-Windows" daemon [_thread_in_native, id=20276, stack(0x000000531c900000,0x000000531ca00000)]
  0x000001d27d44a3e0 JavaThread "Image Fetcher 0" daemon [_thread_blocked, id=20380, stack(0x000000531ca00000,0x000000531cb00000)]
  0x000001d27d4d2790 JavaThread "AWT-EventQueue-0" [_thread_in_Java, id=20588, stack(0x000000531cb00000,0x000000531cc00000)]
  0x000001d269f1ce40 JavaThread "DestroyJavaVM" [_thread_blocked, id=17116, stack(0x000000531b400000,0x000000531b500000)]

Other Threads:
  0x000001d278e99ae0 VMThread "VM Thread" [stack: 0x000000531ba00000,0x000000531bb00000] [id=20628]
  0x000001d27d1ede30 WatcherThread "VM Periodic Task Thread" [stack: 0x000000531c600000,0x000000531c700000] [id=20664]
  0x000001d269f7b850 WorkerThread "GC Thread#0" [stack: 0x000000531b500000,0x000000531b600000] [id=2084]
  0x000001d27dd6bb30 WorkerThread "GC Thread#1" [stack: 0x000000531cf00000,0x000000531d000000] [id=3308]
  0x000001d27dd5aa30 WorkerThread "GC Thread#2" [stack: 0x000000531d000000,0x000000531d100000] [id=20652]
  0x000001d27dcc9350 WorkerThread "GC Thread#3" [stack: 0x000000531d100000,0x000000531d200000] [id=20928]
  0x000001d27dcc95f0 WorkerThread "GC Thread#4" [stack: 0x000000531d200000,0x000000531d300000] [id=16584]
  0x000001d27dcc9890 WorkerThread "GC Thread#5" [stack: 0x000000531d300000,0x000000531d400000] [id=21056]
  0x000001d27e0028f0 WorkerThread "GC Thread#6" [stack: 0x000000531d400000,0x000000531d500000] [id=21060]
  0x000001d27e006ba0 WorkerThread "GC Thread#7" [stack: 0x000000531d500000,0x000000531d600000] [id=17832]
  0x000001d269f8ed30 ConcurrentGCThread "G1 Main Marker" [stack: 0x000000531b600000,0x000000531b700000] [id=3380]
  0x000001d269f90de0 WorkerThread "G1 Conc#0" [stack: 0x000000531b700000,0x000000531b800000] [id=10952]
  0x000001d269fdfe20 ConcurrentGCThread "G1 Refine#0" [stack: 0x000000531b800000,0x000000531b900000] [id=20620]
  0x000001d269fe0640 ConcurrentGCThread "G1 Service" [stack: 0x000000531b900000,0x000000531ba00000] [id=20624]

Threads with active compile tasks:
C2 CompilerThread0      852 1142   !   4       sun.font.TrueTypeFont::getTableBuffer (215 bytes)

VM state: not at safepoint (normal execution)

VM Mutex/Monitor currently owned by a thread: None

Heap address: 0x0000000084c00000, size: 1972 MB, Compressed Oops mode: 32-bit

CDS archive(s) mapped at: [0x0000000800000000-0x0000000800ba0000-0x0000000800ba0000), size 12189696, SharedBaseAddress: 0x0000000800000000, ArchiveRelocationMode: 0.
Compressed class space mapped at: 0x0000000800c00000-0x0000000840c00000, reserved size: 1073741824
Narrow klass base: 0x0000000800000000, Narrow klass shift: 0, Narrow klass range: 0x100000000

GC Precious Log:
 CardTable entry size: 512
 Card Set container configuration: InlinePtr #cards 5 size 8 Array Of Cards #cards 12 size 40 Howl #buckets 4 coarsen threshold 1843 Howl Bitmap #cards 512 size 80 coarsen threshold 460 Card regions per heap region 1 cards per card region 2048
 CPUs: 8 total, 8 available
 Memory: 7880M
 Large Page Support: Disabled
 NUMA Support: Disabled
 Compressed Oops: Enabled (32-bit)
 Heap Region Size: 1M
 Heap Min Capacity: 8M
 Heap Initial Capacity: 124M
 Heap Max Capacity: 1972M
 Pre-touch: Disabled
 Parallel Workers: 8
 Concurrent Workers: 2
 Concurrent Refinement Workers: 8
 Periodic GC: Disabled

Heap:
 garbage-first heap   total 126976K, used 15584K [0x0000000084c00000, 0x0000000100000000)
  region size 1024K, 5 young (5120K), 3 survivors (3072K)
 Metaspace       used 8147K, committed 8384K, reserved 1114112K
  class space    used 887K, committed 1024K, reserved 1048576K

Heap Regions: E=young(eden), S=young(survivor), O=old, HS=humongous(starts), HC=humongous(continues), CS=collection set, F=free, OA=open archive, CA=closed archive, TAMS=top-at-mark-start (previous, next)
|   0|0x0000000084c00000, 0x0000000084d00000, 0x0000000084d00000|100%|HS|  |TAMS 0x0000000084c00000, 0x0000000084c00000| Complete 
|   1|0x0000000084d00000, 0x0000000084e00000, 0x0000000084e00000|100%|HC|  |TAMS 0x0000000084d00000, 0x0000000084d00000| Complete 
|   2|0x0000000084e00000, 0x0000000084f00000, 0x0000000084f00000|100%|HC|  |TAMS 0x0000000084e00000, 0x0000000084e00000| Complete 
|   3|0x0000000084f00000, 0x0000000085000000, 0x0000000085000000|100%|HC|  |TAMS 0x0000000084f00000, 0x0000000084f00000| Complete 
|   4|0x0000000085000000, 0x0000000085100000, 0x0000000085100000|100%|HS|  |TAMS 0x0000000085000000, 0x0000000085000000| Complete 
|   5|0x0000000085100000, 0x0000000085200000, 0x0000000085200000|100%|HC|  |TAMS 0x0000000085100000, 0x0000000085100000| Complete 
|   6|0x0000000085200000, 0x0000000085300000, 0x0000000085300000|100%|HC|  |TAMS 0x0000000085200000, 0x0000000085200000| Complete 
|   7|0x0000000085300000, 0x0000000085400000, 0x0000000085400000|100%|HS|  |TAMS 0x0000000085300000, 0x0000000085300000| Complete 
|   8|0x0000000085400000, 0x0000000085500000, 0x0000000085500000|100%|HC|  |TAMS 0x0000000085400000, 0x0000000085400000| Complete 
|   9|0x0000000085500000, 0x0000000085600000, 0x0000000085600000|100%|HC|  |TAMS 0x0000000085500000, 0x0000000085500000| Complete 
|  10|0x0000000085600000, 0x0000000085700000, 0x0000000085700000|100%| O|  |TAMS 0x0000000085600000, 0x0000000085600000| Untracked 
|  11|0x0000000085700000, 0x0000000085738000, 0x0000000085800000| 21%| O|  |TAMS 0x0000000085700000, 0x0000000085700000| Untracked 
|  12|0x0000000085800000, 0x0000000085800000, 0x0000000085900000|  0%| F|  |TAMS 0x0000000085800000, 0x0000000085800000| Untracked 
|  13|0x0000000085900000, 0x0000000085900000, 0x0000000085a00000|  0%| F|  |TAMS 0x0000000085900000, 0x0000000085900000| Untracked 
|  14|0x0000000085a00000, 0x0000000085a00000, 0x0000000085b00000|  0%| F|  |TAMS 0x0000000085a00000, 0x0000000085a00000| Untracked 
|  15|0x0000000085b00000, 0x0000000085b00000, 0x0000000085c00000|  0%| F|  |TAMS 0x0000000085b00000, 0x0000000085b00000| Untracked 
|  16|0x0000000085c00000, 0x0000000085c00000, 0x0000000085d00000|  0%| F|  |TAMS 0x0000000085c00000, 0x0000000085c00000| Untracked 
|  17|0x0000000085d00000, 0x0000000085d00000, 0x0000000085e00000|  0%| F|  |TAMS 0x0000000085d00000, 0x0000000085d00000| Untracked 
|  18|0x0000000085e00000, 0x0000000085e00000, 0x0000000085f00000|  0%| F|  |TAMS 0x0000000085e00000, 0x0000000085e00000| Untracked 
|  19|0x0000000085f00000, 0x0000000085f00000, 0x0000000086000000|  0%| F|  |TAMS 0x0000000085f00000, 0x0000000085f00000| Untracked 
|  20|0x0000000086000000, 0x0000000086000000, 0x0000000086100000|  0%| F|  |TAMS 0x0000000086000000, 0x0000000086000000| Untracked 
|  21|0x0000000086100000, 0x0000000086100000, 0x0000000086200000|  0%| F|  |TAMS 0x0000000086100000, 0x0000000086100000| Untracked 
|  22|0x0000000086200000, 0x0000000086200000, 0x0000000086300000|  0%| F|  |TAMS 0x0000000086200000, 0x0000000086200000| Untracked 
|  23|0x0000000086300000, 0x0000000086300000, 0x0000000086400000|  0%| F|  |TAMS 0x0000000086300000, 0x0000000086300000| Untracked 
|  24|0x0000000086400000, 0x0000000086400000, 0x0000000086500000|  0%| F|  |TAMS 0x0000000086400000, 0x0000000086400000| Untracked 
|  25|0x0000000086500000, 0x0000000086500000, 0x0000000086600000|  0%| F|  |TAMS 0x0000000086500000, 0x0000000086500000| Untracked 
|  26|0x0000000086600000, 0x0000000086600000, 0x0000000086700000|  0%| F|  |TAMS 0x0000000086600000, 0x0000000086600000| Untracked 
|  27|0x0000000086700000, 0x0000000086700000, 0x0000000086800000|  0%| F|  |TAMS 0x0000000086700000, 0x0000000086700000| Untracked 
|  28|0x0000000086800000, 0x0000000086800000, 0x0000000086900000|  0%| F|  |TAMS 0x0000000086800000, 0x0000000086800000| Untracked 
|  29|0x0000000086900000, 0x0000000086900000, 0x0000000086a00000|  0%| F|  |TAMS 0x0000000086900000, 0x0000000086900000| Untracked 
|  30|0x0000000086a00000, 0x0000000086a00000, 0x0000000086b00000|  0%| F|  |TAMS 0x0000000086a00000, 0x0000000086a00000| Untracked 
|  31|0x0000000086b00000, 0x0000000086b00000, 0x0000000086c00000|  0%| F|  |TAMS 0x0000000086b00000, 0x0000000086b00000| Untracked 
|  32|0x0000000086c00000, 0x0000000086c00000, 0x0000000086d00000|  0%| F|  |TAMS 0x0000000086c00000, 0x0000000086c00000| Untracked 
|  33|0x0000000086d00000, 0x0000000086d00000, 0x0000000086e00000|  0%| F|  |TAMS 0x0000000086d00000, 0x0000000086d00000| Untracked 
|  34|0x0000000086e00000, 0x0000000086e00000, 0x0000000086f00000|  0%| F|  |TAMS 0x0000000086e00000, 0x0000000086e00000| Untracked 
|  35|0x0000000086f00000, 0x0000000086f00000, 0x0000000087000000|  0%| F|  |TAMS 0x0000000086f00000, 0x0000000086f00000| Untracked 
|  36|0x0000000087000000, 0x0000000087000000, 0x0000000087100000|  0%| F|  |TAMS 0x0000000087000000, 0x0000000087000000| Untracked 
|  37|0x0000000087100000, 0x0000000087100000, 0x0000000087200000|  0%| F|  |TAMS 0x0000000087100000, 0x0000000087100000| Untracked 
|  38|0x0000000087200000, 0x0000000087200000, 0x0000000087300000|  0%| F|  |TAMS 0x0000000087200000, 0x0000000087200000| Untracked 
|  39|0x0000000087300000, 0x0000000087300000, 0x0000000087400000|  0%| F|  |TAMS 0x0000000087300000, 0x0000000087300000| Untracked 
|  40|0x0000000087400000, 0x0000000087400000, 0x0000000087500000|  0%| F|  |TAMS 0x0000000087400000, 0x0000000087400000| Untracked 
|  41|0x0000000087500000, 0x0000000087500000, 0x0000000087600000|  0%| F|  |TAMS 0x0000000087500000, 0x0000000087500000| Untracked 
|  42|0x0000000087600000, 0x0000000087600000, 0x0000000087700000|  0%| F|  |TAMS 0x0000000087600000, 0x0000000087600000| Untracked 
|  43|0x0000000087700000, 0x0000000087700000, 0x0000000087800000|  0%| F|  |TAMS 0x0000000087700000, 0x0000000087700000| Untracked 
|  44|0x0000000087800000, 0x0000000087800000, 0x0000000087900000|  0%| F|  |TAMS 0x0000000087800000, 0x0000000087800000| Untracked 
|  45|0x0000000087900000, 0x0000000087900000, 0x0000000087a00000|  0%| F|  |TAMS 0x0000000087900000, 0x0000000087900000| Untracked 
|  46|0x0000000087a00000, 0x0000000087a00000, 0x0000000087b00000|  0%| F|  |TAMS 0x0000000087a00000, 0x0000000087a00000| Untracked 
|  47|0x0000000087b00000, 0x0000000087b00000, 0x0000000087c00000|  0%| F|  |TAMS 0x0000000087b00000, 0x0000000087b00000| Untracked 
|  48|0x0000000087c00000, 0x0000000087c00000, 0x0000000087d00000|  0%| F|  |TAMS 0x0000000087c00000, 0x0000000087c00000| Untracked 
|  49|0x0000000087d00000, 0x0000000087d00000, 0x0000000087e00000|  0%| F|  |TAMS 0x0000000087d00000, 0x0000000087d00000| Untracked 
|  50|0x0000000087e00000, 0x0000000087e00000, 0x0000000087f00000|  0%| F|  |TAMS 0x0000000087e00000, 0x0000000087e00000| Untracked 
|  51|0x0000000087f00000, 0x0000000087f00000, 0x0000000088000000|  0%| F|  |TAMS 0x0000000087f00000, 0x0000000087f00000| Untracked 
|  52|0x0000000088000000, 0x0000000088000000, 0x0000000088100000|  0%| F|  |TAMS 0x0000000088000000, 0x0000000088000000| Untracked 
|  53|0x0000000088100000, 0x0000000088100000, 0x0000000088200000|  0%| F|  |TAMS 0x0000000088100000, 0x0000000088100000| Untracked 
|  54|0x0000000088200000, 0x0000000088200000, 0x0000000088300000|  0%| F|  |TAMS 0x0000000088200000, 0x0000000088200000| Untracked 
|  55|0x0000000088300000, 0x0000000088300000, 0x0000000088400000|  0%| F|  |TAMS 0x0000000088300000, 0x0000000088300000| Untracked 
|  56|0x0000000088400000, 0x0000000088400000, 0x0000000088500000|  0%| F|  |TAMS 0x0000000088400000, 0x0000000088400000| Untracked 
|  57|0x0000000088500000, 0x0000000088500000, 0x0000000088600000|  0%| F|  |TAMS 0x0000000088500000, 0x0000000088500000| Untracked 
|  58|0x0000000088600000, 0x0000000088600000, 0x0000000088700000|  0%| F|  |TAMS 0x0000000088600000, 0x0000000088600000| Untracked 
|  59|0x0000000088700000, 0x0000000088700000, 0x0000000088800000|  0%| F|  |TAMS 0x0000000088700000, 0x0000000088700000| Untracked 
|  60|0x0000000088800000, 0x0000000088800000, 0x0000000088900000|  0%| F|  |TAMS 0x0000000088800000, 0x0000000088800000| Untracked 
|  61|0x0000000088900000, 0x0000000088900000, 0x0000000088a00000|  0%| F|  |TAMS 0x0000000088900000, 0x0000000088900000| Untracked 
|  62|0x0000000088a00000, 0x0000000088a00000, 0x0000000088b00000|  0%| F|  |TAMS 0x0000000088a00000, 0x0000000088a00000| Untracked 
|  63|0x0000000088b00000, 0x0000000088b00000, 0x0000000088c00000|  0%| F|  |TAMS 0x0000000088b00000, 0x0000000088b00000| Untracked 
|  64|0x0000000088c00000, 0x0000000088c00000, 0x0000000088d00000|  0%| F|  |TAMS 0x0000000088c00000, 0x0000000088c00000| Untracked 
|  65|0x0000000088d00000, 0x0000000088d00000, 0x0000000088e00000|  0%| F|  |TAMS 0x0000000088d00000, 0x0000000088d00000| Untracked 
|  66|0x0000000088e00000, 0x0000000088e00000, 0x0000000088f00000|  0%| F|  |TAMS 0x0000000088e00000, 0x0000000088e00000| Untracked 
|  67|0x0000000088f00000, 0x0000000088f00000, 0x0000000089000000|  0%| F|  |TAMS 0x0000000088f00000, 0x0000000088f00000| Untracked 
|  68|0x0000000089000000, 0x0000000089000000, 0x0000000089100000|  0%| F|  |TAMS 0x0000000089000000, 0x0000000089000000| Untracked 
|  69|0x0000000089100000, 0x0000000089100000, 0x0000000089200000|  0%| F|  |TAMS 0x0000000089100000, 0x0000000089100000| Untracked 
|  70|0x0000000089200000, 0x0000000089200000, 0x0000000089300000|  0%| F|  |TAMS 0x0000000089200000, 0x0000000089200000| Untracked 
|  71|0x0000000089300000, 0x0000000089300000, 0x0000000089400000|  0%| F|  |TAMS 0x0000000089300000, 0x0000000089300000| Untracked 
|  72|0x0000000089400000, 0x0000000089400000, 0x0000000089500000|  0%| F|  |TAMS 0x0000000089400000, 0x0000000089400000| Untracked 
|  73|0x0000000089500000, 0x0000000089500000, 0x0000000089600000|  0%| F|  |TAMS 0x0000000089500000, 0x0000000089500000| Untracked 
|  74|0x0000000089600000, 0x0000000089600000, 0x0000000089700000|  0%| F|  |TAMS 0x0000000089600000, 0x0000000089600000| Untracked 
|  75|0x0000000089700000, 0x0000000089700000, 0x0000000089800000|  0%| F|  |TAMS 0x0000000089700000, 0x0000000089700000| Untracked 
|  76|0x0000000089800000, 0x0000000089800000, 0x0000000089900000|  0%| F|  |TAMS 0x0000000089800000, 0x0000000089800000| Untracked 
|  77|0x0000000089900000, 0x0000000089900000, 0x0000000089a00000|  0%| F|  |TAMS 0x0000000089900000, 0x0000000089900000| Untracked 
|  78|0x0000000089a00000, 0x0000000089a00000, 0x0000000089b00000|  0%| F|  |TAMS 0x0000000089a00000, 0x0000000089a00000| Untracked 
|  79|0x0000000089b00000, 0x0000000089b00000, 0x0000000089c00000|  0%| F|  |TAMS 0x0000000089b00000, 0x0000000089b00000| Untracked 
|  80|0x0000000089c00000, 0x0000000089c00000, 0x0000000089d00000|  0%| F|  |TAMS 0x0000000089c00000, 0x0000000089c00000| Untracked 
|  81|0x0000000089d00000, 0x0000000089d00000, 0x0000000089e00000|  0%| F|  |TAMS 0x0000000089d00000, 0x0000000089d00000| Untracked 
|  82|0x0000000089e00000, 0x0000000089e00000, 0x0000000089f00000|  0%| F|  |TAMS 0x0000000089e00000, 0x0000000089e00000| Untracked 
|  83|0x0000000089f00000, 0x0000000089f00000, 0x000000008a000000|  0%| F|  |TAMS 0x0000000089f00000, 0x0000000089f00000| Untracked 
|  84|0x000000008a000000, 0x000000008a000000, 0x000000008a100000|  0%| F|  |TAMS 0x000000008a000000, 0x000000008a000000| Untracked 
|  85|0x000000008a100000, 0x000000008a100000, 0x000000008a200000|  0%| F|  |TAMS 0x000000008a100000, 0x000000008a100000| Untracked 
|  86|0x000000008a200000, 0x000000008a200000, 0x000000008a300000|  0%| F|  |TAMS 0x000000008a200000, 0x000000008a200000| Untracked 
|  87|0x000000008a300000, 0x000000008a300000, 0x000000008a400000|  0%| F|  |TAMS 0x000000008a300000, 0x000000008a300000| Untracked 
|  88|0x000000008a400000, 0x000000008a400000, 0x000000008a500000|  0%| F|  |TAMS 0x000000008a400000, 0x000000008a400000| Untracked 
|  89|0x000000008a500000, 0x000000008a500000, 0x000000008a600000|  0%| F|  |TAMS 0x000000008a500000, 0x000000008a500000| Untracked 
|  90|0x000000008a600000, 0x000000008a600000, 0x000000008a700000|  0%| F|  |TAMS 0x000000008a600000, 0x000000008a600000| Untracked 
|  91|0x000000008a700000, 0x000000008a700000, 0x000000008a800000|  0%| F|  |TAMS 0x000000008a700000, 0x000000008a700000| Untracked 
|  92|0x000000008a800000, 0x000000008a800000, 0x000000008a900000|  0%| F|  |TAMS 0x000000008a800000, 0x000000008a800000| Untracked 
|  93|0x000000008a900000, 0x000000008a900000, 0x000000008aa00000|  0%| F|  |TAMS 0x000000008a900000, 0x000000008a900000| Untracked 
|  94|0x000000008aa00000, 0x000000008aa00000, 0x000000008ab00000|  0%| F|  |TAMS 0x000000008aa00000, 0x000000008aa00000| Untracked 
|  95|0x000000008ab00000, 0x000000008ab00000, 0x000000008ac00000|  0%| F|  |TAMS 0x000000008ab00000, 0x000000008ab00000| Untracked 
|  96|0x000000008ac00000, 0x000000008ac00000, 0x000000008ad00000|  0%| F|  |TAMS 0x000000008ac00000, 0x000000008ac00000| Untracked 
|  97|0x000000008ad00000, 0x000000008ad00000, 0x000000008ae00000|  0%| F|  |TAMS 0x000000008ad00000, 0x000000008ad00000| Untracked 
|  98|0x000000008ae00000, 0x000000008af00000, 0x000000008af00000|100%| S|CS|TAMS 0x000000008ae00000, 0x000000008ae00000| Complete 
|  99|0x000000008af00000, 0x000000008b000000, 0x000000008b000000|100%| S|CS|TAMS 0x000000008af00000, 0x000000008af00000| Complete 
| 100|0x000000008b000000, 0x000000008b100000, 0x000000008b100000|100%| S|CS|TAMS 0x000000008b000000, 0x000000008b000000| Complete 
| 101|0x000000008b100000, 0x000000008b100000, 0x000000008b200000|  0%| F|  |TAMS 0x000000008b100000, 0x000000008b100000| Untracked 
| 102|0x000000008b200000, 0x000000008b200000, 0x000000008b300000|  0%| F|  |TAMS 0x000000008b200000, 0x000000008b200000| Untracked 
| 103|0x000000008b300000, 0x000000008b300000, 0x000000008b400000|  0%| F|  |TAMS 0x000000008b300000, 0x000000008b300000| Untracked 
| 104|0x000000008b400000, 0x000000008b400000, 0x000000008b500000|  0%| F|  |TAMS 0x000000008b400000, 0x000000008b400000| Untracked 
| 105|0x000000008b500000, 0x000000008b500000, 0x000000008b600000|  0%| F|  |TAMS 0x000000008b500000, 0x000000008b500000| Untracked 
| 106|0x000000008b600000, 0x000000008b600000, 0x000000008b700000|  0%| F|  |TAMS 0x000000008b600000, 0x000000008b600000| Untracked 
| 107|0x000000008b700000, 0x000000008b700000, 0x000000008b800000|  0%| F|  |TAMS 0x000000008b700000, 0x000000008b700000| Untracked 
| 108|0x000000008b800000, 0x000000008b800000, 0x000000008b900000|  0%| F|  |TAMS 0x000000008b800000, 0x000000008b800000| Untracked 
| 109|0x000000008b900000, 0x000000008b900000, 0x000000008ba00000|  0%| F|  |TAMS 0x000000008b900000, 0x000000008b900000| Untracked 
| 110|0x000000008ba00000, 0x000000008ba00000, 0x000000008bb00000|  0%| F|  |TAMS 0x000000008ba00000, 0x000000008ba00000| Untracked 
| 111|0x000000008bb00000, 0x000000008bb00000, 0x000000008bc00000|  0%| F|  |TAMS 0x000000008bb00000, 0x000000008bb00000| Untracked 
| 112|0x000000008bc00000, 0x000000008bc00000, 0x000000008bd00000|  0%| F|  |TAMS 0x000000008bc00000, 0x000000008bc00000| Untracked 
| 113|0x000000008bd00000, 0x000000008bd00000, 0x000000008be00000|  0%| F|  |TAMS 0x000000008bd00000, 0x000000008bd00000| Untracked 
| 114|0x000000008be00000, 0x000000008be00000, 0x000000008bf00000|  0%| F|  |TAMS 0x000000008be00000, 0x000000008be00000| Untracked 
| 115|0x000000008bf00000, 0x000000008bf00000, 0x000000008c000000|  0%| F|  |TAMS 0x000000008bf00000, 0x000000008bf00000| Untracked 
| 116|0x000000008c000000, 0x000000008c000000, 0x000000008c100000|  0%| F|  |TAMS 0x000000008c000000, 0x000000008c000000| Untracked 
| 117|0x000000008c100000, 0x000000008c100000, 0x000000008c200000|  0%| F|  |TAMS 0x000000008c100000, 0x000000008c100000| Untracked 
| 118|0x000000008c200000, 0x000000008c200000, 0x000000008c300000|  0%| F|  |TAMS 0x000000008c200000, 0x000000008c200000| Untracked 
| 119|0x000000008c300000, 0x000000008c300000, 0x000000008c400000|  0%| F|  |TAMS 0x000000008c300000, 0x000000008c300000| Untracked 
| 120|0x000000008c400000, 0x000000008c400000, 0x000000008c500000|  0%| F|  |TAMS 0x000000008c400000, 0x000000008c400000| Untracked 
| 121|0x000000008c500000, 0x000000008c500000, 0x000000008c600000|  0%| F|  |TAMS 0x000000008c500000, 0x000000008c500000| Untracked 
| 122|0x000000008c600000, 0x000000008c6bd1d8, 0x000000008c700000| 73%| E|  |TAMS 0x000000008c600000, 0x000000008c600000| Complete 
| 123|0x000000008c700000, 0x000000008c800000, 0x000000008c800000|100%| E|CS|TAMS 0x000000008c700000, 0x000000008c700000| Complete 

Card table byte_map: [0x000001d271f80000,0x000001d272360000] _byte_map_base: 0x000001d271b5a000

Marking Bits (Prev, Next): (CMBitMap*) 0x000001d269f7cd70, (CMBitMap*) 0x000001d269f7cdb0
 Prev Bits: [0x000001d272740000, 0x000001d274610000)
 Next Bits: [0x000001d274610000, 0x000001d2764e0000)

Polling page: 0x000001d267e40000

Metaspace:

Usage:
  Non-class:      7.11 MB used.
      Class:    893.23 KB used.
       Both:      7.98 MB used.

Virtual space:
  Non-class space:       64.00 MB reserved,       7.25 MB ( 11%) committed,  1 nodes.
      Class space:        1.00 GB reserved,       1.00 MB ( <1%) committed,  1 nodes.
             Both:        1.06 GB reserved,       8.25 MB ( <1%) committed. 

Chunk freelists:
   Non-Class:  508.00 KB
       Class:  3.05 MB
        Both:  3.54 MB

MaxMetaspaceSize: unlimited
CompressedClassSpaceSize: 1.00 GB
Initial GC threshold: 21.00 MB
Current GC threshold: 21.00 MB
CDS: on
MetaspaceReclaimPolicy: balanced
 - commit_granule_bytes: 65536.
 - commit_granule_words: 8192.
 - virtual_space_node_default_size: 8388608.
 - enlarge_chunks_in_place: 1.
 - new_chunks_are_fully_committed: 0.
 - uncommit_free_chunks: 1.
 - use_allocation_guard: 0.


Internal statistics:

num_allocs_failed_limit: 0.
num_arena_births: 126.
num_arena_deaths: 0.
num_vsnodes_births: 2.
num_vsnodes_deaths: 0.
num_space_committed: 132.
num_space_uncommitted: 0.
num_chunks_returned_to_freelist: 0.
num_chunks_taken_from_freelist: 179.
num_chunk_merges: 0.
num_chunk_splits: 93.
num_chunks_enlarged: 23.
num_inconsistent_stats: 0.

CodeHeap 'non-profiled nmethods': size=120000Kb used=314Kb max_used=314Kb free=119685Kb
 bounds [0x000001d207ad0000, 0x000001d207d40000, 0x000001d20f000000]
CodeHeap 'profiled nmethods': size=120000Kb used=1969Kb max_used=1969Kb free=118030Kb
 bounds [0x000001d2005a0000, 0x000001d200810000, 0x000001d207ad0000]
CodeHeap 'non-nmethods': size=5760Kb used=1300Kb max_used=1314Kb free=4459Kb
 bounds [0x000001d200000000, 0x000001d200270000, 0x000001d2005a0000]
 total_blobs=1774 nmethods=1166 adapters=521
 compilation: enabled
              stopped_count=0, restarted_count=0
 full_count=0

Compilation events (20 events):
Event: 0.792 Thread 0x000001d278ebb890 1151   !   3       sun.nio.cs.UnicodeDecoder::decodeLoop (304 bytes)
Event: 0.794 Thread 0x000001d278ebb890 nmethod 1151 0x000001d200782390 code [0x000001d200782700, 0x000001d200784178]
Event: 0.802 Thread 0x000001d278ebb890 1152   !   3       sun.font.TrueTypeFont::getAllFullNames (30 bytes)
Event: 0.802 Thread 0x000001d278ebb890 nmethod 1152 0x000001d200784910 code [0x000001d200784b20, 0x000001d200785408]
Event: 0.802 Thread 0x000001d278ebb890 1154  s    3       sun.font.FontFamily::addLocaleNames (45 bytes)
Event: 0.803 Thread 0x000001d278ebb890 nmethod 1154 0x000001d200785710 code [0x000001d200785940, 0x000001d2007861c8]
Event: 0.803 Thread 0x000001d278ebb890 1153   !   3       sun.font.TrueTypeFont::getAllFamilyNames (30 bytes)
Event: 0.804 Thread 0x000001d278ebb890 nmethod 1153 0x000001d200786490 code [0x000001d2007866a0, 0x000001d200786f88]
Event: 0.817 Thread 0x000001d278ebb890 1156       3       java.lang.ref.Reference::enqueueFromPending (19 bytes)
Event: 0.817 Thread 0x000001d278ebb890 nmethod 1156 0x000001d200787290 code [0x000001d200787440, 0x000001d200787668]
Event: 0.817 Thread 0x000001d278ebb890 1157   !   3       java.lang.ref.ReferenceQueue::enqueue (119 bytes)
Event: 0.818 Thread 0x000001d278ebb890 nmethod 1157 0x000001d200787710 code [0x000001d200787900, 0x000001d200787fc8]
Event: 0.820 Thread 0x000001d278ebb890 1160       3       java.lang.Character::toLowerCase (9 bytes)
Event: 0.820 Thread 0x000001d278ebb890 nmethod 1160 0x000001d200788190 code [0x000001d200788340, 0x000001d200788538]
Event: 0.831 Thread 0x000001d278ebb890 1161       1       javax.swing.text.GapVector::getGapStart (5 bytes)
Event: 0.831 Thread 0x000001d278ebb890 nmethod 1161 0x000001d207b1d990 code [0x000001d207b1db20, 0x000001d207b1dbf8]
Event: 0.831 Thread 0x000001d278ebb890 1162       1       javax.swing.text.GapVector::getGapEnd (5 bytes)
Event: 0.831 Thread 0x000001d278ebb890 nmethod 1162 0x000001d207b1dc90 code [0x000001d207b1de20, 0x000001d207b1def8]
Event: 0.835 Thread 0x000001d278ebb890 1163       1       java.nio.DirectByteBuffer::isReadOnly (2 bytes)
Event: 0.835 Thread 0x000001d278ebb890 nmethod 1163 0x000001d207b1df90 code [0x000001d207b1e120, 0x000001d207b1e1f8]

GC Heap History (2 events):
Event: 0.811 GC heap before
{Heap before GC invocations=0 (full 0):
 garbage-first heap   total 126976K, used 33792K [0x0000000084c00000, 0x0000000100000000)
  region size 1024K, 23 young (23552K), 0 survivors (0K)
 Metaspace       used 7889K, committed 8128K, reserved 1114112K
  class space    used 865K, committed 960K, reserved 1048576K
}
Event: 0.817 GC heap after
{Heap after GC invocations=1 (full 0):
 garbage-first heap   total 126976K, used 14560K [0x0000000084c00000, 0x0000000100000000)
  region size 1024K, 3 young (3072K), 3 survivors (3072K)
 Metaspace       used 7889K, committed 8128K, reserved 1114112K
  class space    used 865K, committed 960K, reserved 1048576K
}

Deoptimization events (20 events):
Event: 0.402 Thread 0x000001d27d44a3e0 DEOPT PACKING pc=0x000001d2006a2ce1 sp=0x000000531cafe690
Event: 0.402 Thread 0x000001d27d44a3e0 DEOPT UNPACKING pc=0x000001d200056763 sp=0x000000531cafdb20 mode 0
Event: 0.402 Thread 0x000001d27d44a3e0 DEOPT PACKING pc=0x000001d2006a2ce1 sp=0x000000531cafe690
Event: 0.402 Thread 0x000001d27d44a3e0 DEOPT UNPACKING pc=0x000001d200056763 sp=0x000000531cafdb20 mode 0
Event: 0.470 Thread 0x000001d269f1ce40 Uncommon trap: trap_request=0xffffff45 fr.pc=0x000001d207af9a10 relative=0x0000000000000210
Event: 0.470 Thread 0x000001d269f1ce40 Uncommon trap: reason=unstable_if action=reinterpret pc=0x000001d207af9a10 method=java.lang.StringUTF16.compress([CI[BII)I @ 20 c2
Event: 0.470 Thread 0x000001d269f1ce40 DEOPT PACKING pc=0x000001d207af9a10 sp=0x000000531b4fddb0
Event: 0.470 Thread 0x000001d269f1ce40 DEOPT UNPACKING pc=0x000001d200055c23 sp=0x000000531b4fdd30 mode 2
Event: 0.760 Thread 0x000001d27d4d2790 Uncommon trap: trap_request=0xffffff45 fr.pc=0x000001d207ad9cb4 relative=0x0000000000000094
Event: 0.760 Thread 0x000001d27d4d2790 Uncommon trap: reason=unstable_if action=reinterpret pc=0x000001d207ad9cb4 method=java.lang.String.isLatin1()Z @ 10 c2
Event: 0.760 Thread 0x000001d27d4d2790 DEOPT PACKING pc=0x000001d207ad9cb4 sp=0x000000531cbfcb60
Event: 0.760 Thread 0x000001d27d4d2790 DEOPT UNPACKING pc=0x000001d200055c23 sp=0x000000531cbfca90 mode 2
Event: 0.789 Thread 0x000001d27d4d2790 Uncommon trap: trap_request=0xffffff45 fr.pc=0x000001d207b1b730 relative=0x00000000000003f0
Event: 0.789 Thread 0x000001d27d4d2790 Uncommon trap: reason=unstable_if action=reinterpret pc=0x000001d207b1b730 method=java.lang.Character.isSurrogate(C)Z @ 3 c2
Event: 0.789 Thread 0x000001d27d4d2790 DEOPT PACKING pc=0x000001d207b1b730 sp=0x000000531cbfc830
Event: 0.789 Thread 0x000001d27d4d2790 DEOPT UNPACKING pc=0x000001d200055c23 sp=0x000000531cbfc748 mode 2
Event: 0.827 Thread 0x000001d27d4d2790 Uncommon trap: trap_request=0xffffff45 fr.pc=0x000001d207b0e390 relative=0x00000000000004d0
Event: 0.827 Thread 0x000001d27d4d2790 Uncommon trap: reason=unstable_if action=reinterpret pc=0x000001d207b0e390 method=java.lang.StringLatin1.toLowerCase(Ljava/lang/String;[BLjava/util/Locale;)Ljava/lang/String; @ 43 c2
Event: 0.827 Thread 0x000001d27d4d2790 DEOPT PACKING pc=0x000001d207b0e390 sp=0x000000531cbfcd10
Event: 0.827 Thread 0x000001d27d4d2790 DEOPT UNPACKING pc=0x000001d200055c23 sp=0x000000531cbfcc80 mode 2

Classes loaded (20 events):
Event: 0.575 Loading class javax/swing/text/Segment done
Event: 0.575 Loading class javax/swing/text/SegmentCache$CachedSegment done
Event: 0.575 Loading class javax/swing/text/Utilities
Event: 0.576 Loading class javax/swing/text/Utilities done
Event: 0.579 Loading class javax/swing/event/ChangeEvent
Event: 0.579 Loading class javax/swing/event/ChangeEvent done
Event: 0.579 Loading class java/applet/Applet
Event: 0.579 Loading class java/awt/Panel
Event: 0.579 Loading class java/awt/Panel done
Event: 0.579 Loading class java/applet/Applet done
Event: 0.579 Loading class sun/font/SunFontManager$FamilyDescription
Event: 0.579 Loading class sun/font/SunFontManager$FamilyDescription done
Event: 0.596 Loading class sun/font/SunFontManager$3
Event: 0.596 Loading class sun/font/SunFontManager$3 done
Event: 0.610 Loading class sun/font/SunFontManager$8
Event: 0.611 Loading class sun/font/SunFontManager$8 done
Event: 0.611 Loading class sun/font/SunFontManager$9
Event: 0.611 Loading class sun/font/SunFontManager$9 done
Event: 0.770 Loading class jdk/internal/access/foreign/MemorySegmentProxy
Event: 0.770 Loading class jdk/internal/access/foreign/MemorySegmentProxy done

Classes unloaded (0 events):
No events

Classes redefined (0 events):
No events

Internal exceptions (17 events):
Event: 0.082 Thread 0x000001d269f1ce40 Exception <a 'sun/nio/fs/WindowsException'{0x000000008c6359d0}> (0x000000008c6359d0) 
thrown [s\open\src\hotspot\share\prims\jni.cpp, line 516]
Event: 0.083 Thread 0x000001d269f1ce40 Exception <a 'sun/nio/fs/WindowsException'{0x000000008c635f20}> (0x000000008c635f20) 
thrown [s\open\src\hotspot\share\prims\jni.cpp, line 516]
Event: 0.084 Thread 0x000001d269f1ce40 Exception <a 'sun/nio/fs/WindowsException'{0x000000008c638298}> (0x000000008c638298) 
thrown [s\open\src\hotspot\share\prims\jni.cpp, line 516]
Event: 0.084 Thread 0x000001d269f1ce40 Exception <a 'sun/nio/fs/WindowsException'{0x000000008c638d50}> (0x000000008c638d50) 
thrown [s\open\src\hotspot\share\prims\jni.cpp, line 516]
Event: 0.125 Thread 0x000001d269f1ce40 Exception <a 'java/lang/ClassNotFoundException'{0x000000008c6fe388}: sun/awt/resources/spi/awtProvider> (0x000000008c6fe388) 
thrown [s\open\src\hotspot\share\classfile\systemDictionary.cpp, line 255]
Event: 0.150 Thread 0x000001d269f1ce40 Exception <a 'java/io/FileNotFoundException'{0x000000008c551f90}> (0x000000008c551f90) 
thrown [s\open\src\hotspot\share\prims\jni.cpp, line 516]
Event: 0.162 Thread 0x000001d269f1ce40 Exception <a 'java/io/FileNotFoundException'{0x000000008c57f998}> (0x000000008c57f998) 
thrown [s\open\src\hotspot\share\prims\jni.cpp, line 516]
Event: 0.198 Thread 0x000001d269f1ce40 Exception <a 'java/lang/NoSuchMethodError'{0x000000008c5c3d48}: 'java.lang.Object java.lang.invoke.DirectMethodHandle$Holder.invokeStaticInit(java.lang.Object)'> (0x000000008c5c3d48) 
thrown [s\open\src\hotspot\share\interpreter\linkResolver.cpp, line 766]
Event: 0.232 Thread 0x000001d269f1ce40 Exception <a 'java/lang/NoSuchMethodError'{0x000000008c4975a0}: 'void java.lang.invoke.DirectMethodHandle$Holder.invokeSpecial(java.lang.Object, java.lang.Object, java.lang.Object)'> (0x000000008c4975a0) 
thrown [s\open\src\hotspot\share\interpreter\linkResolver.cpp, line 766]
Event: 0.240 Thread 0x000001d269f1ce40 Exception <a 'java/lang/NoSuchMethodError'{0x000000008c4c25c0}: 'java.lang.Object java.lang.invoke.DirectMethodHandle$Holder.newInvokeSpecial(java.lang.Object, java.lang.Object, java.lang.Object, java.lang.Object, java.lang.Object)'> (0x000000008c4c25c0) 
thrown [s\open\src\hotspot\share\interpreter\linkResolver.cpp, line 766]
Event: 0.247 Thread 0x000001d269f1ce40 Exception <a 'java/lang/NoSuchMethodError'{0x000000008c4f4340}: 'java.lang.Object java.lang.invoke.DirectMethodHandle$Holder.invokeStatic(java.lang.Object, int, java.lang.Object)'> (0x000000008c4f4340) 
thrown [s\open\src\hotspot\share\interpreter\linkResolver.cpp, line 766]
Event: 0.273 Thread 0x000001d269f1ce40 Exception <a 'java/lang/ClassNotFoundException'{0x000000008c3b16d8}: com/sun/swing/internal/plaf/metal/resources/spi/metalProvider> (0x000000008c3b16d8) 
thrown [s\open\src\hotspot\share\classfile\systemDictionary.cpp, line 255]
Event: 0.275 Thread 0x000001d269f1ce40 Exception <a 'java/lang/ClassNotFoundException'{0x000000008c3b5760}: com/sun/swing/internal/plaf/basic/resources/spi/basicProvider> (0x000000008c3b5760) 
thrown [s\open\src\hotspot\share\classfile\systemDictionary.cpp, line 255]
Event: 0.283 Thread 0x000001d269f1ce40 Exception <a 'java/lang/NoSuchMethodError'{0x000000008c3d5b10}: 'int java.lang.invoke.Invokers$Holder.invokeExact_MT(java.lang.Object, java.lang.Object)'> (0x000000008c3d5b10) 
thrown [s\open\src\hotspot\share\interpreter\linkResolver.cpp, line 766]
Event: 0.339 Thread 0x000001d27d44a3e0 Exception <a 'java/lang/NoSuchMethodError'{0x000000008c167d48}: 'java.lang.Object java.lang.invoke.DirectMethodHandle$Holder.newInvokeSpecial(java.lang.Object, java.lang.Object, java.lang.Object, int, int, int, int, int)'> (0x000000008c167d48) 
thrown [s\open\src\hotspot\share\interpreter\linkResolver.cpp, line 766]
Event: 0.456 Thread 0x000001d269f1ce40 Exception <a 'java/lang/NoSuchMethodError'{0x000000008babc5b0}: 'void java.lang.invoke.DirectMethodHandle$Holder.invokeStaticInit(java.lang.Object)'> (0x000000008babc5b0) 
thrown [s\open\src\hotspot\share\interpreter\linkResolver.cpp, line 766]
Event: 0.523 Thread 0x000001d27d3e48f0 Exception <a 'java/lang/NoSuchMethodError'{0x000000008c4108a8}: 'void java.lang.invoke.DirectMethodHandle$Holder.invokeVirtual(java.lang.Object, java.lang.Object)'> (0x000000008c4108a8) 
thrown [s\open\src\hotspot\share\interpreter\linkResolver.cpp, line 766]

VM Operations (10 events):
Event: 0.085 Executing VM operation: HandshakeAllThreads
Event: 0.085 Executing VM operation: HandshakeAllThreads done
Event: 0.421 Executing VM operation: HandshakeAllThreads
Event: 0.421 Executing VM operation: HandshakeAllThreads done
Event: 0.533 Executing VM operation: HandshakeAllThreads
Event: 0.533 Executing VM operation: HandshakeAllThreads done
Event: 0.789 Executing VM operation: ICBufferFull
Event: 0.789 Executing VM operation: ICBufferFull done
Event: 0.811 Executing VM operation: G1CollectForAllocation
Event: 0.817 Executing VM operation: G1CollectForAllocation done

Events (20 events):
Event: 0.032 Thread 0x000001d278ebae60 Thread added: 0x000001d278ebae60
Event: 0.032 Thread 0x000001d278ebb890 Thread added: 0x000001d278ebb890
Event: 0.032 Thread 0x000001d278ec6300 Thread added: 0x000001d278ec6300
Event: 0.065 Thread 0x000001d278e88ae0 Thread added: 0x000001d278e88ae0
Event: 0.079 Loaded shared library C:\Program Files\Java\jdk-18.0.1.1\bin\net.dll
Event: 0.081 Loaded shared library C:\Program Files\Java\jdk-18.0.1.1\bin\nio.dll
Event: 0.097 Thread 0x000001d27d248760 Thread added: 0x000001d27d248760
Event: 0.101 Loaded shared library C:\Program Files\Java\jdk-18.0.1.1\bin\zip.dll
Event: 0.118 Loaded shared library C:\Program Files\Java\jdk-18.0.1.1\bin\jimage.dll
Event: 0.136 Loaded shared library C:\Program Files\Java\jdk-18.0.1.1\bin\awt.dll
Event: 0.199 Thread 0x000001d27d35eb00 Thread added: 0x000001d27d35eb00
Event: 0.201 Thread 0x000001d27d38d990 Thread added: 0x000001d27d38d990
Event: 0.202 Thread 0x000001d27d3e48f0 Thread added: 0x000001d27d3e48f0
Event: 0.288 Thread 0x000001d27d44a3e0 Thread added: 0x000001d27d44a3e0
Event: 0.337 Loaded shared library C:\Program Files\Java\jdk-18.0.1.1\bin\javajpeg.dll
Event: 0.442 Thread 0x000001d27d4d2790 Thread added: 0x000001d27d4d2790
Event: 0.462 Loaded shared library C:\Program Files\Java\jdk-18.0.1.1\bin\freetype.dll
Event: 0.462 Loaded shared library C:\Program Files\Java\jdk-18.0.1.1\bin\fontmanager.dll
Event: 0.532 Thread 0x000001d269f1ce40 Thread exited: 0x000001d269f1ce40
Event: 0.533 Thread 0x000001d269f1ce40 Thread added: 0x000001d269f1ce40


Dynamic libraries:
0x00007ff7dc680000 - 0x00007ff7dc690000 	C:\Program Files\Java\jdk-18.0.1.1\bin\java.exe
0x00007ffe942d0000 - 0x00007ffe944c7000 	C:\Windows\SYSTEM32\ntdll.dll
0x00007ffe92a80000 - 0x00007ffe92b3d000 	C:\Windows\System32\KERNEL32.DLL
0x00007ffe91ca0000 - 0x00007ffe91f6d000 	C:\Windows\System32\KERNELBASE.dll
0x00007ffe92000000 - 0x00007ffe92100000 	C:\Windows\System32\ucrtbase.dll
0x00007ffe8b580000 - 0x00007ffe8b59a000 	C:\Program Files\Java\jdk-18.0.1.1\bin\VCRUNTIME140.dll
0x00007ffe8e910000 - 0x00007ffe8e928000 	C:\Program Files\Java\jdk-18.0.1.1\bin\jli.dll
0x00007ffe92fc0000 - 0x00007ffe9306e000 	C:\Windows\System32\ADVAPI32.dll
0x00007ffe929c0000 - 0x00007ffe92a5e000 	C:\Windows\System32\msvcrt.dll
0x00007ffe92d20000 - 0x00007ffe92dbc000 	C:\Windows\System32\sechost.dll
0x00007ffe92bc0000 - 0x00007ffe92ce5000 	C:\Windows\System32\RPCRT4.dll
0x00007ffe92dc0000 - 0x00007ffe92f60000 	C:\Windows\System32\USER32.dll
0x00007ffe92100000 - 0x00007ffe92122000 	C:\Windows\System32\win32u.dll
0x00007ffe787b0000 - 0x00007ffe78a4a000 	C:\Windows\WinSxS\amd64_microsoft.windows.common-controls_6595b64144ccf1df_6.0.19041.1110_none_60b5254171f9507e\COMCTL32.dll
0x00007ffe92cf0000 - 0x00007ffe92d1a000 	C:\Windows\System32\GDI32.dll
0x00007ffe91a90000 - 0x00007ffe91b9b000 	C:\Windows\System32\gdi32full.dll
0x00007ffe919f0000 - 0x00007ffe91a8d000 	C:\Windows\System32\msvcp_win.dll
0x00007ffe8ac30000 - 0x00007ffe8ac3a000 	C:\Windows\SYSTEM32\VERSION.dll
0x00007ffe93b10000 - 0x00007ffe93b40000 	C:\Windows\System32\IMM32.DLL
0x00007ffe8b570000 - 0x00007ffe8b57c000 	C:\Program Files\Java\jdk-18.0.1.1\bin\vcruntime140_1.dll
0x00007ffe3f1f0000 - 0x00007ffe3f27d000 	C:\Program Files\Java\jdk-18.0.1.1\bin\msvcp140.dll
0x00007ffe38f70000 - 0x00007ffe39b80000 	C:\Program Files\Java\jdk-18.0.1.1\bin\server\jvm.dll
0x00007ffe92800000 - 0x00007ffe92808000 	C:\Windows\System32\PSAPI.DLL
0x00007ffe8b5a0000 - 0x00007ffe8b5a9000 	C:\Windows\SYSTEM32\WSOCK32.dll
0x00007ffe73c70000 - 0x00007ffe73c97000 	C:\Windows\SYSTEM32\WINMM.dll
0x00007ffe93460000 - 0x00007ffe934cb000 	C:\Windows\System32\WS2_32.dll
0x00007ffe90280000 - 0x00007ffe90292000 	C:\Windows\SYSTEM32\kernel.appcore.dll
0x00007ffe7ed20000 - 0x00007ffe7ed2a000 	C:\Program Files\Java\jdk-18.0.1.1\bin\jimage.dll
0x00007ffe8ffa0000 - 0x00007ffe90184000 	C:\Windows\SYSTEM32\DBGHELP.DLL
0x00007ffe77370000 - 0x00007ffe7739c000 	C:\Windows\SYSTEM32\dbgcore.DLL
0x00007ffe91f70000 - 0x00007ffe91ff2000 	C:\Windows\System32\bcryptPrimitives.dll
0x00007ffe8b500000 - 0x00007ffe8b525000 	C:\Program Files\Java\jdk-18.0.1.1\bin\java.dll
0x00007ffe7ec40000 - 0x00007ffe7ed16000 	C:\Program Files\Java\jdk-18.0.1.1\bin\jsvml.dll
0x00007ffe93b40000 - 0x00007ffe94284000 	C:\Windows\System32\SHELL32.dll
0x00007ffe8f730000 - 0x00007ffe8fec4000 	C:\Windows\SYSTEM32\windows.storage.dll
0x00007ffe934d0000 - 0x00007ffe93824000 	C:\Windows\System32\combase.dll
0x00007ffe91380000 - 0x00007ffe913ac000 	C:\Windows\SYSTEM32\Wldp.dll
0x00007ffe93100000 - 0x00007ffe931ad000 	C:\Windows\System32\SHCORE.dll
0x00007ffe92820000 - 0x00007ffe92875000 	C:\Windows\System32\shlwapi.dll
0x00007ffe91930000 - 0x00007ffe9194f000 	C:\Windows\SYSTEM32\profapi.dll
0x00007ffe7ebf0000 - 0x00007ffe7ec03000 	C:\Program Files\Java\jdk-18.0.1.1\bin\net.dll
0x00007ffe7b6e0000 - 0x00007ffe7b7ea000 	C:\Windows\SYSTEM32\WINHTTP.dll
0x00007ffe910e0000 - 0x00007ffe9114a000 	C:\Windows\system32\mswsock.dll
0x00007ffe7ebd0000 - 0x00007ffe7ebe6000 	C:\Program Files\Java\jdk-18.0.1.1\bin\nio.dll
0x00007ffe7ebb0000 - 0x00007ffe7ebc8000 	C:\Program Files\Java\jdk-18.0.1.1\bin\zip.dll
0x00007ffe3f280000 - 0x00007ffe3f40f000 	C:\Program Files\Java\jdk-18.0.1.1\bin\awt.dll
0x00007ffe93830000 - 0x00007ffe938fd000 	C:\Windows\System32\OLEAUT32.dll
0x00007ffe8eac0000 - 0x00007ffe8eb50000 	C:\Windows\SYSTEM32\apphelp.dll
0x00007ffe8f260000 - 0x00007ffe8f28f000 	C:\Windows\system32\DWMAPI.DLL
0x00007ffe8efe0000 - 0x00007ffe8f07e000 	C:\Windows\system32\uxtheme.dll
0x00007ffe74600000 - 0x00007ffe74726000 	C:\Windows\system32\opengl32.dll
0x00007ffe745d0000 - 0x00007ffe745fc000 	C:\Windows\SYSTEM32\GLU32.dll
0x00007ffe93290000 - 0x00007ffe933a5000 	C:\Windows\System32\MSCTF.dll
0x00007ffe92890000 - 0x00007ffe929ba000 	C:\Windows\System32\ole32.dll
0x00007ffe8ca20000 - 0x00007ffe8ca4d000 	C:\Program Files\Java\jdk-18.0.1.1\bin\javajpeg.dll
0x00007ffe3f160000 - 0x00007ffe3f1e9000 	C:\Program Files\Java\jdk-18.0.1.1\bin\freetype.dll
0x00007ffe38ec0000 - 0x00007ffe38f68000 	C:\Program Files\Java\jdk-18.0.1.1\bin\fontmanager.dll
0x00007ffe933b0000 - 0x00007ffe93459000 	C:\Windows\System32\clbcatq.dll
0x00007ffe8b7d0000 - 0x00007ffe8b984000 	C:\Windows\SYSTEM32\WindowsCodecs.dll
0x00007ffe92300000 - 0x00007ffe92327000 	C:\Windows\System32\bcrypt.dll
0x00007ffe744d0000 - 0x00007ffe7450e000 	C:\Windows\system32\dataexchange.dll
0x00007ffe8dc10000 - 0x00007ffe8de73000 	C:\Windows\system32\d3d11.dll
0x00007ffe8de80000 - 0x00007ffe8e064000 	C:\Windows\system32\dcomp.dll
0x00007ffe90410000 - 0x00007ffe90503000 	C:\Windows\system32\dxgi.dll
0x00007ffe8bfa0000 - 0x00007ffe8c1a0000 	C:\Windows\system32\twinapi.appcore.dll
0x00007ffe7d8d0000 - 0x00007ffe7d9c9000 	C:\Windows\SYSTEM32\textinputframework.dll
0x00007ffe8e750000 - 0x00007ffe8e842000 	C:\Windows\System32\CoreMessaging.dll
0x00007ffe8e3f0000 - 0x00007ffe8e74e000 	C:\Windows\System32\CoreUIComponents.dll
0x00007ffe906f0000 - 0x00007ffe90723000 	C:\Windows\SYSTEM32\ntmarta.dll
0x00007ffe8d090000 - 0x00007ffe8d1e4000 	C:\Windows\SYSTEM32\wintypes.dll

dbghelp: loaded successfully - version: 4.0.5 - missing functions: none
symbol engine: initialized successfully - sym options: 0x614 - pdb path: .;C:\Program Files\Java\jdk-18.0.1.1\bin;C:\Windows\SYSTEM32;C:\Windows\WinSxS\amd64_microsoft.windows.common-controls_6595b64144ccf1df_6.0.19041.1110_none_60b5254171f9507e;C:\Program Files\Java\jdk-18.0.1.1\bin\server

VM Arguments:
jvm_args: -Dfile.encoding=UTF-8 --module-path=C:\Users\Hp\Downloads\bank managment final\Bank Management\build\classes 
java_command: bank.management.Login
java_class_path (initial): C:\Users\Hp\Downloads\jcalendar-tz-1.3.3-4.jar;C:\Users\Hp\Downloads\mysql-connector-java-8.0.29.jar;C:\Users\Hp\Downloads\bank managment final\Bank Management\build\classes
Launcher Type: SUN_STANDARD

[Global flags]
     intx CICompilerCount                          = 4                                         {product} {ergonomic}
     uint ConcGCThreads                            = 2                                         {product} {ergonomic}
     uint G1ConcRefinementThreads                  = 8                                         {product} {ergonomic}
   size_t G1HeapRegionSize                         = 1048576                                   {product} {ergonomic}
    uintx GCDrainStackTargetSize                   = 64                                        {product} {ergonomic}
   size_t InitialHeapSize                          = 130023424                                 {product} {ergonomic}
   size_t MarkStackSize                            = 4194304                                   {product} {ergonomic}
   size_t MaxHeapSize                              = 2067791872                                {product} {ergonomic}
   size_t MaxNewSize                               = 1240465408                                {product} {ergonomic}
   size_t MinHeapDeltaBytes                        = 1048576                                   {product} {ergonomic}
   size_t MinHeapSize                              = 8388608                                   {product} {ergonomic}
    uintx NonNMethodCodeHeapSize                   = 5839372                                {pd product} {ergonomic}
    uintx NonProfiledCodeHeapSize                  = 122909434                              {pd product} {ergonomic}
    uintx ProfiledCodeHeapSize                     = 122909434                              {pd product} {ergonomic}
    uintx ReservedCodeCacheSize                    = 251658240                              {pd product} {ergonomic}
     bool SegmentedCodeCache                       = true                                      {product} {ergonomic}
   size_t SoftMaxHeapSize                          = 2067791872                             {manageable} {ergonomic}
     bool UseCompressedClassPointers               = true                           {product lp64_product} {ergonomic}
     bool UseCompressedOops                        = true                           {product lp64_product} {ergonomic}
     bool UseG1GC                                  = true                                      {product} {ergonomic}
     bool UseLargePagesIndividualAllocation        = false                                  {pd product} {ergonomic}

Logging:
Log output configuration:
 #0: stdout all=warning uptime,level,tags foldmultilines=false
 #1: stderr all=off uptime,level,tags foldmultilines=false

Environment Variables:
PATH=C:\Program Files\Common Files\Oracle\Java\javapath;C:\Python310\Scripts\;C:\Python310\;C:\Program Files (x86)\Common Files\Oracle\Java\javapath;C:\Windows\system32;C:\Windows;C:\Windows\System32\Wbem;C:\Windows\System32\WindowsPowerShell\v1.0\;C:\Windows\System32\OpenSSH\;C:\Program Files\nodejs\;C:\ProgramData\chocolatey\bin;C:\Program Files\Git\cmd;C:\Program Files\MySQL\MySQL Server 8.0\bin;C:\Program Files\MySQL\MySQL Shell 8.0\bin\;C:\Users\Hp\AppData\Local\Microsoft\WindowsApps;;C:\Users\Hp\AppData\Local\Programs\Microsoft VS Code\bin;C:\Users\Hp\AppData\Roaming\npm
USERNAME=Hp
OS=Windows_NT
PROCESSOR_IDENTIFIER=Intel64 Family 6 Model 126 Stepping 5, GenuineIntel



---------------  S Y S T E M  ---------------

OS:
 Windows 10 , 64 bit Build 19041 (10.0.19041.1741)
OS uptime: 0 days 13:45 hours

CPU: total 8 (initial active 8) (4 cores per cpu, 2 threads per core) family 6 model 126 stepping 5 microcode 0xa8, cx8, cmov, fxsr, ht, mmx, 3dnowpref, sse, sse2, sse3, ssse3, sse4.1, sse4.2, popcnt, lzcnt, tsc, tscinvbit, avx, avx2, aes, erms, clmul, bmi1, bmi2, adx, avx512f, avx512dq, avx512cd, avx512bw, avx512vl, sha, fma, vzeroupper, avx512_vpopcntdq, avx512_vpclmulqdq, avx512_vaes, avx512_vnni, clflush, clflushopt, avx512_vbmi2, avx512_vbmi

Memory: 4k page, system-wide physical 7880M (333M free)
TotalPageFile size 23224M (AvailPageFile size 5M)
current process WorkingSet (physical memory assigned to process): 93M, peak: 93M
current process commit charge ("private bytes"): 226M, peak: 226M

vm_info: Java HotSpot(TM) 64-Bit Server VM (18.0.1.1+2-6) for windows-amd64 JRE (18.0.1.1+2-6), built on Apr 25 2022 21:53:15 by "mach5one" with MS VC++ 16.8 / 16.9 (VS2019)

END.
