#
# There is insufficient memory for the Java Runtime Environment to continue.
# Native memory allocation (malloc) failed to allocate 32744 bytes for Chunk::new
# Possible reasons:
#   The system is out of physical RAM or swap space
#   The process is running with CompressedOops enabled, and the Java Heap may be blocking the growth of the native heap
# Possible solutions:
#   Reduce memory load on the system
#   Increase physical memory or swap space
#   Check if swap backing store is full
#   Decrease Java heap size (-Xmx/-Xms)
#   Decrease number of Java threads
#   Decrease Java thread stack sizes (-Xss)
#   Set larger code cache with -XX:ReservedCodeCacheSize=
#   JVM is running with Zero Based Compressed Oops mode in which the Java heap is
#     placed in the first 32GB address space. The Java Heap base address is the
#     maximum limit for the native heap growth. Please use -XX:HeapBaseMinAddress
#     to set the Java Heap base and to place the Java Heap above 32GB virtual address.
# This output file may be truncated or incomplete.
#
#  Out of Memory Error (arena.cpp:184), pid=23120, tid=21852
#
# JRE version: Java(TM) SE Runtime Environment (18.0+36) (build 18+36-2087)
# Java VM: Java HotSpot(TM) 64-Bit Server VM (18+36-2087, mixed mode, sharing, tiered, compressed oops, compressed class ptrs, g1 gc, windows-amd64)
# No core dump will be written. Minidumps are not enabled by default on client versions of Windows
#

---------------  S U M M A R Y ------------

Command Line: -Dfile.encoding=UTF-8 --module-path=C:\Users\ayush\OneDrive\Documents\University Files\Semester 4\Lab\Project\Bank Management\Bank Management\build\classes bank.management.Loan_Application

Host: 11th Gen Intel(R) Core(TM) i5-11400H @ 2.70GHz, 12 cores, 11G,  Windows 11 , 64 bit Build 22000 (10.0.22000.708)
Time: Fri Jul  8 14:54:36 2022 Pakistan Standard Time elapsed time: 1805.890940 seconds (0d 0h 30m 5s)

---------------  T H R E A D  ---------------

Current thread (0x000002a06a972f30):  JavaThread "C2 CompilerThread0" daemon [_thread_in_native, id=21852, stack(0x000000be7d100000,0x000000be7d200000)]


Current CompileTask:
C2:1805891 1523       4       sun.java2d.loops.GraphicsPrimitiveMgr::locate (104 bytes)

Stack: [0x000000be7d100000,0x000000be7d200000]
Native frames: (J=compiled Java code, j=interpreted, Vv=VM code, C=native code)
V  [jvm.dll+0x69804a]
V  [jvm.dll+0x7f308d]
V  [jvm.dll+0x7f499e]
V  [jvm.dll+0x7f5053]
V  [jvm.dll+0x25ca3f]
V  [jvm.dll+0xb8c2f]
V  [jvm.dll+0xb8fa5]
V  [jvm.dll+0xb8d4b]
V  [jvm.dll+0x6bcd92]
V  [jvm.dll+0x6a5f5b]
V  [jvm.dll+0x6a5554]
V  [jvm.dll+0x1bce5c]
V  [jvm.dll+0x1bda26]
V  [jvm.dll+0x2c6b58]
V  [jvm.dll+0x6b02de]
V  [jvm.dll+0x6a840b]
V  [jvm.dll+0x6a7a45]
V  [jvm.dll+0x6a58fb]
V  [jvm.dll+0x1bce5c]
V  [jvm.dll+0x1bda26]
V  [jvm.dll+0x1bda26]
V  [jvm.dll+0x2c6b58]
V  [jvm.dll+0x6b02de]
V  [jvm.dll+0x6a840b]
V  [jvm.dll+0x6a7a45]
V  [jvm.dll+0x6a58fb]
V  [jvm.dll+0x1bce5c]
V  [jvm.dll+0x2c6b58]
V  [jvm.dll+0x6b02de]
V  [jvm.dll+0x6a840b]
V  [jvm.dll+0x6a7a45]
V  [jvm.dll+0x6a58fb]
V  [jvm.dll+0x1bce5c]
V  [jvm.dll+0x2c6b58]
V  [jvm.dll+0x6b02de]
V  [jvm.dll+0x6a840b]
V  [jvm.dll+0x6a7a45]
V  [jvm.dll+0x6a58fb]
V  [jvm.dll+0x1bce5c]
V  [jvm.dll+0x22ebb8]
V  [jvm.dll+0x1b9cfc]
V  [jvm.dll+0x23e8ca]
V  [jvm.dll+0x23cbac]
V  [jvm.dll+0x7a5781]
V  [jvm.dll+0x79fbba]
V  [jvm.dll+0x696ef5]
C  [ucrtbase.dll+0x26c0c]
C  [KERNEL32.DLL+0x154e0]
C  [ntdll.dll+0x485b]


---------------  P R O C E S S  ---------------

Threads class SMR info:
_java_thread_list=0x000002a06fc06e30, length=17, elements={
0x000002a06a952cf0, 0x000002a06a9535a0, 0x000002a06a96df10, 0x000002a06a9707d0,
0x000002a06a971080, 0x000002a06a971930, 0x000002a06a972f30, 0x000002a06a9752c0,
0x000002a06a97a650, 0x000002a06ec6a550, 0x000002a06ed12960, 0x000002a06ee45200,
0x000002a06eed81f0, 0x000002a06eed86b0, 0x000002a06efb9190, 0x000002a04a010280,
0x000002a06ee341a0
}

Java Threads: ( => current thread )
  0x000002a06a952cf0 JavaThread "Reference Handler" daemon [_thread_blocked, id=14852, stack(0x000000be7cb00000,0x000000be7cc00000)]
  0x000002a06a9535a0 JavaThread "Finalizer" daemon [_thread_blocked, id=14296, stack(0x000000be7cc00000,0x000000be7cd00000)]
  0x000002a06a96df10 JavaThread "Signal Dispatcher" daemon [_thread_blocked, id=24896, stack(0x000000be7cd00000,0x000000be7ce00000)]
  0x000002a06a9707d0 JavaThread "Attach Listener" daemon [_thread_blocked, id=25164, stack(0x000000be7ce00000,0x000000be7cf00000)]
  0x000002a06a971080 JavaThread "Service Thread" daemon [_thread_blocked, id=25992, stack(0x000000be7cf00000,0x000000be7d000000)]
  0x000002a06a971930 JavaThread "Monitor Deflation Thread" daemon [_thread_blocked, id=6204, stack(0x000000be7d000000,0x000000be7d100000)]
=>0x000002a06a972f30 JavaThread "C2 CompilerThread0" daemon [_thread_in_native, id=21852, stack(0x000000be7d100000,0x000000be7d200000)]
  0x000002a06a9752c0 JavaThread "C1 CompilerThread0" daemon [_thread_blocked, id=26480, stack(0x000000be7d200000,0x000000be7d300000)]
  0x000002a06a97a650 JavaThread "Sweeper thread" daemon [_thread_blocked, id=7396, stack(0x000000be7d300000,0x000000be7d400000)]
  0x000002a06ec6a550 JavaThread "Common-Cleaner" daemon [_thread_blocked, id=16216, stack(0x000000be7d400000,0x000000be7d500000)]
  0x000002a06ed12960 JavaThread "Notification Thread" daemon [_thread_blocked, id=24628, stack(0x000000be7d500000,0x000000be7d600000)]
  0x000002a06ee45200 JavaThread "Java2D Disposer" daemon [_thread_blocked, id=20984, stack(0x000000be7d800000,0x000000be7d900000)]
  0x000002a06eed81f0 JavaThread "AWT-Shutdown" [_thread_blocked, id=12496, stack(0x000000be7d900000,0x000000be7da00000)]
  0x000002a06eed86b0 JavaThread "AWT-Windows" daemon [_thread_in_native, id=24248, stack(0x000000be7da00000,0x000000be7db00000)]
  0x000002a06efb9190 JavaThread "AWT-EventQueue-0" [_thread_blocked, id=24740, stack(0x000000be7e200000,0x000000be7e300000)]
  0x000002a04a010280 JavaThread "DestroyJavaVM" [_thread_blocked, id=23168, stack(0x000000be7c400000,0x000000be7c500000)]
  0x000002a06ee341a0 JavaThread "TimerQueue" daemon [_thread_blocked, id=5836, stack(0x000000be7e600000,0x000000be7e700000)]

Other Threads:
  0x000002a04a081cf0 VMThread "VM Thread" [stack: 0x000000be7ca00000,0x000000be7cb00000] [id=10892]
  0x000002a06ed12e20 WatcherThread "VM Periodic Task Thread" [stack: 0x000000be7d600000,0x000000be7d700000] [id=3188]
  0x000002a04a069f10 WorkerThread "GC Thread#0" [stack: 0x000000be7c500000,0x000000be7c600000] [id=25292]
  0x000002a06fb12800 WorkerThread "GC Thread#1" [stack: 0x000000be7d700000,0x000000be7d800000] [id=752]
  0x000002a06fb12aa0 WorkerThread "GC Thread#2" [stack: 0x000000be7dc00000,0x000000be7dd00000] [id=25920]
  0x000002a06fb12d40 WorkerThread "GC Thread#3" [stack: 0x000000be7dd00000,0x000000be7de00000] [id=25988]
  0x000002a06efd1840 WorkerThread "GC Thread#4" [stack: 0x000000be7de00000,0x000000be7df00000] [id=7068]
  0x000002a06efd1ae0 WorkerThread "GC Thread#5" [stack: 0x000000be7df00000,0x000000be7e000000] [id=11248]
  0x000002a06efd1d80 WorkerThread "GC Thread#6" [stack: 0x000000be7e000000,0x000000be7e100000] [id=7632]
  0x000002a06fb8b380 WorkerThread "GC Thread#7" [stack: 0x000000be7e100000,0x000000be7e200000] [id=23372]
  0x000002a04a0787b0 ConcurrentGCThread "G1 Main Marker" [stack: 0x000000be7c600000,0x000000be7c700000] [id=25396]
  0x000002a04a0790b0 WorkerThread "G1 Conc#0" [stack: 0x000000be7c700000,0x000000be7c800000] [id=19268]
  0x000002a04a0cd4a0 ConcurrentGCThread "G1 Refine#0" [stack: 0x000000be7c800000,0x000000be7c900000] [id=24560]
  0x000002a04a0cdcc0 ConcurrentGCThread "G1 Service" [stack: 0x000000be7c900000,0x000000be7ca00000] [id=13452]

Threads with active compile tasks:
C2 CompilerThread0  1805926 1523       4       sun.java2d.loops.GraphicsPrimitiveMgr::locate (104 bytes)

VM state: not at safepoint (normal execution)

VM Mutex/Monitor currently owned by a thread: None

Heap address: 0x0000000745a00000, size: 2982 MB, Compressed Oops mode: Zero based, Oop shift amount: 3

CDS archive(s) mapped at: [0x0000000800000000-0x0000000800ba0000-0x0000000800ba0000), size 12189696, SharedBaseAddress: 0x0000000800000000, ArchiveRelocationMode: 0.
Compressed class space mapped at: 0x0000000800c00000-0x0000000840c00000, reserved size: 1073741824
Narrow klass base: 0x0000000800000000, Narrow klass shift: 0, Narrow klass range: 0x100000000

GC Precious Log:
 CardTable entry size: 512
 Card Set container configuration: InlinePtr #cards 4 size 8 Array Of Cards #cards 16 size 48 Howl #buckets 8 coarsen threshold 3686 Howl Bitmap #cards 512 size 80 coarsen threshold 460 Card regions per heap region 1 cards per card region 4096
 CPUs: 12 total, 12 available
 Memory: 11925M
 Large Page Support: Disabled
 NUMA Support: Disabled
 Compressed Oops: Enabled (Zero based)
 Heap Region Size: 2M
 Heap Min Capacity: 8M
 Heap Initial Capacity: 188M
 Heap Max Capacity: 2982M
 Pre-touch: Disabled
 Parallel Workers: 10
 Concurrent Workers: 3
 Concurrent Refinement Workers: 10
 Periodic GC: Disabled

Heap:
 garbage-first heap   total 192512K, used 96819K [0x0000000745a00000, 0x0000000800000000)
  region size 2048K, 17 young (34816K), 2 survivors (4096K)
 Metaspace       used 9622K, committed 9792K, reserved 1114112K
  class space    used 1099K, committed 1216K, reserved 1048576K

Heap Regions: E=young(eden), S=young(survivor), O=old, HS=humongous(starts), HC=humongous(continues), CS=collection set, F=free, OA=open archive, CA=closed archive, TAMS=top-at-mark-start (previous, next)
|   0|0x0000000745a00000, 0x0000000745c00000, 0x0000000745c00000|100%|HS|  |TAMS 0x0000000745a00000, 0x0000000745a00000| Complete 
|   1|0x0000000745c00000, 0x0000000745e00000, 0x0000000745e00000|100%|HC|  |TAMS 0x0000000745c00000, 0x0000000745c00000| Complete 
|   2|0x0000000745e00000, 0x0000000746000000, 0x0000000746000000|100%|HC|  |TAMS 0x0000000745e00000, 0x0000000745e00000| Complete 
|   3|0x0000000746000000, 0x0000000746200000, 0x0000000746200000|100%|HC|  |TAMS 0x0000000746000000, 0x0000000746000000| Complete 
|   4|0x0000000746200000, 0x0000000746400000, 0x0000000746400000|100%|HC|  |TAMS 0x0000000746200000, 0x0000000746200000| Complete 
|   5|0x0000000746400000, 0x0000000746600000, 0x0000000746600000|100%|HC|  |TAMS 0x0000000746400000, 0x0000000746400000| Complete 
|   6|0x0000000746600000, 0x0000000746800000, 0x0000000746800000|100%|HC|  |TAMS 0x0000000746600000, 0x0000000746600000| Complete 
|   7|0x0000000746800000, 0x0000000746a00000, 0x0000000746a00000|100%|HC|  |TAMS 0x0000000746800000, 0x0000000746800000| Complete 
|   8|0x0000000746a00000, 0x0000000746c00000, 0x0000000746c00000|100%|HC|  |TAMS 0x0000000746a00000, 0x0000000746a00000| Complete 
|   9|0x0000000746c00000, 0x0000000746e00000, 0x0000000746e00000|100%|HC|  |TAMS 0x0000000746c00000, 0x0000000746c00000| Complete 
|  10|0x0000000746e00000, 0x0000000747000000, 0x0000000747000000|100%|HC|  |TAMS 0x0000000746e00000, 0x0000000746e00000| Complete 
|  11|0x0000000747000000, 0x0000000747200000, 0x0000000747200000|100%|HC|  |TAMS 0x0000000747000000, 0x0000000747000000| Complete 
|  12|0x0000000747200000, 0x0000000747400000, 0x0000000747400000|100%|HC|  |TAMS 0x0000000747200000, 0x0000000747200000| Complete 
|  13|0x0000000747400000, 0x0000000747600000, 0x0000000747600000|100%|HC|  |TAMS 0x0000000747400000, 0x0000000747400000| Complete 
|  14|0x0000000747600000, 0x0000000747800000, 0x0000000747800000|100%|HC|  |TAMS 0x0000000747600000, 0x0000000747600000| Complete 
|  15|0x0000000747800000, 0x0000000747a00000, 0x0000000747a00000|100%|HC|  |TAMS 0x0000000747800000, 0x0000000747800000| Complete 
|  16|0x0000000747a00000, 0x0000000747c00000, 0x0000000747c00000|100%|HC|  |TAMS 0x0000000747a00000, 0x0000000747a00000| Complete 
|  17|0x0000000747c00000, 0x0000000747e00000, 0x0000000747e00000|100%|HC|  |TAMS 0x0000000747c00000, 0x0000000747c00000| Complete 
|  18|0x0000000747e00000, 0x0000000748000000, 0x0000000748000000|100%|HC|  |TAMS 0x0000000747e00000, 0x0000000747e00000| Complete 
|  19|0x0000000748000000, 0x0000000748200000, 0x0000000748200000|100%|HC|  |TAMS 0x0000000748000000, 0x0000000748000000| Complete 
|  20|0x0000000748200000, 0x0000000748400000, 0x0000000748400000|100%|HC|  |TAMS 0x0000000748200000, 0x0000000748200000| Complete 
|  21|0x0000000748400000, 0x0000000748600000, 0x0000000748600000|100%|HC|  |TAMS 0x0000000748400000, 0x0000000748400000| Complete 
|  22|0x0000000748600000, 0x0000000748800000, 0x0000000748800000|100%|HC|  |TAMS 0x0000000748600000, 0x0000000748600000| Complete 
|  23|0x0000000748800000, 0x0000000748a00000, 0x0000000748a00000|100%|HC|  |TAMS 0x0000000748800000, 0x0000000748800000| Complete 
|  24|0x0000000748a00000, 0x0000000748c00000, 0x0000000748c00000|100%|HC|  |TAMS 0x0000000748a00000, 0x0000000748a00000| Complete 
|  25|0x0000000748c00000, 0x0000000748e00000, 0x0000000748e00000|100%|HC|  |TAMS 0x0000000748c00000, 0x0000000748c00000| Complete 
|  26|0x0000000748e00000, 0x0000000749000000, 0x0000000749000000|100%|HC|  |TAMS 0x0000000748e00000, 0x0000000748e00000| Complete 
|  27|0x0000000749000000, 0x0000000749200000, 0x0000000749200000|100%|HS|  |TAMS 0x0000000749000000, 0x0000000749000000| Complete 
|  28|0x0000000749200000, 0x0000000749400000, 0x0000000749400000|100%|HC|  |TAMS 0x0000000749200000, 0x0000000749200000| Complete 
|  29|0x0000000749400000, 0x0000000749600000, 0x0000000749600000|100%|HS|  |TAMS 0x0000000749400000, 0x0000000749400000| Complete 
|  30|0x0000000749600000, 0x0000000749800000, 0x0000000749800000|100%|HC|  |TAMS 0x0000000749600000, 0x0000000749600000| Complete 
|  31|0x0000000749800000, 0x0000000749a00000, 0x0000000749a00000|100%|HC|  |TAMS 0x0000000749800000, 0x0000000749800000| Complete 
|  32|0x0000000749a00000, 0x0000000749a00000, 0x0000000749c00000|  0%| F|  |TAMS 0x0000000749a00000, 0x0000000749a00000| Untracked 
|  33|0x0000000749c00000, 0x0000000749c00000, 0x0000000749e00000|  0%| F|  |TAMS 0x0000000749c00000, 0x0000000749c00000| Untracked 
|  34|0x0000000749e00000, 0x0000000749e00000, 0x000000074a000000|  0%| F|  |TAMS 0x0000000749e00000, 0x0000000749e00000| Untracked 
|  35|0x000000074a000000, 0x000000074a000000, 0x000000074a200000|  0%| F|  |TAMS 0x000000074a000000, 0x000000074a000000| Untracked 
|  36|0x000000074a200000, 0x000000074a200000, 0x000000074a400000|  0%| F|  |TAMS 0x000000074a200000, 0x000000074a200000| Untracked 
|  37|0x000000074a400000, 0x000000074a400000, 0x000000074a600000|  0%| F|  |TAMS 0x000000074a400000, 0x000000074a400000| Untracked 
|  38|0x000000074a600000, 0x000000074a600000, 0x000000074a800000|  0%| F|  |TAMS 0x000000074a600000, 0x000000074a600000| Untracked 
|  39|0x000000074a800000, 0x000000074a800000, 0x000000074aa00000|  0%| F|  |TAMS 0x000000074a800000, 0x000000074a800000| Untracked 
|  40|0x000000074aa00000, 0x000000074aa00000, 0x000000074ac00000|  0%| F|  |TAMS 0x000000074aa00000, 0x000000074aa00000| Untracked 
|  41|0x000000074ac00000, 0x000000074ac00000, 0x000000074ae00000|  0%| F|  |TAMS 0x000000074ac00000, 0x000000074ac00000| Untracked 
|  42|0x000000074ae00000, 0x000000074ae00000, 0x000000074b000000|  0%| F|  |TAMS 0x000000074ae00000, 0x000000074ae00000| Untracked 
|  43|0x000000074b000000, 0x000000074b000000, 0x000000074b200000|  0%| F|  |TAMS 0x000000074b000000, 0x000000074b000000| Untracked 
|  44|0x000000074b200000, 0x000000074b200000, 0x000000074b400000|  0%| F|  |TAMS 0x000000074b200000, 0x000000074b200000| Untracked 
|  45|0x000000074b400000, 0x000000074b400000, 0x000000074b600000|  0%| F|  |TAMS 0x000000074b400000, 0x000000074b400000| Untracked 
|  46|0x000000074b600000, 0x000000074b600000, 0x000000074b800000|  0%| F|  |TAMS 0x000000074b600000, 0x000000074b600000| Untracked 
|  47|0x000000074b800000, 0x000000074b800000, 0x000000074ba00000|  0%| F|  |TAMS 0x000000074b800000, 0x000000074b800000| Untracked 
|  48|0x000000074ba00000, 0x000000074ba00000, 0x000000074bc00000|  0%| F|  |TAMS 0x000000074ba00000, 0x000000074ba00000| Untracked 
|  49|0x000000074bc00000, 0x000000074bc00000, 0x000000074be00000|  0%| F|  |TAMS 0x000000074bc00000, 0x000000074bc00000| Untracked 
|  50|0x000000074be00000, 0x000000074be00000, 0x000000074c000000|  0%| F|  |TAMS 0x000000074be00000, 0x000000074be00000| Untracked 
|  51|0x000000074c000000, 0x000000074c000000, 0x000000074c200000|  0%| F|  |TAMS 0x000000074c000000, 0x000000074c000000| Untracked 
|  52|0x000000074c200000, 0x000000074c200000, 0x000000074c400000|  0%| F|  |TAMS 0x000000074c200000, 0x000000074c200000| Untracked 
|  53|0x000000074c400000, 0x000000074c400000, 0x000000074c600000|  0%| F|  |TAMS 0x000000074c400000, 0x000000074c400000| Untracked 
|  54|0x000000074c600000, 0x000000074c600000, 0x000000074c800000|  0%| F|  |TAMS 0x000000074c600000, 0x000000074c600000| Untracked 
|  55|0x000000074c800000, 0x000000074c800000, 0x000000074ca00000|  0%| F|  |TAMS 0x000000074c800000, 0x000000074c800000| Untracked 
|  56|0x000000074ca00000, 0x000000074ca00000, 0x000000074cc00000|  0%| F|  |TAMS 0x000000074ca00000, 0x000000074ca00000| Untracked 
|  57|0x000000074cc00000, 0x000000074cc00000, 0x000000074ce00000|  0%| F|  |TAMS 0x000000074cc00000, 0x000000074cc00000| Untracked 
|  58|0x000000074ce00000, 0x000000074ce00000, 0x000000074d000000|  0%| F|  |TAMS 0x000000074ce00000, 0x000000074ce00000| Untracked 
|  59|0x000000074d000000, 0x000000074d000000, 0x000000074d200000|  0%| F|  |TAMS 0x000000074d000000, 0x000000074d000000| Untracked 
|  60|0x000000074d200000, 0x000000074d200000, 0x000000074d400000|  0%| F|  |TAMS 0x000000074d200000, 0x000000074d200000| Untracked 
|  61|0x000000074d400000, 0x000000074d400000, 0x000000074d600000|  0%| F|  |TAMS 0x000000074d400000, 0x000000074d400000| Untracked 
|  62|0x000000074d600000, 0x000000074d600000, 0x000000074d800000|  0%| F|  |TAMS 0x000000074d600000, 0x000000074d600000| Untracked 
|  63|0x000000074d800000, 0x000000074d800000, 0x000000074da00000|  0%| F|  |TAMS 0x000000074d800000, 0x000000074d800000| Untracked 
|  64|0x000000074da00000, 0x000000074da00000, 0x000000074dc00000|  0%| F|  |TAMS 0x000000074da00000, 0x000000074da00000| Untracked 
|  65|0x000000074dc00000, 0x000000074dc00000, 0x000000074de00000|  0%| F|  |TAMS 0x000000074dc00000, 0x000000074dc00000| Untracked 
|  66|0x000000074de00000, 0x000000074de00000, 0x000000074e000000|  0%| F|  |TAMS 0x000000074de00000, 0x000000074de00000| Untracked 
|  67|0x000000074e000000, 0x000000074e000000, 0x000000074e200000|  0%| F|  |TAMS 0x000000074e000000, 0x000000074e000000| Untracked 
|  68|0x000000074e200000, 0x000000074e200000, 0x000000074e400000|  0%| F|  |TAMS 0x000000074e200000, 0x000000074e200000| Untracked 
|  69|0x000000074e400000, 0x000000074e400000, 0x000000074e600000|  0%| F|  |TAMS 0x000000074e400000, 0x000000074e400000| Untracked 
|  70|0x000000074e600000, 0x000000074e600000, 0x000000074e800000|  0%| F|  |TAMS 0x000000074e600000, 0x000000074e600000| Untracked 
|  71|0x000000074e800000, 0x000000074e800000, 0x000000074ea00000|  0%| F|  |TAMS 0x000000074e800000, 0x000000074e800000| Untracked 
|  72|0x000000074ea00000, 0x000000074ea8cde8, 0x000000074ec00000| 27%| S|CS|TAMS 0x000000074ea00000, 0x000000074ea00000| Complete 
|  73|0x000000074ec00000, 0x000000074ee00000, 0x000000074ee00000|100%| S|CS|TAMS 0x000000074ec00000, 0x000000074ec00000| Complete 
|  74|0x000000074ee00000, 0x000000074ee00000, 0x000000074f000000|  0%| F|  |TAMS 0x000000074ee00000, 0x000000074ee00000| Untracked 
|  75|0x000000074f000000, 0x000000074f000000, 0x000000074f200000|  0%| F|  |TAMS 0x000000074f000000, 0x000000074f000000| Untracked 
|  76|0x000000074f200000, 0x000000074f200000, 0x000000074f400000|  0%| F|  |TAMS 0x000000074f200000, 0x000000074f200000| Untracked 
|  77|0x000000074f400000, 0x000000074f400000, 0x000000074f600000|  0%| F|  |TAMS 0x000000074f400000, 0x000000074f400000| Untracked 
|  78|0x000000074f600000, 0x000000074f600000, 0x000000074f800000|  0%| F|  |TAMS 0x000000074f600000, 0x000000074f600000| Untracked 
|  79|0x000000074f800000, 0x000000074f800800, 0x000000074fa00000|  0%| E|  |TAMS 0x000000074f800000, 0x000000074f800000| Complete 
|  80|0x000000074fa00000, 0x000000074fc00000, 0x000000074fc00000|100%| E|CS|TAMS 0x000000074fa00000, 0x000000074fa00000| Complete 
|  81|0x000000074fc00000, 0x000000074fe00000, 0x000000074fe00000|100%| E|CS|TAMS 0x000000074fc00000, 0x000000074fc00000| Complete 
|  82|0x000000074fe00000, 0x0000000750000000, 0x0000000750000000|100%| E|CS|TAMS 0x000000074fe00000, 0x000000074fe00000| Complete 
|  83|0x0000000750000000, 0x0000000750200000, 0x0000000750200000|100%| E|CS|TAMS 0x0000000750000000, 0x0000000750000000| Complete 
|  84|0x0000000750200000, 0x0000000750400000, 0x0000000750400000|100%| E|CS|TAMS 0x0000000750200000, 0x0000000750200000| Complete 
|  85|0x0000000750400000, 0x0000000750600000, 0x0000000750600000|100%| E|CS|TAMS 0x0000000750400000, 0x0000000750400000| Complete 
|  86|0x0000000750600000, 0x0000000750800000, 0x0000000750800000|100%| E|CS|TAMS 0x0000000750600000, 0x0000000750600000| Complete 
|  87|0x0000000750800000, 0x0000000750a00000, 0x0000000750a00000|100%| E|CS|TAMS 0x0000000750800000, 0x0000000750800000| Complete 
|  88|0x0000000750a00000, 0x0000000750c00000, 0x0000000750c00000|100%| E|CS|TAMS 0x0000000750a00000, 0x0000000750a00000| Complete 
|  89|0x0000000750c00000, 0x0000000750e00000, 0x0000000750e00000|100%| E|CS|TAMS 0x0000000750c00000, 0x0000000750c00000| Complete 
|  90|0x0000000750e00000, 0x0000000751000000, 0x0000000751000000|100%| E|CS|TAMS 0x0000000750e00000, 0x0000000750e00000| Complete 
|  91|0x0000000751000000, 0x0000000751200000, 0x0000000751200000|100%| E|CS|TAMS 0x0000000751000000, 0x0000000751000000| Complete 
|  92|0x0000000751200000, 0x0000000751400000, 0x0000000751400000|100%| E|CS|TAMS 0x0000000751200000, 0x0000000751200000| Complete 
|  93|0x0000000751400000, 0x0000000751600000, 0x0000000751600000|100%| E|CS|TAMS 0x0000000751400000, 0x0000000751400000| Complete 

Card table byte_map: [0x000002a061470000,0x000002a061a50000] _byte_map_base: 0x000002a05da43000

Marking Bits (Prev, Next): (CMBitMap*) 0x000002a04a06c430, (CMBitMap*) 0x000002a04a06c470
 Prev Bits: [0x000002a062030000, 0x000002a064ec8000)
 Next Bits: [0x000002a064ed0000, 0x000002a067d68000)

Polling page: 0x000002a047fc0000

Metaspace:

Usage:
  Non-class:      8.32 MB used.
      Class:      1.07 MB used.
       Both:      9.40 MB used.

Virtual space:
  Non-class space:       64.00 MB reserved,       8.38 MB ( 13%) committed,  1 nodes.
      Class space:        1.00 GB reserved,       1.19 MB ( <1%) committed,  1 nodes.
             Both:        1.06 GB reserved,       9.56 MB ( <1%) committed. 

Chunk freelists:
   Non-Class:  3.00 MB
       Class:  2.74 MB
        Both:  5.74 MB

MaxMetaspaceSize: unlimited
CompressedClassSpaceSize: 1.00 GB
Initial GC threshold: 21.00 MB
Current GC threshold: 21.00 MB
CDS: on
MetaspaceReclaimPolicy: balanced
 - commit_granule_bytes: 65536.
 - commit_granule_words: 8192.
 - virtual_space_node_default_size: 8388608.
 - enlarge_chunks_in_place: 1.
 - new_chunks_are_fully_committed: 0.
 - uncommit_free_chunks: 1.
 - use_allocation_guard: 0.


Internal statistics:

num_allocs_failed_limit: 0.
num_arena_births: 126.
num_arena_deaths: 0.
num_vsnodes_births: 2.
num_vsnodes_deaths: 0.
num_space_committed: 153.
num_space_uncommitted: 0.
num_chunks_returned_to_freelist: 0.
num_chunks_taken_from_freelist: 180.
num_chunk_merges: 0.
num_chunk_splits: 97.
num_chunks_enlarged: 32.
num_inconsistent_stats: 0.

CodeHeap 'non-profiled nmethods': size=120000Kb used=441Kb max_used=441Kb free=119558Kb
 bounds [0x000002a059410000, 0x000002a059680000, 0x000002a060940000]
CodeHeap 'profiled nmethods': size=120000Kb used=2624Kb max_used=2624Kb free=117375Kb
 bounds [0x000002a051ee0000, 0x000002a052180000, 0x000002a059410000]
CodeHeap 'non-nmethods': size=5760Kb used=1312Kb max_used=1338Kb free=4447Kb
 bounds [0x000002a051940000, 0x000002a051bb0000, 0x000002a051ee0000]
 total_blobs=2143 nmethods=1522 adapters=534
 compilation: enabled
              stopped_count=0, restarted_count=0
 full_count=0

Compilation events (20 events):
Event: 21.910 Thread 0x000002a06a9752c0 nmethod 1513 0x000002a05216b910 code [0x000002a05216bb00, 0x000002a05216be78]
Event: 21.910 Thread 0x000002a06a9752c0 1514       3       java.awt.GradientPaintContext::cycleFillRaster (104 bytes)
Event: 21.910 Thread 0x000002a06a9752c0 nmethod 1514 0x000002a05216bf90 code [0x000002a05216c1c0, 0x000002a05216c5b8]
Event: 21.910 Thread 0x000002a06a9752c0 1515       1       sun.awt.image.IntegerInterleavedRaster::getScanlineStride (5 bytes)
Event: 21.911 Thread 0x000002a06a9752c0 nmethod 1515 0x000002a05947dd10 code [0x000002a05947dea0, 0x000002a05947df78]
Event: 21.911 Thread 0x000002a06a9752c0 1516       1       sun.awt.image.IntegerInterleavedRaster::getDataStorage (5 bytes)
Event: 21.911 Thread 0x000002a06a9752c0 nmethod 1516 0x000002a05947e010 code [0x000002a05947e1a0, 0x000002a05947e278]
Event: 21.911 Thread 0x000002a06a9752c0 1517       1       sun.font.FontDesignMetrics$MetricsKey::hashCode (5 bytes)
Event: 21.911 Thread 0x000002a06a9752c0 nmethod 1517 0x000002a05947e310 code [0x000002a05947e4a0, 0x000002a05947e578]
Event: 23.228 Thread 0x000002a06a9752c0 1518       3       sun.awt.WeakIdentityHashMap::get (19 bytes)
Event: 23.230 Thread 0x000002a06a9752c0 nmethod 1518 0x000002a05216c810 code [0x000002a05216ca40, 0x000002a05216d3b8]
Event: 23.230 Thread 0x000002a06a9752c0 1519       3       sun.awt.WeakIdentityHashMap::getMap (31 bytes)
Event: 23.230 Thread 0x000002a06a9752c0 nmethod 1519 0x000002a05216d710 code [0x000002a05216d8e0, 0x000002a05216ddd8]
Event: 23.259 Thread 0x000002a06a9752c0 1520       3       java.util.concurrent.ForkJoinPool::managedBlock (36 bytes)
Event: 23.260 Thread 0x000002a06a9752c0 nmethod 1520 0x000002a05216df90 code [0x000002a05216e1e0, 0x000002a05216ed88]
Event: 23.261 Thread 0x000002a06a9752c0 1521       3       java.util.concurrent.ForkJoinPool::unmanagedBlock (31 bytes)
Event: 23.261 Thread 0x000002a06a9752c0 nmethod 1521 0x000002a05216f090 code [0x000002a05216f2a0, 0x000002a05216fad8]
Event: 23.261 Thread 0x000002a06a9752c0 1522       3       java.util.concurrent.locks.LockSupport::park (9 bytes)
Event: 23.261 Thread 0x000002a06a9752c0 nmethod 1522 0x000002a05216fd10 code [0x000002a05216fea0, 0x000002a05216ffe8]
Event: 1805.846 Thread 0x000002a06a972f30 1523       4       sun.java2d.loops.GraphicsPrimitiveMgr::locate (104 bytes)

GC Heap History (4 events):
Event: 0.403 GC heap before
{Heap before GC invocations=0 (full 0):
 garbage-first heap   total 192512K, used 75776K [0x0000000745a00000, 0x0000000800000000)
  region size 2048K, 11 young (22528K), 0 survivors (0K)
 Metaspace       used 4658K, committed 4864K, reserved 1114112K
  class space    used 481K, committed 576K, reserved 1048576K
}
Event: 0.408 GC heap after
{Heap after GC invocations=1 (full 0):
 garbage-first heap   total 192512K, used 57904K [0x0000000745a00000, 0x0000000800000000)
  region size 2048K, 2 young (4096K), 2 survivors (4096K)
 Metaspace       used 4658K, committed 4864K, reserved 1114112K
  class space    used 481K, committed 576K, reserved 1048576K
}
Event: 0.509 GC heap before
{Heap before GC invocations=1 (full 0):
 garbage-first heap   total 192512K, used 94768K [0x0000000745a00000, 0x0000000800000000)
  region size 2048K, 20 young (40960K), 2 survivors (4096K)
 Metaspace       used 4660K, committed 4864K, reserved 1114112K
  class space    used 481K, committed 576K, reserved 1048576K
}
Event: 0.513 GC heap after
{Heap after GC invocations=2 (full 0):
 garbage-first heap   total 192512K, used 57907K [0x0000000745a00000, 0x0000000800000000)
  region size 2048K, 2 young (4096K), 2 survivors (4096K)
 Metaspace       used 4660K, committed 4864K, reserved 1114112K
  class space    used 481K, committed 576K, reserved 1048576K
}

Deoptimization events (20 events):
Event: 1.106 Thread 0x000002a06efb9190 Uncommon trap: trap_request=0xffffff45 fr.pc=0x000002a059461380 relative=0x0000000000000440
Event: 1.106 Thread 0x000002a06efb9190 Uncommon trap: reason=unstable_if action=reinterpret pc=0x000002a059461380 method=java.lang.Character.isSurrogate(C)Z @ 3 c2
Event: 1.106 Thread 0x000002a06efb9190 DEOPT PACKING pc=0x000002a059461380 sp=0x000000be7e2fc970
Event: 1.106 Thread 0x000002a06efb9190 DEOPT UNPACKING pc=0x000002a051995c23 sp=0x000000be7e2fc888 mode 2
Event: 2.447 Thread 0x000002a06efb9190 Uncommon trap: trap_request=0xffffffde fr.pc=0x000002a05941feac relative=0x00000000000001ac
Event: 2.447 Thread 0x000002a06efb9190 Uncommon trap: reason=class_check action=maybe_recompile pc=0x000002a05941feac method=java.lang.String.equals(Ljava/lang/Object;)Z @ 8 c2
Event: 2.447 Thread 0x000002a06efb9190 DEOPT PACKING pc=0x000002a05941feac sp=0x000000be7e2fde50
Event: 2.447 Thread 0x000002a06efb9190 DEOPT UNPACKING pc=0x000002a051995c23 sp=0x000000be7e2fddf8 mode 2
Event: 2.447 Thread 0x000002a06efb9190 Uncommon trap: trap_request=0xffffffde fr.pc=0x000002a05941feac relative=0x00000000000001ac
Event: 2.447 Thread 0x000002a06efb9190 Uncommon trap: reason=class_check action=maybe_recompile pc=0x000002a05941feac method=java.lang.String.equals(Ljava/lang/Object;)Z @ 8 c2
Event: 2.447 Thread 0x000002a06efb9190 DEOPT PACKING pc=0x000002a05941feac sp=0x000000be7e2fde50
Event: 2.447 Thread 0x000002a06efb9190 DEOPT UNPACKING pc=0x000002a051995c23 sp=0x000000be7e2fddf8 mode 2
Event: 4.941 Thread 0x000002a06efb9190 Uncommon trap: trap_request=0xffffffde fr.pc=0x000002a05941feac relative=0x00000000000001ac
Event: 4.941 Thread 0x000002a06efb9190 Uncommon trap: reason=class_check action=maybe_recompile pc=0x000002a05941feac method=java.lang.String.equals(Ljava/lang/Object;)Z @ 8 c2
Event: 4.941 Thread 0x000002a06efb9190 DEOPT PACKING pc=0x000002a05941feac sp=0x000000be7e2fdf60
Event: 4.941 Thread 0x000002a06efb9190 DEOPT UNPACKING pc=0x000002a051995c23 sp=0x000000be7e2fdf08 mode 2
Event: 4.941 Thread 0x000002a06efb9190 Uncommon trap: trap_request=0xffffffde fr.pc=0x000002a05941feac relative=0x00000000000001ac
Event: 4.941 Thread 0x000002a06efb9190 Uncommon trap: reason=class_check action=maybe_recompile pc=0x000002a05941feac method=java.lang.String.equals(Ljava/lang/Object;)Z @ 8 c2
Event: 4.941 Thread 0x000002a06efb9190 DEOPT PACKING pc=0x000002a05941feac sp=0x000000be7e2fdf60
Event: 4.941 Thread 0x000002a06efb9190 DEOPT UNPACKING pc=0x000002a051995c23 sp=0x000000be7e2fdf08 mode 2

Classes loaded (20 events):
Event: 3.660 Loading class javax/swing/event/UndoableEditListener
Event: 3.660 Loading class javax/swing/event/UndoableEditListener done
Event: 3.660 Loading class javax/swing/event/ListDataEvent
Event: 3.660 Loading class javax/swing/event/ListDataEvent done
Event: 3.660 Loading class java/awt/event/ItemEvent
Event: 3.660 Loading class java/awt/event/ItemEvent done
Event: 3.664 Loading class javax/swing/plaf/basic/BasicPopupMenuUI$MouseGrabber$2
Event: 3.664 Loading class javax/swing/plaf/basic/BasicPopupMenuUI$MouseGrabber$2 done
Event: 5.802 Loading class java/awt/LightweightDispatcher$2
Event: 5.802 Loading class java/awt/LightweightDispatcher$2 done
Event: 23.228 Loading class java/awt/KeyboardFocusManager$2
Event: 23.228 Loading class java/awt/KeyboardFocusManager$2 done
Event: 23.228 Loading class sun/awt/SunToolkit$1
Event: 23.228 Loading class sun/awt/SunToolkit$1 done
Event: 1805.842 Loading class java/util/WeakHashMap$KeyIterator
Event: 1805.842 Loading class java/util/WeakHashMap$HashIterator
Event: 1805.842 Loading class java/util/WeakHashMap$HashIterator done
Event: 1805.842 Loading class java/util/WeakHashMap$KeyIterator done
Event: 1805.843 Loading class javax/swing/RepaintManager$DisplayChangedRunnable
Event: 1805.843 Loading class javax/swing/RepaintManager$DisplayChangedRunnable done

Classes unloaded (0 events):
No events

Classes redefined (0 events):
No events

Internal exceptions (17 events):
Event: 0.058 Thread 0x000002a04a010280 Exception <a 'sun/nio/fs/WindowsException'{0x00000007515302e0}> (0x00000007515302e0) 
thrown [t:\workspace\open\src\hotspot\share\prims\jni.cpp, line 516]
Event: 0.058 Thread 0x000002a04a010280 Exception <a 'sun/nio/fs/WindowsException'{0x0000000751530950}> (0x0000000751530950) 
thrown [t:\workspace\open\src\hotspot\share\prims\jni.cpp, line 516]
Event: 0.059 Thread 0x000002a04a010280 Exception <a 'sun/nio/fs/WindowsException'{0x0000000751533320}> (0x0000000751533320) 
thrown [t:\workspace\open\src\hotspot\share\prims\jni.cpp, line 516]
Event: 0.059 Thread 0x000002a04a010280 Exception <a 'sun/nio/fs/WindowsException'{0x0000000751534010}> (0x0000000751534010) 
thrown [t:\workspace\open\src\hotspot\share\prims\jni.cpp, line 516]
Event: 0.091 Thread 0x000002a04a010280 Exception <a 'java/lang/ClassNotFoundException'{0x00000007512688c0}: sun/awt/resources/spi/awtProvider> (0x00000007512688c0) 
thrown [t:\workspace\open\src\hotspot\share\classfile\systemDictionary.cpp, line 255]
Event: 0.108 Thread 0x000002a04a010280 Exception <a 'java/io/FileNotFoundException'{0x00000007512bd0b8}> (0x00000007512bd0b8) 
thrown [t:\workspace\open\src\hotspot\share\prims\jni.cpp, line 516]
Event: 0.115 Thread 0x000002a04a010280 Exception <a 'java/io/FileNotFoundException'{0x00000007512ea290}> (0x00000007512ea290) 
thrown [t:\workspace\open\src\hotspot\share\prims\jni.cpp, line 516]
Event: 0.143 Thread 0x000002a04a010280 Exception <a 'java/lang/NoSuchMethodError'{0x000000075132e478}: 'java.lang.Object java.lang.invoke.DirectMethodHandle$Holder.invokeStaticInit(java.lang.Object)'> (0x000000075132e478) 
thrown [t:\workspace\open\src\hotspot\share\interpreter\linkResolver.cpp, line 766]
Event: 0.171 Thread 0x000002a04a010280 Exception <a 'java/lang/NoSuchMethodError'{0x00000007513e8798}: 'void java.lang.invoke.DirectMethodHandle$Holder.invokeSpecial(java.lang.Object, java.lang.Object, java.lang.Object)'> (0x00000007513e8798) 
thrown [t:\workspace\open\src\hotspot\share\interpreter\linkResolver.cpp, line 766]
Event: 0.179 Thread 0x000002a04a010280 Exception <a 'java/lang/NoSuchMethodError'{0x0000000751013f88}: 'java.lang.Object java.lang.invoke.DirectMethodHandle$Holder.newInvokeSpecial(java.lang.Object, java.lang.Object, java.lang.Object, java.lang.Object, java.lang.Object)'> (0x0000000751013f88) 
thrown [t:\workspace\open\src\hotspot\share\interpreter\linkResolver.cpp, line 766]
Event: 0.183 Thread 0x000002a04a010280 Exception <a 'java/lang/NoSuchMethodError'{0x0000000751045a98}: 'java.lang.Object java.lang.invoke.DirectMethodHandle$Holder.invokeStatic(java.lang.Object, int, java.lang.Object)'> (0x0000000751045a98) 
thrown [t:\workspace\open\src\hotspot\share\interpreter\linkResolver.cpp, line 766]
Event: 0.202 Thread 0x000002a04a010280 Exception <a 'java/lang/ClassNotFoundException'{0x0000000751102a98}: com/sun/swing/internal/plaf/metal/resources/spi/metalProvider> (0x0000000751102a98) 
thrown [t:\workspace\open\src\hotspot\share\classfile\systemDictionary.cpp, line 255]
Event: 0.203 Thread 0x000002a04a010280 Exception <a 'java/lang/ClassNotFoundException'{0x0000000751106ad0}: com/sun/swing/internal/plaf/basic/resources/spi/basicProvider> (0x0000000751106ad0) 
thrown [t:\workspace\open\src\hotspot\share\classfile\systemDictionary.cpp, line 255]
Event: 0.210 Thread 0x000002a04a010280 Exception <a 'java/lang/NoSuchMethodError'{0x0000000751126f80}: 'int java.lang.invoke.Invokers$Holder.invokeExact_MT(java.lang.Object, java.lang.Object)'> (0x0000000751126f80) 
thrown [t:\workspace\open\src\hotspot\share\interpreter\linkResolver.cpp, line 766]
Event: 0.255 Thread 0x000002a06ef8e240 Exception <a 'java/lang/NoSuchMethodError'{0x0000000750ecdd90}: 'java.lang.Object java.lang.invoke.DirectMethodHandle$Holder.newInvokeSpecial(java.lang.Object, java.lang.Object, java.lang.Object, int, int, int, int, int)'> (0x0000000750ecdd90) 
thrown [t:\workspace\open\src\hotspot\share\interpreter\linkResolver.cpp, line 766]
Event: 0.848 Thread 0x000002a06eed86b0 Exception <a 'java/lang/NoSuchMethodError'{0x0000000750408580}: 'void java.lang.invoke.DirectMethodHandle$Holder.invokeVirtual(java.lang.Object, java.lang.Object)'> (0x0000000750408580) 
thrown [t:\workspace\open\src\hotspot\share\interpreter\linkResolver.cpp, line 766]
Event: 0.861 Thread 0x000002a04a010280 Exception <a 'java/lang/NoSuchMethodError'{0x000000075045f218}: 'void java.lang.invoke.DirectMethodHandle$Holder.invokeStaticInit(java.lang.Object)'> (0x000000075045f218) 
thrown [t:\workspace\open\src\hotspot\share\interpreter\linkResolver.cpp, line 766]

VM Operations (20 events):
Event: 0.935 Executing VM operation: HandshakeAllThreads
Event: 0.935 Executing VM operation: HandshakeAllThreads done
Event: 1.945 Executing VM operation: Cleanup
Event: 1.945 Executing VM operation: Cleanup done
Event: 2.950 Executing VM operation: Cleanup
Event: 2.950 Executing VM operation: Cleanup done
Event: 3.951 Executing VM operation: Cleanup
Event: 3.951 Executing VM operation: Cleanup done
Event: 4.957 Executing VM operation: Cleanup
Event: 4.957 Executing VM operation: Cleanup done
Event: 5.963 Executing VM operation: Cleanup
Event: 5.963 Executing VM operation: Cleanup done
Event: 6.969 Executing VM operation: Cleanup
Event: 6.970 Executing VM operation: Cleanup done
Event: 21.067 Executing VM operation: Cleanup
Event: 21.067 Executing VM operation: Cleanup done
Event: 22.077 Executing VM operation: Cleanup
Event: 22.078 Executing VM operation: Cleanup done
Event: 24.088 Executing VM operation: Cleanup
Event: 24.089 Executing VM operation: Cleanup done

Events (20 events):
Event: 0.070 Thread 0x000002a06ed12960 Thread added: 0x000002a06ed12960
Event: 0.073 Loaded shared library C:\Program Files\Java\jdk-18\bin\zip.dll
Event: 0.075 Thread 0x000002a06a973e80 Thread added: 0x000002a06a973e80
Event: 0.085 Loaded shared library C:\Program Files\Java\jdk-18\bin\jimage.dll
Event: 0.099 Loaded shared library C:\Program Files\Java\jdk-18\bin\awt.dll
Event: 0.144 Thread 0x000002a06ee45200 Thread added: 0x000002a06ee45200
Event: 0.145 Thread 0x000002a06eed81f0 Thread added: 0x000002a06eed81f0
Event: 0.146 Thread 0x000002a06eed86b0 Thread added: 0x000002a06eed86b0
Event: 0.215 Thread 0x000002a06ef8e240 Thread added: 0x000002a06ef8e240
Event: 0.253 Loaded shared library C:\Program Files\Java\jdk-18\bin\javajpeg.dll
Event: 0.366 Thread 0x000002a06a973e80 Thread exited: 0x000002a06a973e80
Event: 0.833 Thread 0x000002a06efb9190 Thread added: 0x000002a06efb9190
Event: 0.864 Loaded shared library C:\Program Files\Java\jdk-18\bin\freetype.dll
Event: 0.865 Loaded shared library C:\Program Files\Java\jdk-18\bin\fontmanager.dll
Event: 0.930 Thread 0x000002a04a010280 Thread exited: 0x000002a04a010280
Event: 0.930 Thread 0x000002a04a010280 Thread added: 0x000002a04a010280
Event: 1.118 Thread 0x000002a06a974db0 Thread added: 0x000002a06a974db0
Event: 1.465 Thread 0x000002a06a974db0 Thread exited: 0x000002a06a974db0
Event: 2.980 Thread 0x000002a06ee341a0 Thread added: 0x000002a06ee341a0
Event: 5.792 Thread 0x000002a06ef8e240 Thread exited: 0x000002a06ef8e240


Dynamic libraries:
0x00007ff6c77a0000 - 0x00007ff6c77b0000 	C:\Program Files\Java\jdk-18\bin\java.exe
0x00007ffd8a940000 - 0x00007ffd8ab49000 	C:\windows\SYSTEM32\ntdll.dll
0x00007ffd894a0000 - 0x00007ffd8955d000 	C:\windows\System32\KERNEL32.DLL
0x00007ffd87e20000 - 0x00007ffd88199000 	C:\windows\System32\KERNELBASE.dll
0x00007ffd88580000 - 0x00007ffd88691000 	C:\windows\System32\ucrtbase.dll
0x00007ffd62070000 - 0x00007ffd6208a000 	C:\Program Files\Java\jdk-18\bin\VCRUNTIME140.dll
0x00007ffd6e9d0000 - 0x00007ffd6e9e8000 	C:\Program Files\Java\jdk-18\bin\jli.dll
0x00007ffd89710000 - 0x00007ffd897be000 	C:\windows\System32\ADVAPI32.dll
0x00007ffd88b50000 - 0x00007ffd88bf3000 	C:\windows\System32\msvcrt.dll
0x00007ffd891a0000 - 0x00007ffd8923e000 	C:\windows\System32\sechost.dll
0x00007ffd892d0000 - 0x00007ffd893f0000 	C:\windows\System32\RPCRT4.dll
0x00007ffd88990000 - 0x00007ffd88b3c000 	C:\windows\System32\USER32.dll
0x00007ffd5ffe0000 - 0x00007ffd60285000 	C:\windows\WinSxS\amd64_microsoft.windows.common-controls_6595b64144ccf1df_6.0.22000.120_none_9d947278b86cc467\COMCTL32.dll
0x00007ffd88430000 - 0x00007ffd88456000 	C:\windows\System32\win32u.dll
0x00007ffd89470000 - 0x00007ffd89499000 	C:\windows\System32\GDI32.dll
0x00007ffd881a0000 - 0x00007ffd882b2000 	C:\windows\System32\gdi32full.dll
0x00007ffd88460000 - 0x00007ffd884fd000 	C:\windows\System32\msvcp_win.dll
0x00007ffd7f3f0000 - 0x00007ffd7f3fa000 	C:\windows\SYSTEM32\VERSION.dll
0x00007ffd8a750000 - 0x00007ffd8a781000 	C:\windows\System32\IMM32.DLL
0x00007ffd7fef0000 - 0x00007ffd7fefc000 	C:\Program Files\Java\jdk-18\bin\vcruntime140_1.dll
0x00007ffcf8a00000 - 0x00007ffcf8a8d000 	C:\Program Files\Java\jdk-18\bin\msvcp140.dll
0x00007ffceeba0000 - 0x00007ffcef7b1000 	C:\Program Files\Java\jdk-18\bin\server\jvm.dll
0x00007ffd88b40000 - 0x00007ffd88b48000 	C:\windows\System32\PSAPI.DLL
0x00007ffd7ff00000 - 0x00007ffd7ff09000 	C:\windows\SYSTEM32\WSOCK32.dll
0x00007ffd7fda0000 - 0x00007ffd7fdd3000 	C:\windows\SYSTEM32\WINMM.dll
0x00007ffd89240000 - 0x00007ffd892af000 	C:\windows\System32\WS2_32.dll
0x00007ffd87010000 - 0x00007ffd87028000 	C:\windows\SYSTEM32\kernel.appcore.dll
0x00007ffd61ff0000 - 0x00007ffd61ffa000 	C:\Program Files\Java\jdk-18\bin\jimage.dll
0x00007ffd85970000 - 0x00007ffd85b91000 	C:\windows\SYSTEM32\DBGHELP.DLL
0x00007ffd678e0000 - 0x00007ffd67911000 	C:\windows\SYSTEM32\dbgcore.DLL
0x00007ffd88500000 - 0x00007ffd8857f000 	C:\windows\System32\bcryptPrimitives.dll
0x00007ffd62000000 - 0x00007ffd62025000 	C:\Program Files\Java\jdk-18\bin\java.dll
0x00007ffd61f10000 - 0x00007ffd61fe6000 	C:\Program Files\Java\jdk-18\bin\jsvml.dll
0x00007ffd897c0000 - 0x00007ffd89f78000 	C:\windows\System32\SHELL32.dll
0x00007ffd85fa0000 - 0x00007ffd86808000 	C:\windows\SYSTEM32\windows.storage.dll
0x00007ffd88cd0000 - 0x00007ffd89049000 	C:\windows\System32\combase.dll
0x00007ffd85e30000 - 0x00007ffd85f96000 	C:\windows\SYSTEM32\wintypes.dll
0x00007ffd89050000 - 0x00007ffd8913a000 	C:\windows\System32\SHCORE.dll
0x00007ffd893f0000 - 0x00007ffd8944d000 	C:\windows\System32\shlwapi.dll
0x00007ffd87d50000 - 0x00007ffd87d71000 	C:\windows\SYSTEM32\profapi.dll
0x00007ffd38a20000 - 0x00007ffd38a33000 	C:\Program Files\Java\jdk-18\bin\net.dll
0x00007ffd7fde0000 - 0x00007ffd7feec000 	C:\windows\SYSTEM32\WINHTTP.dll
0x00007ffd87440000 - 0x00007ffd874a7000 	C:\windows\system32\mswsock.dll
0x00007ffd38a00000 - 0x00007ffd38a16000 	C:\Program Files\Java\jdk-18\bin\nio.dll
0x00007ffd389e0000 - 0x00007ffd389f8000 	C:\Program Files\Java\jdk-18\bin\zip.dll
0x00007ffd10bd0000 - 0x00007ffd10d5f000 	C:\Program Files\Java\jdk-18\bin\awt.dll
0x00007ffd8a600000 - 0x00007ffd8a6d6000 	C:\windows\System32\OLEAUT32.dll
0x00007ffd82830000 - 0x00007ffd828c1000 	C:\windows\SYSTEM32\apphelp.dll
0x00007ffd85550000 - 0x00007ffd8557f000 	C:\windows\system32\DWMAPI.DLL
0x00007ffd82920000 - 0x00007ffd829cc000 	C:\windows\system32\uxtheme.dll
0x00007ffd4dc70000 - 0x00007ffd4dd71000 	C:\windows\system32\opengl32.dll
0x00007ffd4dec0000 - 0x00007ffd4deed000 	C:\windows\SYSTEM32\GLU32.dll
0x00007ffd85190000 - 0x00007ffd851c8000 	C:\windows\SYSTEM32\dxcore.dll
0x00007ffd89560000 - 0x00007ffd8967e000 	C:\windows\System32\MSCTF.dll
0x00007ffd8a450000 - 0x00007ffd8a5ea000 	C:\windows\System32\ole32.dll
0x00007ffd59410000 - 0x00007ffd5943d000 	C:\Program Files\Java\jdk-18\bin\javajpeg.dll
0x00007ffcf7540000 - 0x00007ffcf75c9000 	C:\Program Files\Java\jdk-18\bin\freetype.dll
0x00007ffcf7490000 - 0x00007ffcf7538000 	C:\Program Files\Java\jdk-18\bin\fontmanager.dll
0x00007ffd88c20000 - 0x00007ffd88ccf000 	C:\windows\System32\clbcatq.dll
0x00007ffd75ff0000 - 0x00007ffd7619e000 	C:\windows\SYSTEM32\WindowsCodecs.dll
0x00007ffd4ccb0000 - 0x00007ffd4cd0d000 	C:\windows\system32\dataexchange.dll
0x00007ffd75350000 - 0x00007ffd755b6000 	C:\windows\system32\twinapi.appcore.dll
0x00007ffd5c9f0000 - 0x00007ffd5cb1d000 	C:\windows\SYSTEM32\textinputframework.dll
0x00007ffd82540000 - 0x00007ffd82672000 	C:\windows\SYSTEM32\CoreMessaging.dll
0x00007ffd776f0000 - 0x00007ffd77a5d000 	C:\windows\SYSTEM32\CoreUIComponents.dll
0x00007ffd876a0000 - 0x00007ffd876ac000 	C:\windows\SYSTEM32\CRYPTBASE.DLL

dbghelp: loaded successfully - version: 4.0.5 - missing functions: none
symbol engine: initialized successfully - sym options: 0x614 - pdb path: .;C:\Program Files\Java\jdk-18\bin;C:\windows\SYSTEM32;C:\windows\WinSxS\amd64_microsoft.windows.common-controls_6595b64144ccf1df_6.0.22000.120_none_9d947278b86cc467;C:\Program Files\Java\jdk-18\bin\server

VM Arguments:
jvm_args: -Dfile.encoding=UTF-8 --module-path=C:\Users\ayush\OneDrive\Documents\University Files\Semester 4\Lab\Project\Bank Management\Bank Management\build\classes 
java_command: bank.management.Loan_Application
java_class_path (initial): C:\Users\ayush\Downloads\jcalendar-tz-1.3.3-4.jar;C:\Users\ayush\Downloads\mysql-connector-java-8.0.28.jar;C:\Users\ayush\OneDrive\Documents\University Files\Semester 4\Lab\Project\Bank Management\Bank Management\build\classes
Launcher Type: SUN_STANDARD

[Global flags]
     intx CICompilerCount                          = 4                                         {product} {ergonomic}
     uint ConcGCThreads                            = 3                                         {product} {ergonomic}
     uint G1ConcRefinementThreads                  = 10                                        {product} {ergonomic}
   size_t G1HeapRegionSize                         = 2097152                                   {product} {ergonomic}
    uintx GCDrainStackTargetSize                   = 64                                        {product} {ergonomic}
   size_t InitialHeapSize                          = 197132288                                 {product} {ergonomic}
   size_t MarkStackSize                            = 4194304                                   {product} {ergonomic}
   size_t MaxHeapSize                              = 3126853632                                {product} {ergonomic}
   size_t MaxNewSize                               = 1874853888                                {product} {ergonomic}
   size_t MinHeapDeltaBytes                        = 2097152                                   {product} {ergonomic}
   size_t MinHeapSize                              = 8388608                                   {product} {ergonomic}
    uintx NonNMethodCodeHeapSize                   = 5839372                                {pd product} {ergonomic}
    uintx NonProfiledCodeHeapSize                  = 122909434                              {pd product} {ergonomic}
    uintx ProfiledCodeHeapSize                     = 122909434                              {pd product} {ergonomic}
    uintx ReservedCodeCacheSize                    = 251658240                              {pd product} {ergonomic}
     bool SegmentedCodeCache                       = true                                      {product} {ergonomic}
   size_t SoftMaxHeapSize                          = 3126853632                             {manageable} {ergonomic}
     bool UseCompressedClassPointers               = true                           {product lp64_product} {ergonomic}
     bool UseCompressedOops                        = true                           {product lp64_product} {ergonomic}
     bool UseG1GC                                  = true                                      {product} {ergonomic}
     bool UseLargePagesIndividualAllocation        = false                                  {pd product} {ergonomic}

Logging:
Log output configuration:
 #0: stdout all=warning uptime,level,tags foldmultilines=false
 #1: stderr all=off uptime,level,tags foldmultilines=false

Environment Variables:
PATH=C:\Program Files\Python310\Scripts\;C:\Program Files\Python310\;C:\Program Files\Common Files\Oracle\Java\javapath;C:\windows\system32;C:\windows;C:\windows\System32\Wbem;C:\windows\System32\WindowsPowerShell\v1.0\;C:\windows\System32\OpenSSH\;C:\Program Files (x86)\NVIDIA Corporation\PhysX\Common;C:\Program Files\NVIDIA Corporation\NVIDIA NvDLISR;C:\Program Files\nodejs\;C:\Program Files\MySQL\MySQL Server 8.0\bin;C:\Program Files\MySQL\MySQL Shell 8.0\bin\;C:\Users\ayush\AppData\Local\Microsoft\WindowsApps;C:\Users\ayush\AppData\Local\Programs\Microsoft VS Code\bin;C:\MinGW\bin;C:\Users\ayush\AppData\Roaming\npm
USERNAME=ayush
OS=Windows_NT
PROCESSOR_IDENTIFIER=Intel64 Family 6 Model 141 Stepping 1, GenuineIntel



---------------  S Y S T E M  ---------------

OS:
 Windows 11 , 64 bit Build 22000 (10.0.22000.708)
OS uptime: 0 days 2:36 hours

CPU: total 12 (initial active 12) (6 cores per cpu, 2 threads per core) family 6 model 141 stepping 1 microcode 0x3c, cx8, cmov, fxsr, ht, mmx, 3dnowpref, sse, sse2, sse3, ssse3, sse4.1, sse4.2, popcnt, lzcnt, tsc, tscinvbit, avx, avx2, aes, erms, clmul, bmi1, bmi2, adx, avx512f, avx512dq, avx512cd, avx512bw, avx512vl, sha, fma, vzeroupper, avx512_vpopcntdq, avx512_vpclmulqdq, avx512_vaes, avx512_vnni, clflush, clflushopt, clwb, avx512_vbmi2, avx512_vbmi

Memory: 4k page, system-wide physical 11925M (404M free)
TotalPageFile size 42349M (AvailPageFile size 0M)
current process WorkingSet (physical memory assigned to process): 145M, peak: 184M
current process commit charge ("private bytes"): 297M, peak: 326M

vm_info: Java HotSpot(TM) 64-Bit Server VM (18+36-2087) for windows-amd64 JRE (18+36-2087), built on Feb 15 2022 09:43:11 by "mach5one" with MS VC++ 16.8 / 16.9 (VS2019)

END.
