#
# A fatal error has been detected by the Java Runtime Environment:
#
#  EXCEPTION_ACCESS_VIOLATION (0xc0000005) at pc=0x00007ffd885853bf, pid=28508, tid=28384
#
# JRE version: Java(TM) SE Runtime Environment (18.0+36) (build 18+36-2087)
# Java VM: Java HotSpot(TM) 64-Bit Server VM (18+36-2087, mixed mode, sharing, tiered, compressed oops, compressed class ptrs, g1 gc, windows-amd64)
# Problematic frame:
# C  [ucrtbase.dll+0x53bf]
#
# No core dump will be written. Minidumps are not enabled by default on client versions of Windows
#
# If you would like to submit a bug report, please visit:
#   https://bugreport.java.com/bugreport/crash.jsp
#

---------------  S U M M A R Y ------------

Command Line: -Dfile.encoding=UTF-8 --module-path=C:\Users\ayush\OneDrive\Documents\University Files\Semester 4\Lab\Project\Bank Management\Bank Management\build\classes bank.management.Loan_Application

Host: 11th Gen Intel(R) Core(TM) i5-11400H @ 2.70GHz, 12 cores, 11G,  Windows 11 , 64 bit Build 22000 (10.0.22000.708)
Time: Fri Jul  8 14:54:36 2022 Pakistan Standard Time elapsed time: 1021.809828 seconds (0d 0h 17m 1s)

---------------  T H R E A D  ---------------

Current thread (0x000001d3a2d16570):  JavaThread "C1 CompilerThread0" daemon [_thread_in_vm, id=28384, stack(0x0000006f48c00000,0x0000006f48d00000)]


Current CompileTask:
C1:1021809 1242       3       java.security.AccessControlContext::optimize (319 bytes)

Stack: [0x0000006f48c00000,0x0000006f48d00000],  sp=0x0000006f48cfd680,  free space=1013k
Native frames: (J=compiled Java code, j=interpreted, Vv=VM code, C=native code)
C  [ucrtbase.dll+0x53bf]
C  [ucrtbase.dll+0x5cf8]
C  [ucrtbase.dll+0x4c59]
C  [ucrtbase.dll+0x4ae0]
C  [ucrtbase.dll+0x301b]
C  [ucrtbase.dll+0x2f3b]
C  [ucrtbase.dll+0x2eeb]
C  [awt.dll+0x74c8d]


siginfo: EXCEPTION_ACCESS_VIOLATION (0xc0000005), writing address 0x0000000000000000


Register to memory mapping:

RIP=0x00007ffd885853bf ucrtbase.dll
RAX=0x000001d38019406a points into unknown readable memory: 00 00 00 00 00 00
RBX=0x00007ffd8867f550 ucrtbase.dll
RCX=0x0 is NULL
RDX=0x000001d380194120 points into unknown readable memory: 0xffffffffffffffff | ff ff ff ff ff ff ff ff
RSP=0x0000006f48cfd680 is pointing into the stack for thread: 0x000001d3a2d16570
RBP=0x0000006f48cfdcc0 is pointing into the stack for thread: 0x000001d3a2d16570
RSI=0x0 is NULL
RDI=0x0 is NULL
R8 =0x0000006f48cfdcc0 is pointing into the stack for thread: 0x000001d3a2d16570
R9 =0x0000000000002282 is an unknown value
R10=0x0000000000000002 is an unknown value
R11=0x00007ffd886809a0 ucrtbase.dll
R12=0x0 is NULL
R13=0x0000006f48cff400 is pointing into the stack for thread: 0x000001d3a2d16570
R14=0x0000006f48cfdbe0 is pointing into the stack for thread: 0x000001d3a2d16570
R15=0x00007ffd8865b4e0 ucrtbase.dll


Registers:
RAX=0x000001d38019406a, RBX=0x00007ffd8867f550, RCX=0x0000000000000000, RDX=0x000001d380194120
RSP=0x0000006f48cfd680, RBP=0x0000006f48cfdcc0, RSI=0x0000000000000000, RDI=0x0000000000000000
R8 =0x0000006f48cfdcc0, R9 =0x0000000000002282, R10=0x0000000000000002, R11=0x00007ffd886809a0
R12=0x0000000000000000, R13=0x0000006f48cff400, R14=0x0000006f48cfdbe0, R15=0x00007ffd8865b4e0
RIP=0x00007ffd885853bf, EFLAGS=0x0000000000010246

Top of Stack: (sp=0x0000006f48cfd680)
0x0000006f48cfd680:   000001d3801802c0 00007ffd8a96bbec
0x0000006f48cfd690:   000001d380180000 0000006f48cfd989
0x0000006f48cfd6a0:   0000006f48cfdcc0 00007ffd88585cf8
0x0000006f48cfd6b0:   000000000000006a 00007ffd8867f550
0x0000006f48cfd6c0:   0000000000000000 000000000000006a
0x0000006f48cfd6d0:   0000006f48cfdcc0 00007ffd88584c59
0x0000006f48cfd6e0:   0000006f48cfd780 00000000ffffffff
0x0000006f48cfd6f0:   0000000000000038 0000002700000000
0x0000006f48cfd700:   0000000000000000 00007ffd88584ae0
0x0000006f48cfd710:   000001d3a73d54d0 0000000000006ee0
0x0000006f48cfd720:   000001d3a73d54d0 00007ffd87e7742d
0x0000006f48cfd730:   0000006f48cfd808 0000000000000150
0x0000006f48cfd740:   0000006f48cfdcc0 00007ffd8867f550
0x0000006f48cfd750:   0000000000000000 00007ffd8858301b
0x0000006f48cfd760:   0000006f48cfdd30 0000006f48cfdd30
0x0000006f48cfd770:   0000006f48cfd860 0000006f48cfdd00 

Instructions: (pc=0x00007ffd885853bf)
0x00007ffd885852bf:   48 8b cb e8 a1 1c 01 00 48 8b 43 08 83 63 10 00
0x00007ffd885852cf:   48 89 03 8b 43 14 a8 04 75 10 8b 43 14 83 e0 41
0x00007ffd885852df:   3c 41 0f 84 7d 15 05 00 eb 05 f0 83 63 14 fc 8b
0x00007ffd885852ef:   4b 18 4c 8b cf 44 8b c6 48 8b d5 e8 51 f2 ff ff
0x00007ffd885852ff:   48 83 f8 ff 74 24 33 c0 48 8b 5c 24 30 48 8b 6c
0x00007ffd8858530f:   24 38 48 8b 74 24 40 48 83 c4 20 5f c3 41 c6 41
0x00007ffd8858531f:   30 01 41 c7 41 2c 16 00 00 00 83 c8 ff eb d9 cc
0x00007ffd8858532f:   cc cc cc cc cc 48 8b c4 48 89 58 10 48 89 68 18
0x00007ffd8858533f:   48 89 70 20 88 48 08 57 48 83 ec 20 48 8b ca 49
0x00007ffd8858534f:   8b e8 48 8b da e8 f7 28 00 00 8b 4b 14 4c 63 d0
0x00007ffd8858535f:   f6 c1 c0 74 75 8b 3b 33 f6 48 8b 53 08 2b 7b 08
0x00007ffd8858536f:   48 8d 42 01 48 89 03 8b 43 20 ff c8 89 43 10 85
0x00007ffd8858537f:   ff 7f 72 41 8d 42 02 83 f8 01 76 7b 49 8b ca 48
0x00007ffd8858538f:   8d 15 0b b6 0f 00 49 8b c2 48 c1 f8 06 83 e1 3f
0x00007ffd8858539f:   48 8b 04 c2 48 8d 0c c9 48 8d 14 c8 f6 42 38 20
0x00007ffd885853af:   0f 85 c9 14 05 00 48 8b 4b 08 3b f7 8a 44 24 30
0x00007ffd885853bf:   88 01 0f 94 c0 48 8b 5c 24 38 48 8b 6c 24 40 48
0x00007ffd885853cf:   8b 74 24 48 48 83 c4 20 5f c3 4c 8b cd 48 8d 54
0x00007ffd885853df:   24 30 41 b8 01 00 00 00 41 8b ca e8 69 05 00 00
0x00007ffd885853ef:   83 f8 01 eb cd 4c 8b cd 44 8b c7 41 8b ca e8 56
0x00007ffd885853ff:   05 00 00 8b f0 eb af 48 8d 15 23 a8 0f 00 eb 9c
0x00007ffd8858540f:   cc cc cc cc cc cc cc cc cc 48 89 5c 24 08 57 48
0x00007ffd8858541f:   83 ec 20 48 8b 41 18 48 8b d9 48 85 c0 0f 84 8c
0x00007ffd8858542f:   15 05 00 48 3b 41 10 0f 87 82 15 05 00 48 83 79
0x00007ffd8858543f:   28 00 0f 84 5e 15 05 00 48 8d 4b 20 e8 a8 00 00
0x00007ffd8858544f:   00 84 c0 74 19 8b 4b 34 83 e9 02 74 7e 83 e9 01
0x00007ffd8858545f:   75 3d 48 8b cb e8 57 04 00 00 84 c0 75 da 48 83
0x00007ffd8858546f:   bb 88 00 00 00 00 8b bb 88 00 00 00 0f 84 ef 14
0x00007ffd8858547f:   05 00 f6 03 01 74 0b 8b 5b 30 85 db 0f 85 0b 15
0x00007ffd8858548f:   05 00 8b c7 48 8b 5c 24 30 48 83 c4 20 5f c3 83
0x00007ffd8858549f:   f9 01 75 ca 8b 4b 50 83 f9 05 7f 39 0f 85 f1 13
0x00007ffd885854af:   05 00 ba 0a 00 00 00 45 33 c0 48 8b cb e8 d3 e6 


Stack slot to memory mapping:
stack at sp + 0 slots: 0x000001d3801802c0 points into unknown readable memory: 0x00007ffd8aab8ed0 | d0 8e ab 8a fd 7f 00 00
stack at sp + 1 slots: 0x00007ffd8a96bbec ntdll.dll
stack at sp + 2 slots: 0x000001d380180000 points into unknown readable memory: 0x0000000000000000 | 00 00 00 00 00 00 00 00
stack at sp + 3 slots: 0x0000006f48cfd989 is pointing into the stack for thread: 0x000001d3a2d16570
stack at sp + 4 slots: 0x0000006f48cfdcc0 is pointing into the stack for thread: 0x000001d3a2d16570
stack at sp + 5 slots: 0x00007ffd88585cf8 ucrtbase.dll
stack at sp + 6 slots: 0x000000000000006a is an unknown value
stack at sp + 7 slots: 0x00007ffd8867f550 ucrtbase.dll


---------------  P R O C E S S  ---------------

Threads class SMR info:
_java_thread_list=0x000001d3a7f6a000, length=16, elements={
0x000001d3a2cd4250, 0x000001d3a2cd4b00, 0x000001d3a2cef660, 0x000001d3a2cf1f20,
0x000001d3a2cf47e0, 0x000001d3a2d150a0, 0x000001d3a2d15c80, 0x000001d3a2d16570,
0x000001d3a2d1c370, 0x000001d3a705a030, 0x000001d3a712f550, 0x000001d3a7333bf0,
0x000001d3a7336b70, 0x000001d3a7340060, 0x000001d3a7dc50d0, 0x000001d382392ce0
}

Java Threads: ( => current thread )
  0x000001d3a2cd4250 JavaThread "Reference Handler" daemon [_thread_blocked, id=26072, stack(0x0000006f48500000,0x0000006f48600000)]
  0x000001d3a2cd4b00 JavaThread "Finalizer" daemon [_thread_blocked, id=27932, stack(0x0000006f48600000,0x0000006f48700000)]
  0x000001d3a2cef660 JavaThread "Signal Dispatcher" daemon [_thread_blocked, id=368, stack(0x0000006f48700000,0x0000006f48800000)]
  0x000001d3a2cf1f20 JavaThread "Attach Listener" daemon [_thread_blocked, id=24164, stack(0x0000006f48800000,0x0000006f48900000)]
  0x000001d3a2cf47e0 JavaThread "Service Thread" daemon [_thread_blocked, id=24192, stack(0x0000006f48900000,0x0000006f48a00000)]
  0x000001d3a2d150a0 JavaThread "Monitor Deflation Thread" daemon [_thread_blocked, id=24796, stack(0x0000006f48a00000,0x0000006f48b00000)]
  0x000001d3a2d15c80 JavaThread "C2 CompilerThread0" daemon [_thread_blocked, id=27732, stack(0x0000006f48b00000,0x0000006f48c00000)]
=>0x000001d3a2d16570 JavaThread "C1 CompilerThread0" daemon [_thread_in_vm, id=28384, stack(0x0000006f48c00000,0x0000006f48d00000)]
  0x000001d3a2d1c370 JavaThread "Sweeper thread" daemon [_thread_blocked, id=17048, stack(0x0000006f48d00000,0x0000006f48e00000)]
  0x000001d3a705a030 JavaThread "Common-Cleaner" daemon [_thread_blocked, id=23792, stack(0x0000006f48e00000,0x0000006f48f00000)]
  0x000001d3a712f550 JavaThread "Notification Thread" daemon [_thread_blocked, id=18896, stack(0x0000006f48f00000,0x0000006f49000000)]
  0x000001d3a7333bf0 JavaThread "Java2D Disposer" daemon [_thread_blocked, id=16220, stack(0x0000006f49200000,0x0000006f49300000)]
  0x000001d3a7336b70 JavaThread "AWT-Shutdown" [_thread_blocked, id=20924, stack(0x0000006f49300000,0x0000006f49400000)]
  0x000001d3a7340060 JavaThread "AWT-Windows" daemon [_thread_in_native, id=22928, stack(0x0000006f49400000,0x0000006f49500000)]
  0x000001d3a7dc50d0 JavaThread "AWT-EventQueue-0" [_thread_blocked, id=18948, stack(0x0000006f49c00000,0x0000006f49d00000)]
  0x000001d382392ce0 JavaThread "DestroyJavaVM" [_thread_blocked, id=21696, stack(0x0000006f47e00000,0x0000006f47f00000)]

Other Threads:
  0x000001d382419690 VMThread "VM Thread" [stack: 0x0000006f48400000,0x0000006f48500000] [id=25012]
  0x000001d3a7106cf0 WatcherThread "VM Periodic Task Thread" [stack: 0x0000006f49000000,0x0000006f49100000] [id=23644]
  0x000001d3823ef3b0 WorkerThread "GC Thread#0" [stack: 0x0000006f47f00000,0x0000006f48000000] [id=19060]
  0x000001d3a7dea540 WorkerThread "GC Thread#1" [stack: 0x0000006f49100000,0x0000006f49200000] [id=23776]
  0x000001d3a73fd640 WorkerThread "GC Thread#2" [stack: 0x0000006f49600000,0x0000006f49700000] [id=23956]
  0x000001d3a73fd8e0 WorkerThread "GC Thread#3" [stack: 0x0000006f49700000,0x0000006f49800000] [id=26700]
  0x000001d3a7e54c30 WorkerThread "GC Thread#4" [stack: 0x0000006f49800000,0x0000006f49900000] [id=15828]
  0x000001d3a7e54ed0 WorkerThread "GC Thread#5" [stack: 0x0000006f49900000,0x0000006f49a00000] [id=4344]
  0x000001d3a2cfc8d0 WorkerThread "GC Thread#6" [stack: 0x0000006f49a00000,0x0000006f49b00000] [id=24948]
  0x000001d3a2cfcb70 WorkerThread "GC Thread#7" [stack: 0x0000006f49b00000,0x0000006f49c00000] [id=28624]
  0x000001d3823fbb40 ConcurrentGCThread "G1 Main Marker" [stack: 0x0000006f48000000,0x0000006f48100000] [id=5280]
  0x000001d3823fc340 WorkerThread "G1 Conc#0" [stack: 0x0000006f48100000,0x0000006f48200000] [id=16780]
  0x000001d38244f4c0 ConcurrentGCThread "G1 Refine#0" [stack: 0x0000006f48200000,0x0000006f48300000] [id=5444]
  0x000001d38244fce0 ConcurrentGCThread "G1 Service" [stack: 0x0000006f48300000,0x0000006f48400000] [id=24988]

Threads with active compile tasks:
C1 CompilerThread0  1021844 1242       3       java.security.AccessControlContext::optimize (319 bytes)

VM state: not at safepoint (normal execution)

VM Mutex/Monitor currently owned by a thread: None

Heap address: 0x0000000745a00000, size: 2982 MB, Compressed Oops mode: Zero based, Oop shift amount: 3

CDS archive(s) mapped at: [0x0000000800000000-0x0000000800ba0000-0x0000000800ba0000), size 12189696, SharedBaseAddress: 0x0000000800000000, ArchiveRelocationMode: 0.
Compressed class space mapped at: 0x0000000800c00000-0x0000000840c00000, reserved size: 1073741824
Narrow klass base: 0x0000000800000000, Narrow klass shift: 0, Narrow klass range: 0x100000000

GC Precious Log:
 CardTable entry size: 512
 Card Set container configuration: InlinePtr #cards 4 size 8 Array Of Cards #cards 16 size 48 Howl #buckets 8 coarsen threshold 3686 Howl Bitmap #cards 512 size 80 coarsen threshold 460 Card regions per heap region 1 cards per card region 4096
 CPUs: 12 total, 12 available
 Memory: 11925M
 Large Page Support: Disabled
 NUMA Support: Disabled
 Compressed Oops: Enabled (Zero based)
 Heap Region Size: 2M
 Heap Min Capacity: 8M
 Heap Initial Capacity: 188M
 Heap Max Capacity: 2982M
 Pre-touch: Disabled
 Parallel Workers: 10
 Concurrent Workers: 3
 Concurrent Refinement Workers: 10
 Periodic GC: Disabled

Heap:
 garbage-first heap   total 192512K, used 92728K [0x0000000745a00000, 0x0000000800000000)
  region size 2048K, 15 young (30720K), 2 survivors (4096K)
 Metaspace       used 9041K, committed 9280K, reserved 1114112K
  class space    used 1040K, committed 1152K, reserved 1048576K

Heap Regions: E=young(eden), S=young(survivor), O=old, HS=humongous(starts), HC=humongous(continues), CS=collection set, F=free, OA=open archive, CA=closed archive, TAMS=top-at-mark-start (previous, next)
|   0|0x0000000745a00000, 0x0000000745c00000, 0x0000000745c00000|100%|HS|  |TAMS 0x0000000745a00000, 0x0000000745a00000| Complete 
|   1|0x0000000745c00000, 0x0000000745e00000, 0x0000000745e00000|100%|HC|  |TAMS 0x0000000745c00000, 0x0000000745c00000| Complete 
|   2|0x0000000745e00000, 0x0000000746000000, 0x0000000746000000|100%|HC|  |TAMS 0x0000000745e00000, 0x0000000745e00000| Complete 
|   3|0x0000000746000000, 0x0000000746200000, 0x0000000746200000|100%|HC|  |TAMS 0x0000000746000000, 0x0000000746000000| Complete 
|   4|0x0000000746200000, 0x0000000746400000, 0x0000000746400000|100%|HC|  |TAMS 0x0000000746200000, 0x0000000746200000| Complete 
|   5|0x0000000746400000, 0x0000000746600000, 0x0000000746600000|100%|HC|  |TAMS 0x0000000746400000, 0x0000000746400000| Complete 
|   6|0x0000000746600000, 0x0000000746800000, 0x0000000746800000|100%|HC|  |TAMS 0x0000000746600000, 0x0000000746600000| Complete 
|   7|0x0000000746800000, 0x0000000746a00000, 0x0000000746a00000|100%|HC|  |TAMS 0x0000000746800000, 0x0000000746800000| Complete 
|   8|0x0000000746a00000, 0x0000000746c00000, 0x0000000746c00000|100%|HC|  |TAMS 0x0000000746a00000, 0x0000000746a00000| Complete 
|   9|0x0000000746c00000, 0x0000000746e00000, 0x0000000746e00000|100%|HC|  |TAMS 0x0000000746c00000, 0x0000000746c00000| Complete 
|  10|0x0000000746e00000, 0x0000000747000000, 0x0000000747000000|100%|HC|  |TAMS 0x0000000746e00000, 0x0000000746e00000| Complete 
|  11|0x0000000747000000, 0x0000000747200000, 0x0000000747200000|100%|HC|  |TAMS 0x0000000747000000, 0x0000000747000000| Complete 
|  12|0x0000000747200000, 0x0000000747400000, 0x0000000747400000|100%|HC|  |TAMS 0x0000000747200000, 0x0000000747200000| Complete 
|  13|0x0000000747400000, 0x0000000747600000, 0x0000000747600000|100%|HC|  |TAMS 0x0000000747400000, 0x0000000747400000| Complete 
|  14|0x0000000747600000, 0x0000000747800000, 0x0000000747800000|100%|HC|  |TAMS 0x0000000747600000, 0x0000000747600000| Complete 
|  15|0x0000000747800000, 0x0000000747a00000, 0x0000000747a00000|100%|HC|  |TAMS 0x0000000747800000, 0x0000000747800000| Complete 
|  16|0x0000000747a00000, 0x0000000747c00000, 0x0000000747c00000|100%|HC|  |TAMS 0x0000000747a00000, 0x0000000747a00000| Complete 
|  17|0x0000000747c00000, 0x0000000747e00000, 0x0000000747e00000|100%|HC|  |TAMS 0x0000000747c00000, 0x0000000747c00000| Complete 
|  18|0x0000000747e00000, 0x0000000748000000, 0x0000000748000000|100%|HC|  |TAMS 0x0000000747e00000, 0x0000000747e00000| Complete 
|  19|0x0000000748000000, 0x0000000748200000, 0x0000000748200000|100%|HC|  |TAMS 0x0000000748000000, 0x0000000748000000| Complete 
|  20|0x0000000748200000, 0x0000000748400000, 0x0000000748400000|100%|HC|  |TAMS 0x0000000748200000, 0x0000000748200000| Complete 
|  21|0x0000000748400000, 0x0000000748600000, 0x0000000748600000|100%|HC|  |TAMS 0x0000000748400000, 0x0000000748400000| Complete 
|  22|0x0000000748600000, 0x0000000748800000, 0x0000000748800000|100%|HC|  |TAMS 0x0000000748600000, 0x0000000748600000| Complete 
|  23|0x0000000748800000, 0x0000000748a00000, 0x0000000748a00000|100%|HC|  |TAMS 0x0000000748800000, 0x0000000748800000| Complete 
|  24|0x0000000748a00000, 0x0000000748c00000, 0x0000000748c00000|100%|HC|  |TAMS 0x0000000748a00000, 0x0000000748a00000| Complete 
|  25|0x0000000748c00000, 0x0000000748e00000, 0x0000000748e00000|100%|HC|  |TAMS 0x0000000748c00000, 0x0000000748c00000| Complete 
|  26|0x0000000748e00000, 0x0000000749000000, 0x0000000749000000|100%|HC|  |TAMS 0x0000000748e00000, 0x0000000748e00000| Complete 
|  27|0x0000000749000000, 0x0000000749200000, 0x0000000749200000|100%|HS|  |TAMS 0x0000000749000000, 0x0000000749000000| Complete 
|  28|0x0000000749200000, 0x0000000749400000, 0x0000000749400000|100%|HC|  |TAMS 0x0000000749200000, 0x0000000749200000| Complete 
|  29|0x0000000749400000, 0x0000000749600000, 0x0000000749600000|100%|HS|  |TAMS 0x0000000749400000, 0x0000000749400000| Complete 
|  30|0x0000000749600000, 0x0000000749800000, 0x0000000749800000|100%|HC|  |TAMS 0x0000000749600000, 0x0000000749600000| Complete 
|  31|0x0000000749800000, 0x0000000749a00000, 0x0000000749a00000|100%|HC|  |TAMS 0x0000000749800000, 0x0000000749800000| Complete 
|  32|0x0000000749a00000, 0x0000000749a00000, 0x0000000749c00000|  0%| F|  |TAMS 0x0000000749a00000, 0x0000000749a00000| Untracked 
|  33|0x0000000749c00000, 0x0000000749c00000, 0x0000000749e00000|  0%| F|  |TAMS 0x0000000749c00000, 0x0000000749c00000| Untracked 
|  34|0x0000000749e00000, 0x0000000749e00000, 0x000000074a000000|  0%| F|  |TAMS 0x0000000749e00000, 0x0000000749e00000| Untracked 
|  35|0x000000074a000000, 0x000000074a000000, 0x000000074a200000|  0%| F|  |TAMS 0x000000074a000000, 0x000000074a000000| Untracked 
|  36|0x000000074a200000, 0x000000074a200000, 0x000000074a400000|  0%| F|  |TAMS 0x000000074a200000, 0x000000074a200000| Untracked 
|  37|0x000000074a400000, 0x000000074a400000, 0x000000074a600000|  0%| F|  |TAMS 0x000000074a400000, 0x000000074a400000| Untracked 
|  38|0x000000074a600000, 0x000000074a600000, 0x000000074a800000|  0%| F|  |TAMS 0x000000074a600000, 0x000000074a600000| Untracked 
|  39|0x000000074a800000, 0x000000074a800000, 0x000000074aa00000|  0%| F|  |TAMS 0x000000074a800000, 0x000000074a800000| Untracked 
|  40|0x000000074aa00000, 0x000000074aa00000, 0x000000074ac00000|  0%| F|  |TAMS 0x000000074aa00000, 0x000000074aa00000| Untracked 
|  41|0x000000074ac00000, 0x000000074ac00000, 0x000000074ae00000|  0%| F|  |TAMS 0x000000074ac00000, 0x000000074ac00000| Untracked 
|  42|0x000000074ae00000, 0x000000074ae00000, 0x000000074b000000|  0%| F|  |TAMS 0x000000074ae00000, 0x000000074ae00000| Untracked 
|  43|0x000000074b000000, 0x000000074b000000, 0x000000074b200000|  0%| F|  |TAMS 0x000000074b000000, 0x000000074b000000| Untracked 
|  44|0x000000074b200000, 0x000000074b200000, 0x000000074b400000|  0%| F|  |TAMS 0x000000074b200000, 0x000000074b200000| Untracked 
|  45|0x000000074b400000, 0x000000074b400000, 0x000000074b600000|  0%| F|  |TAMS 0x000000074b400000, 0x000000074b400000| Untracked 
|  46|0x000000074b600000, 0x000000074b600000, 0x000000074b800000|  0%| F|  |TAMS 0x000000074b600000, 0x000000074b600000| Untracked 
|  47|0x000000074b800000, 0x000000074b800000, 0x000000074ba00000|  0%| F|  |TAMS 0x000000074b800000, 0x000000074b800000| Untracked 
|  48|0x000000074ba00000, 0x000000074ba00000, 0x000000074bc00000|  0%| F|  |TAMS 0x000000074ba00000, 0x000000074ba00000| Untracked 
|  49|0x000000074bc00000, 0x000000074bc00000, 0x000000074be00000|  0%| F|  |TAMS 0x000000074bc00000, 0x000000074bc00000| Untracked 
|  50|0x000000074be00000, 0x000000074be00000, 0x000000074c000000|  0%| F|  |TAMS 0x000000074be00000, 0x000000074be00000| Untracked 
|  51|0x000000074c000000, 0x000000074c000000, 0x000000074c200000|  0%| F|  |TAMS 0x000000074c000000, 0x000000074c000000| Untracked 
|  52|0x000000074c200000, 0x000000074c200000, 0x000000074c400000|  0%| F|  |TAMS 0x000000074c200000, 0x000000074c200000| Untracked 
|  53|0x000000074c400000, 0x000000074c400000, 0x000000074c600000|  0%| F|  |TAMS 0x000000074c400000, 0x000000074c400000| Untracked 
|  54|0x000000074c600000, 0x000000074c600000, 0x000000074c800000|  0%| F|  |TAMS 0x000000074c600000, 0x000000074c600000| Untracked 
|  55|0x000000074c800000, 0x000000074c800000, 0x000000074ca00000|  0%| F|  |TAMS 0x000000074c800000, 0x000000074c800000| Untracked 
|  56|0x000000074ca00000, 0x000000074ca00000, 0x000000074cc00000|  0%| F|  |TAMS 0x000000074ca00000, 0x000000074ca00000| Untracked 
|  57|0x000000074cc00000, 0x000000074cc00000, 0x000000074ce00000|  0%| F|  |TAMS 0x000000074cc00000, 0x000000074cc00000| Untracked 
|  58|0x000000074ce00000, 0x000000074ce00000, 0x000000074d000000|  0%| F|  |TAMS 0x000000074ce00000, 0x000000074ce00000| Untracked 
|  59|0x000000074d000000, 0x000000074d000000, 0x000000074d200000|  0%| F|  |TAMS 0x000000074d000000, 0x000000074d000000| Untracked 
|  60|0x000000074d200000, 0x000000074d200000, 0x000000074d400000|  0%| F|  |TAMS 0x000000074d200000, 0x000000074d200000| Untracked 
|  61|0x000000074d400000, 0x000000074d400000, 0x000000074d600000|  0%| F|  |TAMS 0x000000074d400000, 0x000000074d400000| Untracked 
|  62|0x000000074d600000, 0x000000074d600000, 0x000000074d800000|  0%| F|  |TAMS 0x000000074d600000, 0x000000074d600000| Untracked 
|  63|0x000000074d800000, 0x000000074d800000, 0x000000074da00000|  0%| F|  |TAMS 0x000000074d800000, 0x000000074d800000| Untracked 
|  64|0x000000074da00000, 0x000000074da00000, 0x000000074dc00000|  0%| F|  |TAMS 0x000000074da00000, 0x000000074da00000| Untracked 
|  65|0x000000074dc00000, 0x000000074dc00000, 0x000000074de00000|  0%| F|  |TAMS 0x000000074dc00000, 0x000000074dc00000| Untracked 
|  66|0x000000074de00000, 0x000000074de00000, 0x000000074e000000|  0%| F|  |TAMS 0x000000074de00000, 0x000000074de00000| Untracked 
|  67|0x000000074e000000, 0x000000074e000000, 0x000000074e200000|  0%| F|  |TAMS 0x000000074e000000, 0x000000074e000000| Untracked 
|  68|0x000000074e200000, 0x000000074e200000, 0x000000074e400000|  0%| F|  |TAMS 0x000000074e200000, 0x000000074e200000| Untracked 
|  69|0x000000074e400000, 0x000000074e400000, 0x000000074e600000|  0%| F|  |TAMS 0x000000074e400000, 0x000000074e400000| Untracked 
|  70|0x000000074e600000, 0x000000074e600000, 0x000000074e800000|  0%| F|  |TAMS 0x000000074e600000, 0x000000074e600000| Untracked 
|  71|0x000000074e800000, 0x000000074e800000, 0x000000074ea00000|  0%| F|  |TAMS 0x000000074e800000, 0x000000074e800000| Untracked 
|  72|0x000000074ea00000, 0x000000074ea8e328, 0x000000074ec00000| 27%| S|CS|TAMS 0x000000074ea00000, 0x000000074ea00000| Complete 
|  73|0x000000074ec00000, 0x000000074ee00000, 0x000000074ee00000|100%| S|CS|TAMS 0x000000074ec00000, 0x000000074ec00000| Complete 
|  74|0x000000074ee00000, 0x000000074ee00000, 0x000000074f000000|  0%| F|  |TAMS 0x000000074ee00000, 0x000000074ee00000| Untracked 
|  75|0x000000074f000000, 0x000000074f000000, 0x000000074f200000|  0%| F|  |TAMS 0x000000074f000000, 0x000000074f000000| Untracked 
|  76|0x000000074f200000, 0x000000074f200000, 0x000000074f400000|  0%| F|  |TAMS 0x000000074f200000, 0x000000074f200000| Untracked 
|  77|0x000000074f400000, 0x000000074f400000, 0x000000074f600000|  0%| F|  |TAMS 0x000000074f400000, 0x000000074f400000| Untracked 
|  78|0x000000074f600000, 0x000000074f600000, 0x000000074f800000|  0%| F|  |TAMS 0x000000074f600000, 0x000000074f600000| Untracked 
|  79|0x000000074f800000, 0x000000074f800000, 0x000000074fa00000|  0%| F|  |TAMS 0x000000074f800000, 0x000000074f800000| Untracked 
|  80|0x000000074fa00000, 0x000000074fa00000, 0x000000074fc00000|  0%| F|  |TAMS 0x000000074fa00000, 0x000000074fa00000| Untracked 
|  81|0x000000074fc00000, 0x000000074fe00000, 0x000000074fe00000|100%| E|  |TAMS 0x000000074fc00000, 0x000000074fc00000| Complete 
|  82|0x000000074fe00000, 0x0000000750000000, 0x0000000750000000|100%| E|CS|TAMS 0x000000074fe00000, 0x000000074fe00000| Complete 
|  83|0x0000000750000000, 0x0000000750200000, 0x0000000750200000|100%| E|CS|TAMS 0x0000000750000000, 0x0000000750000000| Complete 
|  84|0x0000000750200000, 0x0000000750400000, 0x0000000750400000|100%| E|CS|TAMS 0x0000000750200000, 0x0000000750200000| Complete 
|  85|0x0000000750400000, 0x0000000750600000, 0x0000000750600000|100%| E|CS|TAMS 0x0000000750400000, 0x0000000750400000| Complete 
|  86|0x0000000750600000, 0x0000000750800000, 0x0000000750800000|100%| E|CS|TAMS 0x0000000750600000, 0x0000000750600000| Complete 
|  87|0x0000000750800000, 0x0000000750a00000, 0x0000000750a00000|100%| E|CS|TAMS 0x0000000750800000, 0x0000000750800000| Complete 
|  88|0x0000000750a00000, 0x0000000750c00000, 0x0000000750c00000|100%| E|CS|TAMS 0x0000000750a00000, 0x0000000750a00000| Complete 
|  89|0x0000000750c00000, 0x0000000750e00000, 0x0000000750e00000|100%| E|CS|TAMS 0x0000000750c00000, 0x0000000750c00000| Complete 
|  90|0x0000000750e00000, 0x0000000751000000, 0x0000000751000000|100%| E|CS|TAMS 0x0000000750e00000, 0x0000000750e00000| Complete 
|  91|0x0000000751000000, 0x0000000751200000, 0x0000000751200000|100%| E|CS|TAMS 0x0000000751000000, 0x0000000751000000| Complete 
|  92|0x0000000751200000, 0x0000000751400000, 0x0000000751400000|100%| E|CS|TAMS 0x0000000751200000, 0x0000000751200000| Complete 
|  93|0x0000000751400000, 0x0000000751600000, 0x0000000751600000|100%| E|CS|TAMS 0x0000000751400000, 0x0000000751400000| Complete 

Card table byte_map: [0x000001d399800000,0x000001d399de0000] _byte_map_base: 0x000001d395dd3000

Marking Bits (Prev, Next): (CMBitMap*) 0x000001d3823ef7c0, (CMBitMap*) 0x000001d3823ef800
 Prev Bits: [0x000001d39a3c0000, 0x000001d39d258000)
 Next Bits: [0x000001d39d260000, 0x000001d3a00f8000)

Polling page: 0x000001d380150000

Metaspace:

Usage:
  Non-class:      7.81 MB used.
      Class:      1.02 MB used.
       Both:      8.83 MB used.

Virtual space:
  Non-class space:       64.00 MB reserved,       7.94 MB ( 12%) committed,  1 nodes.
      Class space:        1.00 GB reserved,       1.12 MB ( <1%) committed,  1 nodes.
             Both:        1.06 GB reserved,       9.06 MB ( <1%) committed. 

Chunk freelists:
   Non-Class:  107.00 KB
       Class:  2.74 MB
        Both:  2.84 MB

MaxMetaspaceSize: unlimited
CompressedClassSpaceSize: 1.00 GB
Initial GC threshold: 21.00 MB
Current GC threshold: 21.00 MB
CDS: on
MetaspaceReclaimPolicy: balanced
 - commit_granule_bytes: 65536.
 - commit_granule_words: 8192.
 - virtual_space_node_default_size: 8388608.
 - enlarge_chunks_in_place: 1.
 - new_chunks_are_fully_committed: 0.
 - uncommit_free_chunks: 1.
 - use_allocation_guard: 0.


Internal statistics:

num_allocs_failed_limit: 0.
num_arena_births: 126.
num_arena_deaths: 0.
num_vsnodes_births: 2.
num_vsnodes_deaths: 0.
num_space_committed: 145.
num_space_uncommitted: 0.
num_chunks_returned_to_freelist: 0.
num_chunks_taken_from_freelist: 174.
num_chunk_merges: 0.
num_chunk_splits: 96.
num_chunks_enlarged: 32.
num_inconsistent_stats: 0.

CodeHeap 'non-profiled nmethods': size=120000Kb used=382Kb max_used=382Kb free=119618Kb
 bounds [0x000001d391790000, 0x000001d391a00000, 0x000001d398cc0000]
CodeHeap 'profiled nmethods': size=120000Kb used=2034Kb max_used=2034Kb free=117965Kb
 bounds [0x000001d38a260000, 0x000001d38a4d0000, 0x000001d391790000]
CodeHeap 'non-nmethods': size=5760Kb used=1306Kb max_used=1337Kb free=4453Kb
 bounds [0x000001d389cc0000, 0x000001d389f30000, 0x000001d38a260000]
 total_blobs=1855 nmethods=1241 adapters=527
 compilation: enabled
              stopped_count=0, restarted_count=0
 full_count=0

Compilation events (20 events):
Event: 1.266 Thread 0x000001d3a2d16570 1234       3       sun.java2d.pipe.PixelToParallelogramConverter::normalize (15 bytes)
Event: 1.266 Thread 0x000001d3a2d16570 nmethod 1234 0x000001d38a459190 code [0x000001d38a459340, 0x000001d38a4594e8]
Event: 1.266 Thread 0x000001d3a2d16570 1233       3       javax.swing.JComponent::setFlag (34 bytes)
Event: 1.266 Thread 0x000001d3a2d16570 nmethod 1233 0x000001d38a459610 code [0x000001d38a4597a0, 0x000001d38a459958]
Event: 1.267 Thread 0x000001d3a2d16570 1235       3       java.lang.Math::ceil (5 bytes)
Event: 1.267 Thread 0x000001d3a2d16570 nmethod 1235 0x000001d38a459a10 code [0x000001d38a459ba0, 0x000001d38a459ca8]
Event: 1.267 Thread 0x000001d3a2d16570 1236       3       java.lang.StrictMath::ceil (10 bytes)
Event: 1.267 Thread 0x000001d3a2d16570 nmethod 1236 0x000001d38a459d90 code [0x000001d38a459f60, 0x000001d38a45a088]
Event: 1.286 Thread 0x000001d3a7f781d0 nmethod 1206 0x000001d3917e7c90 code [0x000001d3917e8000, 0x000001d3917ec600]
Event: 3.220 Thread 0x000001d3a2d16570 1237       3       sun.util.locale.LanguageTag::parseVariants (98 bytes)
Event: 3.221 Thread 0x000001d3a2d16570 nmethod 1237 0x000001d38a45a110 code [0x000001d38a45a340, 0x000001d38a45ab08]
Event: 3.221 Thread 0x000001d3a2d16570 1238       3       javax.swing.RepaintManager::getDelegate (14 bytes)
Event: 3.221 Thread 0x000001d3a2d16570 nmethod 1238 0x000001d38a45ad90 code [0x000001d38a45af40, 0x000001d38a45b0c8]
Event: 3.221 Thread 0x000001d3a2d16570 1239       3       com.sun.java.swing.SwingUtilities3::getDelegateRepaintManager (73 bytes)
Event: 3.222 Thread 0x000001d3a2d16570 nmethod 1239 0x000001d38a45b190 code [0x000001d38a45b400, 0x000001d38a45c1b8]
Event: 1021.791 Thread 0x000001d3a2d16570 1240       3       java.util.HashMap::tableSizeFor (32 bytes)
Event: 1021.792 Thread 0x000001d3a2d16570 nmethod 1240 0x000001d38a45c590 code [0x000001d38a45c740, 0x000001d38a45c968]
Event: 1021.794 Thread 0x000001d3a2d16570 1242       3       java.security.AccessControlContext::optimize (319 bytes)
Event: 1021.794 Thread 0x000001d3a2d15c80 1241       4       java.util.Arrays::binarySearch0 (95 bytes)
Event: 1021.799 Thread 0x000001d3a2d15c80 nmethod 1241 0x000001d3917ef290 code [0x000001d3917ef420, 0x000001d3917ef638]

GC Heap History (4 events):
Event: 0.535 GC heap before
{Heap before GC invocations=0 (full 0):
 garbage-first heap   total 192512K, used 75776K [0x0000000745a00000, 0x0000000800000000)
  region size 2048K, 11 young (22528K), 0 survivors (0K)
 Metaspace       used 4666K, committed 4864K, reserved 1114112K
  class space    used 482K, committed 576K, reserved 1048576K
}
Event: 0.542 GC heap after
{Heap after GC invocations=1 (full 0):
 garbage-first heap   total 192512K, used 57824K [0x0000000745a00000, 0x0000000800000000)
  region size 2048K, 2 young (4096K), 2 survivors (4096K)
 Metaspace       used 4666K, committed 4864K, reserved 1114112K
  class space    used 482K, committed 576K, reserved 1048576K
}
Event: 0.643 GC heap before
{Heap before GC invocations=1 (full 0):
 garbage-first heap   total 192512K, used 94688K [0x0000000745a00000, 0x0000000800000000)
  region size 2048K, 20 young (40960K), 2 survivors (4096K)
 Metaspace       used 4667K, committed 4864K, reserved 1114112K
  class space    used 482K, committed 576K, reserved 1048576K
}
Event: 0.648 GC heap after
{Heap after GC invocations=2 (full 0):
 garbage-first heap   total 192512K, used 57912K [0x0000000745a00000, 0x0000000800000000)
  region size 2048K, 2 young (4096K), 2 survivors (4096K)
 Metaspace       used 4667K, committed 4864K, reserved 1114112K
  class space    used 482K, committed 576K, reserved 1048576K
}

Deoptimization events (20 events):
Event: 0.925 Thread 0x000001d382392ce0 Uncommon trap: trap_request=0xffffffde fr.pc=0x000001d3917c8740 relative=0x0000000000000280
Event: 0.925 Thread 0x000001d382392ce0 Uncommon trap: reason=class_check action=maybe_recompile pc=0x000001d3917c8740 method=java.util.HashMap.getNode(Ljava/lang/Object;)Ljava/util/HashMap$Node; @ 63 c2
Event: 0.925 Thread 0x000001d382392ce0 DEOPT PACKING pc=0x000001d3917c8740 sp=0x0000006f47efec50
Event: 0.925 Thread 0x000001d382392ce0 DEOPT UNPACKING pc=0x000001d389d15c23 sp=0x0000006f47efebb8 mode 2
Event: 0.994 Thread 0x000001d382392ce0 Uncommon trap: trap_request=0xffffff45 fr.pc=0x000001d3917bb910 relative=0x0000000000000210
Event: 0.994 Thread 0x000001d382392ce0 Uncommon trap: reason=unstable_if action=reinterpret pc=0x000001d3917bb910 method=java.lang.StringUTF16.compress([CI[BII)I @ 20 c2
Event: 0.994 Thread 0x000001d382392ce0 DEOPT PACKING pc=0x000001d3917bb910 sp=0x0000006f47efdaf0
Event: 0.994 Thread 0x000001d382392ce0 DEOPT UNPACKING pc=0x000001d389d15c23 sp=0x0000006f47efda70 mode 2
Event: 1.119 Thread 0x000001d3a7dc50d0 Uncommon trap: trap_request=0xffffff45 fr.pc=0x000001d3917d5cb0 relative=0x00000000000004f0
Event: 1.119 Thread 0x000001d3a7dc50d0 Uncommon trap: reason=unstable_if action=reinterpret pc=0x000001d3917d5cb0 method=java.lang.StringLatin1.toLowerCase(Ljava/lang/String;[BLjava/util/Locale;)Ljava/lang/String; @ 43 c2
Event: 1.119 Thread 0x000001d3a7dc50d0 DEOPT PACKING pc=0x000001d3917d5cb0 sp=0x0000006f49cfce90
Event: 1.119 Thread 0x000001d3a7dc50d0 DEOPT UNPACKING pc=0x000001d389d15c23 sp=0x0000006f49cfce00 mode 2
Event: 1.200 Thread 0x000001d3a7dc50d0 Uncommon trap: trap_request=0xffffff45 fr.pc=0x000001d39179a8b8 relative=0x0000000000000098
Event: 1.200 Thread 0x000001d3a7dc50d0 Uncommon trap: reason=unstable_if action=reinterpret pc=0x000001d39179a8b8 method=java.lang.String.isLatin1()Z @ 10 c2
Event: 1.201 Thread 0x000001d3a7dc50d0 DEOPT PACKING pc=0x000001d39179a8b8 sp=0x0000006f49cfcca0
Event: 1.201 Thread 0x000001d3a7dc50d0 DEOPT UNPACKING pc=0x000001d389d15c23 sp=0x0000006f49cfcbd0 mode 2
Event: 1.211 Thread 0x000001d3a7dc50d0 Uncommon trap: trap_request=0xffffff45 fr.pc=0x000001d3917e1d80 relative=0x0000000000000440
Event: 1.211 Thread 0x000001d3a7dc50d0 Uncommon trap: reason=unstable_if action=reinterpret pc=0x000001d3917e1d80 method=java.lang.Character.isSurrogate(C)Z @ 3 c2
Event: 1.211 Thread 0x000001d3a7dc50d0 DEOPT PACKING pc=0x000001d3917e1d80 sp=0x0000006f49cfc970
Event: 1.211 Thread 0x000001d3a7dc50d0 DEOPT UNPACKING pc=0x000001d389d15c23 sp=0x0000006f49cfc888 mode 2

Classes loaded (20 events):
Event: 1.261 Loading class sun/awt/im/CompositionAreaHandler
Event: 1.262 Loading class sun/awt/im/CompositionAreaHandler done
Event: 1.262 Loading class java/text/AttributedString
Event: 1.262 Loading class java/text/AttributedString done
Event: 1.262 Loading class java/text/AttributedString$AttributedStringIterator
Event: 1.262 Loading class java/text/AttributedCharacterIterator
Event: 1.262 Loading class java/text/AttributedCharacterIterator done
Event: 1.262 Loading class java/text/AttributedString$AttributedStringIterator done
Event: 1.263 Loading class java/awt/TextComponent
Event: 1.264 Loading class java/awt/TextComponent done
Event: 3.199 Loading class java/awt/KeyboardFocusManager$2
Event: 3.199 Loading class java/awt/KeyboardFocusManager$2 done
Event: 3.199 Loading class sun/awt/SunToolkit$1
Event: 3.200 Loading class sun/awt/SunToolkit$1 done
Event: 1021.791 Loading class java/util/WeakHashMap$KeyIterator
Event: 1021.791 Loading class java/util/WeakHashMap$HashIterator
Event: 1021.791 Loading class java/util/WeakHashMap$HashIterator done
Event: 1021.791 Loading class java/util/WeakHashMap$KeyIterator done
Event: 1021.791 Loading class javax/swing/RepaintManager$DisplayChangedRunnable
Event: 1021.791 Loading class javax/swing/RepaintManager$DisplayChangedRunnable done

Classes unloaded (0 events):
No events

Classes redefined (0 events):
No events

Internal exceptions (17 events):
Event: 0.153 Thread 0x000001d382392ce0 Exception <a 'sun/nio/fs/WindowsException'{0x00000007515302e0}> (0x00000007515302e0) 
thrown [t:\workspace\open\src\hotspot\share\prims\jni.cpp, line 516]
Event: 0.154 Thread 0x000001d382392ce0 Exception <a 'sun/nio/fs/WindowsException'{0x0000000751530950}> (0x0000000751530950) 
thrown [t:\workspace\open\src\hotspot\share\prims\jni.cpp, line 516]
Event: 0.155 Thread 0x000001d382392ce0 Exception <a 'sun/nio/fs/WindowsException'{0x0000000751533320}> (0x0000000751533320) 
thrown [t:\workspace\open\src\hotspot\share\prims\jni.cpp, line 516]
Event: 0.155 Thread 0x000001d382392ce0 Exception <a 'sun/nio/fs/WindowsException'{0x0000000751534010}> (0x0000000751534010) 
thrown [t:\workspace\open\src\hotspot\share\prims\jni.cpp, line 516]
Event: 0.191 Thread 0x000001d382392ce0 Exception <a 'java/lang/ClassNotFoundException'{0x0000000751268a10}: sun/awt/resources/spi/awtProvider> (0x0000000751268a10) 
thrown [t:\workspace\open\src\hotspot\share\classfile\systemDictionary.cpp, line 255]
Event: 0.209 Thread 0x000001d382392ce0 Exception <a 'java/io/FileNotFoundException'{0x00000007512bd0b8}> (0x00000007512bd0b8) 
thrown [t:\workspace\open\src\hotspot\share\prims\jni.cpp, line 516]
Event: 0.214 Thread 0x000001d382392ce0 Exception <a 'java/io/FileNotFoundException'{0x00000007512ea310}> (0x00000007512ea310) 
thrown [t:\workspace\open\src\hotspot\share\prims\jni.cpp, line 516]
Event: 0.242 Thread 0x000001d382392ce0 Exception <a 'java/lang/NoSuchMethodError'{0x000000075132e500}: 'java.lang.Object java.lang.invoke.DirectMethodHandle$Holder.invokeStaticInit(java.lang.Object)'> (0x000000075132e500) 
thrown [t:\workspace\open\src\hotspot\share\interpreter\linkResolver.cpp, line 766]
Event: 0.267 Thread 0x000001d382392ce0 Exception <a 'java/lang/NoSuchMethodError'{0x00000007513e8810}: 'void java.lang.invoke.DirectMethodHandle$Holder.invokeSpecial(java.lang.Object, java.lang.Object, java.lang.Object)'> (0x00000007513e8810) 
thrown [t:\workspace\open\src\hotspot\share\interpreter\linkResolver.cpp, line 766]
Event: 0.274 Thread 0x000001d382392ce0 Exception <a 'java/lang/NoSuchMethodError'{0x0000000751013f88}: 'java.lang.Object java.lang.invoke.DirectMethodHandle$Holder.newInvokeSpecial(java.lang.Object, java.lang.Object, java.lang.Object, java.lang.Object, java.lang.Object)'> (0x0000000751013f88) 
thrown [t:\workspace\open\src\hotspot\share\interpreter\linkResolver.cpp, line 766]
Event: 0.279 Thread 0x000001d382392ce0 Exception <a 'java/lang/NoSuchMethodError'{0x0000000751045a98}: 'java.lang.Object java.lang.invoke.DirectMethodHandle$Holder.invokeStatic(java.lang.Object, int, java.lang.Object)'> (0x0000000751045a98) 
thrown [t:\workspace\open\src\hotspot\share\interpreter\linkResolver.cpp, line 766]
Event: 0.297 Thread 0x000001d382392ce0 Exception <a 'java/lang/ClassNotFoundException'{0x00000007511029c0}: com/sun/swing/internal/plaf/metal/resources/spi/metalProvider> (0x00000007511029c0) 
thrown [t:\workspace\open\src\hotspot\share\classfile\systemDictionary.cpp, line 255]
Event: 0.297 Thread 0x000001d382392ce0 Exception <a 'java/lang/ClassNotFoundException'{0x00000007511069f8}: com/sun/swing/internal/plaf/basic/resources/spi/basicProvider> (0x00000007511069f8) 
thrown [t:\workspace\open\src\hotspot\share\classfile\systemDictionary.cpp, line 255]
Event: 0.304 Thread 0x000001d382392ce0 Exception <a 'java/lang/NoSuchMethodError'{0x0000000751126ea8}: 'int java.lang.invoke.Invokers$Holder.invokeExact_MT(java.lang.Object, java.lang.Object)'> (0x0000000751126ea8) 
thrown [t:\workspace\open\src\hotspot\share\interpreter\linkResolver.cpp, line 766]
Event: 0.350 Thread 0x000001d3a7380a20 Exception <a 'java/lang/NoSuchMethodError'{0x0000000750ecdd68}: 'java.lang.Object java.lang.invoke.DirectMethodHandle$Holder.newInvokeSpecial(java.lang.Object, java.lang.Object, java.lang.Object, int, int, int, int, int)'> (0x0000000750ecdd68) 
thrown [t:\workspace\open\src\hotspot\share\interpreter\linkResolver.cpp, line 766]
Event: 0.968 Thread 0x000001d3a7340060 Exception <a 'java/lang/NoSuchMethodError'{0x0000000750408580}: 'void java.lang.invoke.DirectMethodHandle$Holder.invokeVirtual(java.lang.Object, java.lang.Object)'> (0x0000000750408580) 
thrown [t:\workspace\open\src\hotspot\share\interpreter\linkResolver.cpp, line 766]
Event: 0.982 Thread 0x000001d382392ce0 Exception <a 'java/lang/NoSuchMethodError'{0x00000007504617c8}: 'void java.lang.invoke.DirectMethodHandle$Holder.invokeStaticInit(java.lang.Object)'> (0x00000007504617c8) 
thrown [t:\workspace\open\src\hotspot\share\interpreter\linkResolver.cpp, line 766]

VM Operations (14 events):
Event: 0.156 Executing VM operation: HandshakeAllThreads
Event: 0.156 Executing VM operation: HandshakeAllThreads done
Event: 0.535 Executing VM operation: G1CollectForAllocation
Event: 0.542 Executing VM operation: G1CollectForAllocation done
Event: 0.643 Executing VM operation: G1CollectForAllocation
Event: 0.648 Executing VM operation: G1CollectForAllocation done
Event: 0.693 Executing VM operation: HandshakeAllThreads
Event: 0.693 Executing VM operation: HandshakeAllThreads done
Event: 0.919 Executing VM operation: HandshakeAllThreads
Event: 0.919 Executing VM operation: HandshakeAllThreads done
Event: 1.065 Executing VM operation: HandshakeAllThreads
Event: 1.065 Executing VM operation: HandshakeAllThreads done
Event: 2.076 Executing VM operation: Cleanup
Event: 2.076 Executing VM operation: Cleanup done

Events (20 events):
Event: 0.152 Loaded shared library C:\Program Files\Java\jdk-18\bin\nio.dll
Event: 0.168 Thread 0x000001d3a712f550 Thread added: 0x000001d3a712f550
Event: 0.172 Loaded shared library C:\Program Files\Java\jdk-18\bin\zip.dll
Event: 0.175 Thread 0x000001d3a7150a00 Thread added: 0x000001d3a7150a00
Event: 0.185 Loaded shared library C:\Program Files\Java\jdk-18\bin\jimage.dll
Event: 0.199 Loaded shared library C:\Program Files\Java\jdk-18\bin\awt.dll
Event: 0.243 Thread 0x000001d3a7333bf0 Thread added: 0x000001d3a7333bf0
Event: 0.243 Thread 0x000001d3a7336b70 Thread added: 0x000001d3a7336b70
Event: 0.244 Thread 0x000001d3a7340060 Thread added: 0x000001d3a7340060
Event: 0.309 Thread 0x000001d3a7380a20 Thread added: 0x000001d3a7380a20
Event: 0.348 Loaded shared library C:\Program Files\Java\jdk-18\bin\javajpeg.dll
Event: 0.478 Thread 0x000001d3a7150a00 Thread exited: 0x000001d3a7150a00
Event: 0.955 Thread 0x000001d3a7dc50d0 Thread added: 0x000001d3a7dc50d0
Event: 0.986 Loaded shared library C:\Program Files\Java\jdk-18\bin\freetype.dll
Event: 0.987 Loaded shared library C:\Program Files\Java\jdk-18\bin\fontmanager.dll
Event: 1.062 Thread 0x000001d382392ce0 Thread exited: 0x000001d382392ce0
Event: 1.062 Thread 0x000001d382392ce0 Thread added: 0x000001d382392ce0
Event: 1.212 Thread 0x000001d3a7f781d0 Thread added: 0x000001d3a7f781d0
Event: 3.220 Thread 0x000001d3a7f781d0 Thread exited: 0x000001d3a7f781d0
Event: 5.905 Thread 0x000001d3a7380a20 Thread exited: 0x000001d3a7380a20


Dynamic libraries:
0x00007ff6c77a0000 - 0x00007ff6c77b0000 	C:\Program Files\Java\jdk-18\bin\java.exe
0x00007ffd8a940000 - 0x00007ffd8ab49000 	C:\windows\SYSTEM32\ntdll.dll
0x00007ffd894a0000 - 0x00007ffd8955d000 	C:\windows\System32\KERNEL32.DLL
0x00007ffd87e20000 - 0x00007ffd88199000 	C:\windows\System32\KERNELBASE.dll
0x00007ffd88580000 - 0x00007ffd88691000 	C:\windows\System32\ucrtbase.dll
0x00007ffd6e9d0000 - 0x00007ffd6e9e8000 	C:\Program Files\Java\jdk-18\bin\jli.dll
0x00007ffd62070000 - 0x00007ffd6208a000 	C:\Program Files\Java\jdk-18\bin\VCRUNTIME140.dll
0x00007ffd89710000 - 0x00007ffd897be000 	C:\windows\System32\ADVAPI32.dll
0x00007ffd88b50000 - 0x00007ffd88bf3000 	C:\windows\System32\msvcrt.dll
0x00007ffd891a0000 - 0x00007ffd8923e000 	C:\windows\System32\sechost.dll
0x00007ffd892d0000 - 0x00007ffd893f0000 	C:\windows\System32\RPCRT4.dll
0x00007ffd88990000 - 0x00007ffd88b3c000 	C:\windows\System32\USER32.dll
0x00007ffd88430000 - 0x00007ffd88456000 	C:\windows\System32\win32u.dll
0x00007ffd5ffe0000 - 0x00007ffd60285000 	C:\windows\WinSxS\amd64_microsoft.windows.common-controls_6595b64144ccf1df_6.0.22000.120_none_9d947278b86cc467\COMCTL32.dll
0x00007ffd89470000 - 0x00007ffd89499000 	C:\windows\System32\GDI32.dll
0x00007ffd881a0000 - 0x00007ffd882b2000 	C:\windows\System32\gdi32full.dll
0x00007ffd88460000 - 0x00007ffd884fd000 	C:\windows\System32\msvcp_win.dll
0x00007ffd7f3f0000 - 0x00007ffd7f3fa000 	C:\windows\SYSTEM32\VERSION.dll
0x00007ffd8a750000 - 0x00007ffd8a781000 	C:\windows\System32\IMM32.DLL
0x00007ffd7fef0000 - 0x00007ffd7fefc000 	C:\Program Files\Java\jdk-18\bin\vcruntime140_1.dll
0x00007ffcf8a00000 - 0x00007ffcf8a8d000 	C:\Program Files\Java\jdk-18\bin\msvcp140.dll
0x00007ffceeba0000 - 0x00007ffcef7b1000 	C:\Program Files\Java\jdk-18\bin\server\jvm.dll
0x00007ffd88b40000 - 0x00007ffd88b48000 	C:\windows\System32\PSAPI.DLL
0x00007ffd7ff00000 - 0x00007ffd7ff09000 	C:\windows\SYSTEM32\WSOCK32.dll
0x00007ffd89240000 - 0x00007ffd892af000 	C:\windows\System32\WS2_32.dll
0x00007ffd7fda0000 - 0x00007ffd7fdd3000 	C:\windows\SYSTEM32\WINMM.dll
0x00007ffd87010000 - 0x00007ffd87028000 	C:\windows\SYSTEM32\kernel.appcore.dll
0x00007ffd61ff0000 - 0x00007ffd61ffa000 	C:\Program Files\Java\jdk-18\bin\jimage.dll
0x00007ffd85970000 - 0x00007ffd85b91000 	C:\windows\SYSTEM32\DBGHELP.DLL
0x00007ffd678e0000 - 0x00007ffd67911000 	C:\windows\SYSTEM32\dbgcore.DLL
0x00007ffd88500000 - 0x00007ffd8857f000 	C:\windows\System32\bcryptPrimitives.dll
0x00007ffd62000000 - 0x00007ffd62025000 	C:\Program Files\Java\jdk-18\bin\java.dll
0x00007ffd61f10000 - 0x00007ffd61fe6000 	C:\Program Files\Java\jdk-18\bin\jsvml.dll
0x00007ffd897c0000 - 0x00007ffd89f78000 	C:\windows\System32\SHELL32.dll
0x00007ffd85fa0000 - 0x00007ffd86808000 	C:\windows\SYSTEM32\windows.storage.dll
0x00007ffd88cd0000 - 0x00007ffd89049000 	C:\windows\System32\combase.dll
0x00007ffd85e30000 - 0x00007ffd85f96000 	C:\windows\SYSTEM32\wintypes.dll
0x00007ffd89050000 - 0x00007ffd8913a000 	C:\windows\System32\SHCORE.dll
0x00007ffd893f0000 - 0x00007ffd8944d000 	C:\windows\System32\shlwapi.dll
0x00007ffd87d50000 - 0x00007ffd87d71000 	C:\windows\SYSTEM32\profapi.dll
0x00007ffd38a20000 - 0x00007ffd38a33000 	C:\Program Files\Java\jdk-18\bin\net.dll
0x00007ffd7fde0000 - 0x00007ffd7feec000 	C:\windows\SYSTEM32\WINHTTP.dll
0x00007ffd87440000 - 0x00007ffd874a7000 	C:\windows\system32\mswsock.dll
0x00007ffd38a00000 - 0x00007ffd38a16000 	C:\Program Files\Java\jdk-18\bin\nio.dll
0x00007ffd389e0000 - 0x00007ffd389f8000 	C:\Program Files\Java\jdk-18\bin\zip.dll
0x00007ffd10bd0000 - 0x00007ffd10d5f000 	C:\Program Files\Java\jdk-18\bin\awt.dll
0x00007ffd8a600000 - 0x00007ffd8a6d6000 	C:\windows\System32\OLEAUT32.dll
0x00007ffd82830000 - 0x00007ffd828c1000 	C:\windows\SYSTEM32\apphelp.dll
0x00007ffd85550000 - 0x00007ffd8557f000 	C:\windows\system32\DWMAPI.DLL
0x00007ffd82920000 - 0x00007ffd829cc000 	C:\windows\system32\uxtheme.dll
0x00007ffd4dc70000 - 0x00007ffd4dd71000 	C:\windows\system32\opengl32.dll
0x00007ffd4dec0000 - 0x00007ffd4deed000 	C:\windows\SYSTEM32\GLU32.dll
0x00007ffd85190000 - 0x00007ffd851c8000 	C:\windows\SYSTEM32\dxcore.dll
0x00007ffd89560000 - 0x00007ffd8967e000 	C:\windows\System32\MSCTF.dll
0x00007ffd8a450000 - 0x00007ffd8a5ea000 	C:\windows\System32\ole32.dll
0x00007ffd59410000 - 0x00007ffd5943d000 	C:\Program Files\Java\jdk-18\bin\javajpeg.dll
0x00007ffcf7540000 - 0x00007ffcf75c9000 	C:\Program Files\Java\jdk-18\bin\freetype.dll
0x00007ffcf7490000 - 0x00007ffcf7538000 	C:\Program Files\Java\jdk-18\bin\fontmanager.dll
0x00007ffd88c20000 - 0x00007ffd88ccf000 	C:\windows\System32\clbcatq.dll
0x00007ffd75ff0000 - 0x00007ffd7619e000 	C:\windows\SYSTEM32\WindowsCodecs.dll
0x00007ffd4ccb0000 - 0x00007ffd4cd0d000 	C:\windows\system32\dataexchange.dll
0x00007ffd75350000 - 0x00007ffd755b6000 	C:\windows\system32\twinapi.appcore.dll
0x00007ffd5c9f0000 - 0x00007ffd5cb1d000 	C:\windows\SYSTEM32\textinputframework.dll
0x00007ffd82540000 - 0x00007ffd82672000 	C:\windows\SYSTEM32\CoreMessaging.dll
0x00007ffd776f0000 - 0x00007ffd77a5d000 	C:\windows\SYSTEM32\CoreUIComponents.dll
0x00007ffd876a0000 - 0x00007ffd876ac000 	C:\windows\SYSTEM32\CRYPTBASE.DLL

dbghelp: loaded successfully - version: 4.0.5 - missing functions: none
symbol engine: initialized successfully - sym options: 0x614 - pdb path: .;C:\Program Files\Java\jdk-18\bin;C:\windows\SYSTEM32;C:\windows\WinSxS\amd64_microsoft.windows.common-controls_6595b64144ccf1df_6.0.22000.120_none_9d947278b86cc467;C:\Program Files\Java\jdk-18\bin\server

VM Arguments:
jvm_args: -Dfile.encoding=UTF-8 --module-path=C:\Users\ayush\OneDrive\Documents\University Files\Semester 4\Lab\Project\Bank Management\Bank Management\build\classes 
java_command: bank.management.Loan_Application
java_class_path (initial): C:\Users\ayush\Downloads\jcalendar-tz-1.3.3-4.jar;C:\Users\ayush\Downloads\mysql-connector-java-8.0.28.jar;C:\Users\ayush\OneDrive\Documents\University Files\Semester 4\Lab\Project\Bank Management\Bank Management\build\classes
Launcher Type: SUN_STANDARD

[Global flags]
     intx CICompilerCount                          = 4                                         {product} {ergonomic}
     uint ConcGCThreads                            = 3                                         {product} {ergonomic}
     uint G1ConcRefinementThreads                  = 10                                        {product} {ergonomic}
   size_t G1HeapRegionSize                         = 2097152                                   {product} {ergonomic}
    uintx GCDrainStackTargetSize                   = 64                                        {product} {ergonomic}
   size_t InitialHeapSize                          = 197132288                                 {product} {ergonomic}
   size_t MarkStackSize                            = 4194304                                   {product} {ergonomic}
   size_t MaxHeapSize                              = 3126853632                                {product} {ergonomic}
   size_t MaxNewSize                               = 1874853888                                {product} {ergonomic}
   size_t MinHeapDeltaBytes                        = 2097152                                   {product} {ergonomic}
   size_t MinHeapSize                              = 8388608                                   {product} {ergonomic}
    uintx NonNMethodCodeHeapSize                   = 5839372                                {pd product} {ergonomic}
    uintx NonProfiledCodeHeapSize                  = 122909434                              {pd product} {ergonomic}
    uintx ProfiledCodeHeapSize                     = 122909434                              {pd product} {ergonomic}
    uintx ReservedCodeCacheSize                    = 251658240                              {pd product} {ergonomic}
     bool SegmentedCodeCache                       = true                                      {product} {ergonomic}
   size_t SoftMaxHeapSize                          = 3126853632                             {manageable} {ergonomic}
     bool UseCompressedClassPointers               = true                           {product lp64_product} {ergonomic}
     bool UseCompressedOops                        = true                           {product lp64_product} {ergonomic}
     bool UseG1GC                                  = true                                      {product} {ergonomic}
     bool UseLargePagesIndividualAllocation        = false                                  {pd product} {ergonomic}

Logging:
Log output configuration:
 #0: stdout all=warning uptime,level,tags foldmultilines=false
 #1: stderr all=off uptime,level,tags foldmultilines=false

Environment Variables:
PATH=C:\Program Files\Python310\Scripts\;C:\Program Files\Python310\;C:\Program Files\Common Files\Oracle\Java\javapath;C:\windows\system32;C:\windows;C:\windows\System32\Wbem;C:\windows\System32\WindowsPowerShell\v1.0\;C:\windows\System32\OpenSSH\;C:\Program Files (x86)\NVIDIA Corporation\PhysX\Common;C:\Program Files\NVIDIA Corporation\NVIDIA NvDLISR;C:\Program Files\nodejs\;C:\Program Files\MySQL\MySQL Server 8.0\bin;C:\Program Files\MySQL\MySQL Shell 8.0\bin\;C:\Users\ayush\AppData\Local\Microsoft\WindowsApps;C:\Users\ayush\AppData\Local\Programs\Microsoft VS Code\bin;C:\MinGW\bin;C:\Users\ayush\AppData\Roaming\npm
USERNAME=ayush
OS=Windows_NT
PROCESSOR_IDENTIFIER=Intel64 Family 6 Model 141 Stepping 1, GenuineIntel



---------------  S Y S T E M  ---------------

OS:
 Windows 11 , 64 bit Build 22000 (10.0.22000.708)
OS uptime: 0 days 2:36 hours

CPU: total 12 (initial active 12) (6 cores per cpu, 2 threads per core) family 6 model 141 stepping 1 microcode 0x3c, cx8, cmov, fxsr, ht, mmx, 3dnowpref, sse, sse2, sse3, ssse3, sse4.1, sse4.2, popcnt, lzcnt, tsc, tscinvbit, avx, avx2, aes, erms, clmul, bmi1, bmi2, adx, avx512f, avx512dq, avx512cd, avx512bw, avx512vl, sha, fma, vzeroupper, avx512_vpopcntdq, avx512_vpclmulqdq, avx512_vaes, avx512_vnni, clflush, clflushopt, clwb, avx512_vbmi2, avx512_vbmi

Memory: 4k page, system-wide physical 11925M (435M free)
TotalPageFile size 42349M (AvailPageFile size 0M)
current process WorkingSet (physical memory assigned to process): 164M, peak: 184M
current process commit charge ("private bytes"): 295M, peak: 326M

vm_info: Java HotSpot(TM) 64-Bit Server VM (18+36-2087) for windows-amd64 JRE (18+36-2087), built on Feb 15 2022 09:43:11 by "mach5one" with MS VC++ 16.8 / 16.9 (VS2019)

END.
