#
# There is insufficient memory for the Java Runtime Environment to continue.
# Native memory allocation (malloc) failed to allocate 138656 bytes for Chunk::new
# Possible reasons:
#   The system is out of physical RAM or swap space
#   The process is running with CompressedOops enabled, and the Java Heap may be blocking the growth of the native heap
# Possible solutions:
#   Reduce memory load on the system
#   Increase physical memory or swap space
#   Check if swap backing store is full
#   Decrease Java heap size (-Xmx/-Xms)
#   Decrease number of Java threads
#   Decrease Java thread stack sizes (-Xss)
#   Set larger code cache with -XX:ReservedCodeCacheSize=
#   JVM is running with Unscaled Compressed Oops mode in which the Java heap is
#     placed in the first 4GB address space. The Java Heap base address is the
#     maximum limit for the native heap growth. Please use -XX:HeapBaseMinAddress
#     to set the Java Heap base and to place the Java Heap above 4GB virtual address.
# This output file may be truncated or incomplete.
#
#  Out of Memory Error (arena.cpp:184), pid=20072, tid=21440
#
# JRE version: Java(TM) SE Runtime Environment (18.0.1.1+2) (build 18.0.1.1+2-6)
# Java VM: Java HotSpot(TM) 64-Bit Server VM (18.0.1.1+2-6, mixed mode, sharing, tiered, compressed oops, compressed class ptrs, g1 gc, windows-amd64)
# No core dump will be written. Minidumps are not enabled by default on client versions of Windows
#

---------------  S U M M A R Y ------------

Command Line: -Dfile.encoding=UTF-8 --module-path=C:\Users\Hp\Downloads\bank managment final\Bank Management\build\classes bank.management.Login

Host: Intel(R) Core(TM) i5-1035G1 CPU @ 1.00GHz, 8 cores, 7G,  Windows 10 , 64 bit Build 19041 (10.0.19041.1741)
Time: Thu Jul 14 08:08:27 2022 Pakistan Standard Time elapsed time: 0.086858 seconds (0d 0h 0m 0s)

---------------  T H R E A D  ---------------

Current thread (0x0000014eb6db4b20):  JavaThread "C2 CompilerThread0" daemon [_thread_in_native, id=21440, stack(0x0000003c1ec00000,0x0000003c1ed00000)]


Current CompileTask:
C2:     86  147       4       java.util.HashMap::putVal (300 bytes)

Stack: [0x0000003c1ec00000,0x0000003c1ed00000]
Native frames: (J=compiled Java code, j=interpreted, Vv=VM code, C=native code)
V  [jvm.dll+0x69887a]
V  [jvm.dll+0x7f38bd]
V  [jvm.dll+0x7f51ce]
V  [jvm.dll+0x7f5883]
V  [jvm.dll+0x25ca3f]
V  [jvm.dll+0xb8c2f]
V  [jvm.dll+0xb8fa5]
V  [jvm.dll+0x2c794f]
V  [jvm.dll+0x5a05b0]
V  [jvm.dll+0x238398]
V  [jvm.dll+0x2319c5]
V  [jvm.dll+0x22eeeb]
V  [jvm.dll+0x1b9cfc]
V  [jvm.dll+0x23e8ca]
V  [jvm.dll+0x23cbb5]
V  [jvm.dll+0x7a5fb1]
V  [jvm.dll+0x7a03ea]
V  [jvm.dll+0x697725]
C  [ucrtbase.dll+0x21bb2]
C  [KERNEL32.DLL+0x17034]
C  [ntdll.dll+0x52651]


---------------  P R O C E S S  ---------------

Threads class SMR info:
_java_thread_list=0x0000014ebb2366a0, length=13, elements={
0x0000014e98efdc70, 0x0000014eb6d98ea0, 0x0000014eb6d99750, 0x0000014eb6dadee0,
0x0000014eb6db07a0, 0x0000014eb6db1050, 0x0000014eb6db1d10, 0x0000014eb6db4b20,
0x0000014eb6db5020, 0x0000014eb6db7670, 0x0000014eb6d83880, 0x0000014ebb28b540,
0x0000014ebb23ae40
}

Java Threads: ( => current thread )
  0x0000014e98efdc70 JavaThread "main" [_thread_in_vm, id=21428, stack(0x0000003c1df00000,0x0000003c1e000000)]
  0x0000014eb6d98ea0 JavaThread "Reference Handler" daemon [_thread_blocked, id=16624, stack(0x0000003c1e600000,0x0000003c1e700000)]
  0x0000014eb6d99750 JavaThread "Finalizer" daemon [_thread_blocked, id=19720, stack(0x0000003c1e700000,0x0000003c1e800000)]
  0x0000014eb6dadee0 JavaThread "Signal Dispatcher" daemon [_thread_blocked, id=20612, stack(0x0000003c1e800000,0x0000003c1e900000)]
  0x0000014eb6db07a0 JavaThread "Attach Listener" daemon [_thread_blocked, id=17392, stack(0x0000003c1e900000,0x0000003c1ea00000)]
  0x0000014eb6db1050 JavaThread "Service Thread" daemon [_thread_blocked, id=21444, stack(0x0000003c1ea00000,0x0000003c1eb00000)]
  0x0000014eb6db1d10 JavaThread "Monitor Deflation Thread" daemon [_thread_blocked, id=21436, stack(0x0000003c1eb00000,0x0000003c1ec00000)]
=>0x0000014eb6db4b20 JavaThread "C2 CompilerThread0" daemon [_thread_in_native, id=21440, stack(0x0000003c1ec00000,0x0000003c1ed00000)]
  0x0000014eb6db5020 JavaThread "C1 CompilerThread0" daemon [_thread_blocked, id=13136, stack(0x0000003c1ed00000,0x0000003c1ee00000)]
  0x0000014eb6db7670 JavaThread "Sweeper thread" daemon [_thread_blocked, id=19680, stack(0x0000003c1ee00000,0x0000003c1ef00000)]
  0x0000014eb6d83880 JavaThread "Common-Cleaner" daemon [_thread_blocked, id=20592, stack(0x0000003c1ef00000,0x0000003c1f000000)]
  0x0000014ebb28b540 JavaThread "Notification Thread" daemon [_thread_blocked, id=18332, stack(0x0000003c1f000000,0x0000003c1f100000)]
  0x0000014ebb23ae40 JavaThread "C2 CompilerThread1" daemon [_thread_blocked, id=16620, stack(0x0000003c1f200000,0x0000003c1f300000)]

Other Threads:
  0x0000014e98f788e0 VMThread "VM Thread" [stack: 0x0000003c1e500000,0x0000003c1e600000] [id=20632]
  0x0000014ebb28ba00 WatcherThread "VM Periodic Task Thread" [stack: 0x0000003c1f100000,0x0000003c1f200000] [id=20796]
  0x0000014e98f5b670 WorkerThread "GC Thread#0" [stack: 0x0000003c1e000000,0x0000003c1e100000] [id=20256]
  0x0000014e98f6eb50 ConcurrentGCThread "G1 Main Marker" [stack: 0x0000003c1e100000,0x0000003c1e200000] [id=20264]
  0x0000014e98f70460 WorkerThread "G1 Conc#0" [stack: 0x0000003c1e200000,0x0000003c1e300000] [id=20456]
  0x0000014e98fb9e50 ConcurrentGCThread "G1 Refine#0" [stack: 0x0000003c1e300000,0x0000003c1e400000] [id=20792]
  0x0000014e98fba670 ConcurrentGCThread "G1 Service" [stack: 0x0000003c1e400000,0x0000003c1e500000] [id=18772]

Threads with active compile tasks:
C2 CompilerThread0      101  147       4       java.util.HashMap::putVal (300 bytes)

VM state: not at safepoint (normal execution)

VM Mutex/Monitor currently owned by a thread: None

Heap address: 0x0000000084c00000, size: 1972 MB, Compressed Oops mode: 32-bit

CDS archive(s) mapped at: [0x0000000800000000-0x0000000800ba0000-0x0000000800ba0000), size 12189696, SharedBaseAddress: 0x0000000800000000, ArchiveRelocationMode: 0.
Compressed class space mapped at: 0x0000000800c00000-0x0000000840c00000, reserved size: 1073741824
Narrow klass base: 0x0000000800000000, Narrow klass shift: 0, Narrow klass range: 0x100000000

GC Precious Log:
 CardTable entry size: 512
 Card Set container configuration: InlinePtr #cards 5 size 8 Array Of Cards #cards 12 size 40 Howl #buckets 4 coarsen threshold 1843 Howl Bitmap #cards 512 size 80 coarsen threshold 460 Card regions per heap region 1 cards per card region 2048
 CPUs: 8 total, 8 available
 Memory: 7880M
 Large Page Support: Disabled
 NUMA Support: Disabled
 Compressed Oops: Enabled (32-bit)
 Heap Region Size: 1M
 Heap Min Capacity: 8M
 Heap Initial Capacity: 124M
 Heap Max Capacity: 1972M
 Pre-touch: Disabled
 Parallel Workers: 8
 Concurrent Workers: 2
 Concurrent Refinement Workers: 8
 Periodic GC: Disabled

Heap:
 garbage-first heap   total 126976K, used 1024K [0x0000000084c00000, 0x0000000100000000)
  region size 1024K, 2 young (2048K), 0 survivors (0K)
 Metaspace       used 782K, committed 960K, reserved 1114112K
  class space    used 50K, committed 128K, reserved 1048576K

Heap Regions: E=young(eden), S=young(survivor), O=old, HS=humongous(starts), HC=humongous(continues), CS=collection set, F=free, OA=open archive, CA=closed archive, TAMS=top-at-mark-start (previous, next)
|   0|0x0000000084c00000, 0x0000000084c00000, 0x0000000084d00000|  0%| F|  |TAMS 0x0000000084c00000, 0x0000000084c00000| Untracked 
|   1|0x0000000084d00000, 0x0000000084d00000, 0x0000000084e00000|  0%| F|  |TAMS 0x0000000084d00000, 0x0000000084d00000| Untracked 
|   2|0x0000000084e00000, 0x0000000084e00000, 0x0000000084f00000|  0%| F|  |TAMS 0x0000000084e00000, 0x0000000084e00000| Untracked 
|   3|0x0000000084f00000, 0x0000000084f00000, 0x0000000085000000|  0%| F|  |TAMS 0x0000000084f00000, 0x0000000084f00000| Untracked 
|   4|0x0000000085000000, 0x0000000085000000, 0x0000000085100000|  0%| F|  |TAMS 0x0000000085000000, 0x0000000085000000| Untracked 
|   5|0x0000000085100000, 0x0000000085100000, 0x0000000085200000|  0%| F|  |TAMS 0x0000000085100000, 0x0000000085100000| Untracked 
|   6|0x0000000085200000, 0x0000000085200000, 0x0000000085300000|  0%| F|  |TAMS 0x0000000085200000, 0x0000000085200000| Untracked 
|   7|0x0000000085300000, 0x0000000085300000, 0x0000000085400000|  0%| F|  |TAMS 0x0000000085300000, 0x0000000085300000| Untracked 
|   8|0x0000000085400000, 0x0000000085400000, 0x0000000085500000|  0%| F|  |TAMS 0x0000000085400000, 0x0000000085400000| Untracked 
|   9|0x0000000085500000, 0x0000000085500000, 0x0000000085600000|  0%| F|  |TAMS 0x0000000085500000, 0x0000000085500000| Untracked 
|  10|0x0000000085600000, 0x0000000085600000, 0x0000000085700000|  0%| F|  |TAMS 0x0000000085600000, 0x0000000085600000| Untracked 
|  11|0x0000000085700000, 0x0000000085700000, 0x0000000085800000|  0%| F|  |TAMS 0x0000000085700000, 0x0000000085700000| Untracked 
|  12|0x0000000085800000, 0x0000000085800000, 0x0000000085900000|  0%| F|  |TAMS 0x0000000085800000, 0x0000000085800000| Untracked 
|  13|0x0000000085900000, 0x0000000085900000, 0x0000000085a00000|  0%| F|  |TAMS 0x0000000085900000, 0x0000000085900000| Untracked 
|  14|0x0000000085a00000, 0x0000000085a00000, 0x0000000085b00000|  0%| F|  |TAMS 0x0000000085a00000, 0x0000000085a00000| Untracked 
|  15|0x0000000085b00000, 0x0000000085b00000, 0x0000000085c00000|  0%| F|  |TAMS 0x0000000085b00000, 0x0000000085b00000| Untracked 
|  16|0x0000000085c00000, 0x0000000085c00000, 0x0000000085d00000|  0%| F|  |TAMS 0x0000000085c00000, 0x0000000085c00000| Untracked 
|  17|0x0000000085d00000, 0x0000000085d00000, 0x0000000085e00000|  0%| F|  |TAMS 0x0000000085d00000, 0x0000000085d00000| Untracked 
|  18|0x0000000085e00000, 0x0000000085e00000, 0x0000000085f00000|  0%| F|  |TAMS 0x0000000085e00000, 0x0000000085e00000| Untracked 
|  19|0x0000000085f00000, 0x0000000085f00000, 0x0000000086000000|  0%| F|  |TAMS 0x0000000085f00000, 0x0000000085f00000| Untracked 
|  20|0x0000000086000000, 0x0000000086000000, 0x0000000086100000|  0%| F|  |TAMS 0x0000000086000000, 0x0000000086000000| Untracked 
|  21|0x0000000086100000, 0x0000000086100000, 0x0000000086200000|  0%| F|  |TAMS 0x0000000086100000, 0x0000000086100000| Untracked 
|  22|0x0000000086200000, 0x0000000086200000, 0x0000000086300000|  0%| F|  |TAMS 0x0000000086200000, 0x0000000086200000| Untracked 
|  23|0x0000000086300000, 0x0000000086300000, 0x0000000086400000|  0%| F|  |TAMS 0x0000000086300000, 0x0000000086300000| Untracked 
|  24|0x0000000086400000, 0x0000000086400000, 0x0000000086500000|  0%| F|  |TAMS 0x0000000086400000, 0x0000000086400000| Untracked 
|  25|0x0000000086500000, 0x0000000086500000, 0x0000000086600000|  0%| F|  |TAMS 0x0000000086500000, 0x0000000086500000| Untracked 
|  26|0x0000000086600000, 0x0000000086600000, 0x0000000086700000|  0%| F|  |TAMS 0x0000000086600000, 0x0000000086600000| Untracked 
|  27|0x0000000086700000, 0x0000000086700000, 0x0000000086800000|  0%| F|  |TAMS 0x0000000086700000, 0x0000000086700000| Untracked 
|  28|0x0000000086800000, 0x0000000086800000, 0x0000000086900000|  0%| F|  |TAMS 0x0000000086800000, 0x0000000086800000| Untracked 
|  29|0x0000000086900000, 0x0000000086900000, 0x0000000086a00000|  0%| F|  |TAMS 0x0000000086900000, 0x0000000086900000| Untracked 
|  30|0x0000000086a00000, 0x0000000086a00000, 0x0000000086b00000|  0%| F|  |TAMS 0x0000000086a00000, 0x0000000086a00000| Untracked 
|  31|0x0000000086b00000, 0x0000000086b00000, 0x0000000086c00000|  0%| F|  |TAMS 0x0000000086b00000, 0x0000000086b00000| Untracked 
|  32|0x0000000086c00000, 0x0000000086c00000, 0x0000000086d00000|  0%| F|  |TAMS 0x0000000086c00000, 0x0000000086c00000| Untracked 
|  33|0x0000000086d00000, 0x0000000086d00000, 0x0000000086e00000|  0%| F|  |TAMS 0x0000000086d00000, 0x0000000086d00000| Untracked 
|  34|0x0000000086e00000, 0x0000000086e00000, 0x0000000086f00000|  0%| F|  |TAMS 0x0000000086e00000, 0x0000000086e00000| Untracked 
|  35|0x0000000086f00000, 0x0000000086f00000, 0x0000000087000000|  0%| F|  |TAMS 0x0000000086f00000, 0x0000000086f00000| Untracked 
|  36|0x0000000087000000, 0x0000000087000000, 0x0000000087100000|  0%| F|  |TAMS 0x0000000087000000, 0x0000000087000000| Untracked 
|  37|0x0000000087100000, 0x0000000087100000, 0x0000000087200000|  0%| F|  |TAMS 0x0000000087100000, 0x0000000087100000| Untracked 
|  38|0x0000000087200000, 0x0000000087200000, 0x0000000087300000|  0%| F|  |TAMS 0x0000000087200000, 0x0000000087200000| Untracked 
|  39|0x0000000087300000, 0x0000000087300000, 0x0000000087400000|  0%| F|  |TAMS 0x0000000087300000, 0x0000000087300000| Untracked 
|  40|0x0000000087400000, 0x0000000087400000, 0x0000000087500000|  0%| F|  |TAMS 0x0000000087400000, 0x0000000087400000| Untracked 
|  41|0x0000000087500000, 0x0000000087500000, 0x0000000087600000|  0%| F|  |TAMS 0x0000000087500000, 0x0000000087500000| Untracked 
|  42|0x0000000087600000, 0x0000000087600000, 0x0000000087700000|  0%| F|  |TAMS 0x0000000087600000, 0x0000000087600000| Untracked 
|  43|0x0000000087700000, 0x0000000087700000, 0x0000000087800000|  0%| F|  |TAMS 0x0000000087700000, 0x0000000087700000| Untracked 
|  44|0x0000000087800000, 0x0000000087800000, 0x0000000087900000|  0%| F|  |TAMS 0x0000000087800000, 0x0000000087800000| Untracked 
|  45|0x0000000087900000, 0x0000000087900000, 0x0000000087a00000|  0%| F|  |TAMS 0x0000000087900000, 0x0000000087900000| Untracked 
|  46|0x0000000087a00000, 0x0000000087a00000, 0x0000000087b00000|  0%| F|  |TAMS 0x0000000087a00000, 0x0000000087a00000| Untracked 
|  47|0x0000000087b00000, 0x0000000087b00000, 0x0000000087c00000|  0%| F|  |TAMS 0x0000000087b00000, 0x0000000087b00000| Untracked 
|  48|0x0000000087c00000, 0x0000000087c00000, 0x0000000087d00000|  0%| F|  |TAMS 0x0000000087c00000, 0x0000000087c00000| Untracked 
|  49|0x0000000087d00000, 0x0000000087d00000, 0x0000000087e00000|  0%| F|  |TAMS 0x0000000087d00000, 0x0000000087d00000| Untracked 
|  50|0x0000000087e00000, 0x0000000087e00000, 0x0000000087f00000|  0%| F|  |TAMS 0x0000000087e00000, 0x0000000087e00000| Untracked 
|  51|0x0000000087f00000, 0x0000000087f00000, 0x0000000088000000|  0%| F|  |TAMS 0x0000000087f00000, 0x0000000087f00000| Untracked 
|  52|0x0000000088000000, 0x0000000088000000, 0x0000000088100000|  0%| F|  |TAMS 0x0000000088000000, 0x0000000088000000| Untracked 
|  53|0x0000000088100000, 0x0000000088100000, 0x0000000088200000|  0%| F|  |TAMS 0x0000000088100000, 0x0000000088100000| Untracked 
|  54|0x0000000088200000, 0x0000000088200000, 0x0000000088300000|  0%| F|  |TAMS 0x0000000088200000, 0x0000000088200000| Untracked 
|  55|0x0000000088300000, 0x0000000088300000, 0x0000000088400000|  0%| F|  |TAMS 0x0000000088300000, 0x0000000088300000| Untracked 
|  56|0x0000000088400000, 0x0000000088400000, 0x0000000088500000|  0%| F|  |TAMS 0x0000000088400000, 0x0000000088400000| Untracked 
|  57|0x0000000088500000, 0x0000000088500000, 0x0000000088600000|  0%| F|  |TAMS 0x0000000088500000, 0x0000000088500000| Untracked 
|  58|0x0000000088600000, 0x0000000088600000, 0x0000000088700000|  0%| F|  |TAMS 0x0000000088600000, 0x0000000088600000| Untracked 
|  59|0x0000000088700000, 0x0000000088700000, 0x0000000088800000|  0%| F|  |TAMS 0x0000000088700000, 0x0000000088700000| Untracked 
|  60|0x0000000088800000, 0x0000000088800000, 0x0000000088900000|  0%| F|  |TAMS 0x0000000088800000, 0x0000000088800000| Untracked 
|  61|0x0000000088900000, 0x0000000088900000, 0x0000000088a00000|  0%| F|  |TAMS 0x0000000088900000, 0x0000000088900000| Untracked 
|  62|0x0000000088a00000, 0x0000000088a00000, 0x0000000088b00000|  0%| F|  |TAMS 0x0000000088a00000, 0x0000000088a00000| Untracked 
|  63|0x0000000088b00000, 0x0000000088b00000, 0x0000000088c00000|  0%| F|  |TAMS 0x0000000088b00000, 0x0000000088b00000| Untracked 
|  64|0x0000000088c00000, 0x0000000088c00000, 0x0000000088d00000|  0%| F|  |TAMS 0x0000000088c00000, 0x0000000088c00000| Untracked 
|  65|0x0000000088d00000, 0x0000000088d00000, 0x0000000088e00000|  0%| F|  |TAMS 0x0000000088d00000, 0x0000000088d00000| Untracked 
|  66|0x0000000088e00000, 0x0000000088e00000, 0x0000000088f00000|  0%| F|  |TAMS 0x0000000088e00000, 0x0000000088e00000| Untracked 
|  67|0x0000000088f00000, 0x0000000088f00000, 0x0000000089000000|  0%| F|  |TAMS 0x0000000088f00000, 0x0000000088f00000| Untracked 
|  68|0x0000000089000000, 0x0000000089000000, 0x0000000089100000|  0%| F|  |TAMS 0x0000000089000000, 0x0000000089000000| Untracked 
|  69|0x0000000089100000, 0x0000000089100000, 0x0000000089200000|  0%| F|  |TAMS 0x0000000089100000, 0x0000000089100000| Untracked 
|  70|0x0000000089200000, 0x0000000089200000, 0x0000000089300000|  0%| F|  |TAMS 0x0000000089200000, 0x0000000089200000| Untracked 
|  71|0x0000000089300000, 0x0000000089300000, 0x0000000089400000|  0%| F|  |TAMS 0x0000000089300000, 0x0000000089300000| Untracked 
|  72|0x0000000089400000, 0x0000000089400000, 0x0000000089500000|  0%| F|  |TAMS 0x0000000089400000, 0x0000000089400000| Untracked 
|  73|0x0000000089500000, 0x0000000089500000, 0x0000000089600000|  0%| F|  |TAMS 0x0000000089500000, 0x0000000089500000| Untracked 
|  74|0x0000000089600000, 0x0000000089600000, 0x0000000089700000|  0%| F|  |TAMS 0x0000000089600000, 0x0000000089600000| Untracked 
|  75|0x0000000089700000, 0x0000000089700000, 0x0000000089800000|  0%| F|  |TAMS 0x0000000089700000, 0x0000000089700000| Untracked 
|  76|0x0000000089800000, 0x0000000089800000, 0x0000000089900000|  0%| F|  |TAMS 0x0000000089800000, 0x0000000089800000| Untracked 
|  77|0x0000000089900000, 0x0000000089900000, 0x0000000089a00000|  0%| F|  |TAMS 0x0000000089900000, 0x0000000089900000| Untracked 
|  78|0x0000000089a00000, 0x0000000089a00000, 0x0000000089b00000|  0%| F|  |TAMS 0x0000000089a00000, 0x0000000089a00000| Untracked 
|  79|0x0000000089b00000, 0x0000000089b00000, 0x0000000089c00000|  0%| F|  |TAMS 0x0000000089b00000, 0x0000000089b00000| Untracked 
|  80|0x0000000089c00000, 0x0000000089c00000, 0x0000000089d00000|  0%| F|  |TAMS 0x0000000089c00000, 0x0000000089c00000| Untracked 
|  81|0x0000000089d00000, 0x0000000089d00000, 0x0000000089e00000|  0%| F|  |TAMS 0x0000000089d00000, 0x0000000089d00000| Untracked 
|  82|0x0000000089e00000, 0x0000000089e00000, 0x0000000089f00000|  0%| F|  |TAMS 0x0000000089e00000, 0x0000000089e00000| Untracked 
|  83|0x0000000089f00000, 0x0000000089f00000, 0x000000008a000000|  0%| F|  |TAMS 0x0000000089f00000, 0x0000000089f00000| Untracked 
|  84|0x000000008a000000, 0x000000008a000000, 0x000000008a100000|  0%| F|  |TAMS 0x000000008a000000, 0x000000008a000000| Untracked 
|  85|0x000000008a100000, 0x000000008a100000, 0x000000008a200000|  0%| F|  |TAMS 0x000000008a100000, 0x000000008a100000| Untracked 
|  86|0x000000008a200000, 0x000000008a200000, 0x000000008a300000|  0%| F|  |TAMS 0x000000008a200000, 0x000000008a200000| Untracked 
|  87|0x000000008a300000, 0x000000008a300000, 0x000000008a400000|  0%| F|  |TAMS 0x000000008a300000, 0x000000008a300000| Untracked 
|  88|0x000000008a400000, 0x000000008a400000, 0x000000008a500000|  0%| F|  |TAMS 0x000000008a400000, 0x000000008a400000| Untracked 
|  89|0x000000008a500000, 0x000000008a500000, 0x000000008a600000|  0%| F|  |TAMS 0x000000008a500000, 0x000000008a500000| Untracked 
|  90|0x000000008a600000, 0x000000008a600000, 0x000000008a700000|  0%| F|  |TAMS 0x000000008a600000, 0x000000008a600000| Untracked 
|  91|0x000000008a700000, 0x000000008a700000, 0x000000008a800000|  0%| F|  |TAMS 0x000000008a700000, 0x000000008a700000| Untracked 
|  92|0x000000008a800000, 0x000000008a800000, 0x000000008a900000|  0%| F|  |TAMS 0x000000008a800000, 0x000000008a800000| Untracked 
|  93|0x000000008a900000, 0x000000008a900000, 0x000000008aa00000|  0%| F|  |TAMS 0x000000008a900000, 0x000000008a900000| Untracked 
|  94|0x000000008aa00000, 0x000000008aa00000, 0x000000008ab00000|  0%| F|  |TAMS 0x000000008aa00000, 0x000000008aa00000| Untracked 
|  95|0x000000008ab00000, 0x000000008ab00000, 0x000000008ac00000|  0%| F|  |TAMS 0x000000008ab00000, 0x000000008ab00000| Untracked 
|  96|0x000000008ac00000, 0x000000008ac00000, 0x000000008ad00000|  0%| F|  |TAMS 0x000000008ac00000, 0x000000008ac00000| Untracked 
|  97|0x000000008ad00000, 0x000000008ad00000, 0x000000008ae00000|  0%| F|  |TAMS 0x000000008ad00000, 0x000000008ad00000| Untracked 
|  98|0x000000008ae00000, 0x000000008ae00000, 0x000000008af00000|  0%| F|  |TAMS 0x000000008ae00000, 0x000000008ae00000| Untracked 
|  99|0x000000008af00000, 0x000000008af00000, 0x000000008b000000|  0%| F|  |TAMS 0x000000008af00000, 0x000000008af00000| Untracked 
| 100|0x000000008b000000, 0x000000008b000000, 0x000000008b100000|  0%| F|  |TAMS 0x000000008b000000, 0x000000008b000000| Untracked 
| 101|0x000000008b100000, 0x000000008b100000, 0x000000008b200000|  0%| F|  |TAMS 0x000000008b100000, 0x000000008b100000| Untracked 
| 102|0x000000008b200000, 0x000000008b200000, 0x000000008b300000|  0%| F|  |TAMS 0x000000008b200000, 0x000000008b200000| Untracked 
| 103|0x000000008b300000, 0x000000008b300000, 0x000000008b400000|  0%| F|  |TAMS 0x000000008b300000, 0x000000008b300000| Untracked 
| 104|0x000000008b400000, 0x000000008b400000, 0x000000008b500000|  0%| F|  |TAMS 0x000000008b400000, 0x000000008b400000| Untracked 
| 105|0x000000008b500000, 0x000000008b500000, 0x000000008b600000|  0%| F|  |TAMS 0x000000008b500000, 0x000000008b500000| Untracked 
| 106|0x000000008b600000, 0x000000008b600000, 0x000000008b700000|  0%| F|  |TAMS 0x000000008b600000, 0x000000008b600000| Untracked 
| 107|0x000000008b700000, 0x000000008b700000, 0x000000008b800000|  0%| F|  |TAMS 0x000000008b700000, 0x000000008b700000| Untracked 
| 108|0x000000008b800000, 0x000000008b800000, 0x000000008b900000|  0%| F|  |TAMS 0x000000008b800000, 0x000000008b800000| Untracked 
| 109|0x000000008b900000, 0x000000008b900000, 0x000000008ba00000|  0%| F|  |TAMS 0x000000008b900000, 0x000000008b900000| Untracked 
| 110|0x000000008ba00000, 0x000000008ba00000, 0x000000008bb00000|  0%| F|  |TAMS 0x000000008ba00000, 0x000000008ba00000| Untracked 
| 111|0x000000008bb00000, 0x000000008bb00000, 0x000000008bc00000|  0%| F|  |TAMS 0x000000008bb00000, 0x000000008bb00000| Untracked 
| 112|0x000000008bc00000, 0x000000008bc00000, 0x000000008bd00000|  0%| F|  |TAMS 0x000000008bc00000, 0x000000008bc00000| Untracked 
| 113|0x000000008bd00000, 0x000000008bd00000, 0x000000008be00000|  0%| F|  |TAMS 0x000000008bd00000, 0x000000008bd00000| Untracked 
| 114|0x000000008be00000, 0x000000008be00000, 0x000000008bf00000|  0%| F|  |TAMS 0x000000008be00000, 0x000000008be00000| Untracked 
| 115|0x000000008bf00000, 0x000000008bf00000, 0x000000008c000000|  0%| F|  |TAMS 0x000000008bf00000, 0x000000008bf00000| Untracked 
| 116|0x000000008c000000, 0x000000008c000000, 0x000000008c100000|  0%| F|  |TAMS 0x000000008c000000, 0x000000008c000000| Untracked 
| 117|0x000000008c100000, 0x000000008c100000, 0x000000008c200000|  0%| F|  |TAMS 0x000000008c100000, 0x000000008c100000| Untracked 
| 118|0x000000008c200000, 0x000000008c200000, 0x000000008c300000|  0%| F|  |TAMS 0x000000008c200000, 0x000000008c200000| Untracked 
| 119|0x000000008c300000, 0x000000008c300000, 0x000000008c400000|  0%| F|  |TAMS 0x000000008c300000, 0x000000008c300000| Untracked 
| 120|0x000000008c400000, 0x000000008c400000, 0x000000008c500000|  0%| F|  |TAMS 0x000000008c400000, 0x000000008c400000| Untracked 
| 121|0x000000008c500000, 0x000000008c500000, 0x000000008c600000|  0%| F|  |TAMS 0x000000008c500000, 0x000000008c500000| Untracked 
| 122|0x000000008c600000, 0x000000008c700000, 0x000000008c700000|100%| E|  |TAMS 0x000000008c600000, 0x000000008c600000| Complete 
| 123|0x000000008c700000, 0x000000008c800000, 0x000000008c800000|100%| E|CS|TAMS 0x000000008c700000, 0x000000008c700000| Complete 

Card table byte_map: [0x0000014eaff50000,0x0000014eb0330000] _byte_map_base: 0x0000014eafb2a000

Marking Bits (Prev, Next): (CMBitMap*) 0x0000014e98f5cb90, (CMBitMap*) 0x0000014e98f5cbd0
 Prev Bits: [0x0000014eb0710000, 0x0000014eb25e0000)
 Next Bits: [0x0000014eb25e0000, 0x0000014eb44b0000)

Polling page: 0x0000014e96e60000

Metaspace:

Usage:
  Non-class:    892.40 KB used.
      Class:     89.24 KB used.
       Both:    981.64 KB used.

Virtual space:
  Non-class space:       64.00 MB reserved,     960.00 KB (  1%) committed,  1 nodes.
      Class space:        1.00 GB reserved,     192.00 KB ( <1%) committed,  1 nodes.
             Both:        1.06 GB reserved,       1.12 MB ( <1%) committed. 

Chunk freelists:
   Non-Class:  3.99 MB
       Class:  3.74 MB
        Both:  7.73 MB

MaxMetaspaceSize: unlimited
CompressedClassSpaceSize: 1.00 GB
Initial GC threshold: 21.00 MB
Current GC threshold: 21.00 MB
CDS: on
MetaspaceReclaimPolicy: balanced
 - commit_granule_bytes: 65536.
 - commit_granule_words: 8192.
 - virtual_space_node_default_size: 8388608.
 - enlarge_chunks_in_place: 1.
 - new_chunks_are_fully_committed: 0.
 - uncommit_free_chunks: 1.
 - use_allocation_guard: 0.


Internal statistics:

num_allocs_failed_limit: 0.
num_arena_births: 8.
num_arena_deaths: 0.
num_vsnodes_births: 2.
num_vsnodes_deaths: 0.
num_space_committed: 18.
num_space_uncommitted: 0.
num_chunks_returned_to_freelist: 0.
num_chunks_taken_from_freelist: 10.
num_chunk_merges: 0.
num_chunk_splits: 5.
num_chunks_enlarged: 2.
num_inconsistent_stats: 0.

CodeHeap 'non-profiled nmethods': size=120000Kb used=61Kb max_used=61Kb free=119939Kb
 bounds [0x0000014ea8310000, 0x0000014ea8580000, 0x0000014eaf840000]
CodeHeap 'profiled nmethods': size=120000Kb used=210Kb max_used=210Kb free=119789Kb
 bounds [0x0000014ea0de0000, 0x0000014ea1050000, 0x0000014ea8310000]
CodeHeap 'non-nmethods': size=5760Kb used=1120Kb max_used=1133Kb free=4639Kb
 bounds [0x0000014ea0840000, 0x0000014ea0ab0000, 0x0000014ea0de0000]
 total_blobs=570 nmethods=197 adapters=286
 compilation: enabled
              stopped_count=0, restarted_count=0
 full_count=0

Compilation events (20 events):
Event: 0.083 Thread 0x0000014eb6db5020  149       1       java.util.KeyValueHolder::getKey (5 bytes)
Event: 0.083 Thread 0x0000014eb6db5020 nmethod 149 0x0000014ea831c610 code [0x0000014ea831c7a0, 0x0000014ea831c878]
Event: 0.083 Thread 0x0000014eb6db5020  168       3       java.util.AbstractSet::<init> (5 bytes)
Event: 0.083 Thread 0x0000014eb6db5020 nmethod 168 0x0000014ea0e0a910 code [0x0000014ea0e0aac0, 0x0000014ea0e0ac78]
Event: 0.083 Thread 0x0000014eb6db5020  150       1       java.util.KeyValueHolder::getValue (5 bytes)
Event: 0.083 Thread 0x0000014eb6db5020 nmethod 150 0x0000014ea831c910 code [0x0000014ea831caa0, 0x0000014ea831cb78]
Event: 0.083 Thread 0x0000014eb6db5020  165       1       java.lang.module.ModuleDescriptor$Version::toString (5 bytes)
Event: 0.083 Thread 0x0000014eb6db5020 nmethod 165 0x0000014ea831cc10 code [0x0000014ea831cda0, 0x0000014ea831ce78]
Event: 0.083 Thread 0x0000014eb6db5020  169       3       java.util.HashSet::<init> (16 bytes)
Event: 0.083 Thread 0x0000014eb6db5020 nmethod 169 0x0000014ea0e0ad90 code [0x0000014ea0e0af60, 0x0000014ea0e0b378]
Event: 0.083 Thread 0x0000014eb6db5020  170       1       java.lang.module.ModuleDescriptor::isOpen (5 bytes)
Event: 0.083 Thread 0x0000014eb6db5020 nmethod 170 0x0000014ea831cf10 code [0x0000014ea831d0a0, 0x0000014ea831d178]
Event: 0.083 Thread 0x0000014eb6db5020  172       3       java.lang.module.ResolvedModule::name (11 bytes)
Event: 0.083 Thread 0x0000014eb6db5020 nmethod 172 0x0000014ea0e0b510 code [0x0000014ea0e0b6a0, 0x0000014ea0e0b7f8]
Event: 0.083 Thread 0x0000014eb6db5020  171       1       java.lang.module.ResolvedModule::configuration (5 bytes)
Event: 0.083 Thread 0x0000014eb6db5020 nmethod 171 0x0000014ea831d210 code [0x0000014ea831d3a0, 0x0000014ea831d478]
Event: 0.083 Thread 0x0000014eb6db5020  174       1       java.lang.module.ModuleDescriptor$Provides::service (5 bytes)
Event: 0.083 Thread 0x0000014eb6db5020 nmethod 174 0x0000014ea831d510 code [0x0000014ea831d6a0, 0x0000014ea831d778]
Event: 0.084 Thread 0x0000014eb6db5020  173       1       java.util.HashMap::size (5 bytes)
Event: 0.084 Thread 0x0000014eb6db5020 nmethod 173 0x0000014ea831d810 code [0x0000014ea831d9a0, 0x0000014ea831da78]

GC Heap History (0 events):
No events

Deoptimization events (0 events):
No events

Classes loaded (20 events):
Event: 0.068 Loading class java/nio/file/NoSuchFileException
Event: 0.068 Loading class java/nio/file/FileSystemException
Event: 0.068 Loading class java/io/IOException
Event: 0.068 Loading class java/io/IOException done
Event: 0.068 Loading class java/nio/file/FileSystemException done
Event: 0.068 Loading class java/nio/file/NoSuchFileException done
Event: 0.068 Loading class java/nio/file/Files$AcceptAllFilter
Event: 0.069 Loading class java/nio/file/DirectoryStream$Filter
Event: 0.069 Loading class java/nio/file/DirectoryStream$Filter done
Event: 0.069 Loading class java/nio/file/Files$AcceptAllFilter done
Event: 0.069 Loading class sun/nio/fs/WindowsDirectoryStream$WindowsDirectoryIterator
Event: 0.069 Loading class sun/nio/fs/WindowsDirectoryStream$WindowsDirectoryIterator done
Event: 0.069 Loading class sun/nio/fs/WindowsPath$WindowsPathWithAttributes
Event: 0.069 Loading class sun/nio/fs/BasicFileAttributesHolder
Event: 0.069 Loading class sun/nio/fs/BasicFileAttributesHolder done
Event: 0.069 Loading class sun/nio/fs/WindowsPath$WindowsPathWithAttributes done
Event: 0.069 Loading class java/nio/file/attribute/FileAttribute
Event: 0.069 Loading class java/nio/file/attribute/FileAttribute done
Event: 0.069 Loading class sun/nio/fs/WindowsSecurityDescriptor
Event: 0.070 Loading class sun/nio/fs/WindowsSecurityDescriptor done

Classes unloaded (0 events):
No events

Classes redefined (0 events):
No events

Internal exceptions (4 events):
Event: 0.068 Thread 0x0000014e98efdc70 Exception <a 'sun/nio/fs/WindowsException'{0x000000008c6359d0}> (0x000000008c6359d0) 
thrown [s\open\src\hotspot\share\prims\jni.cpp, line 516]
Event: 0.068 Thread 0x0000014e98efdc70 Exception <a 'sun/nio/fs/WindowsException'{0x000000008c635f20}> (0x000000008c635f20) 
thrown [s\open\src\hotspot\share\prims\jni.cpp, line 516]
Event: 0.070 Thread 0x0000014e98efdc70 Exception <a 'sun/nio/fs/WindowsException'{0x000000008c638298}> (0x000000008c638298) 
thrown [s\open\src\hotspot\share\prims\jni.cpp, line 516]
Event: 0.070 Thread 0x0000014e98efdc70 Exception <a 'sun/nio/fs/WindowsException'{0x000000008c638d50}> (0x000000008c638d50) 
thrown [s\open\src\hotspot\share\prims\jni.cpp, line 516]

VM Operations (2 events):
Event: 0.071 Executing VM operation: HandshakeAllThreads
Event: 0.071 Executing VM operation: HandshakeAllThreads done

Events (16 events):
Event: 0.006 Loaded shared library C:\Program Files\Java\jdk-18.0.1.1\bin\java.dll
Event: 0.016 Loaded shared library C:\Program Files\Java\jdk-18.0.1.1\bin\jsvml.dll
Event: 0.016 Thread 0x0000014e98efdc70 Thread added: 0x0000014e98efdc70
Event: 0.019 Thread 0x0000014eb6d98ea0 Thread added: 0x0000014eb6d98ea0
Event: 0.019 Thread 0x0000014eb6d99750 Thread added: 0x0000014eb6d99750
Event: 0.030 Thread 0x0000014eb6dadee0 Thread added: 0x0000014eb6dadee0
Event: 0.031 Thread 0x0000014eb6db07a0 Thread added: 0x0000014eb6db07a0
Event: 0.031 Thread 0x0000014eb6db1050 Thread added: 0x0000014eb6db1050
Event: 0.031 Thread 0x0000014eb6db1d10 Thread added: 0x0000014eb6db1d10
Event: 0.031 Thread 0x0000014eb6db4b20 Thread added: 0x0000014eb6db4b20
Event: 0.031 Thread 0x0000014eb6db5020 Thread added: 0x0000014eb6db5020
Event: 0.031 Thread 0x0000014eb6db7670 Thread added: 0x0000014eb6db7670
Event: 0.052 Thread 0x0000014eb6d83880 Thread added: 0x0000014eb6d83880
Event: 0.065 Loaded shared library C:\Program Files\Java\jdk-18.0.1.1\bin\net.dll
Event: 0.067 Loaded shared library C:\Program Files\Java\jdk-18.0.1.1\bin\nio.dll
Event: 0.084 Thread 0x0000014ebb28b540 Thread added: 0x0000014ebb28b540


Dynamic libraries:
0x00007ff7dc680000 - 0x00007ff7dc690000 	C:\Program Files\Java\jdk-18.0.1.1\bin\java.exe
0x00007ffe942d0000 - 0x00007ffe944c7000 	C:\Windows\SYSTEM32\ntdll.dll
0x00007ffe92a80000 - 0x00007ffe92b3d000 	C:\Windows\System32\KERNEL32.DLL
0x00007ffe91ca0000 - 0x00007ffe91f6d000 	C:\Windows\System32\KERNELBASE.dll
0x00007ffe92000000 - 0x00007ffe92100000 	C:\Windows\System32\ucrtbase.dll
0x00007ffe8b580000 - 0x00007ffe8b59a000 	C:\Program Files\Java\jdk-18.0.1.1\bin\VCRUNTIME140.dll
0x00007ffe8e910000 - 0x00007ffe8e928000 	C:\Program Files\Java\jdk-18.0.1.1\bin\jli.dll
0x00007ffe92fc0000 - 0x00007ffe9306e000 	C:\Windows\System32\ADVAPI32.dll
0x00007ffe929c0000 - 0x00007ffe92a5e000 	C:\Windows\System32\msvcrt.dll
0x00007ffe92d20000 - 0x00007ffe92dbc000 	C:\Windows\System32\sechost.dll
0x00007ffe92bc0000 - 0x00007ffe92ce5000 	C:\Windows\System32\RPCRT4.dll
0x00007ffe92dc0000 - 0x00007ffe92f60000 	C:\Windows\System32\USER32.dll
0x00007ffe92100000 - 0x00007ffe92122000 	C:\Windows\System32\win32u.dll
0x00007ffe787b0000 - 0x00007ffe78a4a000 	C:\Windows\WinSxS\amd64_microsoft.windows.common-controls_6595b64144ccf1df_6.0.19041.1110_none_60b5254171f9507e\COMCTL32.dll
0x00007ffe92cf0000 - 0x00007ffe92d1a000 	C:\Windows\System32\GDI32.dll
0x00007ffe91a90000 - 0x00007ffe91b9b000 	C:\Windows\System32\gdi32full.dll
0x00007ffe919f0000 - 0x00007ffe91a8d000 	C:\Windows\System32\msvcp_win.dll
0x00007ffe8ac30000 - 0x00007ffe8ac3a000 	C:\Windows\SYSTEM32\VERSION.dll
0x00007ffe93b10000 - 0x00007ffe93b40000 	C:\Windows\System32\IMM32.DLL
0x00007ffe8b570000 - 0x00007ffe8b57c000 	C:\Program Files\Java\jdk-18.0.1.1\bin\vcruntime140_1.dll
0x00007ffe3f1f0000 - 0x00007ffe3f27d000 	C:\Program Files\Java\jdk-18.0.1.1\bin\msvcp140.dll
0x00007ffe38f70000 - 0x00007ffe39b80000 	C:\Program Files\Java\jdk-18.0.1.1\bin\server\jvm.dll
0x00007ffe92800000 - 0x00007ffe92808000 	C:\Windows\System32\PSAPI.DLL
0x00007ffe73c70000 - 0x00007ffe73c97000 	C:\Windows\SYSTEM32\WINMM.dll
0x00007ffe8b5a0000 - 0x00007ffe8b5a9000 	C:\Windows\SYSTEM32\WSOCK32.dll
0x00007ffe93460000 - 0x00007ffe934cb000 	C:\Windows\System32\WS2_32.dll
0x00007ffe90280000 - 0x00007ffe90292000 	C:\Windows\SYSTEM32\kernel.appcore.dll
0x00007ffe7ed20000 - 0x00007ffe7ed2a000 	C:\Program Files\Java\jdk-18.0.1.1\bin\jimage.dll
0x00007ffe8ffa0000 - 0x00007ffe90184000 	C:\Windows\SYSTEM32\DBGHELP.DLL
0x00007ffe77370000 - 0x00007ffe7739c000 	C:\Windows\SYSTEM32\dbgcore.DLL
0x00007ffe91f70000 - 0x00007ffe91ff2000 	C:\Windows\System32\bcryptPrimitives.dll
0x00007ffe8b500000 - 0x00007ffe8b525000 	C:\Program Files\Java\jdk-18.0.1.1\bin\java.dll
0x00007ffe7ec40000 - 0x00007ffe7ed16000 	C:\Program Files\Java\jdk-18.0.1.1\bin\jsvml.dll
0x00007ffe93b40000 - 0x00007ffe94284000 	C:\Windows\System32\SHELL32.dll
0x00007ffe8f730000 - 0x00007ffe8fec4000 	C:\Windows\SYSTEM32\windows.storage.dll
0x00007ffe934d0000 - 0x00007ffe93824000 	C:\Windows\System32\combase.dll
0x00007ffe91380000 - 0x00007ffe913ac000 	C:\Windows\SYSTEM32\Wldp.dll
0x00007ffe93100000 - 0x00007ffe931ad000 	C:\Windows\System32\SHCORE.dll
0x00007ffe92820000 - 0x00007ffe92875000 	C:\Windows\System32\shlwapi.dll
0x00007ffe91930000 - 0x00007ffe9194f000 	C:\Windows\SYSTEM32\profapi.dll
0x00007ffe7ebf0000 - 0x00007ffe7ec03000 	C:\Program Files\Java\jdk-18.0.1.1\bin\net.dll
0x00007ffe7b6e0000 - 0x00007ffe7b7ea000 	C:\Windows\SYSTEM32\WINHTTP.dll
0x00007ffe910e0000 - 0x00007ffe9114a000 	C:\Windows\system32\mswsock.dll
0x00007ffe7ebd0000 - 0x00007ffe7ebe6000 	C:\Program Files\Java\jdk-18.0.1.1\bin\nio.dll
0x00007ffe7ebb0000 - 0x00007ffe7ebc8000 	C:\Program Files\Java\jdk-18.0.1.1\bin\zip.dll

dbghelp: loaded successfully - version: 4.0.5 - missing functions: none
symbol engine: initialized successfully - sym options: 0x614 - pdb path: .;C:\Program Files\Java\jdk-18.0.1.1\bin;C:\Windows\SYSTEM32;C:\Windows\WinSxS\amd64_microsoft.windows.common-controls_6595b64144ccf1df_6.0.19041.1110_none_60b5254171f9507e;C:\Program Files\Java\jdk-18.0.1.1\bin\server

VM Arguments:
jvm_args: -Dfile.encoding=UTF-8 --module-path=C:\Users\Hp\Downloads\bank managment final\Bank Management\build\classes 
java_command: bank.management.Login
java_class_path (initial): C:\Users\Hp\Downloads\jcalendar-tz-1.3.3-4.jar;C:\Users\Hp\Downloads\mysql-connector-java-8.0.29.jar;C:\Users\Hp\Downloads\bank managment final\Bank Management\build\classes
Launcher Type: SUN_STANDARD

[Global flags]
     intx CICompilerCount                          = 4                                         {product} {ergonomic}
     uint ConcGCThreads                            = 2                                         {product} {ergonomic}
     uint G1ConcRefinementThreads                  = 8                                         {product} {ergonomic}
   size_t G1HeapRegionSize                         = 1048576                                   {product} {ergonomic}
    uintx GCDrainStackTargetSize                   = 64                                        {product} {ergonomic}
   size_t InitialHeapSize                          = 130023424                                 {product} {ergonomic}
   size_t MarkStackSize                            = 4194304                                   {product} {ergonomic}
   size_t MaxHeapSize                              = 2067791872                                {product} {ergonomic}
   size_t MaxNewSize                               = 1240465408                                {product} {ergonomic}
   size_t MinHeapDeltaBytes                        = 1048576                                   {product} {ergonomic}
   size_t MinHeapSize                              = 8388608                                   {product} {ergonomic}
    uintx NonNMethodCodeHeapSize                   = 5839372                                {pd product} {ergonomic}
    uintx NonProfiledCodeHeapSize                  = 122909434                              {pd product} {ergonomic}
    uintx ProfiledCodeHeapSize                     = 122909434                              {pd product} {ergonomic}
    uintx ReservedCodeCacheSize                    = 251658240                              {pd product} {ergonomic}
     bool SegmentedCodeCache                       = true                                      {product} {ergonomic}
   size_t SoftMaxHeapSize                          = 2067791872                             {manageable} {ergonomic}
     bool UseCompressedClassPointers               = true                           {product lp64_product} {ergonomic}
     bool UseCompressedOops                        = true                           {product lp64_product} {ergonomic}
     bool UseG1GC                                  = true                                      {product} {ergonomic}
     bool UseLargePagesIndividualAllocation        = false                                  {pd product} {ergonomic}

Logging:
Log output configuration:
 #0: stdout all=warning uptime,level,tags foldmultilines=false
 #1: stderr all=off uptime,level,tags foldmultilines=false

Environment Variables:
PATH=C:\Program Files\Common Files\Oracle\Java\javapath;C:\Python310\Scripts\;C:\Python310\;C:\Program Files (x86)\Common Files\Oracle\Java\javapath;C:\Windows\system32;C:\Windows;C:\Windows\System32\Wbem;C:\Windows\System32\WindowsPowerShell\v1.0\;C:\Windows\System32\OpenSSH\;C:\Program Files\nodejs\;C:\ProgramData\chocolatey\bin;C:\Program Files\Git\cmd;C:\Program Files\MySQL\MySQL Server 8.0\bin;C:\Program Files\MySQL\MySQL Shell 8.0\bin\;C:\Users\Hp\AppData\Local\Microsoft\WindowsApps;;C:\Users\Hp\AppData\Local\Programs\Microsoft VS Code\bin;C:\Users\Hp\AppData\Roaming\npm
USERNAME=Hp
OS=Windows_NT
PROCESSOR_IDENTIFIER=Intel64 Family 6 Model 126 Stepping 5, GenuineIntel



---------------  S Y S T E M  ---------------

OS:
 Windows 10 , 64 bit Build 19041 (10.0.19041.1741)
OS uptime: 0 days 13:46 hours

CPU: total 8 (initial active 8) (4 cores per cpu, 2 threads per core) family 6 model 126 stepping 5 microcode 0xa8, cx8, cmov, fxsr, ht, mmx, 3dnowpref, sse, sse2, sse3, ssse3, sse4.1, sse4.2, popcnt, lzcnt, tsc, tscinvbit, avx, avx2, aes, erms, clmul, bmi1, bmi2, adx, avx512f, avx512dq, avx512cd, avx512bw, avx512vl, sha, fma, vzeroupper, avx512_vpopcntdq, avx512_vpclmulqdq, avx512_vaes, avx512_vnni, clflush, clflushopt, avx512_vbmi2, avx512_vbmi

Memory: 4k page, system-wide physical 7880M (500M free)
TotalPageFile size 23224M (AvailPageFile size 4M)
current process WorkingSet (physical memory assigned to process): 34M, peak: 34M
current process commit charge ("private bytes"): 208M, peak: 208M

vm_info: Java HotSpot(TM) 64-Bit Server VM (18.0.1.1+2-6) for windows-amd64 JRE (18.0.1.1+2-6), built on Apr 25 2022 21:53:15 by "mach5one" with MS VC++ 16.8 / 16.9 (VS2019)

END.
