#
# There is insufficient memory for the Java Runtime Environment to continue.
# Native memory allocation (malloc) failed to allocate 34688 bytes for Chunk::new
# Possible reasons:
#   The system is out of physical RAM or swap space
#   The process is running with CompressedOops enabled, and the Java Heap may be blocking the growth of the native heap
# Possible solutions:
#   Reduce memory load on the system
#   Increase physical memory or swap space
#   Check if swap backing store is full
#   Decrease Java heap size (-Xmx/-Xms)
#   Decrease number of Java threads
#   Decrease Java thread stack sizes (-Xss)
#   Set larger code cache with -XX:ReservedCodeCacheSize=
#   JVM is running with Zero Based Compressed Oops mode in which the Java heap is
#     placed in the first 32GB address space. The Java Heap base address is the
#     maximum limit for the native heap growth. Please use -XX:HeapBaseMinAddress
#     to set the Java Heap base and to place the Java Heap above 32GB virtual address.
# This output file may be truncated or incomplete.
#
#  Out of Memory Error (arena.cpp:184), pid=24664, tid=12536
#
# JRE version: Java(TM) SE Runtime Environment (18.0+36) (build 18+36-2087)
# Java VM: Java HotSpot(TM) 64-Bit Server VM (18+36-2087, mixed mode, sharing, tiered, compressed oops, compressed class ptrs, g1 gc, windows-amd64)
# No core dump will be written. Minidumps are not enabled by default on client versions of Windows
#

---------------  S U M M A R Y ------------

Command Line: -Dfile.encoding=UTF-8 --module-path=C:\Users\ayush\OneDrive\Documents\University Files\Semester 4\Lab\Project\Bank Management\Bank Management\build\classes bank.management.Loan_Application

Host: 11th Gen Intel(R) Core(TM) i5-11400H @ 2.70GHz, 12 cores, 11G,  Windows 11 , 64 bit Build 22000 (10.0.22000.708)
Time: Fri Jul  8 14:54:36 2022 Pakistan Standard Time elapsed time: 1056.372539 seconds (0d 0h 17m 36s)

---------------  T H R E A D  ---------------

Current thread (0x00000181481a19f0):  JavaThread "C2 CompilerThread0" daemon [_thread_in_native, id=12536, stack(0x000000077d300000,0x000000077d400000)]


Current CompileTask:
C2:1056372 1247       4       java.util.Arrays::binarySearch0 (95 bytes)

Stack: [0x000000077d300000,0x000000077d400000]
Native frames: (J=compiled Java code, j=interpreted, Vv=VM code, C=native code)
V  [jvm.dll+0x69804a]
V  [jvm.dll+0x7f308d]
V  [jvm.dll+0x7f499e]
V  [jvm.dll+0x7f5053]
V  [jvm.dll+0x25ca3f]
V  [jvm.dll+0xb8c2f]
V  [jvm.dll+0xb8fa5]
V  [jvm.dll+0x385a6b]
V  [jvm.dll+0x34f811]
V  [jvm.dll+0x34ecaa]
V  [jvm.dll+0x22fc21]
V  [jvm.dll+0x22eff1]
V  [jvm.dll+0x1b9cfc]
V  [jvm.dll+0x23e8ca]
V  [jvm.dll+0x23cbac]
V  [jvm.dll+0x7a5781]
V  [jvm.dll+0x79fbba]
V  [jvm.dll+0x696ef5]
C  [ucrtbase.dll+0x26c0c]
C  [KERNEL32.DLL+0x154e0]
C  [ntdll.dll+0x485b]


---------------  P R O C E S S  ---------------

Threads class SMR info:
_java_thread_list=0x000001814d2d37b0, length=16, elements={
0x00000181481732b0, 0x0000018148173c50, 0x000001814818ef20, 0x0000018148194470,
0x00000181481922c0, 0x0000018148193fa0, 0x00000181481a19f0, 0x00000181481a22e0,
0x00000181481a2bd0, 0x0000018148192790, 0x0000018148191df0, 0x0000018148192c60,
0x0000018148193130, 0x0000018148193600, 0x0000018148194e10, 0x00000181481952e0
}

Java Threads: ( => current thread )
  0x00000181481732b0 JavaThread "Reference Handler" daemon [_thread_blocked, id=28616, stack(0x000000077cd00000,0x000000077ce00000)]
  0x0000018148173c50 JavaThread "Finalizer" daemon [_thread_blocked, id=16796, stack(0x000000077ce00000,0x000000077cf00000)]
  0x000001814818ef20 JavaThread "Signal Dispatcher" daemon [_thread_blocked, id=27784, stack(0x000000077cf00000,0x000000077d000000)]
  0x0000018148194470 JavaThread "Attach Listener" daemon [_thread_blocked, id=27140, stack(0x000000077d000000,0x000000077d100000)]
  0x00000181481922c0 JavaThread "Service Thread" daemon [_thread_blocked, id=26780, stack(0x000000077d100000,0x000000077d200000)]
  0x0000018148193fa0 JavaThread "Monitor Deflation Thread" daemon [_thread_blocked, id=14252, stack(0x000000077d200000,0x000000077d300000)]
=>0x00000181481a19f0 JavaThread "C2 CompilerThread0" daemon [_thread_in_native, id=12536, stack(0x000000077d300000,0x000000077d400000)]
  0x00000181481a22e0 JavaThread "C1 CompilerThread0" daemon [_thread_blocked, id=28544, stack(0x000000077d400000,0x000000077d500000)]
  0x00000181481a2bd0 JavaThread "Sweeper thread" daemon [_thread_blocked, id=28464, stack(0x000000077d500000,0x000000077d600000)]
  0x0000018148192790 JavaThread "Common-Cleaner" daemon [_thread_blocked, id=26728, stack(0x000000077d600000,0x000000077d700000)]
  0x0000018148191df0 JavaThread "Notification Thread" daemon [_thread_blocked, id=28396, stack(0x000000077d700000,0x000000077d800000)]
  0x0000018148192c60 JavaThread "Java2D Disposer" daemon [_thread_blocked, id=28224, stack(0x000000077da00000,0x000000077db00000)]
  0x0000018148193130 JavaThread "AWT-Shutdown" [_thread_blocked, id=17728, stack(0x000000077db00000,0x000000077dc00000)]
  0x0000018148193600 JavaThread "AWT-Windows" daemon [_thread_in_native, id=27492, stack(0x000000077dc00000,0x000000077dd00000)]
  0x0000018148194e10 JavaThread "AWT-EventQueue-0" [_thread_blocked, id=27720, stack(0x000000077e400000,0x000000077e500000)]
  0x00000181481952e0 JavaThread "DestroyJavaVM" [_thread_blocked, id=28332, stack(0x000000077c600000,0x000000077c700000)]

Other Threads:
  0x00000181278b1b70 VMThread "VM Thread" [stack: 0x000000077cc00000,0x000000077cd00000] [id=23340]
  0x000001814c4f1c10 WatcherThread "VM Periodic Task Thread" [stack: 0x000000077d800000,0x000000077d900000] [id=27028]
  0x000001812789a5a0 WorkerThread "GC Thread#0" [stack: 0x000000077c700000,0x000000077c800000] [id=25424]
  0x000001814d2b7560 WorkerThread "GC Thread#1" [stack: 0x000000077d900000,0x000000077da00000] [id=24468]
  0x000001814d2b7800 WorkerThread "GC Thread#2" [stack: 0x000000077de00000,0x000000077df00000] [id=24748]
  0x000001814c7a30a0 WorkerThread "GC Thread#3" [stack: 0x000000077df00000,0x000000077e000000] [id=23080]
  0x000001814c7e9dc0 WorkerThread "GC Thread#4" [stack: 0x000000077e000000,0x000000077e100000] [id=24804]
  0x000001814c7ea060 WorkerThread "GC Thread#5" [stack: 0x000000077e100000,0x000000077e200000] [id=20232]
  0x000001814c7ea300 WorkerThread "GC Thread#6" [stack: 0x000000077e200000,0x000000077e300000] [id=28112]
  0x000001814c7ec5b0 WorkerThread "GC Thread#7" [stack: 0x000000077e300000,0x000000077e400000] [id=4724]
  0x00000181278a6f20 ConcurrentGCThread "G1 Main Marker" [stack: 0x000000077c800000,0x000000077c900000] [id=26848]
  0x00000181278a8920 WorkerThread "G1 Conc#0" [stack: 0x000000077c900000,0x000000077ca00000] [id=27396]
  0x00000181278fc750 ConcurrentGCThread "G1 Refine#0" [stack: 0x000000077ca00000,0x000000077cb00000] [id=27532]
  0x00000181278fd060 ConcurrentGCThread "G1 Service" [stack: 0x000000077cb00000,0x000000077cc00000] [id=20664]

Threads with active compile tasks:
C2 CompilerThread0  1056396 1247       4       java.util.Arrays::binarySearch0 (95 bytes)

VM state: not at safepoint (normal execution)

VM Mutex/Monitor currently owned by a thread: None

Heap address: 0x0000000503c00000, size: 2982 MB, Compressed Oops mode: Zero based, Oop shift amount: 3

CDS archive(s) mapped at: [0x0000000800000000-0x0000000800ba0000-0x0000000800ba0000), size 12189696, SharedBaseAddress: 0x0000000800000000, ArchiveRelocationMode: 0.
Compressed class space mapped at: 0x0000000800c00000-0x0000000840c00000, reserved size: 1073741824
Narrow klass base: 0x0000000800000000, Narrow klass shift: 0, Narrow klass range: 0x100000000

GC Precious Log:
 CardTable entry size: 512
 Card Set container configuration: InlinePtr #cards 4 size 8 Array Of Cards #cards 16 size 48 Howl #buckets 8 coarsen threshold 3686 Howl Bitmap #cards 512 size 80 coarsen threshold 460 Card regions per heap region 1 cards per card region 4096
 CPUs: 12 total, 12 available
 Memory: 11925M
 Large Page Support: Disabled
 NUMA Support: Disabled
 Compressed Oops: Enabled (Zero based)
 Heap Region Size: 2M
 Heap Min Capacity: 8M
 Heap Initial Capacity: 188M
 Heap Max Capacity: 2982M
 Pre-touch: Disabled
 Parallel Workers: 10
 Concurrent Workers: 3
 Concurrent Refinement Workers: 10
 Periodic GC: Disabled

Heap:
 garbage-first heap   total 192512K, used 92729K [0x0000000503c00000, 0x00000005be200000)
  region size 2048K, 15 young (30720K), 2 survivors (4096K)
 Metaspace       used 9052K, committed 9280K, reserved 1114112K
  class space    used 1040K, committed 1152K, reserved 1048576K

Heap Regions: E=young(eden), S=young(survivor), O=old, HS=humongous(starts), HC=humongous(continues), CS=collection set, F=free, OA=open archive, CA=closed archive, TAMS=top-at-mark-start (previous, next)
|   0|0x0000000503c00000, 0x0000000503e00000, 0x0000000503e00000|100%|HS|  |TAMS 0x0000000503c00000, 0x0000000503c00000| Complete 
|   1|0x0000000503e00000, 0x0000000504000000, 0x0000000504000000|100%|HC|  |TAMS 0x0000000503e00000, 0x0000000503e00000| Complete 
|   2|0x0000000504000000, 0x0000000504200000, 0x0000000504200000|100%|HC|  |TAMS 0x0000000504000000, 0x0000000504000000| Complete 
|   3|0x0000000504200000, 0x0000000504400000, 0x0000000504400000|100%|HC|  |TAMS 0x0000000504200000, 0x0000000504200000| Complete 
|   4|0x0000000504400000, 0x0000000504600000, 0x0000000504600000|100%|HC|  |TAMS 0x0000000504400000, 0x0000000504400000| Complete 
|   5|0x0000000504600000, 0x0000000504800000, 0x0000000504800000|100%|HC|  |TAMS 0x0000000504600000, 0x0000000504600000| Complete 
|   6|0x0000000504800000, 0x0000000504a00000, 0x0000000504a00000|100%|HC|  |TAMS 0x0000000504800000, 0x0000000504800000| Complete 
|   7|0x0000000504a00000, 0x0000000504c00000, 0x0000000504c00000|100%|HC|  |TAMS 0x0000000504a00000, 0x0000000504a00000| Complete 
|   8|0x0000000504c00000, 0x0000000504e00000, 0x0000000504e00000|100%|HC|  |TAMS 0x0000000504c00000, 0x0000000504c00000| Complete 
|   9|0x0000000504e00000, 0x0000000505000000, 0x0000000505000000|100%|HC|  |TAMS 0x0000000504e00000, 0x0000000504e00000| Complete 
|  10|0x0000000505000000, 0x0000000505200000, 0x0000000505200000|100%|HC|  |TAMS 0x0000000505000000, 0x0000000505000000| Complete 
|  11|0x0000000505200000, 0x0000000505400000, 0x0000000505400000|100%|HC|  |TAMS 0x0000000505200000, 0x0000000505200000| Complete 
|  12|0x0000000505400000, 0x0000000505600000, 0x0000000505600000|100%|HC|  |TAMS 0x0000000505400000, 0x0000000505400000| Complete 
|  13|0x0000000505600000, 0x0000000505800000, 0x0000000505800000|100%|HC|  |TAMS 0x0000000505600000, 0x0000000505600000| Complete 
|  14|0x0000000505800000, 0x0000000505a00000, 0x0000000505a00000|100%|HC|  |TAMS 0x0000000505800000, 0x0000000505800000| Complete 
|  15|0x0000000505a00000, 0x0000000505c00000, 0x0000000505c00000|100%|HC|  |TAMS 0x0000000505a00000, 0x0000000505a00000| Complete 
|  16|0x0000000505c00000, 0x0000000505e00000, 0x0000000505e00000|100%|HC|  |TAMS 0x0000000505c00000, 0x0000000505c00000| Complete 
|  17|0x0000000505e00000, 0x0000000506000000, 0x0000000506000000|100%|HC|  |TAMS 0x0000000505e00000, 0x0000000505e00000| Complete 
|  18|0x0000000506000000, 0x0000000506200000, 0x0000000506200000|100%|HC|  |TAMS 0x0000000506000000, 0x0000000506000000| Complete 
|  19|0x0000000506200000, 0x0000000506400000, 0x0000000506400000|100%|HC|  |TAMS 0x0000000506200000, 0x0000000506200000| Complete 
|  20|0x0000000506400000, 0x0000000506600000, 0x0000000506600000|100%|HC|  |TAMS 0x0000000506400000, 0x0000000506400000| Complete 
|  21|0x0000000506600000, 0x0000000506800000, 0x0000000506800000|100%|HC|  |TAMS 0x0000000506600000, 0x0000000506600000| Complete 
|  22|0x0000000506800000, 0x0000000506a00000, 0x0000000506a00000|100%|HC|  |TAMS 0x0000000506800000, 0x0000000506800000| Complete 
|  23|0x0000000506a00000, 0x0000000506c00000, 0x0000000506c00000|100%|HC|  |TAMS 0x0000000506a00000, 0x0000000506a00000| Complete 
|  24|0x0000000506c00000, 0x0000000506e00000, 0x0000000506e00000|100%|HC|  |TAMS 0x0000000506c00000, 0x0000000506c00000| Complete 
|  25|0x0000000506e00000, 0x0000000507000000, 0x0000000507000000|100%|HC|  |TAMS 0x0000000506e00000, 0x0000000506e00000| Complete 
|  26|0x0000000507000000, 0x0000000507200000, 0x0000000507200000|100%|HC|  |TAMS 0x0000000507000000, 0x0000000507000000| Complete 
|  27|0x0000000507200000, 0x0000000507400000, 0x0000000507400000|100%|HS|  |TAMS 0x0000000507200000, 0x0000000507200000| Complete 
|  28|0x0000000507400000, 0x0000000507600000, 0x0000000507600000|100%|HC|  |TAMS 0x0000000507400000, 0x0000000507400000| Complete 
|  29|0x0000000507600000, 0x0000000507800000, 0x0000000507800000|100%|HS|  |TAMS 0x0000000507600000, 0x0000000507600000| Complete 
|  30|0x0000000507800000, 0x0000000507a00000, 0x0000000507a00000|100%|HC|  |TAMS 0x0000000507800000, 0x0000000507800000| Complete 
|  31|0x0000000507a00000, 0x0000000507c00000, 0x0000000507c00000|100%|HC|  |TAMS 0x0000000507a00000, 0x0000000507a00000| Complete 
|  32|0x0000000507c00000, 0x0000000507c00000, 0x0000000507e00000|  0%| F|  |TAMS 0x0000000507c00000, 0x0000000507c00000| Untracked 
|  33|0x0000000507e00000, 0x0000000507e00000, 0x0000000508000000|  0%| F|  |TAMS 0x0000000507e00000, 0x0000000507e00000| Untracked 
|  34|0x0000000508000000, 0x0000000508000000, 0x0000000508200000|  0%| F|  |TAMS 0x0000000508000000, 0x0000000508000000| Untracked 
|  35|0x0000000508200000, 0x0000000508200000, 0x0000000508400000|  0%| F|  |TAMS 0x0000000508200000, 0x0000000508200000| Untracked 
|  36|0x0000000508400000, 0x0000000508400000, 0x0000000508600000|  0%| F|  |TAMS 0x0000000508400000, 0x0000000508400000| Untracked 
|  37|0x0000000508600000, 0x0000000508600000, 0x0000000508800000|  0%| F|  |TAMS 0x0000000508600000, 0x0000000508600000| Untracked 
|  38|0x0000000508800000, 0x0000000508800000, 0x0000000508a00000|  0%| F|  |TAMS 0x0000000508800000, 0x0000000508800000| Untracked 
|  39|0x0000000508a00000, 0x0000000508a00000, 0x0000000508c00000|  0%| F|  |TAMS 0x0000000508a00000, 0x0000000508a00000| Untracked 
|  40|0x0000000508c00000, 0x0000000508c00000, 0x0000000508e00000|  0%| F|  |TAMS 0x0000000508c00000, 0x0000000508c00000| Untracked 
|  41|0x0000000508e00000, 0x0000000508e00000, 0x0000000509000000|  0%| F|  |TAMS 0x0000000508e00000, 0x0000000508e00000| Untracked 
|  42|0x0000000509000000, 0x0000000509000000, 0x0000000509200000|  0%| F|  |TAMS 0x0000000509000000, 0x0000000509000000| Untracked 
|  43|0x0000000509200000, 0x0000000509200000, 0x0000000509400000|  0%| F|  |TAMS 0x0000000509200000, 0x0000000509200000| Untracked 
|  44|0x0000000509400000, 0x0000000509400000, 0x0000000509600000|  0%| F|  |TAMS 0x0000000509400000, 0x0000000509400000| Untracked 
|  45|0x0000000509600000, 0x0000000509600000, 0x0000000509800000|  0%| F|  |TAMS 0x0000000509600000, 0x0000000509600000| Untracked 
|  46|0x0000000509800000, 0x0000000509800000, 0x0000000509a00000|  0%| F|  |TAMS 0x0000000509800000, 0x0000000509800000| Untracked 
|  47|0x0000000509a00000, 0x0000000509a00000, 0x0000000509c00000|  0%| F|  |TAMS 0x0000000509a00000, 0x0000000509a00000| Untracked 
|  48|0x0000000509c00000, 0x0000000509c00000, 0x0000000509e00000|  0%| F|  |TAMS 0x0000000509c00000, 0x0000000509c00000| Untracked 
|  49|0x0000000509e00000, 0x0000000509e00000, 0x000000050a000000|  0%| F|  |TAMS 0x0000000509e00000, 0x0000000509e00000| Untracked 
|  50|0x000000050a000000, 0x000000050a000000, 0x000000050a200000|  0%| F|  |TAMS 0x000000050a000000, 0x000000050a000000| Untracked 
|  51|0x000000050a200000, 0x000000050a200000, 0x000000050a400000|  0%| F|  |TAMS 0x000000050a200000, 0x000000050a200000| Untracked 
|  52|0x000000050a400000, 0x000000050a400000, 0x000000050a600000|  0%| F|  |TAMS 0x000000050a400000, 0x000000050a400000| Untracked 
|  53|0x000000050a600000, 0x000000050a600000, 0x000000050a800000|  0%| F|  |TAMS 0x000000050a600000, 0x000000050a600000| Untracked 
|  54|0x000000050a800000, 0x000000050a800000, 0x000000050aa00000|  0%| F|  |TAMS 0x000000050a800000, 0x000000050a800000| Untracked 
|  55|0x000000050aa00000, 0x000000050aa00000, 0x000000050ac00000|  0%| F|  |TAMS 0x000000050aa00000, 0x000000050aa00000| Untracked 
|  56|0x000000050ac00000, 0x000000050ac00000, 0x000000050ae00000|  0%| F|  |TAMS 0x000000050ac00000, 0x000000050ac00000| Untracked 
|  57|0x000000050ae00000, 0x000000050ae00000, 0x000000050b000000|  0%| F|  |TAMS 0x000000050ae00000, 0x000000050ae00000| Untracked 
|  58|0x000000050b000000, 0x000000050b000000, 0x000000050b200000|  0%| F|  |TAMS 0x000000050b000000, 0x000000050b000000| Untracked 
|  59|0x000000050b200000, 0x000000050b200000, 0x000000050b400000|  0%| F|  |TAMS 0x000000050b200000, 0x000000050b200000| Untracked 
|  60|0x000000050b400000, 0x000000050b400000, 0x000000050b600000|  0%| F|  |TAMS 0x000000050b400000, 0x000000050b400000| Untracked 
|  61|0x000000050b600000, 0x000000050b600000, 0x000000050b800000|  0%| F|  |TAMS 0x000000050b600000, 0x000000050b600000| Untracked 
|  62|0x000000050b800000, 0x000000050b800000, 0x000000050ba00000|  0%| F|  |TAMS 0x000000050b800000, 0x000000050b800000| Untracked 
|  63|0x000000050ba00000, 0x000000050ba00000, 0x000000050bc00000|  0%| F|  |TAMS 0x000000050ba00000, 0x000000050ba00000| Untracked 
|  64|0x000000050bc00000, 0x000000050bc00000, 0x000000050be00000|  0%| F|  |TAMS 0x000000050bc00000, 0x000000050bc00000| Untracked 
|  65|0x000000050be00000, 0x000000050be00000, 0x000000050c000000|  0%| F|  |TAMS 0x000000050be00000, 0x000000050be00000| Untracked 
|  66|0x000000050c000000, 0x000000050c000000, 0x000000050c200000|  0%| F|  |TAMS 0x000000050c000000, 0x000000050c000000| Untracked 
|  67|0x000000050c200000, 0x000000050c200000, 0x000000050c400000|  0%| F|  |TAMS 0x000000050c200000, 0x000000050c200000| Untracked 
|  68|0x000000050c400000, 0x000000050c400000, 0x000000050c600000|  0%| F|  |TAMS 0x000000050c400000, 0x000000050c400000| Untracked 
|  69|0x000000050c600000, 0x000000050c600000, 0x000000050c800000|  0%| F|  |TAMS 0x000000050c600000, 0x000000050c600000| Untracked 
|  70|0x000000050c800000, 0x000000050c800000, 0x000000050ca00000|  0%| F|  |TAMS 0x000000050c800000, 0x000000050c800000| Untracked 
|  71|0x000000050ca00000, 0x000000050ca00000, 0x000000050cc00000|  0%| F|  |TAMS 0x000000050ca00000, 0x000000050ca00000| Untracked 
|  72|0x000000050cc00000, 0x000000050cc8e648, 0x000000050ce00000| 27%| S|CS|TAMS 0x000000050cc00000, 0x000000050cc00000| Complete 
|  73|0x000000050ce00000, 0x000000050d000000, 0x000000050d000000|100%| S|CS|TAMS 0x000000050ce00000, 0x000000050ce00000| Complete 
|  74|0x000000050d000000, 0x000000050d000000, 0x000000050d200000|  0%| F|  |TAMS 0x000000050d000000, 0x000000050d000000| Untracked 
|  75|0x000000050d200000, 0x000000050d200000, 0x000000050d400000|  0%| F|  |TAMS 0x000000050d200000, 0x000000050d200000| Untracked 
|  76|0x000000050d400000, 0x000000050d400000, 0x000000050d600000|  0%| F|  |TAMS 0x000000050d400000, 0x000000050d400000| Untracked 
|  77|0x000000050d600000, 0x000000050d600000, 0x000000050d800000|  0%| F|  |TAMS 0x000000050d600000, 0x000000050d600000| Untracked 
|  78|0x000000050d800000, 0x000000050d800000, 0x000000050da00000|  0%| F|  |TAMS 0x000000050d800000, 0x000000050d800000| Untracked 
|  79|0x000000050da00000, 0x000000050da00000, 0x000000050dc00000|  0%| F|  |TAMS 0x000000050da00000, 0x000000050da00000| Untracked 
|  80|0x000000050dc00000, 0x000000050dc00000, 0x000000050de00000|  0%| F|  |TAMS 0x000000050dc00000, 0x000000050dc00000| Untracked 
|  81|0x000000050de00000, 0x000000050e000000, 0x000000050e000000|100%| E|  |TAMS 0x000000050de00000, 0x000000050de00000| Complete 
|  82|0x000000050e000000, 0x000000050e200000, 0x000000050e200000|100%| E|CS|TAMS 0x000000050e000000, 0x000000050e000000| Complete 
|  83|0x000000050e200000, 0x000000050e400000, 0x000000050e400000|100%| E|CS|TAMS 0x000000050e200000, 0x000000050e200000| Complete 
|  84|0x000000050e400000, 0x000000050e600000, 0x000000050e600000|100%| E|CS|TAMS 0x000000050e400000, 0x000000050e400000| Complete 
|  85|0x000000050e600000, 0x000000050e800000, 0x000000050e800000|100%| E|CS|TAMS 0x000000050e600000, 0x000000050e600000| Complete 
|  86|0x000000050e800000, 0x000000050ea00000, 0x000000050ea00000|100%| E|CS|TAMS 0x000000050e800000, 0x000000050e800000| Complete 
|  87|0x000000050ea00000, 0x000000050ec00000, 0x000000050ec00000|100%| E|CS|TAMS 0x000000050ea00000, 0x000000050ea00000| Complete 
|  88|0x000000050ec00000, 0x000000050ee00000, 0x000000050ee00000|100%| E|CS|TAMS 0x000000050ec00000, 0x000000050ec00000| Complete 
|  89|0x000000050ee00000, 0x000000050f000000, 0x000000050f000000|100%| E|CS|TAMS 0x000000050ee00000, 0x000000050ee00000| Complete 
|  90|0x000000050f000000, 0x000000050f200000, 0x000000050f200000|100%| E|CS|TAMS 0x000000050f000000, 0x000000050f000000| Complete 
|  91|0x000000050f200000, 0x000000050f400000, 0x000000050f400000|100%| E|CS|TAMS 0x000000050f200000, 0x000000050f200000| Complete 
|  92|0x000000050f400000, 0x000000050f600000, 0x000000050f600000|100%| E|CS|TAMS 0x000000050f400000, 0x000000050f400000| Complete 
|  93|0x000000050f600000, 0x000000050f800000, 0x000000050f800000|100%| E|CS|TAMS 0x000000050f600000, 0x000000050f600000| Complete 

Card table byte_map: [0x000001813eca0000,0x000001813f280000] _byte_map_base: 0x000001813c482000

Marking Bits (Prev, Next): (CMBitMap*) 0x000001812789aba0, (CMBitMap*) 0x000001812789abe0
 Prev Bits: [0x000001813f860000, 0x00000181426f8000)
 Next Bits: [0x0000018142700000, 0x0000018145598000)

Polling page: 0x0000018125790000

Metaspace:

Usage:
  Non-class:      7.82 MB used.
      Class:      1.02 MB used.
       Both:      8.84 MB used.

Virtual space:
  Non-class space:       64.00 MB reserved,       7.94 MB ( 12%) committed,  1 nodes.
      Class space:        1.00 GB reserved,       1.12 MB ( <1%) committed,  1 nodes.
             Both:        1.06 GB reserved,       9.06 MB ( <1%) committed. 

Chunk freelists:
   Non-Class:  108.00 KB
       Class:  2.74 MB
        Both:  2.85 MB

MaxMetaspaceSize: unlimited
CompressedClassSpaceSize: 1.00 GB
Initial GC threshold: 21.00 MB
Current GC threshold: 21.00 MB
CDS: on
MetaspaceReclaimPolicy: balanced
 - commit_granule_bytes: 65536.
 - commit_granule_words: 8192.
 - virtual_space_node_default_size: 8388608.
 - enlarge_chunks_in_place: 1.
 - new_chunks_are_fully_committed: 0.
 - uncommit_free_chunks: 1.
 - use_allocation_guard: 0.


Internal statistics:

num_allocs_failed_limit: 0.
num_arena_births: 126.
num_arena_deaths: 0.
num_vsnodes_births: 2.
num_vsnodes_deaths: 0.
num_space_committed: 145.
num_space_uncommitted: 0.
num_chunks_returned_to_freelist: 0.
num_chunks_taken_from_freelist: 182.
num_chunk_merges: 0.
num_chunk_splits: 95.
num_chunks_enlarged: 23.
num_inconsistent_stats: 0.

CodeHeap 'non-profiled nmethods': size=120000Kb used=378Kb max_used=378Kb free=119621Kb
 bounds [0x0000018136c40000, 0x0000018136eb0000, 0x000001813e170000]
CodeHeap 'profiled nmethods': size=120000Kb used=2042Kb max_used=2042Kb free=117957Kb
 bounds [0x000001812f710000, 0x000001812f980000, 0x0000018136c40000]
CodeHeap 'non-nmethods': size=5760Kb used=1304Kb max_used=1336Kb free=4455Kb
 bounds [0x000001812f170000, 0x000001812f3e0000, 0x000001812f710000]
 total_blobs=1861 nmethods=1247 adapters=527
 compilation: enabled
              stopped_count=0, restarted_count=0
 full_count=0

Compilation events (20 events):
Event: 1.100 Thread 0x00000181481a22e0 1238       3       java.awt.geom.AffineTransform::getType (17 bytes)
Event: 1.100 Thread 0x00000181481a22e0 nmethod 1238 0x000001812f909b10 code [0x000001812f909cc0, 0x000001812f909e48]
Event: 1.100 Thread 0x00000181481a22e0 1240       3       javax.swing.JComponent::setFlag (34 bytes)
Event: 1.100 Thread 0x00000181481a22e0 nmethod 1240 0x000001812f909f10 code [0x000001812f90a0a0, 0x000001812f90a258]
Event: 1.100 Thread 0x00000181481a22e0 1241       3       sun.java2d.pipe.PixelToParallelogramConverter::normalize (15 bytes)
Event: 1.100 Thread 0x00000181481a22e0 nmethod 1241 0x000001812f90a310 code [0x000001812f90a4c0, 0x000001812f90a668]
Event: 1.113 Thread 0x00000181481a22e0 1242       3       java.lang.Math::ceil (5 bytes)
Event: 1.113 Thread 0x00000181481a22e0 nmethod 1242 0x000001812f90a790 code [0x000001812f90a920, 0x000001812f90aa28]
Event: 1.113 Thread 0x00000181481a22e0 1243       3       java.lang.StrictMath::ceil (10 bytes)
Event: 1.113 Thread 0x00000181481a22e0 nmethod 1243 0x000001812f90ab10 code [0x000001812f90ace0, 0x000001812f90ae08]
Event: 1.135 Thread 0x00000181481a19f0 nmethod 1193 0x0000018136c97410 code [0x0000018136c97780, 0x0000018136c9bd80]
Event: 4.392 Thread 0x00000181481a22e0 1244       3       javax.swing.RepaintManager::getDelegate (14 bytes)
Event: 4.393 Thread 0x00000181481a22e0 nmethod 1244 0x000001812f90ae90 code [0x000001812f90b040, 0x000001812f90b1c8]
Event: 4.393 Thread 0x00000181481a22e0 1245       3       com.sun.java.swing.SwingUtilities3::getDelegateRepaintManager (73 bytes)
Event: 4.394 Thread 0x00000181481a22e0 nmethod 1245 0x000001812f90b290 code [0x000001812f90b500, 0x000001812f90c2b8]
Event: 1056.306 Thread 0x00000181481a22e0 1246       3       java.util.HashMap::tableSizeFor (32 bytes)
Event: 1056.306 Thread 0x00000181481a22e0 nmethod 1246 0x000001812f90c690 code [0x000001812f90c840, 0x000001812f90ca68]
Event: 1056.337 Thread 0x00000181481a22e0 1248       3       java.security.AccessControlContext::optimize (319 bytes)
Event: 1056.338 Thread 0x00000181481a19f0 1247       4       java.util.Arrays::binarySearch0 (95 bytes)
Event: 1056.343 Thread 0x00000181481a22e0 nmethod 1248 0x000001812f90cb10 code [0x000001812f90ce80, 0x000001812f90e498]

GC Heap History (4 events):
Event: 0.414 GC heap before
{Heap before GC invocations=0 (full 0):
 garbage-first heap   total 192512K, used 75776K [0x0000000503c00000, 0x00000005be200000)
  region size 2048K, 11 young (22528K), 0 survivors (0K)
 Metaspace       used 4679K, committed 4864K, reserved 1114112K
  class space    used 482K, committed 576K, reserved 1048576K
}
Event: 0.419 GC heap after
{Heap after GC invocations=1 (full 0):
 garbage-first heap   total 192512K, used 57904K [0x0000000503c00000, 0x00000005be200000)
  region size 2048K, 2 young (4096K), 2 survivors (4096K)
 Metaspace       used 4679K, committed 4864K, reserved 1114112K
  class space    used 482K, committed 576K, reserved 1048576K
}
Event: 0.519 GC heap before
{Heap before GC invocations=1 (full 0):
 garbage-first heap   total 192512K, used 94768K [0x0000000503c00000, 0x00000005be200000)
  region size 2048K, 20 young (40960K), 2 survivors (4096K)
 Metaspace       used 4680K, committed 4864K, reserved 1114112K
  class space    used 482K, committed 576K, reserved 1048576K
}
Event: 0.523 GC heap after
{Heap after GC invocations=2 (full 0):
 garbage-first heap   total 192512K, used 57913K [0x0000000503c00000, 0x00000005be200000)
  region size 2048K, 2 young (4096K), 2 survivors (4096K)
 Metaspace       used 4680K, committed 4864K, reserved 1114112K
  class space    used 482K, committed 576K, reserved 1048576K
}

Deoptimization events (20 events):
Event: 0.845 Thread 0x000001812783d7c0 Uncommon trap: trap_request=0xffffff45 fr.pc=0x0000018136c69b10 relative=0x0000000000000210
Event: 0.845 Thread 0x000001812783d7c0 Uncommon trap: reason=unstable_if action=reinterpret pc=0x0000018136c69b10 method=java.lang.StringUTF16.compress([CI[BII)I @ 20 c2
Event: 0.845 Thread 0x000001812783d7c0 DEOPT PACKING pc=0x0000018136c69b10 sp=0x000000077c6fda00
Event: 0.845 Thread 0x000001812783d7c0 DEOPT UNPACKING pc=0x000001812f1c5c23 sp=0x000000077c6fd980 mode 2
Event: 0.953 Thread 0x0000018148194e10 Uncommon trap: trap_request=0xffffff45 fr.pc=0x0000018136c847a0 relative=0x00000000000004e0
Event: 0.953 Thread 0x0000018148194e10 Uncommon trap: reason=unstable_if action=reinterpret pc=0x0000018136c847a0 method=java.lang.StringLatin1.toLowerCase(Ljava/lang/String;[BLjava/util/Locale;)Ljava/lang/String; @ 43 c2
Event: 0.953 Thread 0x0000018148194e10 DEOPT PACKING pc=0x0000018136c847a0 sp=0x000000077e4fd470
Event: 0.953 Thread 0x0000018148194e10 DEOPT UNPACKING pc=0x000001812f1c5c23 sp=0x000000077e4fd3e0 mode 2
Event: 1.041 Thread 0x0000018148194e10 Uncommon trap: trap_request=0xffffff45 fr.pc=0x0000018136c49fb8 relative=0x0000000000000098
Event: 1.041 Thread 0x0000018148194e10 Uncommon trap: reason=unstable_if action=reinterpret pc=0x0000018136c49fb8 method=java.lang.String.isLatin1()Z @ 10 c2
Event: 1.041 Thread 0x0000018148194e10 DEOPT PACKING pc=0x0000018136c49fb8 sp=0x000000077e4fd280
Event: 1.041 Thread 0x0000018148194e10 DEOPT UNPACKING pc=0x000001812f1c5c23 sp=0x000000077e4fd1b0 mode 2
Event: 1.051 Thread 0x0000018148194e10 Uncommon trap: trap_request=0xffffff45 fr.pc=0x0000018136c90080 relative=0x0000000000000440
Event: 1.051 Thread 0x0000018148194e10 Uncommon trap: reason=unstable_if action=reinterpret pc=0x0000018136c90080 method=java.lang.Character.isSurrogate(C)Z @ 3 c2
Event: 1.051 Thread 0x0000018148194e10 DEOPT PACKING pc=0x0000018136c90080 sp=0x000000077e4fcf50
Event: 1.051 Thread 0x0000018148194e10 DEOPT UNPACKING pc=0x000001812f1c5c23 sp=0x000000077e4fce68 mode 2
Event: 1.051 Thread 0x0000018148194e10 Uncommon trap: trap_request=0xffffff45 fr.pc=0x0000018136c908b8 relative=0x0000000000000038
Event: 1.051 Thread 0x0000018148194e10 Uncommon trap: reason=unstable_if action=reinterpret pc=0x0000018136c908b8 method=java.lang.Character.isSurrogate(C)Z @ 3 c2
Event: 1.051 Thread 0x0000018148194e10 DEOPT PACKING pc=0x0000018136c908b8 sp=0x000000077e4fcec0
Event: 1.051 Thread 0x0000018148194e10 DEOPT UNPACKING pc=0x000001812f1c5c23 sp=0x000000077e4fce58 mode 2

Classes loaded (20 events):
Event: 1.108 Loading class sun/awt/im/CompositionAreaHandler
Event: 1.108 Loading class sun/awt/im/CompositionAreaHandler done
Event: 1.108 Loading class java/text/AttributedString
Event: 1.108 Loading class java/text/AttributedString done
Event: 1.108 Loading class java/text/AttributedString$AttributedStringIterator
Event: 1.108 Loading class java/text/AttributedCharacterIterator
Event: 1.108 Loading class java/text/AttributedCharacterIterator done
Event: 1.108 Loading class java/text/AttributedString$AttributedStringIterator done
Event: 1.110 Loading class java/awt/TextComponent
Event: 1.111 Loading class java/awt/TextComponent done
Event: 4.363 Loading class java/awt/KeyboardFocusManager$2
Event: 4.363 Loading class java/awt/KeyboardFocusManager$2 done
Event: 4.363 Loading class sun/awt/SunToolkit$1
Event: 4.363 Loading class sun/awt/SunToolkit$1 done
Event: 1056.305 Loading class java/util/WeakHashMap$KeyIterator
Event: 1056.305 Loading class java/util/WeakHashMap$HashIterator
Event: 1056.305 Loading class java/util/WeakHashMap$HashIterator done
Event: 1056.305 Loading class java/util/WeakHashMap$KeyIterator done
Event: 1056.306 Loading class javax/swing/RepaintManager$DisplayChangedRunnable
Event: 1056.306 Loading class javax/swing/RepaintManager$DisplayChangedRunnable done

Classes unloaded (0 events):
No events

Classes redefined (0 events):
No events

Internal exceptions (17 events):
Event: 0.068 Thread 0x000001812783d7c0 Exception <a 'sun/nio/fs/WindowsException'{0x000000050f7302e0}> (0x000000050f7302e0) 
thrown [t:\workspace\open\src\hotspot\share\prims\jni.cpp, line 516]
Event: 0.069 Thread 0x000001812783d7c0 Exception <a 'sun/nio/fs/WindowsException'{0x000000050f730950}> (0x000000050f730950) 
thrown [t:\workspace\open\src\hotspot\share\prims\jni.cpp, line 516]
Event: 0.070 Thread 0x000001812783d7c0 Exception <a 'sun/nio/fs/WindowsException'{0x000000050f733320}> (0x000000050f733320) 
thrown [t:\workspace\open\src\hotspot\share\prims\jni.cpp, line 516]
Event: 0.070 Thread 0x000001812783d7c0 Exception <a 'sun/nio/fs/WindowsException'{0x000000050f734010}> (0x000000050f734010) 
thrown [t:\workspace\open\src\hotspot\share\prims\jni.cpp, line 516]
Event: 0.101 Thread 0x000001812783d7c0 Exception <a 'java/lang/ClassNotFoundException'{0x000000050f468a88}: sun/awt/resources/spi/awtProvider> (0x000000050f468a88) 
thrown [t:\workspace\open\src\hotspot\share\classfile\systemDictionary.cpp, line 255]
Event: 0.121 Thread 0x000001812783d7c0 Exception <a 'java/io/FileNotFoundException'{0x000000050f4bd0b8}> (0x000000050f4bd0b8) 
thrown [t:\workspace\open\src\hotspot\share\prims\jni.cpp, line 516]
Event: 0.128 Thread 0x000001812783d7c0 Exception <a 'java/io/FileNotFoundException'{0x000000050f4ea290}> (0x000000050f4ea290) 
thrown [t:\workspace\open\src\hotspot\share\prims\jni.cpp, line 516]
Event: 0.162 Thread 0x000001812783d7c0 Exception <a 'java/lang/NoSuchMethodError'{0x000000050f52e610}: 'java.lang.Object java.lang.invoke.DirectMethodHandle$Holder.invokeStaticInit(java.lang.Object)'> (0x000000050f52e610) 
thrown [t:\workspace\open\src\hotspot\share\interpreter\linkResolver.cpp, line 766]
Event: 0.192 Thread 0x000001812783d7c0 Exception <a 'java/lang/NoSuchMethodError'{0x000000050f5e87e0}: 'void java.lang.invoke.DirectMethodHandle$Holder.invokeSpecial(java.lang.Object, java.lang.Object, java.lang.Object)'> (0x000000050f5e87e0) 
thrown [t:\workspace\open\src\hotspot\share\interpreter\linkResolver.cpp, line 766]
Event: 0.200 Thread 0x000001812783d7c0 Exception <a 'java/lang/NoSuchMethodError'{0x000000050f213f88}: 'java.lang.Object java.lang.invoke.DirectMethodHandle$Holder.newInvokeSpecial(java.lang.Object, java.lang.Object, java.lang.Object, java.lang.Object, java.lang.Object)'> (0x000000050f213f88) 
thrown [t:\workspace\open\src\hotspot\share\interpreter\linkResolver.cpp, line 766]
Event: 0.206 Thread 0x000001812783d7c0 Exception <a 'java/lang/NoSuchMethodError'{0x000000050f245a98}: 'java.lang.Object java.lang.invoke.DirectMethodHandle$Holder.invokeStatic(java.lang.Object, int, java.lang.Object)'> (0x000000050f245a98) 
thrown [t:\workspace\open\src\hotspot\share\interpreter\linkResolver.cpp, line 766]
Event: 0.224 Thread 0x000001812783d7c0 Exception <a 'java/lang/ClassNotFoundException'{0x000000050f3029b0}: com/sun/swing/internal/plaf/metal/resources/spi/metalProvider> (0x000000050f3029b0) 
thrown [t:\workspace\open\src\hotspot\share\classfile\systemDictionary.cpp, line 255]
Event: 0.225 Thread 0x000001812783d7c0 Exception <a 'java/lang/ClassNotFoundException'{0x000000050f3069e8}: com/sun/swing/internal/plaf/basic/resources/spi/basicProvider> (0x000000050f3069e8) 
thrown [t:\workspace\open\src\hotspot\share\classfile\systemDictionary.cpp, line 255]
Event: 0.231 Thread 0x000001812783d7c0 Exception <a 'java/lang/NoSuchMethodError'{0x000000050f326e98}: 'int java.lang.invoke.Invokers$Holder.invokeExact_MT(java.lang.Object, java.lang.Object)'> (0x000000050f326e98) 
thrown [t:\workspace\open\src\hotspot\share\interpreter\linkResolver.cpp, line 766]
Event: 0.275 Thread 0x0000018148194940 Exception <a 'java/lang/NoSuchMethodError'{0x000000050f0cde50}: 'java.lang.Object java.lang.invoke.DirectMethodHandle$Holder.newInvokeSpecial(java.lang.Object, java.lang.Object, java.lang.Object, int, int, int, int, int)'> (0x000000050f0cde50) 
thrown [t:\workspace\open\src\hotspot\share\interpreter\linkResolver.cpp, line 766]
Event: 0.825 Thread 0x0000018148193600 Exception <a 'java/lang/NoSuchMethodError'{0x000000050e708b28}: 'void java.lang.invoke.DirectMethodHandle$Holder.invokeVirtual(java.lang.Object, java.lang.Object)'> (0x000000050e708b28) 
thrown [t:\workspace\open\src\hotspot\share\interpreter\linkResolver.cpp, line 766]
Event: 0.836 Thread 0x000001812783d7c0 Exception <a 'java/lang/NoSuchMethodError'{0x000000050e761820}: 'void java.lang.invoke.DirectMethodHandle$Holder.invokeStaticInit(java.lang.Object)'> (0x000000050e761820) 
thrown [t:\workspace\open\src\hotspot\share\interpreter\linkResolver.cpp, line 766]

VM Operations (14 events):
Event: 0.070 Executing VM operation: HandshakeAllThreads
Event: 0.070 Executing VM operation: HandshakeAllThreads done
Event: 0.414 Executing VM operation: G1CollectForAllocation
Event: 0.419 Executing VM operation: G1CollectForAllocation done
Event: 0.519 Executing VM operation: G1CollectForAllocation
Event: 0.523 Executing VM operation: G1CollectForAllocation done
Event: 0.561 Executing VM operation: HandshakeAllThreads
Event: 0.561 Executing VM operation: HandshakeAllThreads done
Event: 0.774 Executing VM operation: HandshakeAllThreads
Event: 0.775 Executing VM operation: HandshakeAllThreads done
Event: 1.096 Executing VM operation: HandshakeAllThreads
Event: 1.096 Executing VM operation: HandshakeAllThreads done
Event: 2.111 Executing VM operation: Cleanup
Event: 2.111 Executing VM operation: Cleanup done

Events (20 events):
Event: 0.067 Loaded shared library C:\Program Files\Java\jdk-18\bin\nio.dll
Event: 0.080 Thread 0x0000018148191df0 Thread added: 0x0000018148191df0
Event: 0.083 Loaded shared library C:\Program Files\Java\jdk-18\bin\zip.dll
Event: 0.085 Thread 0x000001814c594230 Thread added: 0x000001814c594230
Event: 0.097 Loaded shared library C:\Program Files\Java\jdk-18\bin\jimage.dll
Event: 0.109 Loaded shared library C:\Program Files\Java\jdk-18\bin\awt.dll
Event: 0.163 Thread 0x0000018148192c60 Thread added: 0x0000018148192c60
Event: 0.164 Thread 0x0000018148193130 Thread added: 0x0000018148193130
Event: 0.166 Thread 0x0000018148193600 Thread added: 0x0000018148193600
Event: 0.235 Thread 0x0000018148194940 Thread added: 0x0000018148194940
Event: 0.274 Loaded shared library C:\Program Files\Java\jdk-18\bin\javajpeg.dll
Event: 0.377 Thread 0x000001814c594230 Thread exited: 0x000001814c594230
Event: 0.810 Thread 0x0000018148194e10 Thread added: 0x0000018148194e10
Event: 0.839 Loaded shared library C:\Program Files\Java\jdk-18\bin\freetype.dll
Event: 0.840 Loaded shared library C:\Program Files\Java\jdk-18\bin\fontmanager.dll
Event: 0.895 Thread 0x000001812783d7c0 Thread exited: 0x000001812783d7c0
Event: 0.895 Thread 0x00000181481952e0 Thread added: 0x00000181481952e0
Event: 1.062 Thread 0x000001814d3b48f0 Thread added: 0x000001814d3b48f0
Event: 4.392 Thread 0x000001814d3b48f0 Thread exited: 0x000001814d3b48f0
Event: 5.761 Thread 0x0000018148194940 Thread exited: 0x0000018148194940


Dynamic libraries:
0x00007ff6c77a0000 - 0x00007ff6c77b0000 	C:\Program Files\Java\jdk-18\bin\java.exe
0x00007ffd8a940000 - 0x00007ffd8ab49000 	C:\windows\SYSTEM32\ntdll.dll
0x00007ffd894a0000 - 0x00007ffd8955d000 	C:\windows\System32\KERNEL32.DLL
0x00007ffd87e20000 - 0x00007ffd88199000 	C:\windows\System32\KERNELBASE.dll
0x00007ffd88580000 - 0x00007ffd88691000 	C:\windows\System32\ucrtbase.dll
0x00007ffd6e9d0000 - 0x00007ffd6e9e8000 	C:\Program Files\Java\jdk-18\bin\jli.dll
0x00007ffd62070000 - 0x00007ffd6208a000 	C:\Program Files\Java\jdk-18\bin\VCRUNTIME140.dll
0x00007ffd89710000 - 0x00007ffd897be000 	C:\windows\System32\ADVAPI32.dll
0x00007ffd88b50000 - 0x00007ffd88bf3000 	C:\windows\System32\msvcrt.dll
0x00007ffd891a0000 - 0x00007ffd8923e000 	C:\windows\System32\sechost.dll
0x00007ffd892d0000 - 0x00007ffd893f0000 	C:\windows\System32\RPCRT4.dll
0x00007ffd88990000 - 0x00007ffd88b3c000 	C:\windows\System32\USER32.dll
0x00007ffd5ffe0000 - 0x00007ffd60285000 	C:\windows\WinSxS\amd64_microsoft.windows.common-controls_6595b64144ccf1df_6.0.22000.120_none_9d947278b86cc467\COMCTL32.dll
0x00007ffd88430000 - 0x00007ffd88456000 	C:\windows\System32\win32u.dll
0x00007ffd89470000 - 0x00007ffd89499000 	C:\windows\System32\GDI32.dll
0x00007ffd881a0000 - 0x00007ffd882b2000 	C:\windows\System32\gdi32full.dll
0x00007ffd88460000 - 0x00007ffd884fd000 	C:\windows\System32\msvcp_win.dll
0x00007ffd7f3f0000 - 0x00007ffd7f3fa000 	C:\windows\SYSTEM32\VERSION.dll
0x00007ffd8a750000 - 0x00007ffd8a781000 	C:\windows\System32\IMM32.DLL
0x00007ffd7fef0000 - 0x00007ffd7fefc000 	C:\Program Files\Java\jdk-18\bin\vcruntime140_1.dll
0x00007ffcf8a00000 - 0x00007ffcf8a8d000 	C:\Program Files\Java\jdk-18\bin\msvcp140.dll
0x00007ffceeba0000 - 0x00007ffcef7b1000 	C:\Program Files\Java\jdk-18\bin\server\jvm.dll
0x00007ffd88b40000 - 0x00007ffd88b48000 	C:\windows\System32\PSAPI.DLL
0x00007ffd7ff00000 - 0x00007ffd7ff09000 	C:\windows\SYSTEM32\WSOCK32.dll
0x00007ffd7fda0000 - 0x00007ffd7fdd3000 	C:\windows\SYSTEM32\WINMM.dll
0x00007ffd89240000 - 0x00007ffd892af000 	C:\windows\System32\WS2_32.dll
0x00007ffd87010000 - 0x00007ffd87028000 	C:\windows\SYSTEM32\kernel.appcore.dll
0x00007ffd61ff0000 - 0x00007ffd61ffa000 	C:\Program Files\Java\jdk-18\bin\jimage.dll
0x00007ffd85970000 - 0x00007ffd85b91000 	C:\windows\SYSTEM32\DBGHELP.DLL
0x00007ffd678e0000 - 0x00007ffd67911000 	C:\windows\SYSTEM32\dbgcore.DLL
0x00007ffd88500000 - 0x00007ffd8857f000 	C:\windows\System32\bcryptPrimitives.dll
0x00007ffd62000000 - 0x00007ffd62025000 	C:\Program Files\Java\jdk-18\bin\java.dll
0x00007ffd61f10000 - 0x00007ffd61fe6000 	C:\Program Files\Java\jdk-18\bin\jsvml.dll
0x00007ffd897c0000 - 0x00007ffd89f78000 	C:\windows\System32\SHELL32.dll
0x00007ffd85fa0000 - 0x00007ffd86808000 	C:\windows\SYSTEM32\windows.storage.dll
0x00007ffd88cd0000 - 0x00007ffd89049000 	C:\windows\System32\combase.dll
0x00007ffd85e30000 - 0x00007ffd85f96000 	C:\windows\SYSTEM32\wintypes.dll
0x00007ffd89050000 - 0x00007ffd8913a000 	C:\windows\System32\SHCORE.dll
0x00007ffd893f0000 - 0x00007ffd8944d000 	C:\windows\System32\shlwapi.dll
0x00007ffd87d50000 - 0x00007ffd87d71000 	C:\windows\SYSTEM32\profapi.dll
0x00007ffd38a20000 - 0x00007ffd38a33000 	C:\Program Files\Java\jdk-18\bin\net.dll
0x00007ffd7fde0000 - 0x00007ffd7feec000 	C:\windows\SYSTEM32\WINHTTP.dll
0x00007ffd87440000 - 0x00007ffd874a7000 	C:\windows\system32\mswsock.dll
0x00007ffd38a00000 - 0x00007ffd38a16000 	C:\Program Files\Java\jdk-18\bin\nio.dll
0x00007ffd389e0000 - 0x00007ffd389f8000 	C:\Program Files\Java\jdk-18\bin\zip.dll
0x00007ffd10bd0000 - 0x00007ffd10d5f000 	C:\Program Files\Java\jdk-18\bin\awt.dll
0x00007ffd8a600000 - 0x00007ffd8a6d6000 	C:\windows\System32\OLEAUT32.dll
0x00007ffd82830000 - 0x00007ffd828c1000 	C:\windows\SYSTEM32\apphelp.dll
0x00007ffd85550000 - 0x00007ffd8557f000 	C:\windows\system32\DWMAPI.DLL
0x00007ffd82920000 - 0x00007ffd829cc000 	C:\windows\system32\uxtheme.dll
0x00007ffd4dc70000 - 0x00007ffd4dd71000 	C:\windows\system32\opengl32.dll
0x00007ffd4dec0000 - 0x00007ffd4deed000 	C:\windows\SYSTEM32\GLU32.dll
0x00007ffd85190000 - 0x00007ffd851c8000 	C:\windows\SYSTEM32\dxcore.dll
0x00007ffd89560000 - 0x00007ffd8967e000 	C:\windows\System32\MSCTF.dll
0x00007ffd8a450000 - 0x00007ffd8a5ea000 	C:\windows\System32\ole32.dll
0x00007ffd59410000 - 0x00007ffd5943d000 	C:\Program Files\Java\jdk-18\bin\javajpeg.dll
0x00007ffcf7540000 - 0x00007ffcf75c9000 	C:\Program Files\Java\jdk-18\bin\freetype.dll
0x00007ffcf7490000 - 0x00007ffcf7538000 	C:\Program Files\Java\jdk-18\bin\fontmanager.dll
0x00007ffd88c20000 - 0x00007ffd88ccf000 	C:\windows\System32\clbcatq.dll
0x00007ffd75ff0000 - 0x00007ffd7619e000 	C:\windows\SYSTEM32\WindowsCodecs.dll
0x00007ffd4ccb0000 - 0x00007ffd4cd0d000 	C:\windows\system32\dataexchange.dll
0x00007ffd75350000 - 0x00007ffd755b6000 	C:\windows\system32\twinapi.appcore.dll
0x00007ffd5c9f0000 - 0x00007ffd5cb1d000 	C:\windows\SYSTEM32\textinputframework.dll
0x00007ffd82540000 - 0x00007ffd82672000 	C:\windows\SYSTEM32\CoreMessaging.dll
0x00007ffd776f0000 - 0x00007ffd77a5d000 	C:\windows\SYSTEM32\CoreUIComponents.dll
0x00007ffd876a0000 - 0x00007ffd876ac000 	C:\windows\SYSTEM32\CRYPTBASE.DLL

dbghelp: loaded successfully - version: 4.0.5 - missing functions: none
symbol engine: initialized successfully - sym options: 0x614 - pdb path: .;C:\Program Files\Java\jdk-18\bin;C:\windows\SYSTEM32;C:\windows\WinSxS\amd64_microsoft.windows.common-controls_6595b64144ccf1df_6.0.22000.120_none_9d947278b86cc467;C:\Program Files\Java\jdk-18\bin\server

VM Arguments:
jvm_args: -Dfile.encoding=UTF-8 --module-path=C:\Users\ayush\OneDrive\Documents\University Files\Semester 4\Lab\Project\Bank Management\Bank Management\build\classes 
java_command: bank.management.Loan_Application
java_class_path (initial): C:\Users\ayush\Downloads\jcalendar-tz-1.3.3-4.jar;C:\Users\ayush\Downloads\mysql-connector-java-8.0.28.jar;C:\Users\ayush\OneDrive\Documents\University Files\Semester 4\Lab\Project\Bank Management\Bank Management\build\classes
Launcher Type: SUN_STANDARD

[Global flags]
     intx CICompilerCount                          = 4                                         {product} {ergonomic}
     uint ConcGCThreads                            = 3                                         {product} {ergonomic}
     uint G1ConcRefinementThreads                  = 10                                        {product} {ergonomic}
   size_t G1HeapRegionSize                         = 2097152                                   {product} {ergonomic}
    uintx GCDrainStackTargetSize                   = 64                                        {product} {ergonomic}
   size_t InitialHeapSize                          = 197132288                                 {product} {ergonomic}
   size_t MarkStackSize                            = 4194304                                   {product} {ergonomic}
   size_t MaxHeapSize                              = 3126853632                                {product} {ergonomic}
   size_t MaxNewSize                               = 1874853888                                {product} {ergonomic}
   size_t MinHeapDeltaBytes                        = 2097152                                   {product} {ergonomic}
   size_t MinHeapSize                              = 8388608                                   {product} {ergonomic}
    uintx NonNMethodCodeHeapSize                   = 5839372                                {pd product} {ergonomic}
    uintx NonProfiledCodeHeapSize                  = 122909434                              {pd product} {ergonomic}
    uintx ProfiledCodeHeapSize                     = 122909434                              {pd product} {ergonomic}
    uintx ReservedCodeCacheSize                    = 251658240                              {pd product} {ergonomic}
     bool SegmentedCodeCache                       = true                                      {product} {ergonomic}
   size_t SoftMaxHeapSize                          = 3126853632                             {manageable} {ergonomic}
     bool UseCompressedClassPointers               = true                           {product lp64_product} {ergonomic}
     bool UseCompressedOops                        = true                           {product lp64_product} {ergonomic}
     bool UseG1GC                                  = true                                      {product} {ergonomic}
     bool UseLargePagesIndividualAllocation        = false                                  {pd product} {ergonomic}

Logging:
Log output configuration:
 #0: stdout all=warning uptime,level,tags foldmultilines=false
 #1: stderr all=off uptime,level,tags foldmultilines=false

Environment Variables:
PATH=C:\Program Files\Python310\Scripts\;C:\Program Files\Python310\;C:\Program Files\Common Files\Oracle\Java\javapath;C:\windows\system32;C:\windows;C:\windows\System32\Wbem;C:\windows\System32\WindowsPowerShell\v1.0\;C:\windows\System32\OpenSSH\;C:\Program Files (x86)\NVIDIA Corporation\PhysX\Common;C:\Program Files\NVIDIA Corporation\NVIDIA NvDLISR;C:\Program Files\nodejs\;C:\Program Files\MySQL\MySQL Server 8.0\bin;C:\Program Files\MySQL\MySQL Shell 8.0\bin\;C:\Users\ayush\AppData\Local\Microsoft\WindowsApps;C:\Users\ayush\AppData\Local\Programs\Microsoft VS Code\bin;C:\MinGW\bin;C:\Users\ayush\AppData\Roaming\npm
USERNAME=ayush
OS=Windows_NT
PROCESSOR_IDENTIFIER=Intel64 Family 6 Model 141 Stepping 1, GenuineIntel



---------------  S Y S T E M  ---------------

OS:
 Windows 11 , 64 bit Build 22000 (10.0.22000.708)
OS uptime: 0 days 2:36 hours

CPU: total 12 (initial active 12) (6 cores per cpu, 2 threads per core) family 6 model 141 stepping 1 microcode 0x3c, cx8, cmov, fxsr, ht, mmx, 3dnowpref, sse, sse2, sse3, ssse3, sse4.1, sse4.2, popcnt, lzcnt, tsc, tscinvbit, avx, avx2, aes, erms, clmul, bmi1, bmi2, adx, avx512f, avx512dq, avx512cd, avx512bw, avx512vl, sha, fma, vzeroupper, avx512_vpopcntdq, avx512_vpclmulqdq, avx512_vaes, avx512_vnni, clflush, clflushopt, clwb, avx512_vbmi2, avx512_vbmi

Memory: 4k page, system-wide physical 11925M (418M free)
TotalPageFile size 42349M (AvailPageFile size 0M)
current process WorkingSet (physical memory assigned to process): 164M, peak: 183M
current process commit charge ("private bytes"): 296M, peak: 326M

vm_info: Java HotSpot(TM) 64-Bit Server VM (18+36-2087) for windows-amd64 JRE (18+36-2087), built on Feb 15 2022 09:43:11 by "mach5one" with MS VC++ 16.8 / 16.9 (VS2019)

END.
