#
# There is insufficient memory for the Java Runtime Environment to continue.
# Native memory allocation (malloc) failed to allocate 32744 bytes for Chunk::new
# Possible reasons:
#   The system is out of physical RAM or swap space
#   The process is running with CompressedOops enabled, and the Java Heap may be blocking the growth of the native heap
# Possible solutions:
#   Reduce memory load on the system
#   Increase physical memory or swap space
#   Check if swap backing store is full
#   Decrease Java heap size (-Xmx/-Xms)
#   Decrease number of Java threads
#
#  
# JRE version: Java(TM) SE Runtime Environment (18.0+36) (build 18+36-2087)
# Java VM: Java HotSpot(TM) 64-Bit Server VM (18+36-2087, mixed mode, sharing, tiered, compressed oops, compressed class ptrs, g1 gc, windows-amd64)
# No core dump will be written. Minidumps are not enabled by default on client versions of Windows
#

---------------  S U M M A R Y ------------

Command Line: -Dfile.encoding=UTF-8 --module-path=C:\Users\ayush\OneDrive\Documents\University Files\Semester 4\Lab\Project\Bank Management\Bank Management\build\classes bank.management.Loan_Application

Host: 11th Gen Intel(R) Core(TM) i5-11400H @ 2.70GHz, 12 cores, 11G,  Windows 11 , 64 bit Build 22000 (10.0.22000.708)
Time: Fri Jul  8 15:26:24 2022 Pakistan Standard Time elapsed time: 5049.271697 seconds (0d 1h 24m 9s)

---------------  T H R E A D  ---------------

Current thread (0x0000027b02157610):  JavaThread "C2 CompilerThread0" daemon [_thread_in_native, id=19144, stack(0x000000ba53300000,0x000000ba53400000)]


Current CompileTask:
C2:5049271 1241  s    4       sun.java2d.loops.GraphicsPrimitive::makeUniqueID (26 bytes)

Stack: [0x000000ba53300000,0x000000ba53400000]
Native frames: (J=compiled Java code, j=interpreted, Vv=VM code, C=native code)
V  [jvm.dll+0x69804a]
V  [jvm.dll+0x7f308d]
V  [jvm.dll+0x7f499e]
V  [jvm.dll+0x7f5053]
V  [jvm.dll+0x25ca3f]
V  [jvm.dll+0xb8c2f]
V  [jvm.dll+0xb8fa5]
V  [jvm.dll+0x2c794f]
V  [jvm.dll+0x59fdb0]
V  [jvm.dll+0x238398]
V  [jvm.dll+0x2319c5]
V  [jvm.dll+0x22eeeb]
V  [jvm.dll+0x1b9cfc]
V  [jvm.dll+0x23e8ca]
V  [jvm.dll+0x23cbac]
V  [jvm.dll+0x7a5781]
V  [jvm.dll+0x79fbba]
V  [jvm.dll+0x696ef5]
C  [ucrtbase.dll+0x26c0c]
C  [KERNEL32.DLL+0x154e0]
C  [ntdll.dll+0x485b]


---------------  P R O C E S S  ---------------

Threads class SMR info:
_java_thread_list=0x0000027b09c2db40, length=17, elements={
0x0000027b02136040, 0x0000027b021369e0, 0x0000027b0214fd20, 0x0000027b021526d0,
0x0000027b02153070, 0x0000027b02153a10, 0x0000027b02157610, 0x0000027b02157f00,
0x0000027b02162280, 0x0000027b0211d200, 0x0000027b064d1ae0, 0x0000027b06550d90,
0x0000027b06551250, 0x0000027b06551710, 0x0000027b067e2320, 0x0000027b6175e940,
0x0000027b06541af0
}

Java Threads: ( => current thread )
  0x0000027b02136040 JavaThread "Reference Handler" daemon [_thread_blocked, id=23012, stack(0x000000ba52d00000,0x000000ba52e00000)]
  0x0000027b021369e0 JavaThread "Finalizer" daemon [_thread_blocked, id=24088, stack(0x000000ba52e00000,0x000000ba52f00000)]
  0x0000027b0214fd20 JavaThread "Signal Dispatcher" daemon [_thread_blocked, id=24084, stack(0x000000ba52f00000,0x000000ba53000000)]
  0x0000027b021526d0 JavaThread "Attach Listener" daemon [_thread_blocked, id=24080, stack(0x000000ba53000000,0x000000ba53100000)]
  0x0000027b02153070 JavaThread "Service Thread" daemon [_thread_blocked, id=23336, stack(0x000000ba53100000,0x000000ba53200000)]
  0x0000027b02153a10 JavaThread "Monitor Deflation Thread" daemon [_thread_blocked, id=21936, stack(0x000000ba53200000,0x000000ba53300000)]
=>0x0000027b02157610 JavaThread "C2 CompilerThread0" daemon [_thread_in_native, id=19144, stack(0x000000ba53300000,0x000000ba53400000)]
  0x0000027b02157f00 JavaThread "C1 CompilerThread0" daemon [_thread_in_native, id=23132, stack(0x000000ba53400000,0x000000ba53500000)]
  0x0000027b02162280 JavaThread "Sweeper thread" daemon [_thread_blocked, id=22912, stack(0x000000ba53500000,0x000000ba53600000)]
  0x0000027b0211d200 JavaThread "Common-Cleaner" daemon [_thread_blocked, id=22452, stack(0x000000ba53600000,0x000000ba53700000)]
  0x0000027b064d1ae0 JavaThread "Notification Thread" daemon [_thread_blocked, id=8624, stack(0x000000ba53700000,0x000000ba53800000)]
  0x0000027b06550d90 JavaThread "Java2D Disposer" daemon [_thread_blocked, id=1416, stack(0x000000ba53900000,0x000000ba53a00000)]
  0x0000027b06551250 JavaThread "AWT-Shutdown" [_thread_blocked, id=20236, stack(0x000000ba53a00000,0x000000ba53b00000)]
  0x0000027b06551710 JavaThread "AWT-Windows" daemon [_thread_in_native, id=23312, stack(0x000000ba53b00000,0x000000ba53c00000)]
  0x0000027b067e2320 JavaThread "AWT-EventQueue-0" [_thread_blocked, id=5872, stack(0x000000ba54400000,0x000000ba54500000)]
  0x0000027b6175e940 JavaThread "DestroyJavaVM" [_thread_blocked, id=24128, stack(0x000000ba52600000,0x000000ba52700000)]
  0x0000027b06541af0 JavaThread "TimerQueue" daemon [_thread_blocked, id=11680, stack(0x000000ba54800000,0x000000ba54900000)]

Other Threads:
  0x0000027b617d1d00 VMThread "VM Thread" [stack: 0x000000ba52c00000,0x000000ba52d00000] [id=22960]
  0x0000027b064d3fb0 WatcherThread "VM Periodic Task Thread" [stack: 0x000000ba53800000,0x000000ba53900000] [id=23964]
  0x0000027b617bb6a0 WorkerThread "GC Thread#0" [stack: 0x000000ba52700000,0x000000ba52800000] [id=23608]
  0x0000027b067da2f0 WorkerThread "GC Thread#1" [stack: 0x000000ba53d00000,0x000000ba53e00000] [id=23568]
  0x0000027b067dada0 WorkerThread "GC Thread#2" [stack: 0x000000ba53e00000,0x000000ba53f00000] [id=16336]
  0x0000027b067db040 WorkerThread "GC Thread#3" [stack: 0x000000ba53f00000,0x000000ba54000000] [id=7672]
  0x0000027b067f3c80 WorkerThread "GC Thread#4" [stack: 0x000000ba54000000,0x000000ba54100000] [id=23556]
  0x0000027b067f3f20 WorkerThread "GC Thread#5" [stack: 0x000000ba54100000,0x000000ba54200000] [id=15456]
  0x0000027b067f41c0 WorkerThread "GC Thread#6" [stack: 0x000000ba54200000,0x000000ba54300000] [id=19248]
  0x0000027b067f4460 WorkerThread "GC Thread#7" [stack: 0x000000ba54300000,0x000000ba54400000] [id=2968]
  0x0000027b617c8020 ConcurrentGCThread "G1 Main Marker" [stack: 0x000000ba52800000,0x000000ba52900000] [id=17620]
  0x0000027b617ca1c0 WorkerThread "G1 Conc#0" [stack: 0x000000ba52900000,0x000000ba52a00000] [id=6336]
  0x0000027b6181d490 ConcurrentGCThread "G1 Refine#0" [stack: 0x000000ba52a00000,0x000000ba52b00000] [id=2592]
  0x0000027b6181dda0 ConcurrentGCThread "G1 Service" [stack: 0x000000ba52b00000,0x000000ba52c00000] [id=22384]

Threads with active compile tasks:
C2 CompilerThread0  5049298 1241  s    4       sun.java2d.loops.GraphicsPrimitive::makeUniqueID (26 bytes)
C1 CompilerThread0  5049299 1239  s    3       java.awt.Toolkit::getDefaultToolkit (53 bytes)

VM state: not at safepoint (normal execution)

VM Mutex/Monitor currently owned by a thread: None

Heap address: 0x0000000745a00000, size: 2982 MB, Compressed Oops mode: Zero based, Oop shift amount: 3

CDS archive(s) mapped at: [0x0000000800000000-0x0000000800ba0000-0x0000000800ba0000), size 12189696, SharedBaseAddress: 0x0000000800000000, ArchiveRelocationMode: 0.
Compressed class space mapped at: 0x0000000800c00000-0x0000000840c00000, reserved size: 1073741824
Narrow klass base: 0x0000000800000000, Narrow klass shift: 0, Narrow klass range: 0x100000000

GC Precious Log:
 CardTable entry size: 512
 Card Set container configuration: InlinePtr #cards 4 size 8 Array Of Cards #cards 16 size 48 Howl #buckets 8 coarsen threshold 3686 Howl Bitmap #cards 512 size 80 coarsen threshold 460 Card regions per heap region 1 cards per card region 4096
 CPUs: 12 total, 12 available
 Memory: 11925M
 Large Page Support: Disabled
 NUMA Support: Disabled
 Compressed Oops: Enabled (Zero based)
 Heap Region Size: 2M
 Heap Min Capacity: 8M
 Heap Initial Capacity: 188M
 Heap Max Capacity: 2982M
 Pre-touch: Disabled
 Parallel Workers: 10
 Concurrent Workers: 3
 Concurrent Refinement Workers: 10
 Periodic GC: Disabled

Heap:
 garbage-first heap   total 192512K, used 94768K [0x0000000745a00000, 0x0000000800000000)
  region size 2048K, 16 young (32768K), 2 survivors (4096K)
 Metaspace       used 8056K, committed 8256K, reserved 1114112K
  class space    used 874K, committed 1024K, reserved 1048576K

Heap Regions: E=young(eden), S=young(survivor), O=old, HS=humongous(starts), HC=humongous(continues), CS=collection set, F=free, OA=open archive, CA=closed archive, TAMS=top-at-mark-start (previous, next)
|   0|0x0000000745a00000, 0x0000000745c00000, 0x0000000745c00000|100%|HS|  |TAMS 0x0000000745a00000, 0x0000000745a00000| Complete 
|   1|0x0000000745c00000, 0x0000000745e00000, 0x0000000745e00000|100%|HC|  |TAMS 0x0000000745c00000, 0x0000000745c00000| Complete 
|   2|0x0000000745e00000, 0x0000000746000000, 0x0000000746000000|100%|HC|  |TAMS 0x0000000745e00000, 0x0000000745e00000| Complete 
|   3|0x0000000746000000, 0x0000000746200000, 0x0000000746200000|100%|HC|  |TAMS 0x0000000746000000, 0x0000000746000000| Complete 
|   4|0x0000000746200000, 0x0000000746400000, 0x0000000746400000|100%|HC|  |TAMS 0x0000000746200000, 0x0000000746200000| Complete 
|   5|0x0000000746400000, 0x0000000746600000, 0x0000000746600000|100%|HC|  |TAMS 0x0000000746400000, 0x0000000746400000| Complete 
|   6|0x0000000746600000, 0x0000000746800000, 0x0000000746800000|100%|HC|  |TAMS 0x0000000746600000, 0x0000000746600000| Complete 
|   7|0x0000000746800000, 0x0000000746a00000, 0x0000000746a00000|100%|HC|  |TAMS 0x0000000746800000, 0x0000000746800000| Complete 
|   8|0x0000000746a00000, 0x0000000746c00000, 0x0000000746c00000|100%|HC|  |TAMS 0x0000000746a00000, 0x0000000746a00000| Complete 
|   9|0x0000000746c00000, 0x0000000746e00000, 0x0000000746e00000|100%|HC|  |TAMS 0x0000000746c00000, 0x0000000746c00000| Complete 
|  10|0x0000000746e00000, 0x0000000747000000, 0x0000000747000000|100%|HC|  |TAMS 0x0000000746e00000, 0x0000000746e00000| Complete 
|  11|0x0000000747000000, 0x0000000747200000, 0x0000000747200000|100%|HC|  |TAMS 0x0000000747000000, 0x0000000747000000| Complete 
|  12|0x0000000747200000, 0x0000000747400000, 0x0000000747400000|100%|HC|  |TAMS 0x0000000747200000, 0x0000000747200000| Complete 
|  13|0x0000000747400000, 0x0000000747600000, 0x0000000747600000|100%|HC|  |TAMS 0x0000000747400000, 0x0000000747400000| Complete 
|  14|0x0000000747600000, 0x0000000747800000, 0x0000000747800000|100%|HC|  |TAMS 0x0000000747600000, 0x0000000747600000| Complete 
|  15|0x0000000747800000, 0x0000000747a00000, 0x0000000747a00000|100%|HC|  |TAMS 0x0000000747800000, 0x0000000747800000| Complete 
|  16|0x0000000747a00000, 0x0000000747c00000, 0x0000000747c00000|100%|HC|  |TAMS 0x0000000747a00000, 0x0000000747a00000| Complete 
|  17|0x0000000747c00000, 0x0000000747e00000, 0x0000000747e00000|100%|HC|  |TAMS 0x0000000747c00000, 0x0000000747c00000| Complete 
|  18|0x0000000747e00000, 0x0000000748000000, 0x0000000748000000|100%|HC|  |TAMS 0x0000000747e00000, 0x0000000747e00000| Complete 
|  19|0x0000000748000000, 0x0000000748200000, 0x0000000748200000|100%|HC|  |TAMS 0x0000000748000000, 0x0000000748000000| Complete 
|  20|0x0000000748200000, 0x0000000748400000, 0x0000000748400000|100%|HC|  |TAMS 0x0000000748200000, 0x0000000748200000| Complete 
|  21|0x0000000748400000, 0x0000000748600000, 0x0000000748600000|100%|HC|  |TAMS 0x0000000748400000, 0x0000000748400000| Complete 
|  22|0x0000000748600000, 0x0000000748800000, 0x0000000748800000|100%|HC|  |TAMS 0x0000000748600000, 0x0000000748600000| Complete 
|  23|0x0000000748800000, 0x0000000748a00000, 0x0000000748a00000|100%|HC|  |TAMS 0x0000000748800000, 0x0000000748800000| Complete 
|  24|0x0000000748a00000, 0x0000000748c00000, 0x0000000748c00000|100%|HC|  |TAMS 0x0000000748a00000, 0x0000000748a00000| Complete 
|  25|0x0000000748c00000, 0x0000000748e00000, 0x0000000748e00000|100%|HC|  |TAMS 0x0000000748c00000, 0x0000000748c00000| Complete 
|  26|0x0000000748e00000, 0x0000000749000000, 0x0000000749000000|100%|HC|  |TAMS 0x0000000748e00000, 0x0000000748e00000| Complete 
|  27|0x0000000749000000, 0x0000000749200000, 0x0000000749200000|100%|HS|  |TAMS 0x0000000749000000, 0x0000000749000000| Complete 
|  28|0x0000000749200000, 0x0000000749400000, 0x0000000749400000|100%|HC|  |TAMS 0x0000000749200000, 0x0000000749200000| Complete 
|  29|0x0000000749400000, 0x0000000749600000, 0x0000000749600000|100%|HS|  |TAMS 0x0000000749400000, 0x0000000749400000| Complete 
|  30|0x0000000749600000, 0x0000000749800000, 0x0000000749800000|100%|HC|  |TAMS 0x0000000749600000, 0x0000000749600000| Complete 
|  31|0x0000000749800000, 0x0000000749a00000, 0x0000000749a00000|100%|HC|  |TAMS 0x0000000749800000, 0x0000000749800000| Complete 
|  32|0x0000000749a00000, 0x0000000749a00000, 0x0000000749c00000|  0%| F|  |TAMS 0x0000000749a00000, 0x0000000749a00000| Untracked 
|  33|0x0000000749c00000, 0x0000000749c00000, 0x0000000749e00000|  0%| F|  |TAMS 0x0000000749c00000, 0x0000000749c00000| Untracked 
|  34|0x0000000749e00000, 0x0000000749e00000, 0x000000074a000000|  0%| F|  |TAMS 0x0000000749e00000, 0x0000000749e00000| Untracked 
|  35|0x000000074a000000, 0x000000074a000000, 0x000000074a200000|  0%| F|  |TAMS 0x000000074a000000, 0x000000074a000000| Untracked 
|  36|0x000000074a200000, 0x000000074a200000, 0x000000074a400000|  0%| F|  |TAMS 0x000000074a200000, 0x000000074a200000| Untracked 
|  37|0x000000074a400000, 0x000000074a400000, 0x000000074a600000|  0%| F|  |TAMS 0x000000074a400000, 0x000000074a400000| Untracked 
|  38|0x000000074a600000, 0x000000074a600000, 0x000000074a800000|  0%| F|  |TAMS 0x000000074a600000, 0x000000074a600000| Untracked 
|  39|0x000000074a800000, 0x000000074a800000, 0x000000074aa00000|  0%| F|  |TAMS 0x000000074a800000, 0x000000074a800000| Untracked 
|  40|0x000000074aa00000, 0x000000074aa00000, 0x000000074ac00000|  0%| F|  |TAMS 0x000000074aa00000, 0x000000074aa00000| Untracked 
|  41|0x000000074ac00000, 0x000000074ac00000, 0x000000074ae00000|  0%| F|  |TAMS 0x000000074ac00000, 0x000000074ac00000| Untracked 
|  42|0x000000074ae00000, 0x000000074ae00000, 0x000000074b000000|  0%| F|  |TAMS 0x000000074ae00000, 0x000000074ae00000| Untracked 
|  43|0x000000074b000000, 0x000000074b000000, 0x000000074b200000|  0%| F|  |TAMS 0x000000074b000000, 0x000000074b000000| Untracked 
|  44|0x000000074b200000, 0x000000074b200000, 0x000000074b400000|  0%| F|  |TAMS 0x000000074b200000, 0x000000074b200000| Untracked 
|  45|0x000000074b400000, 0x000000074b400000, 0x000000074b600000|  0%| F|  |TAMS 0x000000074b400000, 0x000000074b400000| Untracked 
|  46|0x000000074b600000, 0x000000074b600000, 0x000000074b800000|  0%| F|  |TAMS 0x000000074b600000, 0x000000074b600000| Untracked 
|  47|0x000000074b800000, 0x000000074b800000, 0x000000074ba00000|  0%| F|  |TAMS 0x000000074b800000, 0x000000074b800000| Untracked 
|  48|0x000000074ba00000, 0x000000074ba00000, 0x000000074bc00000|  0%| F|  |TAMS 0x000000074ba00000, 0x000000074ba00000| Untracked 
|  49|0x000000074bc00000, 0x000000074bc00000, 0x000000074be00000|  0%| F|  |TAMS 0x000000074bc00000, 0x000000074bc00000| Untracked 
|  50|0x000000074be00000, 0x000000074be00000, 0x000000074c000000|  0%| F|  |TAMS 0x000000074be00000, 0x000000074be00000| Untracked 
|  51|0x000000074c000000, 0x000000074c000000, 0x000000074c200000|  0%| F|  |TAMS 0x000000074c000000, 0x000000074c000000| Untracked 
|  52|0x000000074c200000, 0x000000074c200000, 0x000000074c400000|  0%| F|  |TAMS 0x000000074c200000, 0x000000074c200000| Untracked 
|  53|0x000000074c400000, 0x000000074c400000, 0x000000074c600000|  0%| F|  |TAMS 0x000000074c400000, 0x000000074c400000| Untracked 
|  54|0x000000074c600000, 0x000000074c600000, 0x000000074c800000|  0%| F|  |TAMS 0x000000074c600000, 0x000000074c600000| Untracked 
|  55|0x000000074c800000, 0x000000074c800000, 0x000000074ca00000|  0%| F|  |TAMS 0x000000074c800000, 0x000000074c800000| Untracked 
|  56|0x000000074ca00000, 0x000000074ca00000, 0x000000074cc00000|  0%| F|  |TAMS 0x000000074ca00000, 0x000000074ca00000| Untracked 
|  57|0x000000074cc00000, 0x000000074cc00000, 0x000000074ce00000|  0%| F|  |TAMS 0x000000074cc00000, 0x000000074cc00000| Untracked 
|  58|0x000000074ce00000, 0x000000074ce00000, 0x000000074d000000|  0%| F|  |TAMS 0x000000074ce00000, 0x000000074ce00000| Untracked 
|  59|0x000000074d000000, 0x000000074d000000, 0x000000074d200000|  0%| F|  |TAMS 0x000000074d000000, 0x000000074d000000| Untracked 
|  60|0x000000074d200000, 0x000000074d200000, 0x000000074d400000|  0%| F|  |TAMS 0x000000074d200000, 0x000000074d200000| Untracked 
|  61|0x000000074d400000, 0x000000074d400000, 0x000000074d600000|  0%| F|  |TAMS 0x000000074d400000, 0x000000074d400000| Untracked 
|  62|0x000000074d600000, 0x000000074d600000, 0x000000074d800000|  0%| F|  |TAMS 0x000000074d600000, 0x000000074d600000| Untracked 
|  63|0x000000074d800000, 0x000000074d800000, 0x000000074da00000|  0%| F|  |TAMS 0x000000074d800000, 0x000000074d800000| Untracked 
|  64|0x000000074da00000, 0x000000074da00000, 0x000000074dc00000|  0%| F|  |TAMS 0x000000074da00000, 0x000000074da00000| Untracked 
|  65|0x000000074dc00000, 0x000000074dc00000, 0x000000074de00000|  0%| F|  |TAMS 0x000000074dc00000, 0x000000074dc00000| Untracked 
|  66|0x000000074de00000, 0x000000074de00000, 0x000000074e000000|  0%| F|  |TAMS 0x000000074de00000, 0x000000074de00000| Untracked 
|  67|0x000000074e000000, 0x000000074e000000, 0x000000074e200000|  0%| F|  |TAMS 0x000000074e000000, 0x000000074e000000| Untracked 
|  68|0x000000074e200000, 0x000000074e200000, 0x000000074e400000|  0%| F|  |TAMS 0x000000074e200000, 0x000000074e200000| Untracked 
|  69|0x000000074e400000, 0x000000074e400000, 0x000000074e600000|  0%| F|  |TAMS 0x000000074e400000, 0x000000074e400000| Untracked 
|  70|0x000000074e600000, 0x000000074e600000, 0x000000074e800000|  0%| F|  |TAMS 0x000000074e600000, 0x000000074e600000| Untracked 
|  71|0x000000074e800000, 0x000000074e800000, 0x000000074ea00000|  0%| F|  |TAMS 0x000000074e800000, 0x000000074e800000| Untracked 
|  72|0x000000074ea00000, 0x000000074ea8c3c0, 0x000000074ec00000| 27%| S|CS|TAMS 0x000000074ea00000, 0x000000074ea00000| Complete 
|  73|0x000000074ec00000, 0x000000074ee00000, 0x000000074ee00000|100%| S|CS|TAMS 0x000000074ec00000, 0x000000074ec00000| Complete 
|  74|0x000000074ee00000, 0x000000074ee00000, 0x000000074f000000|  0%| F|  |TAMS 0x000000074ee00000, 0x000000074ee00000| Untracked 
|  75|0x000000074f000000, 0x000000074f000000, 0x000000074f200000|  0%| F|  |TAMS 0x000000074f000000, 0x000000074f000000| Untracked 
|  76|0x000000074f200000, 0x000000074f200000, 0x000000074f400000|  0%| F|  |TAMS 0x000000074f200000, 0x000000074f200000| Untracked 
|  77|0x000000074f400000, 0x000000074f400000, 0x000000074f600000|  0%| F|  |TAMS 0x000000074f400000, 0x000000074f400000| Untracked 
|  78|0x000000074f600000, 0x000000074f600000, 0x000000074f800000|  0%| F|  |TAMS 0x000000074f600000, 0x000000074f600000| Untracked 
|  79|0x000000074f800000, 0x000000074f800000, 0x000000074fa00000|  0%| F|  |TAMS 0x000000074f800000, 0x000000074f800000| Untracked 
|  80|0x000000074fa00000, 0x000000074fc00000, 0x000000074fc00000|100%| E|  |TAMS 0x000000074fa00000, 0x000000074fa00000| Complete 
|  81|0x000000074fc00000, 0x000000074fe00000, 0x000000074fe00000|100%| E|CS|TAMS 0x000000074fc00000, 0x000000074fc00000| Complete 
|  82|0x000000074fe00000, 0x0000000750000000, 0x0000000750000000|100%| E|CS|TAMS 0x000000074fe00000, 0x000000074fe00000| Complete 
|  83|0x0000000750000000, 0x0000000750200000, 0x0000000750200000|100%| E|CS|TAMS 0x0000000750000000, 0x0000000750000000| Complete 
|  84|0x0000000750200000, 0x0000000750400000, 0x0000000750400000|100%| E|CS|TAMS 0x0000000750200000, 0x0000000750200000| Complete 
|  85|0x0000000750400000, 0x0000000750600000, 0x0000000750600000|100%| E|CS|TAMS 0x0000000750400000, 0x0000000750400000| Complete 
|  86|0x0000000750600000, 0x0000000750800000, 0x0000000750800000|100%| E|CS|TAMS 0x0000000750600000, 0x0000000750600000| Complete 
|  87|0x0000000750800000, 0x0000000750a00000, 0x0000000750a00000|100%| E|CS|TAMS 0x0000000750800000, 0x0000000750800000| Complete 
|  88|0x0000000750a00000, 0x0000000750c00000, 0x0000000750c00000|100%| E|CS|TAMS 0x0000000750a00000, 0x0000000750a00000| Complete 
|  89|0x0000000750c00000, 0x0000000750e00000, 0x0000000750e00000|100%| E|CS|TAMS 0x0000000750c00000, 0x0000000750c00000| Complete 
|  90|0x0000000750e00000, 0x0000000751000000, 0x0000000751000000|100%| E|CS|TAMS 0x0000000750e00000, 0x0000000750e00000| Complete 
|  91|0x0000000751000000, 0x0000000751200000, 0x0000000751200000|100%| E|CS|TAMS 0x0000000751000000, 0x0000000751000000| Complete 
|  92|0x0000000751200000, 0x0000000751400000, 0x0000000751400000|100%| E|CS|TAMS 0x0000000751200000, 0x0000000751200000| Complete 
|  93|0x0000000751400000, 0x0000000751600000, 0x0000000751600000|100%| E|CS|TAMS 0x0000000751400000, 0x0000000751400000| Complete 

Card table byte_map: [0x0000027b78bc0000,0x0000027b791a0000] _byte_map_base: 0x0000027b75193000

Marking Bits (Prev, Next): (CMBitMap*) 0x0000027b617bbca0, (CMBitMap*) 0x0000027b617bbce0
 Prev Bits: [0x0000027b79780000, 0x0000027b7c618000)
 Next Bits: [0x0000027b7c620000, 0x0000027b7f4b8000)

Polling page: 0x0000027b60f30000

Metaspace:

Usage:
  Non-class:      7.01 MB used.
      Class:    874.16 KB used.
       Both:      7.87 MB used.

Virtual space:
  Non-class space:       64.00 MB reserved,       7.06 MB ( 11%) committed,  1 nodes.
      Class space:        1.00 GB reserved,       1.00 MB ( <1%) committed,  1 nodes.
             Both:        1.06 GB reserved,       8.06 MB ( <1%) committed. 

Chunk freelists:
   Non-Class:  0 bytes
       Class:  3.05 MB
        Both:  3.05 MB

MaxMetaspaceSize: unlimited
CompressedClassSpaceSize: 1.00 GB
Initial GC threshold: 21.00 MB
Current GC threshold: 21.00 MB
CDS: on
MetaspaceReclaimPolicy: balanced
 - commit_granule_bytes: 65536.
 - commit_granule_words: 8192.
 - virtual_space_node_default_size: 8388608.
 - enlarge_chunks_in_place: 1.
 - new_chunks_are_fully_committed: 0.
 - uncommit_free_chunks: 1.
 - use_allocation_guard: 0.


Internal statistics:

num_allocs_failed_limit: 0.
num_arena_births: 126.
num_arena_deaths: 0.
num_vsnodes_births: 2.
num_vsnodes_deaths: 0.
num_space_committed: 129.
num_space_uncommitted: 0.
num_chunks_returned_to_freelist: 0.
num_chunks_taken_from_freelist: 183.
num_chunk_merges: 0.
num_chunk_splits: 94.
num_chunks_enlarged: 23.
num_inconsistent_stats: 0.

CodeHeap 'non-profiled nmethods': size=120000Kb used=359Kb max_used=359Kb free=119640Kb
 bounds [0x0000027b70b60000, 0x0000027b70dd0000, 0x0000027b78090000]
CodeHeap 'profiled nmethods': size=120000Kb used=2073Kb max_used=2073Kb free=117926Kb
 bounds [0x0000027b69630000, 0x0000027b698a0000, 0x0000027b70b60000]
CodeHeap 'non-nmethods': size=5760Kb used=1302Kb max_used=1316Kb free=4458Kb
 bounds [0x0000027b69090000, 0x0000027b69300000, 0x0000027b69630000]
 total_blobs=1846 nmethods=1238 adapters=521
 compilation: enabled
              stopped_count=0, restarted_count=0
 full_count=0

Compilation events (20 events):
Event: 3142.767 Thread 0x0000027b02157f00 nmethod 1230 0x0000027b70bb8990 code [0x0000027b70bb8b20, 0x0000027b70bb8bf8]
Event: 3142.767 Thread 0x0000027b02157f00 1231       1       sun.awt.Win32GraphicsDevice::getDefaultScaleY (5 bytes)
Event: 3142.767 Thread 0x0000027b02157f00 nmethod 1231 0x0000027b70bb8c90 code [0x0000027b70bb8e20, 0x0000027b70bb8ef8]
Event: 3142.774 Thread 0x0000027b02157610 nmethod 1229 0x0000027b70bb8f90 code [0x0000027b70bb9120, 0x0000027b70bb9418]
Event: 3293.170 Thread 0x0000027b02157f00 1232       3       java.lang.invoke.MethodHandleNatives::isCallerSensitive (29 bytes)
Event: 3293.170 Thread 0x0000027b02157f00 nmethod 1232 0x0000027b69832490 code [0x0000027b69832680, 0x0000027b69832c08]
Event: 3293.170 Thread 0x0000027b02157f00 1233       3       java.lang.invoke.MethodHandleNatives::canBeCalledVirtual (50 bytes)
Event: 3293.171 Thread 0x0000027b02157f00 nmethod 1233 0x0000027b69832e10 code [0x0000027b69833000, 0x0000027b698334e8]
Event: 3293.171 Thread 0x0000027b02157f00 1234       3       java.beans.PropertyChangeSupport::firePropertyChange (35 bytes)
Event: 3293.171 Thread 0x0000027b02157f00 nmethod 1234 0x0000027b69833690 code [0x0000027b69833880, 0x0000027b69834048]
Event: 3293.172 Thread 0x0000027b02157610 1235       4       java.util.HashMap$HashIterator::nextNode (100 bytes)
Event: 3293.179 Thread 0x0000027b02157610 nmethod 1235 0x0000027b70bb9590 code [0x0000027b70bb9720, 0x0000027b70bb9b18]
Event: 5048.733 Thread 0x0000027b02157f00 1237   !   3       sun.awt.PostEventQueue::flush (168 bytes)
Event: 5048.734 Thread 0x0000027b02157f00 nmethod 1237 0x0000027b69834290 code [0x0000027b69834540, 0x0000027b698352e8]
Event: 5048.734 Thread 0x0000027b02157f00 1236       3       sun.awt.SunToolkit::flushPendingEvents (19 bytes)
Event: 5048.735 Thread 0x0000027b02157f00 nmethod 1236 0x0000027b69835910 code [0x0000027b69835ac0, 0x0000027b69835d78]
Event: 5048.735 Thread 0x0000027b02157f00 1238       3       java.awt.EventQueue::eventToCacheIndex (80 bytes)
Event: 5048.735 Thread 0x0000027b02157f00 nmethod 1238 0x0000027b69835e90 code [0x0000027b69836060, 0x0000027b69836658]
Event: 5049.217 Thread 0x0000027b02157f00 1239  s    3       java.awt.Toolkit::getDefaultToolkit (53 bytes)
Event: 5049.234 Thread 0x0000027b02157610 1241  s    4       sun.java2d.loops.GraphicsPrimitive::makeUniqueID (26 bytes)

GC Heap History (4 events):
Event: 0.409 GC heap before
{Heap before GC invocations=0 (full 0):
 garbage-first heap   total 192512K, used 75776K [0x0000000745a00000, 0x0000000800000000)
  region size 2048K, 11 young (22528K), 0 survivors (0K)
 Metaspace       used 4636K, committed 4736K, reserved 1114112K
  class space    used 474K, committed 512K, reserved 1048576K
}
Event: 0.413 GC heap after
{Heap after GC invocations=1 (full 0):
 garbage-first heap   total 192512K, used 57824K [0x0000000745a00000, 0x0000000800000000)
  region size 2048K, 2 young (4096K), 2 survivors (4096K)
 Metaspace       used 4636K, committed 4736K, reserved 1114112K
  class space    used 474K, committed 512K, reserved 1048576K
}
Event: 0.525 GC heap before
{Heap before GC invocations=1 (full 0):
 garbage-first heap   total 192512K, used 94688K [0x0000000745a00000, 0x0000000800000000)
  region size 2048K, 20 young (40960K), 2 survivors (4096K)
 Metaspace       used 4638K, committed 4736K, reserved 1114112K
  class space    used 474K, committed 512K, reserved 1048576K
}
Event: 0.529 GC heap after
{Heap after GC invocations=2 (full 0):
 garbage-first heap   total 192512K, used 57904K [0x0000000745a00000, 0x0000000800000000)
  region size 2048K, 2 young (4096K), 2 survivors (4096K)
 Metaspace       used 4638K, committed 4736K, reserved 1114112K
  class space    used 474K, committed 512K, reserved 1048576K
}

Deoptimization events (20 events):
Event: 0.956 Thread 0x0000027b067e2320 Uncommon trap: trap_request=0xffffffc6 fr.pc=0x0000027b70b9a034 relative=0x00000000000002d4
Event: 0.956 Thread 0x0000027b067e2320 Uncommon trap: reason=bimorphic_or_optimized_type_check action=maybe_recompile pc=0x0000027b70b9a034 method=java.util.HashMap.getNode(Ljava/lang/Object;)Ljava/util/HashMap$Node; @ 63 c2
Event: 0.956 Thread 0x0000027b067e2320 DEOPT PACKING pc=0x0000027b70b9a034 sp=0x000000ba544fd450
Event: 0.956 Thread 0x0000027b067e2320 DEOPT UNPACKING pc=0x0000027b690e5c23 sp=0x000000ba544fd3b8 mode 2
Event: 0.956 Thread 0x0000027b067e2320 Uncommon trap: trap_request=0xffffffc6 fr.pc=0x0000027b70b9a034 relative=0x00000000000002d4
Event: 0.956 Thread 0x0000027b067e2320 Uncommon trap: reason=bimorphic_or_optimized_type_check action=maybe_recompile pc=0x0000027b70b9a034 method=java.util.HashMap.getNode(Ljava/lang/Object;)Ljava/util/HashMap$Node; @ 63 c2
Event: 0.956 Thread 0x0000027b067e2320 DEOPT PACKING pc=0x0000027b70b9a034 sp=0x000000ba544fd3d0
Event: 0.956 Thread 0x0000027b067e2320 DEOPT UNPACKING pc=0x0000027b690e5c23 sp=0x000000ba544fd338 mode 2
Event: 0.980 Thread 0x0000027b067e2320 Uncommon trap: trap_request=0xffffff45 fr.pc=0x0000027b70ba2894 relative=0x00000000000004d4
Event: 0.980 Thread 0x0000027b067e2320 Uncommon trap: reason=unstable_if action=reinterpret pc=0x0000027b70ba2894 method=java.lang.StringLatin1.toLowerCase(Ljava/lang/String;[BLjava/util/Locale;)Ljava/lang/String; @ 43 c2
Event: 0.980 Thread 0x0000027b067e2320 DEOPT PACKING pc=0x0000027b70ba2894 sp=0x000000ba544fcfa0
Event: 0.980 Thread 0x0000027b067e2320 DEOPT UNPACKING pc=0x0000027b690e5c23 sp=0x000000ba544fcf10 mode 2
Event: 1.090 Thread 0x0000027b067e2320 Uncommon trap: trap_request=0xffffff45 fr.pc=0x0000027b70b6a2b8 relative=0x0000000000000098
Event: 1.090 Thread 0x0000027b067e2320 Uncommon trap: reason=unstable_if action=reinterpret pc=0x0000027b70b6a2b8 method=java.lang.String.isLatin1()Z @ 10 c2
Event: 1.090 Thread 0x0000027b067e2320 DEOPT PACKING pc=0x0000027b70b6a2b8 sp=0x000000ba544fcdb0
Event: 1.090 Thread 0x0000027b067e2320 DEOPT UNPACKING pc=0x0000027b690e5c23 sp=0x000000ba544fcce0 mode 2
Event: 1.100 Thread 0x0000027b067e2320 Uncommon trap: trap_request=0xffffff45 fr.pc=0x0000027b70baf480 relative=0x0000000000000440
Event: 1.100 Thread 0x0000027b067e2320 Uncommon trap: reason=unstable_if action=reinterpret pc=0x0000027b70baf480 method=java.lang.Character.isSurrogate(C)Z @ 3 c2
Event: 1.100 Thread 0x0000027b067e2320 DEOPT PACKING pc=0x0000027b70baf480 sp=0x000000ba544fca80
Event: 1.100 Thread 0x0000027b067e2320 DEOPT UNPACKING pc=0x0000027b690e5c23 sp=0x000000ba544fc998 mode 2

Classes loaded (20 events):
Event: 1.155 Loading class java/awt/Toolkit$ToolkitEventMulticaster
Event: 1.155 Loading class java/awt/Toolkit$ToolkitEventMulticaster done
Event: 1.156 Loading class java/awt/event/MouseWheelEvent
Event: 1.156 Loading class java/awt/event/MouseWheelEvent done
Event: 1.663 Loading class javax/swing/Timer$1
Event: 1.664 Loading class javax/swing/Timer$1 done
Event: 1.664 Loading class java/util/concurrent/locks/AbstractQueuedSynchronizer$ExclusiveNode
Event: 1.664 Loading class java/util/concurrent/locks/AbstractQueuedSynchronizer$ExclusiveNode done
Event: 2.364 Loading class java/awt/LightweightDispatcher$2
Event: 2.365 Loading class java/awt/LightweightDispatcher$2 done
Event: 3.167 Loading class java/awt/KeyboardFocusManager$2
Event: 3.168 Loading class java/awt/KeyboardFocusManager$2 done
Event: 3.168 Loading class sun/awt/SunToolkit$1
Event: 3.168 Loading class sun/awt/SunToolkit$1 done
Event: 3142.356 Loading class java/util/WeakHashMap$KeyIterator
Event: 3142.358 Loading class java/util/WeakHashMap$HashIterator
Event: 3142.359 Loading class java/util/WeakHashMap$HashIterator done
Event: 3142.359 Loading class java/util/WeakHashMap$KeyIterator done
Event: 3142.361 Loading class javax/swing/RepaintManager$DisplayChangedRunnable
Event: 3142.361 Loading class javax/swing/RepaintManager$DisplayChangedRunnable done

Classes unloaded (0 events):
No events

Classes redefined (0 events):
No events

Internal exceptions (17 events):
Event: 0.068 Thread 0x0000027b6175e940 Exception <a 'sun/nio/fs/WindowsException'{0x00000007515302e0}> (0x00000007515302e0) 
thrown [t:\workspace\open\src\hotspot\share\prims\jni.cpp, line 516]
Event: 0.068 Thread 0x0000027b6175e940 Exception <a 'sun/nio/fs/WindowsException'{0x0000000751530950}> (0x0000000751530950) 
thrown [t:\workspace\open\src\hotspot\share\prims\jni.cpp, line 516]
Event: 0.070 Thread 0x0000027b6175e940 Exception <a 'sun/nio/fs/WindowsException'{0x0000000751533320}> (0x0000000751533320) 
thrown [t:\workspace\open\src\hotspot\share\prims\jni.cpp, line 516]
Event: 0.070 Thread 0x0000027b6175e940 Exception <a 'sun/nio/fs/WindowsException'{0x0000000751534010}> (0x0000000751534010) 
thrown [t:\workspace\open\src\hotspot\share\prims\jni.cpp, line 516]
Event: 0.105 Thread 0x0000027b6175e940 Exception <a 'java/lang/ClassNotFoundException'{0x00000007512671d8}: sun/awt/resources/spi/awtProvider> (0x00000007512671d8) 
thrown [t:\workspace\open\src\hotspot\share\classfile\systemDictionary.cpp, line 255]
Event: 0.126 Thread 0x0000027b6175e940 Exception <a 'java/io/FileNotFoundException'{0x00000007512babe8}> (0x00000007512babe8) 
thrown [t:\workspace\open\src\hotspot\share\prims\jni.cpp, line 516]
Event: 0.133 Thread 0x0000027b6175e940 Exception <a 'java/io/FileNotFoundException'{0x00000007512e7e28}> (0x00000007512e7e28) 
thrown [t:\workspace\open\src\hotspot\share\prims\jni.cpp, line 516]
Event: 0.169 Thread 0x0000027b6175e940 Exception <a 'java/lang/NoSuchMethodError'{0x000000075132c300}: 'java.lang.Object java.lang.invoke.DirectMethodHandle$Holder.invokeStaticInit(java.lang.Object)'> (0x000000075132c300) 
thrown [t:\workspace\open\src\hotspot\share\interpreter\linkResolver.cpp, line 766]
Event: 0.194 Thread 0x0000027b6175e940 Exception <a 'java/lang/NoSuchMethodError'{0x00000007513e64e8}: 'void java.lang.invoke.DirectMethodHandle$Holder.invokeSpecial(java.lang.Object, java.lang.Object, java.lang.Object)'> (0x00000007513e64e8) 
thrown [t:\workspace\open\src\hotspot\share\interpreter\linkResolver.cpp, line 766]
Event: 0.200 Thread 0x0000027b6175e940 Exception <a 'java/lang/NoSuchMethodError'{0x0000000751011b40}: 'java.lang.Object java.lang.invoke.DirectMethodHandle$Holder.newInvokeSpecial(java.lang.Object, java.lang.Object, java.lang.Object, java.lang.Object, java.lang.Object)'> (0x0000000751011b40) 
thrown [t:\workspace\open\src\hotspot\share\interpreter\linkResolver.cpp, line 766]
Event: 0.204 Thread 0x0000027b6175e940 Exception <a 'java/lang/NoSuchMethodError'{0x0000000751043650}: 'java.lang.Object java.lang.invoke.DirectMethodHandle$Holder.invokeStatic(java.lang.Object, int, java.lang.Object)'> (0x0000000751043650) 
thrown [t:\workspace\open\src\hotspot\share\interpreter\linkResolver.cpp, line 766]
Event: 0.221 Thread 0x0000027b6175e940 Exception <a 'java/lang/ClassNotFoundException'{0x0000000751100110}: com/sun/swing/internal/plaf/metal/resources/spi/metalProvider> (0x0000000751100110) 
thrown [t:\workspace\open\src\hotspot\share\classfile\systemDictionary.cpp, line 255]
Event: 0.222 Thread 0x0000027b6175e940 Exception <a 'java/lang/ClassNotFoundException'{0x0000000751104148}: com/sun/swing/internal/plaf/basic/resources/spi/basicProvider> (0x0000000751104148) 
thrown [t:\workspace\open\src\hotspot\share\classfile\systemDictionary.cpp, line 255]
Event: 0.228 Thread 0x0000027b6175e940 Exception <a 'java/lang/NoSuchMethodError'{0x0000000751124528}: 'int java.lang.invoke.Invokers$Holder.invokeExact_MT(java.lang.Object, java.lang.Object)'> (0x0000000751124528) 
thrown [t:\workspace\open\src\hotspot\share\interpreter\linkResolver.cpp, line 766]
Event: 0.271 Thread 0x0000027b0674e840 Exception <a 'java/lang/NoSuchMethodError'{0x0000000750ecdd38}: 'java.lang.Object java.lang.invoke.DirectMethodHandle$Holder.newInvokeSpecial(java.lang.Object, java.lang.Object, java.lang.Object, int, int, int, int, int)'> (0x0000000750ecdd38) 
thrown [t:\workspace\open\src\hotspot\share\interpreter\linkResolver.cpp, line 766]
Event: 0.844 Thread 0x0000027b06551710 Exception <a 'java/lang/NoSuchMethodError'{0x000000075077aba0}: 'void java.lang.invoke.DirectMethodHandle$Holder.invokeVirtual(java.lang.Object, java.lang.Object)'> (0x000000075077aba0) 
thrown [t:\workspace\open\src\hotspot\share\interpreter\linkResolver.cpp, line 766]
Event: 0.858 Thread 0x0000027b6175e940 Exception <a 'java/lang/NoSuchMethodError'{0x0000000750b81118}: 'void java.lang.invoke.DirectMethodHandle$Holder.invokeStaticInit(java.lang.Object)'> (0x0000000750b81118) 
thrown [t:\workspace\open\src\hotspot\share\interpreter\linkResolver.cpp, line 766]

VM Operations (18 events):
Event: 0.071 Executing VM operation: HandshakeAllThreads
Event: 0.071 Executing VM operation: HandshakeAllThreads done
Event: 0.409 Executing VM operation: G1CollectForAllocation
Event: 0.414 Executing VM operation: G1CollectForAllocation done
Event: 0.524 Executing VM operation: G1CollectForAllocation
Event: 0.529 Executing VM operation: G1CollectForAllocation done
Event: 0.574 Executing VM operation: HandshakeAllThreads
Event: 0.574 Executing VM operation: HandshakeAllThreads done
Event: 0.827 Executing VM operation: HandshakeAllThreads
Event: 0.827 Executing VM operation: HandshakeAllThreads done
Event: 0.928 Executing VM operation: HandshakeAllThreads
Event: 0.928 Executing VM operation: HandshakeAllThreads done
Event: 1.937 Executing VM operation: Cleanup
Event: 1.937 Executing VM operation: Cleanup done
Event: 2.942 Executing VM operation: Cleanup
Event: 2.943 Executing VM operation: Cleanup done
Event: 3293.274 Executing VM operation: Cleanup
Event: 3293.275 Executing VM operation: Cleanup done

Events (20 events):
Event: 0.032 Thread 0x0000027b02162280 Thread added: 0x0000027b02162280
Event: 0.053 Thread 0x0000027b0211d200 Thread added: 0x0000027b0211d200
Event: 0.065 Loaded shared library C:\Program Files\Java\jdk-18\bin\net.dll
Event: 0.066 Loaded shared library C:\Program Files\Java\jdk-18\bin\nio.dll
Event: 0.082 Thread 0x0000027b064d1ae0 Thread added: 0x0000027b064d1ae0
Event: 0.085 Loaded shared library C:\Program Files\Java\jdk-18\bin\zip.dll
Event: 0.100 Loaded shared library C:\Program Files\Java\jdk-18\bin\jimage.dll
Event: 0.113 Loaded shared library C:\Program Files\Java\jdk-18\bin\awt.dll
Event: 0.170 Thread 0x0000027b06550d90 Thread added: 0x0000027b06550d90
Event: 0.171 Thread 0x0000027b06551250 Thread added: 0x0000027b06551250
Event: 0.172 Thread 0x0000027b06551710 Thread added: 0x0000027b06551710
Event: 0.231 Thread 0x0000027b0674e840 Thread added: 0x0000027b0674e840
Event: 0.269 Loaded shared library C:\Program Files\Java\jdk-18\bin\javajpeg.dll
Event: 0.844 Thread 0x0000027b067e2320 Thread added: 0x0000027b067e2320
Event: 0.861 Loaded shared library C:\Program Files\Java\jdk-18\bin\freetype.dll
Event: 0.862 Loaded shared library C:\Program Files\Java\jdk-18\bin\fontmanager.dll
Event: 0.925 Thread 0x0000027b6175e940 Thread exited: 0x0000027b6175e940
Event: 0.925 Thread 0x0000027b6175e940 Thread added: 0x0000027b6175e940
Event: 1.151 Thread 0x0000027b06541af0 Thread added: 0x0000027b06541af0
Event: 5.819 Thread 0x0000027b0674e840 Thread exited: 0x0000027b0674e840


Dynamic libraries:
0x00007ff6c77a0000 - 0x00007ff6c77b0000 	C:\Program Files\Java\jdk-18\bin\java.exe
0x00007ffd8a940000 - 0x00007ffd8ab49000 	C:\windows\SYSTEM32\ntdll.dll
0x00007ffd894a0000 - 0x00007ffd8955d000 	C:\windows\System32\KERNEL32.DLL
0x00007ffd87e20000 - 0x00007ffd88199000 	C:\windows\System32\KERNELBASE.dll
0x00007ffd88580000 - 0x00007ffd88691000 	C:\windows\System32\ucrtbase.dll
0x00007ffd6e9d0000 - 0x00007ffd6e9e8000 	C:\Program Files\Java\jdk-18\bin\jli.dll
0x00007ffd62070000 - 0x00007ffd6208a000 	C:\Program Files\Java\jdk-18\bin\VCRUNTIME140.dll
0x00007ffd89710000 - 0x00007ffd897be000 	C:\windows\System32\ADVAPI32.dll
0x00007ffd88b50000 - 0x00007ffd88bf3000 	C:\windows\System32\msvcrt.dll
0x00007ffd891a0000 - 0x00007ffd8923e000 	C:\windows\System32\sechost.dll
0x00007ffd892d0000 - 0x00007ffd893f0000 	C:\windows\System32\RPCRT4.dll
0x00007ffd88990000 - 0x00007ffd88b3c000 	C:\windows\System32\USER32.dll
0x00007ffd5ffe0000 - 0x00007ffd60285000 	C:\windows\WinSxS\amd64_microsoft.windows.common-controls_6595b64144ccf1df_6.0.22000.120_none_9d947278b86cc467\COMCTL32.dll
0x00007ffd88430000 - 0x00007ffd88456000 	C:\windows\System32\win32u.dll
0x00007ffd89470000 - 0x00007ffd89499000 	C:\windows\System32\GDI32.dll
0x00007ffd881a0000 - 0x00007ffd882b2000 	C:\windows\System32\gdi32full.dll
0x00007ffd88460000 - 0x00007ffd884fd000 	C:\windows\System32\msvcp_win.dll
0x00007ffd7f3f0000 - 0x00007ffd7f3fa000 	C:\windows\SYSTEM32\VERSION.dll
0x00007ffd8a750000 - 0x00007ffd8a781000 	C:\windows\System32\IMM32.DLL
0x00007ffd7fef0000 - 0x00007ffd7fefc000 	C:\Program Files\Java\jdk-18\bin\vcruntime140_1.dll
0x00007ffcf8a00000 - 0x00007ffcf8a8d000 	C:\Program Files\Java\jdk-18\bin\msvcp140.dll
0x00007ffceeba0000 - 0x00007ffcef7b1000 	C:\Program Files\Java\jdk-18\bin\server\jvm.dll
0x00007ffd88b40000 - 0x00007ffd88b48000 	C:\windows\System32\PSAPI.DLL
0x00007ffd7fda0000 - 0x00007ffd7fdd3000 	C:\windows\SYSTEM32\WINMM.dll
0x00007ffd7ff00000 - 0x00007ffd7ff09000 	C:\windows\SYSTEM32\WSOCK32.dll
0x00007ffd89240000 - 0x00007ffd892af000 	C:\windows\System32\WS2_32.dll
0x00007ffd87010000 - 0x00007ffd87028000 	C:\windows\SYSTEM32\kernel.appcore.dll
0x00007ffd61ff0000 - 0x00007ffd61ffa000 	C:\Program Files\Java\jdk-18\bin\jimage.dll
0x00007ffd85970000 - 0x00007ffd85b91000 	C:\windows\SYSTEM32\DBGHELP.DLL
0x00007ffd678e0000 - 0x00007ffd67911000 	C:\windows\SYSTEM32\dbgcore.DLL
0x00007ffd88500000 - 0x00007ffd8857f000 	C:\windows\System32\bcryptPrimitives.dll
0x00007ffd62000000 - 0x00007ffd62025000 	C:\Program Files\Java\jdk-18\bin\java.dll
0x00007ffd61f10000 - 0x00007ffd61fe6000 	C:\Program Files\Java\jdk-18\bin\jsvml.dll
0x00007ffd897c0000 - 0x00007ffd89f78000 	C:\windows\System32\SHELL32.dll
0x00007ffd85fa0000 - 0x00007ffd86808000 	C:\windows\SYSTEM32\windows.storage.dll
0x00007ffd88cd0000 - 0x00007ffd89049000 	C:\windows\System32\combase.dll
0x00007ffd85e30000 - 0x00007ffd85f96000 	C:\windows\SYSTEM32\wintypes.dll
0x00007ffd89050000 - 0x00007ffd8913a000 	C:\windows\System32\SHCORE.dll
0x00007ffd893f0000 - 0x00007ffd8944d000 	C:\windows\System32\shlwapi.dll
0x00007ffd87d50000 - 0x00007ffd87d71000 	C:\windows\SYSTEM32\profapi.dll
0x00007ffd38a20000 - 0x00007ffd38a33000 	C:\Program Files\Java\jdk-18\bin\net.dll
0x00007ffd7fde0000 - 0x00007ffd7feec000 	C:\windows\SYSTEM32\WINHTTP.dll
0x00007ffd87440000 - 0x00007ffd874a7000 	C:\windows\system32\mswsock.dll
0x00007ffd38a00000 - 0x00007ffd38a16000 	C:\Program Files\Java\jdk-18\bin\nio.dll
0x00007ffd389e0000 - 0x00007ffd389f8000 	C:\Program Files\Java\jdk-18\bin\zip.dll
0x00007ffd10bd0000 - 0x00007ffd10d5f000 	C:\Program Files\Java\jdk-18\bin\awt.dll
0x00007ffd8a600000 - 0x00007ffd8a6d6000 	C:\windows\System32\OLEAUT32.dll
0x00007ffd82830000 - 0x00007ffd828c1000 	C:\windows\SYSTEM32\apphelp.dll
0x00007ffd85550000 - 0x00007ffd8557f000 	C:\windows\system32\DWMAPI.DLL
0x00007ffd82920000 - 0x00007ffd829cc000 	C:\windows\system32\uxtheme.dll
0x00007ffd4dc70000 - 0x00007ffd4dd71000 	C:\windows\system32\opengl32.dll
0x00007ffd4dec0000 - 0x00007ffd4deed000 	C:\windows\SYSTEM32\GLU32.dll
0x00007ffd85190000 - 0x00007ffd851c8000 	C:\windows\SYSTEM32\dxcore.dll
0x00007ffd89560000 - 0x00007ffd8967e000 	C:\windows\System32\MSCTF.dll
0x00007ffd8a450000 - 0x00007ffd8a5ea000 	C:\windows\System32\ole32.dll
0x00007ffd59410000 - 0x00007ffd5943d000 	C:\Program Files\Java\jdk-18\bin\javajpeg.dll
0x00007ffcf7540000 - 0x00007ffcf75c9000 	C:\Program Files\Java\jdk-18\bin\freetype.dll
0x00007ffcf7490000 - 0x00007ffcf7538000 	C:\Program Files\Java\jdk-18\bin\fontmanager.dll
0x00007ffd88c20000 - 0x00007ffd88ccf000 	C:\windows\System32\clbcatq.dll
0x00007ffd75ff0000 - 0x00007ffd7619e000 	C:\windows\SYSTEM32\WindowsCodecs.dll
0x00007ffd4ccb0000 - 0x00007ffd4cd0d000 	C:\windows\system32\dataexchange.dll
0x00007ffd75350000 - 0x00007ffd755b6000 	C:\windows\system32\twinapi.appcore.dll
0x00007ffd5c9f0000 - 0x00007ffd5cb1d000 	C:\windows\SYSTEM32\textinputframework.dll
0x00007ffd82540000 - 0x00007ffd82672000 	C:\windows\SYSTEM32\CoreMessaging.dll
0x00007ffd776f0000 - 0x00007ffd77a5d000 	C:\windows\SYSTEM32\CoreUIComponents.dll
0x00007ffd876a0000 - 0x00007ffd876ac000 	C:\windows\SYSTEM32\CRYPTBASE.DLL
0x00007ffd64510000 - 0x00007ffd645be000 	C:\windows\SYSTEM32\TextShaping.dll

dbghelp: loaded successfully - version: 4.0.5 - missing functions: none
symbol engine: initialized successfully - sym options: 0x614 - pdb path: .;C:\Program Files\Java\jdk-18\bin;C:\windows\SYSTEM32;C:\windows\WinSxS\amd64_microsoft.windows.common-controls_6595b64144ccf1df_6.0.22000.120_none_9d947278b86cc467;C:\Program Files\Java\jdk-18\bin\server

VM Arguments:
jvm_args: -Dfile.encoding=UTF-8 --module-path=C:\Users\ayush\OneDrive\Documents\University Files\Semester 4\Lab\Project\Bank Management\Bank Management\build\classes 
java_command: bank.management.Loan_Application
java_class_path (initial): C:\Users\ayush\Downloads\jcalendar-tz-1.3.3-4.jar;C:\Users\ayush\Downloads\mysql-connector-java-8.0.28.jar;C:\Users\ayush\OneDrive\Documents\University Files\Semester 4\Lab\Project\Bank Management\Bank Management\build\classes
Launcher Type: SUN_STANDARD

[Global flags]
     intx CICompilerCount                          = 4                                         {product} {ergonomic}
     uint ConcGCThreads                            = 3                                         {product} {ergonomic}
     uint G1ConcRefinementThreads                  = 10                                        {product} {ergonomic}
   size_t G1HeapRegionSize                         = 2097152                                   {product} {ergonomic}
    uintx GCDrainStackTargetSize                   = 64                                        {product} {ergonomic}
   size_t InitialHeapSize                          = 197132288                                 {product} {ergonomic}
   size_t MarkStackSize                            = 4194304                                   {product} {ergonomic}
   size_t MaxHeapSize                              = 3126853632                                {product} {ergonomic}
   size_t MaxNewSize                               = 1874853888                                {product} {ergonomic}
   size_t MinHeapDeltaBytes                        = 2097152                                   {product} {ergonomic}
   size_t MinHeapSize                              = 8388608                                   {product} {ergonomic}
    uintx NonNMethodCodeHeapSize                   = 5839372                                {pd product} {ergonomic}
    uintx NonProfiledCodeHeapSize                  = 122909434                              {pd product} {ergonomic}
    uintx ProfiledCodeHeapSize                     = 122909434                              {pd product} {ergonomic}
    uintx ReservedCodeCacheSize                    = 251658240                              {pd product} {ergonomic}
     bool SegmentedCodeCache                       = true                                      {product} {ergonomic}
   size_t SoftMaxHeapSize                          = 3126853632                             {manageable} {ergonomic}
     bool UseCompressedClassPointers               = true                           {product lp64_product} {ergonomic}
     bool UseCompressedOops                        = true                           {product lp64_product} {ergonomic}
     bool UseG1GC                                  = true                                      {product} {ergonomic}
     bool UseLargePagesIndividualAllocation        = false                                  {pd product} {ergonomic}

Logging:
Log output configuration:
 #0: stdout all=warning uptime,level,tags foldmultilines=false
 #1: stderr all=off uptime,level,tags foldmultilines=false

Environment Variables:
PATH=C:\Program Files\Python310\Scripts\;C:\Program Files\Python310\;C:\Program Files\Common Files\Oracle\Java\javapath;C:\windows\system32;C:\windows;C:\windows\System32\Wbem;C:\windows\System32\WindowsPowerShell\v1.0\;C:\windows\System32\OpenSSH\;C:\Program Files (x86)\NVIDIA Corporation\PhysX\Common;C:\Program Files\NVIDIA Corporation\NVIDIA NvDLISR;C:\Program Files\nodejs\;C:\Program Files\MySQL\MySQL Server 8.0\bin;C:\Program Files\MySQL\MySQL Shell 8.0\bin\;C:\Users\ayush\AppData\Local\Microsoft\WindowsApps;C:\Users\ayush\AppData\Local\Programs\Microsoft VS Code\bin;C:\MinGW\bin;C:\Users\ayush\AppData\Roaming\npm
USERNAME=ayush
OS=Windows_NT
PROCESSOR_IDENTIFIER=Intel64 Family 6 Model 141 Stepping 1, GenuineIntel



---------------  S Y S T E M  ---------------

OS:
 Windows 11 , 64 bit Build 22000 (10.0.22000.708)
OS uptime: 0 days 3:08 hours

CPU: total 12 (initial active 12) (6 cores per cpu, 2 threads per core) family 6 model 141 stepping 1 microcode 0x3c, cx8, cmov, fxsr, ht, mmx, 3dnowpref, sse, sse2, sse3, ssse3, sse4.1, sse4.2, popcnt, lzcnt, tsc, tscinvbit, avx, avx2, aes, erms, clmul, bmi1, bmi2, adx, avx512f, avx512dq, avx512cd, avx512bw, avx512vl, sha, fma, vzeroupper, avx512_vpopcntdq, avx512_vpclmulqdq, avx512_vaes, avx512_vnni, clflush, clflushopt, clwb, avx512_vbmi2, avx512_vbmi

Memory: 4k page, system-wide physical 11925M (567M free)
TotalPageFile size 42349M (AvailPageFile size 0M)
current process WorkingSet (physical memory assigned to process): 81M, peak: 183M
current process commit charge ("private bytes"): 294M, peak: 325M

vm_info: Java HotSpot(TM) 64-Bit Server VM (18+36-2087) for windows-amd64 JRE (18+36-2087), built on Feb 15 2022 09:43:11 by "mach5one" with MS VC++ 16.8 / 16.9 (VS2019)

END.
