#
# There is insufficient memory for the Java Runtime Environment to continue.
# Native memory allocation (malloc) failed to allocate 32744 bytes for Chunk::new
# Possible reasons:
#   The system is out of physical RAM or swap space
#   The process is running with CompressedOops enabled, and the Java Heap may be blocking the growth of the native heap
# Possible solutions:
#   Reduce memory load on the system
#   Increase physical memory or swap space
#   Check if swap backing store is full
#   Decrease Java heap size (-Xmx/-Xms)
#   Decrease number of Java threads
#
#  
--module-path=C:\Users\ayush\OneDrive\Documents\University Files\Semester 4\Lab\Project\Bank Management\Bank Management\build\classes bank.management.Loan_Application

Host: 11th Gen Intel(R) Core(TM) i5-11400H @ 2.70GHz, 12 cores, 11G,  Windows 11 , 64 bit Build 22000 (10.0.22000.708)
Time: Fri Jul  8 15:26:24 2022 Pakistan Standard Time elapsed time: 6551.940630 seconds (0d 1h 49m 11s)

---------------  T H R E A D  ---------------

Current thread (0x0000020461a96ad0):  JavaThread "C1 CompilerThread0" daemon [_thread_in_native, id=20504, stack(0x0000003e2e300000,0x0000003e2e400000)]


Current CompileTask:
C1:6551940 1207  s    3       sun.java2d.loops.GraphicsPrimitiveMgr::locatePrim (95 bytes)

Stack: [0x0000003e2e300000,0x0000003e2e400000]
Native frames: (J=compiled Java code, j=interpreted, Vv=VM code, C=native code)
V  [jvm.dll+0x69804a]