#
# There is insufficient memory for the Java Runtime Environment to continue.
# Native memory allocation (malloc) failed to allocate 1048576 bytes for AllocateHeap
# Possible reasons:
#   The system is out of physical RAM or swap space
#   The process is running with CompressedOops enabled, and the Java Heap may be blocking the growth of the native heap
# Possible solutions:
#   Reduce memory load on the system
#   Increase physical memory or swap space
#   Check if swap backing store is full
#   Decrease Java heap size (-Xmx/-Xms)
#   Decrease number of Java threads
#   Decrease Java thread stack sizes (-Xss)
#   Set larger code cache with -XX:ReservedCodeCacheSize=
#   JVM is running with Unscaled Compressed Oops mode in which the Java heap is
#     placed in the first 4GB address space. The Java Heap base address is the
#     maximum limit for the native heap growth. Please use -XX:HeapBaseMinAddress
#     to set the Java Heap base and to place the Java Heap above 4GB virtual address.
# This output file may be truncated or incomplete.
#
#  Out of Memory Error (allocation.cpp:44), pid=24464, tid=23692
#
# JRE version:  (18.0.1.1+2) (build )
# Java VM: Java HotSpot(TM) 64-Bit Server VM (18.0.1.1+2-6, mixed mode, sharing, tiered, compressed oops, compressed class ptrs, g1 gc, windows-amd64)
# No core dump will be written. Minidumps are not enabled by default on client versions of Windows
#

---------------  S U M M A R Y ------------

Command Line: -Dfile.encoding=UTF-8 --module-path=C:\Users\Hp\Downloads\Bankmanagement tuesday\Bankmanagement\Bank Management saturday\Bank Management\Bank Management\Bank Management\build\classes bank.management.Employee_login

Host: Intel(R) Core(TM) i5-1035G1 CPU @ 1.00GHz, 8 cores, 7G,  Windows 10 , 64 bit Build 19041 (10.0.19041.1741)
Time: Wed Jul 13 17:50:10 2022 Pakistan Standard Time elapsed time: 0.015697 seconds (0d 0h 0m 0s)

---------------  T H R E A D  ---------------

Current thread (0x000001d5f880dff0):  JavaThread "Unknown thread" [_thread_in_vm, id=23692, stack(0x0000002f6fb00000,0x0000002f6fc00000)]

Stack: [0x0000002f6fb00000,0x0000002f6fc00000]
Native frames: (J=compiled Java code, j=interpreted, Vv=VM code, C=native code)
V  [jvm.dll+0x69887a]
V  [jvm.dll+0x7f38bd]
V  [jvm.dll+0x7f51ce]
V  [jvm.dll+0x7f5883]
V  [jvm.dll+0x25ca3f]
V  [jvm.dll+0xb31af]
V  [jvm.dll+0x3025b9]
V  [jvm.dll+0x2facb3]
V  [jvm.dll+0x7c24f0]
V  [jvm.dll+0x38b801]
V  [jvm.dll+0x7a1203]
V  [jvm.dll+0x40d6bf]
V  [jvm.dll+0x40f091]
C  [jli.dll+0x526b]
C  [ucrtbase.dll+0x21bb2]
C  [KERNEL32.DLL+0x17034]
C  [ntdll.dll+0x52651]


---------------  P R O C E S S  ---------------

Threads class SMR info:
_java_thread_list=0x00007ffd9b98d550, length=0, elements={
}

Java Threads: ( => current thread )

Other Threads:
  0x000001d5fa94de60 WorkerThread "GC Thread#0" [stack: 0x0000002f6fc00000,0x0000002f6fd00000] [id=22220]

[error occurred during error reporting (printing all threads), id 0xc0000005, EXCEPTION_ACCESS_VIOLATION (0xc0000005) at pc=0x00007ffd9b1b77e0]

VM state: not at safepoint (not fully initialized)

VM Mutex/Monitor currently owned by a thread:  ([mutex/lock_event])
[0x000001d5f880a0b0] Heap_lock - owner thread: 0x000001d5f880dff0

Heap address: 0x0000000084c00000, size: 1972 MB, Compressed Oops mode: 32-bit

CDS archive(s) mapped at: [0x0000000000000000-0x0000000000000000-0x0000000000000000), size 0, SharedBaseAddress: 0x0000000800000000, ArchiveRelocationMode: 0.
Narrow klass base: 0x0000000000000000, Narrow klass shift: 0, Narrow klass range: 0x0

GC Precious Log:
 CardTable entry size: 512
 Card Set container configuration: InlinePtr #cards 5 size 8 Array Of Cards #cards 12 size 40 Howl #buckets 4 coarsen threshold 1843 Howl Bitmap #cards 512 size 80 coarsen threshold 460 Card regions per heap region 1 cards per card region 2048

Heap:
 garbage-first heap   total 0K, used 0K [0x0000000084c00000, 0x0000000100000000)
  region size 1024K, 0 young (0K), 0 survivors (0K)

[error occurred during error reporting (printing heap information), id 0xc0000005, EXCEPTION_ACCESS_VIOLATION (0xc0000005) at pc=0x00007ffd9b5a0cb9]

GC Heap History (0 events):
No events

Deoptimization events (0 events):
No events

Classes loaded (0 events):
No events

Classes unloaded (0 events):
No events

Classes redefined (0 events):
No events

Internal exceptions (0 events):
No events

VM Operations (0 events):
No events

Events (1 events):
Event: 0.011 Loaded shared library C:\Program Files\Java\jdk-18.0.1.1\bin\java.dll


Dynamic libraries:
0x00007ff757bb0000 - 0x00007ff757bc0000 	C:\Program Files\Java\jdk-18.0.1.1\bin\java.exe
0x00007ffdebdb0000 - 0x00007ffdebfa7000 	C:\Windows\SYSTEM32\ntdll.dll
0x00007ffdeb2b0000 - 0x00007ffdeb36d000 	C:\Windows\System32\KERNEL32.DLL
0x00007ffde9740000 - 0x00007ffde9a0d000 	C:\Windows\System32\KERNELBASE.dll
0x00007ffde9640000 - 0x00007ffde9740000 	C:\Windows\System32\ucrtbase.dll
0x00007ffde13d0000 - 0x00007ffde13ea000 	C:\Program Files\Java\jdk-18.0.1.1\bin\VCRUNTIME140.dll
0x00007ffde1470000 - 0x00007ffde1488000 	C:\Program Files\Java\jdk-18.0.1.1\bin\jli.dll
0x00007ffdeaea0000 - 0x00007ffdeaf4e000 	C:\Windows\System32\ADVAPI32.dll
0x00007ffdeb370000 - 0x00007ffdeb40e000 	C:\Windows\System32\msvcrt.dll
0x00007ffdea2a0000 - 0x00007ffdea33c000 	C:\Windows\System32\sechost.dll
0x00007ffdeb530000 - 0x00007ffdeb655000 	C:\Windows\System32\RPCRT4.dll
0x00007ffdead00000 - 0x00007ffdeaea0000 	C:\Windows\System32\USER32.dll
0x00007ffdd1060000 - 0x00007ffdd12fa000 	C:\Windows\WinSxS\amd64_microsoft.windows.common-controls_6595b64144ccf1df_6.0.19041.1110_none_60b5254171f9507e\COMCTL32.dll
0x00007ffde9b70000 - 0x00007ffde9b92000 	C:\Windows\System32\win32u.dll
0x00007ffdeb280000 - 0x00007ffdeb2aa000 	C:\Windows\System32\GDI32.dll
0x00007ffde9a10000 - 0x00007ffde9b1b000 	C:\Windows\System32\gdi32full.dll
0x00007ffde9ba0000 - 0x00007ffde9c3d000 	C:\Windows\System32\msvcp_win.dll
0x00007ffde32d0000 - 0x00007ffde32da000 	C:\Windows\SYSTEM32\VERSION.dll
0x00007ffde9e10000 - 0x00007ffde9e40000 	C:\Windows\System32\IMM32.DLL
0x00007ffde13c0000 - 0x00007ffde13cc000 	C:\Program Files\Java\jdk-18.0.1.1\bin\vcruntime140_1.dll
0x00007ffdb3160000 - 0x00007ffdb31ed000 	C:\Program Files\Java\jdk-18.0.1.1\bin\msvcp140.dll
0x00007ffd9aeb0000 - 0x00007ffd9bac0000 	C:\Program Files\Java\jdk-18.0.1.1\bin\server\jvm.dll
0x00007ffdea400000 - 0x00007ffdea408000 	C:\Windows\System32\PSAPI.DLL
0x00007ffde1890000 - 0x00007ffde1899000 	C:\Windows\SYSTEM32\WSOCK32.dll
0x00007ffdca9f0000 - 0x00007ffdcaa17000 	C:\Windows\SYSTEM32\WINMM.dll
0x00007ffdeb060000 - 0x00007ffdeb0cb000 	C:\Windows\System32\WS2_32.dll
0x00007ffde7d60000 - 0x00007ffde7d72000 	C:\Windows\SYSTEM32\kernel.appcore.dll
0x00007ffde06a0000 - 0x00007ffde06aa000 	C:\Program Files\Java\jdk-18.0.1.1\bin\jimage.dll
0x00007ffde72d0000 - 0x00007ffde74b4000 	C:\Windows\SYSTEM32\DBGHELP.DLL
0x00007ffdceaf0000 - 0x00007ffdceb1c000 	C:\Windows\SYSTEM32\dbgcore.DLL
0x00007ffde95b0000 - 0x00007ffde9632000 	C:\Windows\System32\bcryptPrimitives.dll
0x00007ffde1390000 - 0x00007ffde13b5000 	C:\Program Files\Java\jdk-18.0.1.1\bin\java.dll

dbghelp: loaded successfully - version: 4.0.5 - missing functions: none
symbol engine: initialized successfully - sym options: 0x614 - pdb path: .;C:\Program Files\Java\jdk-18.0.1.1\bin;C:\Windows\SYSTEM32;C:\Windows\WinSxS\amd64_microsoft.windows.common-controls_6595b64144ccf1df_6.0.19041.1110_none_60b5254171f9507e;C:\Program Files\Java\jdk-18.0.1.1\bin\server

VM Arguments:
jvm_args: -Dfile.encoding=UTF-8 --module-path=C:\Users\Hp\Downloads\Bankmanagement tuesday\Bankmanagement\Bank Management saturday\Bank Management\Bank Management\Bank Management\build\classes 
java_command: bank.management.Employee_login
java_class_path (initial): C:\Users\Hp\Downloads\jcalendar-tz-1.3.3-4.jar;C:\Users\Hp\Downloads\mysql-connector-java-8.0.29.jar;C:\Users\Hp\Downloads\Bankmanagement tuesday\Bankmanagement\Bank Management saturday\Bank Management\Bank Management\Bank Management\build\classes
Launcher Type: SUN_STANDARD

[Global flags]
     intx CICompilerCount                          = 4                                         {product} {ergonomic}
     uint ConcGCThreads                            = 2                                         {product} {ergonomic}
     uint G1ConcRefinementThreads                  = 8                                         {product} {ergonomic}
   size_t G1HeapRegionSize                         = 1048576                                   {product} {ergonomic}
    uintx GCDrainStackTargetSize                   = 64                                        {product} {ergonomic}
   size_t InitialHeapSize                          = 130023424                                 {product} {ergonomic}
   size_t MarkStackSize                            = 4194304                                   {product} {ergonomic}
   size_t MaxHeapSize                              = 2067791872                                {product} {ergonomic}
   size_t MinHeapDeltaBytes                        = 1048576                                   {product} {ergonomic}
   size_t MinHeapSize                              = 8388608                                   {product} {ergonomic}
    uintx NonNMethodCodeHeapSize                   = 5839372                                {pd product} {ergonomic}
    uintx NonProfiledCodeHeapSize                  = 122909434                              {pd product} {ergonomic}
    uintx ProfiledCodeHeapSize                     = 122909434                              {pd product} {ergonomic}
    uintx ReservedCodeCacheSize                    = 251658240                              {pd product} {ergonomic}
     bool SegmentedCodeCache                       = true                                      {product} {ergonomic}
   size_t SoftMaxHeapSize                          = 2067791872                             {manageable} {ergonomic}
     bool UseCompressedClassPointers               = true                           {product lp64_product} {ergonomic}
     bool UseCompressedOops                        = true                           {product lp64_product} {ergonomic}
     bool UseG1GC                                  = true                                      {product} {ergonomic}
     bool UseLargePagesIndividualAllocation        = false                                  {pd product} {ergonomic}

Logging:
Log output configuration:
 #0: stdout all=warning uptime,level,tags foldmultilines=false
 #1: stderr all=off uptime,level,tags foldmultilines=false

Environment Variables:
PATH=C:\Program Files\Common Files\Oracle\Java\javapath;C:\Python310\Scripts\;C:\Python310\;C:\Program Files (x86)\Common Files\Oracle\Java\javapath;C:\Windows\system32;C:\Windows;C:\Windows\System32\Wbem;C:\Windows\System32\WindowsPowerShell\v1.0\;C:\Windows\System32\OpenSSH\;C:\Program Files\nodejs\;C:\ProgramData\chocolatey\bin;C:\Program Files\Git\cmd;C:\Program Files\MySQL\MySQL Server 8.0\bin;C:\Program Files\MySQL\MySQL Shell 8.0\bin\;C:\Users\Hp\AppData\Local\Microsoft\WindowsApps;;C:\Users\Hp\AppData\Local\Programs\Microsoft VS Code\bin;C:\Users\Hp\AppData\Roaming\npm
USERNAME=Hp
OS=Windows_NT
PROCESSOR_IDENTIFIER=Intel64 Family 6 Model 126 Stepping 5, GenuineIntel



---------------  S Y S T E M  ---------------

OS:
 Windows 10 , 64 bit Build 19041 (10.0.19041.1741)
OS uptime: 19 days 2:46 hours

CPU: total 8 (initial active 8) (4 cores per cpu, 2 threads per core) family 6 model 126 stepping 5 microcode 0xa8, cx8, cmov, fxsr, ht, mmx, 3dnowpref, sse, sse2, sse3, ssse3, sse4.1, sse4.2, popcnt, lzcnt, tsc, tscinvbit, avx, avx2, aes, erms, clmul, bmi1, bmi2, adx, avx512f, avx512dq, avx512cd, avx512bw, avx512vl, sha, fma, vzeroupper, avx512_vpopcntdq, avx512_vpclmulqdq, avx512_vaes, avx512_vnni, clflush, clflushopt, avx512_vbmi2, avx512_vbmi

Memory: 4k page, system-wide physical 7880M (732M free)
TotalPageFile size 23224M (AvailPageFile size 5M)
current process WorkingSet (physical memory assigned to process): 10M, peak: 10M
current process commit charge ("private bytes"): 52M, peak: 53M

vm_info: Java HotSpot(TM) 64-Bit Server VM (18.0.1.1+2-6) for windows-amd64 JRE (18.0.1.1+2-6), built on Apr 25 2022 21:53:15 by "mach5one" with MS VC++ 16.8 / 16.9 (VS2019)

END.
