#
# There is insufficient memory for the Java Runtime Environment to continue.
# Native memory allocation (malloc) failed to allocate 32744 bytes for Chunk::new
# Possible reasons:
#   The system is out of physical RAM or swap space
#   The process is running with CompressedOops enabled, and the Java Heap may be blocking the growth of the native heap
# Possible solutions:
#   Reduce memory load on the system
#   Increase physical memory or swap space
#   Check if swap backing store is full
#   Decrease Java heap size (-Xmx/-Xms)
#   Decrease number of Java threads
#   Decrease Java thread stack sizes (-Xss)
#   Set larger code cache with -XX:ReservedCodeCacheSize=
#   JVM is running with Zero Based Compressed Oops mode in which the Java heap is
#     placed in the first 32GB address space. The Java Heap base address is the
#     maximum limit for the native heap growth. Please use -XX:HeapBaseMinAddress
#     to set the Java Heap base and to place the Java Heap above 32GB virtual address.
# This output file may be truncated or incomplete.
#
#  Out of Memory Error (arena.cpp:184), pid=10352, tid=12164
#
# JRE version: Java(TM) SE Runtime Environment (18.0+36) (build 18+36-2087)
# Java VM: Java HotSpot(TM) 64-Bit Server VM (18+36-2087, mixed mode, sharing, tiered, compressed oops, compressed class ptrs, g1 gc, windows-amd64)
# No core dump will be written. Minidumps are not enabled by default on client versions of Windows
#

---------------  S U M M A R Y ------------

Command Line: -Dfile.encoding=UTF-8 --module-path=C:\Users\ayush\OneDrive\Documents\University Files\Semester 4\Lab\Project\Bank Management\Bank Management\build\classes bank.management.Loan_Application

Host: 11th Gen Intel(R) Core(TM) i5-11400H @ 2.70GHz, 12 cores, 11G,  Windows 11 , 64 bit Build 22000 (10.0.22000.708)
Time: Fri Jul  8 15:26:24 2022 Pakistan Standard Time elapsed time: 5665.230006 seconds (0d 1h 34m 25s)

---------------  T H R E A D  ---------------

Current thread (0x000001c64a436be0):  JavaThread "C1 CompilerThread0" daemon [_thread_in_native, id=12164, stack(0x0000009886e00000,0x0000009886f00000)]


Current CompileTask:
C1:5665230 1257  s    3       sun.java2d.loops.GraphicsPrimitiveMgr::locatePrim (95 bytes)

Stack: [0x0000009886e00000,0x0000009886f00000]
Native frames: (J=compiled Java code, j=interpreted, Vv=VM code, C=native code)
V  [jvm.dll+0x69804a]
V  [jvm.dll+0x7f308d]
V  [jvm.dll+0x7f499e]
V  [jvm.dll+0x7f5053]
V  [jvm.dll+0x25ca3f]
V  [jvm.dll+0xb8c2f]
V  [jvm.dll+0xb8fa5]
V  [jvm.dll+0x157d1f]
V  [jvm.dll+0x15b18d]
V  [jvm.dll+0x15ac15]
V  [jvm.dll+0x15255e]
V  [jvm.dll+0x154b09]
V  [jvm.dll+0x152df4]
V  [jvm.dll+0x14cbd6]
V  [jvm.dll+0x15c7f6]
V  [jvm.dll+0x1482e0]
V  [jvm.dll+0x148640]
V  [jvm.dll+0x148926]
V  [jvm.dll+0x147d9a]
V  [jvm.dll+0x149a81]
V  [jvm.dll+0x23e8ca]
V  [jvm.dll+0x23cbac]
V  [jvm.dll+0x7a5781]
V  [jvm.dll+0x79fbba]
V  [jvm.dll+0x696ef5]
C  [ucrtbase.dll+0x26c0c]
C  [KERNEL32.DLL+0x154e0]
C  [ntdll.dll+0x485b]


---------------  P R O C E S S  ---------------

Threads class SMR info:
_java_thread_list=0x000001c64ea08680, length=17, elements={
0x000001c64a4163f0, 0x000001c64a416ca0, 0x000001c64a42bcd0, 0x000001c64a4325a0,
0x000001c64a432e50, 0x000001c64a433700, 0x000001c64a4342e0, 0x000001c64a436be0,
0x000001c64a4394e0, 0x000001c64a4016d0, 0x000001c64e908210, 0x000001c64e988040,
0x000001c64e988500, 0x000001c64e9889c0, 0x000001c64f5b9f60, 0x000001c629adf1c0,
0x000001c64f637f90
}

Java Threads: ( => current thread )
  0x000001c64a4163f0 JavaThread "Reference Handler" daemon [_thread_blocked, id=13544, stack(0x0000009886700000,0x0000009886800000)]
  0x000001c64a416ca0 JavaThread "Finalizer" daemon [_thread_blocked, id=21888, stack(0x0000009886800000,0x0000009886900000)]
  0x000001c64a42bcd0 JavaThread "Signal Dispatcher" daemon [_thread_blocked, id=20992, stack(0x0000009886900000,0x0000009886a00000)]
  0x000001c64a4325a0 JavaThread "Attach Listener" daemon [_thread_blocked, id=2288, stack(0x0000009886a00000,0x0000009886b00000)]
  0x000001c64a432e50 JavaThread "Service Thread" daemon [_thread_blocked, id=17328, stack(0x0000009886b00000,0x0000009886c00000)]
  0x000001c64a433700 JavaThread "Monitor Deflation Thread" daemon [_thread_blocked, id=8492, stack(0x0000009886c00000,0x0000009886d00000)]
  0x000001c64a4342e0 JavaThread "C2 CompilerThread0" daemon [_thread_in_native, id=12816, stack(0x0000009886d00000,0x0000009886e00000)]
=>0x000001c64a436be0 JavaThread "C1 CompilerThread0" daemon [_thread_in_native, id=12164, stack(0x0000009886e00000,0x0000009886f00000)]
  0x000001c64a4394e0 JavaThread "Sweeper thread" daemon [_thread_blocked, id=19192, stack(0x0000009886f00000,0x0000009887000000)]
  0x000001c64a4016d0 JavaThread "Common-Cleaner" daemon [_thread_blocked, id=12088, stack(0x0000009887000000,0x0000009887100000)]
  0x000001c64e908210 JavaThread "Notification Thread" daemon [_thread_blocked, id=5988, stack(0x0000009887100000,0x0000009887200000)]
  0x000001c64e988040 JavaThread "Java2D Disposer" daemon [_thread_blocked, id=21872, stack(0x0000009887400000,0x0000009887500000)]
  0x000001c64e988500 JavaThread "AWT-Shutdown" [_thread_blocked, id=13116, stack(0x0000009887500000,0x0000009887600000)]
  0x000001c64e9889c0 JavaThread "AWT-Windows" daemon [_thread_in_native, id=15084, stack(0x0000009887600000,0x0000009887700000)]
  0x000001c64f5b9f60 JavaThread "AWT-EventQueue-0" [_thread_blocked, id=8336, stack(0x0000009887e00000,0x0000009887f00000)]
  0x000001c629adf1c0 JavaThread "DestroyJavaVM" [_thread_blocked, id=4356, stack(0x0000009886000000,0x0000009886100000)]
  0x000001c64f637f90 JavaThread "TimerQueue" daemon [_thread_blocked, id=12416, stack(0x0000009888300000,0x0000009888400000)]

Other Threads:
  0x000001c629b6ddb0 VMThread "VM Thread" [stack: 0x0000009886600000,0x0000009886700000] [id=10320]
  0x000001c64e8e39c0 WatcherThread "VM Periodic Task Thread" [stack: 0x0000009887200000,0x0000009887300000] [id=20712]
  0x000001c629b3d420 WorkerThread "GC Thread#0" [stack: 0x0000009886100000,0x0000009886200000] [id=9684]
  0x000001c64eb8e4b0 WorkerThread "GC Thread#1" [stack: 0x0000009887300000,0x0000009887400000] [id=4004]
  0x000001c64eb74ff0 WorkerThread "GC Thread#2" [stack: 0x0000009887800000,0x0000009887900000] [id=10880]
  0x000001c64eb75290 WorkerThread "GC Thread#3" [stack: 0x0000009887900000,0x0000009887a00000] [id=19308]
  0x000001c64eb75530 WorkerThread "GC Thread#4" [stack: 0x0000009887a00000,0x0000009887b00000] [id=21840]
  0x000001c64f584310 WorkerThread "GC Thread#5" [stack: 0x0000009887b00000,0x0000009887c00000] [id=12100]
  0x000001c64f5845b0 WorkerThread "GC Thread#6" [stack: 0x0000009887c00000,0x0000009887d00000] [id=8104]
  0x000001c64f58a9b0 WorkerThread "GC Thread#7" [stack: 0x0000009887d00000,0x0000009887e00000] [id=17668]
  0x000001c629b49cb0 ConcurrentGCThread "G1 Main Marker" [stack: 0x0000009886200000,0x0000009886300000] [id=4180]
  0x000001c629b4a5b0 WorkerThread "G1 Conc#0" [stack: 0x0000009886300000,0x0000009886400000] [id=21844]
  0x000001c629b9fea0 ConcurrentGCThread "G1 Refine#0" [stack: 0x0000009886400000,0x0000009886500000] [id=15984]
  0x000001c629ba06c0 ConcurrentGCThread "G1 Service" [stack: 0x0000009886500000,0x0000009886600000] [id=20756]

Threads with active compile tasks:
C2 CompilerThread0  5665268 1256  s    4       sun.java2d.loops.GraphicsPrimitive::makeUniqueID (26 bytes)
C1 CompilerThread0  5665268 1257  s    3       sun.java2d.loops.GraphicsPrimitiveMgr::locatePrim (95 bytes)

VM state: not at safepoint (normal execution)

VM Mutex/Monitor currently owned by a thread: None

Heap address: 0x0000000745a00000, size: 2982 MB, Compressed Oops mode: Zero based, Oop shift amount: 3

CDS archive(s) mapped at: [0x0000000800000000-0x0000000800ba0000-0x0000000800ba0000), size 12189696, SharedBaseAddress: 0x0000000800000000, ArchiveRelocationMode: 0.
Compressed class space mapped at: 0x0000000800c00000-0x0000000840c00000, reserved size: 1073741824
Narrow klass base: 0x0000000800000000, Narrow klass shift: 0, Narrow klass range: 0x100000000

GC Precious Log:
 CardTable entry size: 512
 Card Set container configuration: InlinePtr #cards 4 size 8 Array Of Cards #cards 16 size 48 Howl #buckets 8 coarsen threshold 3686 Howl Bitmap #cards 512 size 80 coarsen threshold 460 Card regions per heap region 1 cards per card region 4096
 CPUs: 12 total, 12 available
 Memory: 11925M
 Large Page Support: Disabled
 NUMA Support: Disabled
 Compressed Oops: Enabled (Zero based)
 Heap Region Size: 2M
 Heap Min Capacity: 8M
 Heap Initial Capacity: 188M
 Heap Max Capacity: 2982M
 Pre-touch: Disabled
 Parallel Workers: 10
 Concurrent Workers: 3
 Concurrent Refinement Workers: 10
 Periodic GC: Disabled

Heap:
 garbage-first heap   total 192512K, used 94880K [0x0000000745a00000, 0x0000000800000000)
  region size 2048K, 16 young (32768K), 2 survivors (4096K)
 Metaspace       used 8054K, committed 8256K, reserved 1114112K
  class space    used 874K, committed 1024K, reserved 1048576K

Heap Regions: E=young(eden), S=young(survivor), O=old, HS=humongous(starts), HC=humongous(continues), CS=collection set, F=free, OA=open archive, CA=closed archive, TAMS=top-at-mark-start (previous, next)
|   0|0x0000000745a00000, 0x0000000745c00000, 0x0000000745c00000|100%|HS|  |TAMS 0x0000000745a00000, 0x0000000745a00000| Complete 
|   1|0x0000000745c00000, 0x0000000745e00000, 0x0000000745e00000|100%|HC|  |TAMS 0x0000000745c00000, 0x0000000745c00000| Complete 
|   2|0x0000000745e00000, 0x0000000746000000, 0x0000000746000000|100%|HC|  |TAMS 0x0000000745e00000, 0x0000000745e00000| Complete 
|   3|0x0000000746000000, 0x0000000746200000, 0x0000000746200000|100%|HC|  |TAMS 0x0000000746000000, 0x0000000746000000| Complete 
|   4|0x0000000746200000, 0x0000000746400000, 0x0000000746400000|100%|HC|  |TAMS 0x0000000746200000, 0x0000000746200000| Complete 
|   5|0x0000000746400000, 0x0000000746600000, 0x0000000746600000|100%|HC|  |TAMS 0x0000000746400000, 0x0000000746400000| Complete 
|   6|0x0000000746600000, 0x0000000746800000, 0x0000000746800000|100%|HC|  |TAMS 0x0000000746600000, 0x0000000746600000| Complete 
|   7|0x0000000746800000, 0x0000000746a00000, 0x0000000746a00000|100%|HC|  |TAMS 0x0000000746800000, 0x0000000746800000| Complete 
|   8|0x0000000746a00000, 0x0000000746c00000, 0x0000000746c00000|100%|HC|  |TAMS 0x0000000746a00000, 0x0000000746a00000| Complete 
|   9|0x0000000746c00000, 0x0000000746e00000, 0x0000000746e00000|100%|HC|  |TAMS 0x0000000746c00000, 0x0000000746c00000| Complete 
|  10|0x0000000746e00000, 0x0000000747000000, 0x0000000747000000|100%|HC|  |TAMS 0x0000000746e00000, 0x0000000746e00000| Complete 
|  11|0x0000000747000000, 0x0000000747200000, 0x0000000747200000|100%|HC|  |TAMS 0x0000000747000000, 0x0000000747000000| Complete 
|  12|0x0000000747200000, 0x0000000747400000, 0x0000000747400000|100%|HC|  |TAMS 0x0000000747200000, 0x0000000747200000| Complete 
|  13|0x0000000747400000, 0x0000000747600000, 0x0000000747600000|100%|HC|  |TAMS 0x0000000747400000, 0x0000000747400000| Complete 
|  14|0x0000000747600000, 0x0000000747800000, 0x0000000747800000|100%|HC|  |TAMS 0x0000000747600000, 0x0000000747600000| Complete 
|  15|0x0000000747800000, 0x0000000747a00000, 0x0000000747a00000|100%|HC|  |TAMS 0x0000000747800000, 0x0000000747800000| Complete 
|  16|0x0000000747a00000, 0x0000000747c00000, 0x0000000747c00000|100%|HC|  |TAMS 0x0000000747a00000, 0x0000000747a00000| Complete 
|  17|0x0000000747c00000, 0x0000000747e00000, 0x0000000747e00000|100%|HC|  |TAMS 0x0000000747c00000, 0x0000000747c00000| Complete 
|  18|0x0000000747e00000, 0x0000000748000000, 0x0000000748000000|100%|HC|  |TAMS 0x0000000747e00000, 0x0000000747e00000| Complete 
|  19|0x0000000748000000, 0x0000000748200000, 0x0000000748200000|100%|HC|  |TAMS 0x0000000748000000, 0x0000000748000000| Complete 
|  20|0x0000000748200000, 0x0000000748400000, 0x0000000748400000|100%|HC|  |TAMS 0x0000000748200000, 0x0000000748200000| Complete 
|  21|0x0000000748400000, 0x0000000748600000, 0x0000000748600000|100%|HC|  |TAMS 0x0000000748400000, 0x0000000748400000| Complete 
|  22|0x0000000748600000, 0x0000000748800000, 0x0000000748800000|100%|HC|  |TAMS 0x0000000748600000, 0x0000000748600000| Complete 
|  23|0x0000000748800000, 0x0000000748a00000, 0x0000000748a00000|100%|HC|  |TAMS 0x0000000748800000, 0x0000000748800000| Complete 
|  24|0x0000000748a00000, 0x0000000748c00000, 0x0000000748c00000|100%|HC|  |TAMS 0x0000000748a00000, 0x0000000748a00000| Complete 
|  25|0x0000000748c00000, 0x0000000748e00000, 0x0000000748e00000|100%|HC|  |TAMS 0x0000000748c00000, 0x0000000748c00000| Complete 
|  26|0x0000000748e00000, 0x0000000749000000, 0x0000000749000000|100%|HC|  |TAMS 0x0000000748e00000, 0x0000000748e00000| Complete 
|  27|0x0000000749000000, 0x0000000749200000, 0x0000000749200000|100%|HS|  |TAMS 0x0000000749000000, 0x0000000749000000| Complete 
|  28|0x0000000749200000, 0x0000000749400000, 0x0000000749400000|100%|HC|  |TAMS 0x0000000749200000, 0x0000000749200000| Complete 
|  29|0x0000000749400000, 0x0000000749600000, 0x0000000749600000|100%|HS|  |TAMS 0x0000000749400000, 0x0000000749400000| Complete 
|  30|0x0000000749600000, 0x0000000749800000, 0x0000000749800000|100%|HC|  |TAMS 0x0000000749600000, 0x0000000749600000| Complete 
|  31|0x0000000749800000, 0x0000000749a00000, 0x0000000749a00000|100%|HC|  |TAMS 0x0000000749800000, 0x0000000749800000| Complete 
|  32|0x0000000749a00000, 0x0000000749a00000, 0x0000000749c00000|  0%| F|  |TAMS 0x0000000749a00000, 0x0000000749a00000| Untracked 
|  33|0x0000000749c00000, 0x0000000749c00000, 0x0000000749e00000|  0%| F|  |TAMS 0x0000000749c00000, 0x0000000749c00000| Untracked 
|  34|0x0000000749e00000, 0x0000000749e00000, 0x000000074a000000|  0%| F|  |TAMS 0x0000000749e00000, 0x0000000749e00000| Untracked 
|  35|0x000000074a000000, 0x000000074a000000, 0x000000074a200000|  0%| F|  |TAMS 0x000000074a000000, 0x000000074a000000| Untracked 
|  36|0x000000074a200000, 0x000000074a200000, 0x000000074a400000|  0%| F|  |TAMS 0x000000074a200000, 0x000000074a200000| Untracked 
|  37|0x000000074a400000, 0x000000074a400000, 0x000000074a600000|  0%| F|  |TAMS 0x000000074a400000, 0x000000074a400000| Untracked 
|  38|0x000000074a600000, 0x000000074a600000, 0x000000074a800000|  0%| F|  |TAMS 0x000000074a600000, 0x000000074a600000| Untracked 
|  39|0x000000074a800000, 0x000000074a800000, 0x000000074aa00000|  0%| F|  |TAMS 0x000000074a800000, 0x000000074a800000| Untracked 
|  40|0x000000074aa00000, 0x000000074aa00000, 0x000000074ac00000|  0%| F|  |TAMS 0x000000074aa00000, 0x000000074aa00000| Untracked 
|  41|0x000000074ac00000, 0x000000074ac00000, 0x000000074ae00000|  0%| F|  |TAMS 0x000000074ac00000, 0x000000074ac00000| Untracked 
|  42|0x000000074ae00000, 0x000000074ae00000, 0x000000074b000000|  0%| F|  |TAMS 0x000000074ae00000, 0x000000074ae00000| Untracked 
|  43|0x000000074b000000, 0x000000074b000000, 0x000000074b200000|  0%| F|  |TAMS 0x000000074b000000, 0x000000074b000000| Untracked 
|  44|0x000000074b200000, 0x000000074b200000, 0x000000074b400000|  0%| F|  |TAMS 0x000000074b200000, 0x000000074b200000| Untracked 
|  45|0x000000074b400000, 0x000000074b400000, 0x000000074b600000|  0%| F|  |TAMS 0x000000074b400000, 0x000000074b400000| Untracked 
|  46|0x000000074b600000, 0x000000074b600000, 0x000000074b800000|  0%| F|  |TAMS 0x000000074b600000, 0x000000074b600000| Untracked 
|  47|0x000000074b800000, 0x000000074b800000, 0x000000074ba00000|  0%| F|  |TAMS 0x000000074b800000, 0x000000074b800000| Untracked 
|  48|0x000000074ba00000, 0x000000074ba00000, 0x000000074bc00000|  0%| F|  |TAMS 0x000000074ba00000, 0x000000074ba00000| Untracked 
|  49|0x000000074bc00000, 0x000000074bc00000, 0x000000074be00000|  0%| F|  |TAMS 0x000000074bc00000, 0x000000074bc00000| Untracked 
|  50|0x000000074be00000, 0x000000074be00000, 0x000000074c000000|  0%| F|  |TAMS 0x000000074be00000, 0x000000074be00000| Untracked 
|  51|0x000000074c000000, 0x000000074c000000, 0x000000074c200000|  0%| F|  |TAMS 0x000000074c000000, 0x000000074c000000| Untracked 
|  52|0x000000074c200000, 0x000000074c200000, 0x000000074c400000|  0%| F|  |TAMS 0x000000074c200000, 0x000000074c200000| Untracked 
|  53|0x000000074c400000, 0x000000074c400000, 0x000000074c600000|  0%| F|  |TAMS 0x000000074c400000, 0x000000074c400000| Untracked 
|  54|0x000000074c600000, 0x000000074c600000, 0x000000074c800000|  0%| F|  |TAMS 0x000000074c600000, 0x000000074c600000| Untracked 
|  55|0x000000074c800000, 0x000000074c800000, 0x000000074ca00000|  0%| F|  |TAMS 0x000000074c800000, 0x000000074c800000| Untracked 
|  56|0x000000074ca00000, 0x000000074ca00000, 0x000000074cc00000|  0%| F|  |TAMS 0x000000074ca00000, 0x000000074ca00000| Untracked 
|  57|0x000000074cc00000, 0x000000074cc00000, 0x000000074ce00000|  0%| F|  |TAMS 0x000000074cc00000, 0x000000074cc00000| Untracked 
|  58|0x000000074ce00000, 0x000000074ce00000, 0x000000074d000000|  0%| F|  |TAMS 0x000000074ce00000, 0x000000074ce00000| Untracked 
|  59|0x000000074d000000, 0x000000074d000000, 0x000000074d200000|  0%| F|  |TAMS 0x000000074d000000, 0x000000074d000000| Untracked 
|  60|0x000000074d200000, 0x000000074d200000, 0x000000074d400000|  0%| F|  |TAMS 0x000000074d200000, 0x000000074d200000| Untracked 
|  61|0x000000074d400000, 0x000000074d400000, 0x000000074d600000|  0%| F|  |TAMS 0x000000074d400000, 0x000000074d400000| Untracked 
|  62|0x000000074d600000, 0x000000074d600000, 0x000000074d800000|  0%| F|  |TAMS 0x000000074d600000, 0x000000074d600000| Untracked 
|  63|0x000000074d800000, 0x000000074d800000, 0x000000074da00000|  0%| F|  |TAMS 0x000000074d800000, 0x000000074d800000| Untracked 
|  64|0x000000074da00000, 0x000000074da00000, 0x000000074dc00000|  0%| F|  |TAMS 0x000000074da00000, 0x000000074da00000| Untracked 
|  65|0x000000074dc00000, 0x000000074dc00000, 0x000000074de00000|  0%| F|  |TAMS 0x000000074dc00000, 0x000000074dc00000| Untracked 
|  66|0x000000074de00000, 0x000000074de00000, 0x000000074e000000|  0%| F|  |TAMS 0x000000074de00000, 0x000000074de00000| Untracked 
|  67|0x000000074e000000, 0x000000074e000000, 0x000000074e200000|  0%| F|  |TAMS 0x000000074e000000, 0x000000074e000000| Untracked 
|  68|0x000000074e200000, 0x000000074e200000, 0x000000074e400000|  0%| F|  |TAMS 0x000000074e200000, 0x000000074e200000| Untracked 
|  69|0x000000074e400000, 0x000000074e400000, 0x000000074e600000|  0%| F|  |TAMS 0x000000074e400000, 0x000000074e400000| Untracked 
|  70|0x000000074e600000, 0x000000074e600000, 0x000000074e800000|  0%| F|  |TAMS 0x000000074e600000, 0x000000074e600000| Untracked 
|  71|0x000000074e800000, 0x000000074e800000, 0x000000074ea00000|  0%| F|  |TAMS 0x000000074e800000, 0x000000074e800000| Untracked 
|  72|0x000000074ea00000, 0x000000074eaa81e0, 0x000000074ec00000| 32%| S|CS|TAMS 0x000000074ea00000, 0x000000074ea00000| Complete 
|  73|0x000000074ec00000, 0x000000074ee00000, 0x000000074ee00000|100%| S|CS|TAMS 0x000000074ec00000, 0x000000074ec00000| Complete 
|  74|0x000000074ee00000, 0x000000074ee00000, 0x000000074f000000|  0%| F|  |TAMS 0x000000074ee00000, 0x000000074ee00000| Untracked 
|  75|0x000000074f000000, 0x000000074f000000, 0x000000074f200000|  0%| F|  |TAMS 0x000000074f000000, 0x000000074f000000| Untracked 
|  76|0x000000074f200000, 0x000000074f200000, 0x000000074f400000|  0%| F|  |TAMS 0x000000074f200000, 0x000000074f200000| Untracked 
|  77|0x000000074f400000, 0x000000074f400000, 0x000000074f600000|  0%| F|  |TAMS 0x000000074f400000, 0x000000074f400000| Untracked 
|  78|0x000000074f600000, 0x000000074f600000, 0x000000074f800000|  0%| F|  |TAMS 0x000000074f600000, 0x000000074f600000| Untracked 
|  79|0x000000074f800000, 0x000000074f800000, 0x000000074fa00000|  0%| F|  |TAMS 0x000000074f800000, 0x000000074f800000| Untracked 
|  80|0x000000074fa00000, 0x000000074fb00800, 0x000000074fc00000| 50%| E|  |TAMS 0x000000074fa00000, 0x000000074fa00000| Complete 
|  81|0x000000074fc00000, 0x000000074fe00000, 0x000000074fe00000|100%| E|CS|TAMS 0x000000074fc00000, 0x000000074fc00000| Complete 
|  82|0x000000074fe00000, 0x0000000750000000, 0x0000000750000000|100%| E|CS|TAMS 0x000000074fe00000, 0x000000074fe00000| Complete 
|  83|0x0000000750000000, 0x0000000750200000, 0x0000000750200000|100%| E|CS|TAMS 0x0000000750000000, 0x0000000750000000| Complete 
|  84|0x0000000750200000, 0x0000000750400000, 0x0000000750400000|100%| E|CS|TAMS 0x0000000750200000, 0x0000000750200000| Complete 
|  85|0x0000000750400000, 0x0000000750600000, 0x0000000750600000|100%| E|CS|TAMS 0x0000000750400000, 0x0000000750400000| Complete 
|  86|0x0000000750600000, 0x0000000750800000, 0x0000000750800000|100%| E|CS|TAMS 0x0000000750600000, 0x0000000750600000| Complete 
|  87|0x0000000750800000, 0x0000000750a00000, 0x0000000750a00000|100%| E|CS|TAMS 0x0000000750800000, 0x0000000750800000| Complete 
|  88|0x0000000750a00000, 0x0000000750c00000, 0x0000000750c00000|100%| E|CS|TAMS 0x0000000750a00000, 0x0000000750a00000| Complete 
|  89|0x0000000750c00000, 0x0000000750e00000, 0x0000000750e00000|100%| E|CS|TAMS 0x0000000750c00000, 0x0000000750c00000| Complete 
|  90|0x0000000750e00000, 0x0000000751000000, 0x0000000751000000|100%| E|CS|TAMS 0x0000000750e00000, 0x0000000750e00000| Complete 
|  91|0x0000000751000000, 0x0000000751200000, 0x0000000751200000|100%| E|CS|TAMS 0x0000000751000000, 0x0000000751000000| Complete 
|  92|0x0000000751200000, 0x0000000751400000, 0x0000000751400000|100%| E|CS|TAMS 0x0000000751200000, 0x0000000751200000| Complete 
|  93|0x0000000751400000, 0x0000000751600000, 0x0000000751600000|100%| E|CS|TAMS 0x0000000751400000, 0x0000000751400000| Complete 

Card table byte_map: [0x000001c640f40000,0x000001c641520000] _byte_map_base: 0x000001c63d513000

Marking Bits (Prev, Next): (CMBitMap*) 0x000001c629b3d930, (CMBitMap*) 0x000001c629b3d970
 Prev Bits: [0x000001c641b00000, 0x000001c644998000)
 Next Bits: [0x000001c6449a0000, 0x000001c647838000)

Polling page: 0x000001c6292b0000

Metaspace:

Usage:
  Non-class:      7.01 MB used.
      Class:    874.16 KB used.
       Both:      7.87 MB used.

Virtual space:
  Non-class space:       64.00 MB reserved,       7.06 MB ( 11%) committed,  1 nodes.
      Class space:        1.00 GB reserved,       1.00 MB ( <1%) committed,  1 nodes.
             Both:        1.06 GB reserved,       8.06 MB ( <1%) committed. 

Chunk freelists:
   Non-Class:  0 bytes
       Class:  3.05 MB
        Both:  3.05 MB

MaxMetaspaceSize: unlimited
CompressedClassSpaceSize: 1.00 GB
Initial GC threshold: 21.00 MB
Current GC threshold: 21.00 MB
CDS: on
MetaspaceReclaimPolicy: balanced
 - commit_granule_bytes: 65536.
 - commit_granule_words: 8192.
 - virtual_space_node_default_size: 8388608.
 - enlarge_chunks_in_place: 1.
 - new_chunks_are_fully_committed: 0.
 - uncommit_free_chunks: 1.
 - use_allocation_guard: 0.


Internal statistics:

num_allocs_failed_limit: 0.
num_arena_births: 126.
num_arena_deaths: 0.
num_vsnodes_births: 2.
num_vsnodes_deaths: 0.
num_space_committed: 129.
num_space_uncommitted: 0.
num_chunks_returned_to_freelist: 0.
num_chunks_taken_from_freelist: 183.
num_chunk_merges: 0.
num_chunk_splits: 94.
num_chunks_enlarged: 23.
num_inconsistent_stats: 0.

CodeHeap 'non-profiled nmethods': size=120000Kb used=386Kb max_used=386Kb free=119613Kb
 bounds [0x000001c638ee0000, 0x000001c639150000, 0x000001c640410000]
CodeHeap 'profiled nmethods': size=120000Kb used=2052Kb max_used=2052Kb free=117948Kb
 bounds [0x000001c6319b0000, 0x000001c631c20000, 0x000001c638ee0000]
CodeHeap 'non-nmethods': size=5760Kb used=1301Kb max_used=1331Kb free=4458Kb
 bounds [0x000001c631410000, 0x000001c631680000, 0x000001c6319b0000]
 total_blobs=1863 nmethods=1255 adapters=521
 compilation: enabled
              stopped_count=0, restarted_count=0
 full_count=0

Compilation events (20 events):
Event: 3909.151 Thread 0x000001c64a436be0 1246       3       java.lang.invoke.MethodHandleNatives::isCallerSensitive (29 bytes)
Event: 3909.152 Thread 0x000001c64a436be0 nmethod 1246 0x000001c631bad690 code [0x000001c631bad880, 0x000001c631bade08]
Event: 3909.152 Thread 0x000001c64a436be0 1247       3       java.lang.invoke.MethodHandleNatives::canBeCalledVirtual (50 bytes)
Event: 3909.152 Thread 0x000001c64a436be0 nmethod 1247 0x000001c631bae010 code [0x000001c631bae200, 0x000001c631bae6e8]
Event: 3909.219 Thread 0x000001c64a436be0 1248       3       java.beans.PropertyChangeSupport::firePropertyChange (35 bytes)
Event: 3909.220 Thread 0x000001c64a436be0 nmethod 1248 0x000001c631bae890 code [0x000001c631baea80, 0x000001c631baf248]
Event: 5401.148 Thread 0x000001c64a436be0 1249   !   3       java.lang.ref.ReferenceQueue::remove (125 bytes)
Event: 5401.150 Thread 0x000001c64a436be0 nmethod 1249 0x000001c631baf490 code [0x000001c631baf6a0, 0x000001c631bafe38]
Event: 5521.169 Thread 0x000001c64a436be0 1250   !   3       jdk.internal.ref.PhantomCleanable::isListEmpty (34 bytes)
Event: 5521.169 Thread 0x000001c64a436be0 nmethod 1250 0x000001c631bb0190 code [0x000001c631bb0320, 0x000001c631bb0578]
Event: 5521.169 Thread 0x000001c64a436be0 1251       3       jdk.internal.misc.InnocuousThread::eraseThreadLocals (23 bytes)
Event: 5521.169 Thread 0x000001c64a436be0 nmethod 1251 0x000001c631bb0690 code [0x000001c631bb0820, 0x000001c631bb0a18]
Event: 5664.723 Thread 0x000001c64a436be0 1252       3       java.awt.Component::checkTreeLock (21 bytes)
Event: 5664.724 Thread 0x000001c64a436be0 nmethod 1252 0x000001c631bb0a90 code [0x000001c631bb0c60, 0x000001c631bb0ef8]
Event: 5664.724 Thread 0x000001c64a436be0 1254       1       sun.awt.Win32GraphicsDevice::getDefaultScaleX (5 bytes)
Event: 5664.724 Thread 0x000001c64a436be0 nmethod 1254 0x000001c638f40510 code [0x000001c638f406a0, 0x000001c638f40778]
Event: 5664.724 Thread 0x000001c64a436be0 1255       1       sun.awt.Win32GraphicsDevice::getDefaultScaleY (5 bytes)
Event: 5664.724 Thread 0x000001c64a436be0 nmethod 1255 0x000001c638f40810 code [0x000001c638f409a0, 0x000001c638f40a78]
Event: 5665.214 Thread 0x000001c64a4342e0 1256  s    4       sun.java2d.loops.GraphicsPrimitive::makeUniqueID (26 bytes)
Event: 5665.214 Thread 0x000001c64a436be0 1257  s    3       sun.java2d.loops.GraphicsPrimitiveMgr::locatePrim (95 bytes)

GC Heap History (4 events):
Event: 0.436 GC heap before
{Heap before GC invocations=0 (full 0):
 garbage-first heap   total 192512K, used 75776K [0x0000000745a00000, 0x0000000800000000)
  region size 2048K, 11 young (22528K), 0 survivors (0K)
 Metaspace       used 4631K, committed 4736K, reserved 1114112K
  class space    used 474K, committed 512K, reserved 1048576K
}
Event: 0.441 GC heap after
{Heap after GC invocations=1 (full 0):
 garbage-first heap   total 192512K, used 57824K [0x0000000745a00000, 0x0000000800000000)
  region size 2048K, 2 young (4096K), 2 survivors (4096K)
 Metaspace       used 4631K, committed 4736K, reserved 1114112K
  class space    used 474K, committed 512K, reserved 1048576K
}
Event: 0.521 GC heap before
{Heap before GC invocations=1 (full 0):
 garbage-first heap   total 192512K, used 94688K [0x0000000745a00000, 0x0000000800000000)
  region size 2048K, 20 young (40960K), 2 survivors (4096K)
 Metaspace       used 4632K, committed 4736K, reserved 1114112K
  class space    used 474K, committed 512K, reserved 1048576K
}
Event: 0.525 GC heap after
{Heap after GC invocations=2 (full 0):
 garbage-first heap   total 192512K, used 58016K [0x0000000745a00000, 0x0000000800000000)
  region size 2048K, 2 young (4096K), 2 survivors (4096K)
 Metaspace       used 4632K, committed 4736K, reserved 1114112K
  class space    used 474K, committed 512K, reserved 1048576K
}

Deoptimization events (20 events):
Event: 0.833 Thread 0x000001c629adf1c0 Uncommon trap: trap_request=0xffffff45 fr.pc=0x000001c638f0a510 relative=0x0000000000000210
Event: 0.833 Thread 0x000001c629adf1c0 Uncommon trap: reason=unstable_if action=reinterpret pc=0x000001c638f0a510 method=java.lang.StringUTF16.compress([CI[BII)I @ 20 c2
Event: 0.833 Thread 0x000001c629adf1c0 DEOPT PACKING pc=0x000001c638f0a510 sp=0x00000098860fd990
Event: 0.833 Thread 0x000001c629adf1c0 DEOPT UNPACKING pc=0x000001c631465c23 sp=0x00000098860fd910 mode 2
Event: 0.950 Thread 0x000001c64f5b9f60 Uncommon trap: trap_request=0xffffff45 fr.pc=0x000001c638f20014 relative=0x00000000000004d4
Event: 0.950 Thread 0x000001c64f5b9f60 Uncommon trap: reason=unstable_if action=reinterpret pc=0x000001c638f20014 method=java.lang.StringLatin1.toLowerCase(Ljava/lang/String;[BLjava/util/Locale;)Ljava/lang/String; @ 43 c2
Event: 0.950 Thread 0x000001c64f5b9f60 DEOPT PACKING pc=0x000001c638f20014 sp=0x0000009887efd110
Event: 0.950 Thread 0x000001c64f5b9f60 DEOPT UNPACKING pc=0x000001c631465c23 sp=0x0000009887efd080 mode 2
Event: 1.055 Thread 0x000001c64f5b9f60 Uncommon trap: trap_request=0xffffff45 fr.pc=0x000001c638ee9fb8 relative=0x0000000000000098
Event: 1.055 Thread 0x000001c64f5b9f60 Uncommon trap: reason=unstable_if action=reinterpret pc=0x000001c638ee9fb8 method=java.lang.String.isLatin1()Z @ 10 c2
Event: 1.055 Thread 0x000001c64f5b9f60 DEOPT PACKING pc=0x000001c638ee9fb8 sp=0x0000009887efcf20
Event: 1.055 Thread 0x000001c64f5b9f60 DEOPT UNPACKING pc=0x000001c631465c23 sp=0x0000009887efce50 mode 2
Event: 1.069 Thread 0x000001c64f5b9f60 Uncommon trap: trap_request=0xffffff45 fr.pc=0x000001c638f2d100 relative=0x0000000000000440
Event: 1.069 Thread 0x000001c64f5b9f60 Uncommon trap: reason=unstable_if action=reinterpret pc=0x000001c638f2d100 method=java.lang.Character.isSurrogate(C)Z @ 3 c2
Event: 1.069 Thread 0x000001c64f5b9f60 DEOPT PACKING pc=0x000001c638f2d100 sp=0x0000009887efcbf0
Event: 1.069 Thread 0x000001c64f5b9f60 DEOPT UNPACKING pc=0x000001c631465c23 sp=0x0000009887efcb08 mode 2
Event: 1.069 Thread 0x000001c64f5b9f60 Uncommon trap: trap_request=0xffffff45 fr.pc=0x000001c638f2c5b8 relative=0x0000000000000038
Event: 1.069 Thread 0x000001c64f5b9f60 Uncommon trap: reason=unstable_if action=reinterpret pc=0x000001c638f2c5b8 method=java.lang.Character.isSurrogate(C)Z @ 3 c2
Event: 1.069 Thread 0x000001c64f5b9f60 DEOPT PACKING pc=0x000001c638f2c5b8 sp=0x0000009887efcb60
Event: 1.069 Thread 0x000001c64f5b9f60 DEOPT UNPACKING pc=0x000001c631465c23 sp=0x0000009887efcaf8 mode 2

Classes loaded (20 events):
Event: 1.123 Loading class java/awt/Toolkit$ToolkitEventMulticaster
Event: 1.123 Loading class java/awt/Toolkit$ToolkitEventMulticaster done
Event: 1.124 Loading class java/awt/event/MouseWheelEvent
Event: 1.124 Loading class java/awt/event/MouseWheelEvent done
Event: 1.136 Loading class java/util/concurrent/locks/AbstractQueuedSynchronizer$ExclusiveNode
Event: 1.136 Loading class java/util/concurrent/locks/AbstractQueuedSynchronizer$ExclusiveNode done
Event: 1.636 Loading class javax/swing/Timer$1
Event: 1.636 Loading class javax/swing/Timer$1 done
Event: 3.283 Loading class java/awt/LightweightDispatcher$2
Event: 3.283 Loading class java/awt/LightweightDispatcher$2 done
Event: 3.860 Loading class java/awt/KeyboardFocusManager$2
Event: 3.861 Loading class java/awt/KeyboardFocusManager$2 done
Event: 3.861 Loading class sun/awt/SunToolkit$1
Event: 3.861 Loading class sun/awt/SunToolkit$1 done
Event: 3758.312 Loading class java/util/WeakHashMap$KeyIterator
Event: 3758.314 Loading class java/util/WeakHashMap$HashIterator
Event: 3758.314 Loading class java/util/WeakHashMap$HashIterator done
Event: 3758.314 Loading class java/util/WeakHashMap$KeyIterator done
Event: 3758.318 Loading class javax/swing/RepaintManager$DisplayChangedRunnable
Event: 3758.319 Loading class javax/swing/RepaintManager$DisplayChangedRunnable done

Classes unloaded (0 events):
No events

Classes redefined (0 events):
No events

Internal exceptions (17 events):
Event: 0.070 Thread 0x000001c629adf1c0 Exception <a 'sun/nio/fs/WindowsException'{0x00000007515302e0}> (0x00000007515302e0) 
thrown [t:\workspace\open\src\hotspot\share\prims\jni.cpp, line 516]
Event: 0.070 Thread 0x000001c629adf1c0 Exception <a 'sun/nio/fs/WindowsException'{0x0000000751530950}> (0x0000000751530950) 
thrown [t:\workspace\open\src\hotspot\share\prims\jni.cpp, line 516]
Event: 0.071 Thread 0x000001c629adf1c0 Exception <a 'sun/nio/fs/WindowsException'{0x0000000751533320}> (0x0000000751533320) 
thrown [t:\workspace\open\src\hotspot\share\prims\jni.cpp, line 516]
Event: 0.071 Thread 0x000001c629adf1c0 Exception <a 'sun/nio/fs/WindowsException'{0x0000000751534010}> (0x0000000751534010) 
thrown [t:\workspace\open\src\hotspot\share\prims\jni.cpp, line 516]
Event: 0.103 Thread 0x000001c629adf1c0 Exception <a 'java/lang/ClassNotFoundException'{0x0000000751267068}: sun/awt/resources/spi/awtProvider> (0x0000000751267068) 
thrown [t:\workspace\open\src\hotspot\share\classfile\systemDictionary.cpp, line 255]
Event: 0.122 Thread 0x000001c629adf1c0 Exception <a 'java/io/FileNotFoundException'{0x00000007512baa78}> (0x00000007512baa78) 
thrown [t:\workspace\open\src\hotspot\share\prims\jni.cpp, line 516]
Event: 0.127 Thread 0x000001c629adf1c0 Exception <a 'java/io/FileNotFoundException'{0x00000007512e7c58}> (0x00000007512e7c58) 
thrown [t:\workspace\open\src\hotspot\share\prims\jni.cpp, line 516]
Event: 0.157 Thread 0x000001c629adf1c0 Exception <a 'java/lang/NoSuchMethodError'{0x000000075132c128}: 'java.lang.Object java.lang.invoke.DirectMethodHandle$Holder.invokeStaticInit(java.lang.Object)'> (0x000000075132c128) 
thrown [t:\workspace\open\src\hotspot\share\interpreter\linkResolver.cpp, line 766]
Event: 0.185 Thread 0x000001c629adf1c0 Exception <a 'java/lang/NoSuchMethodError'{0x00000007513e62f8}: 'void java.lang.invoke.DirectMethodHandle$Holder.invokeSpecial(java.lang.Object, java.lang.Object, java.lang.Object)'> (0x00000007513e62f8) 
thrown [t:\workspace\open\src\hotspot\share\interpreter\linkResolver.cpp, line 766]
Event: 0.191 Thread 0x000001c629adf1c0 Exception <a 'java/lang/NoSuchMethodError'{0x0000000751011b58}: 'java.lang.Object java.lang.invoke.DirectMethodHandle$Holder.newInvokeSpecial(java.lang.Object, java.lang.Object, java.lang.Object, java.lang.Object, java.lang.Object)'> (0x0000000751011b58) 
thrown [t:\workspace\open\src\hotspot\share\interpreter\linkResolver.cpp, line 766]
Event: 0.198 Thread 0x000001c629adf1c0 Exception <a 'java/lang/NoSuchMethodError'{0x00000007510436d0}: 'java.lang.Object java.lang.invoke.DirectMethodHandle$Holder.invokeStatic(java.lang.Object, int, java.lang.Object)'> (0x00000007510436d0) 
thrown [t:\workspace\open\src\hotspot\share\interpreter\linkResolver.cpp, line 766]
Event: 0.218 Thread 0x000001c629adf1c0 Exception <a 'java/lang/ClassNotFoundException'{0x00000007511005d0}: com/sun/swing/internal/plaf/metal/resources/spi/metalProvider> (0x00000007511005d0) 
thrown [t:\workspace\open\src\hotspot\share\classfile\systemDictionary.cpp, line 255]
Event: 0.219 Thread 0x000001c629adf1c0 Exception <a 'java/lang/ClassNotFoundException'{0x0000000751104608}: com/sun/swing/internal/plaf/basic/resources/spi/basicProvider> (0x0000000751104608) 
thrown [t:\workspace\open\src\hotspot\share\classfile\systemDictionary.cpp, line 255]
Event: 0.225 Thread 0x000001c629adf1c0 Exception <a 'java/lang/NoSuchMethodError'{0x00000007511249e8}: 'int java.lang.invoke.Invokers$Holder.invokeExact_MT(java.lang.Object, java.lang.Object)'> (0x00000007511249e8) 
thrown [t:\workspace\open\src\hotspot\share\interpreter\linkResolver.cpp, line 766]
Event: 0.274 Thread 0x000001c64eb016d0 Exception <a 'java/lang/NoSuchMethodError'{0x0000000750ecdd98}: 'java.lang.Object java.lang.invoke.DirectMethodHandle$Holder.newInvokeSpecial(java.lang.Object, java.lang.Object, java.lang.Object, int, int, int, int, int)'> (0x0000000750ecdd98) 
thrown [t:\workspace\open\src\hotspot\share\interpreter\linkResolver.cpp, line 766]
Event: 0.801 Thread 0x000001c64e9889c0 Exception <a 'java/lang/NoSuchMethodError'{0x000000075077aba0}: 'void java.lang.invoke.DirectMethodHandle$Holder.invokeVirtual(java.lang.Object, java.lang.Object)'> (0x000000075077aba0) 
thrown [t:\workspace\open\src\hotspot\share\interpreter\linkResolver.cpp, line 766]
Event: 0.819 Thread 0x000001c629adf1c0 Exception <a 'java/lang/NoSuchMethodError'{0x0000000750b7c608}: 'void java.lang.invoke.DirectMethodHandle$Holder.invokeStaticInit(java.lang.Object)'> (0x0000000750b7c608) 
thrown [t:\workspace\open\src\hotspot\share\interpreter\linkResolver.cpp, line 766]

VM Operations (18 events):
Event: 0.072 Executing VM operation: HandshakeAllThreads
Event: 0.072 Executing VM operation: HandshakeAllThreads done
Event: 0.436 Executing VM operation: G1CollectForAllocation
Event: 0.441 Executing VM operation: G1CollectForAllocation done
Event: 0.521 Executing VM operation: G1CollectForAllocation
Event: 0.525 Executing VM operation: G1CollectForAllocation done
Event: 0.559 Executing VM operation: HandshakeAllThreads
Event: 0.559 Executing VM operation: HandshakeAllThreads done
Event: 0.788 Executing VM operation: HandshakeAllThreads
Event: 0.788 Executing VM operation: HandshakeAllThreads done
Event: 0.895 Executing VM operation: HandshakeAllThreads
Event: 0.895 Executing VM operation: HandshakeAllThreads done
Event: 1.904 Executing VM operation: Cleanup
Event: 1.905 Executing VM operation: Cleanup done
Event: 2.915 Executing VM operation: Cleanup
Event: 2.915 Executing VM operation: Cleanup done
Event: 3909.764 Executing VM operation: Cleanup
Event: 3909.764 Executing VM operation: Cleanup done

Events (20 events):
Event: 0.080 Thread 0x000001c64e908210 Thread added: 0x000001c64e908210
Event: 0.083 Loaded shared library C:\Program Files\Java\jdk-18\bin\zip.dll
Event: 0.085 Thread 0x000001c64e93d910 Thread added: 0x000001c64e93d910
Event: 0.097 Loaded shared library C:\Program Files\Java\jdk-18\bin\jimage.dll
Event: 0.111 Loaded shared library C:\Program Files\Java\jdk-18\bin\awt.dll
Event: 0.158 Thread 0x000001c64e988040 Thread added: 0x000001c64e988040
Event: 0.159 Thread 0x000001c64e988500 Thread added: 0x000001c64e988500
Event: 0.160 Thread 0x000001c64e9889c0 Thread added: 0x000001c64e9889c0
Event: 0.230 Thread 0x000001c64eb016d0 Thread added: 0x000001c64eb016d0
Event: 0.272 Loaded shared library C:\Program Files\Java\jdk-18\bin\javajpeg.dll
Event: 0.379 Thread 0x000001c64e93d910 Thread exited: 0x000001c64e93d910
Event: 0.800 Thread 0x000001c64f5b9f60 Thread added: 0x000001c64f5b9f60
Event: 0.823 Loaded shared library C:\Program Files\Java\jdk-18\bin\freetype.dll
Event: 0.824 Loaded shared library C:\Program Files\Java\jdk-18\bin\fontmanager.dll
Event: 0.893 Thread 0x000001c629adf1c0 Thread exited: 0x000001c629adf1c0
Event: 0.893 Thread 0x000001c629adf1c0 Thread added: 0x000001c629adf1c0
Event: 1.066 Thread 0x000001c64eb6df40 Thread added: 0x000001c64eb6df40
Event: 1.120 Thread 0x000001c64f637f90 Thread added: 0x000001c64f637f90
Event: 1.203 Thread 0x000001c64eb6df40 Thread exited: 0x000001c64eb6df40
Event: 5.773 Thread 0x000001c64eb016d0 Thread exited: 0x000001c64eb016d0


Dynamic libraries:
0x00007ff6c77a0000 - 0x00007ff6c77b0000 	C:\Program Files\Java\jdk-18\bin\java.exe
0x00007ffd8a940000 - 0x00007ffd8ab49000 	C:\windows\SYSTEM32\ntdll.dll
0x00007ffd894a0000 - 0x00007ffd8955d000 	C:\windows\System32\KERNEL32.DLL
0x00007ffd87e20000 - 0x00007ffd88199000 	C:\windows\System32\KERNELBASE.dll
0x00007ffd88580000 - 0x00007ffd88691000 	C:\windows\System32\ucrtbase.dll
0x00007ffd6e9d0000 - 0x00007ffd6e9e8000 	C:\Program Files\Java\jdk-18\bin\jli.dll
0x00007ffd62070000 - 0x00007ffd6208a000 	C:\Program Files\Java\jdk-18\bin\VCRUNTIME140.dll
0x00007ffd89710000 - 0x00007ffd897be000 	C:\windows\System32\ADVAPI32.dll
0x00007ffd88b50000 - 0x00007ffd88bf3000 	C:\windows\System32\msvcrt.dll
0x00007ffd891a0000 - 0x00007ffd8923e000 	C:\windows\System32\sechost.dll
0x00007ffd892d0000 - 0x00007ffd893f0000 	C:\windows\System32\RPCRT4.dll
0x00007ffd88990000 - 0x00007ffd88b3c000 	C:\windows\System32\USER32.dll
0x00007ffd88430000 - 0x00007ffd88456000 	C:\windows\System32\win32u.dll
0x00007ffd5ffe0000 - 0x00007ffd60285000 	C:\windows\WinSxS\amd64_microsoft.windows.common-controls_6595b64144ccf1df_6.0.22000.120_none_9d947278b86cc467\COMCTL32.dll
0x00007ffd89470000 - 0x00007ffd89499000 	C:\windows\System32\GDI32.dll
0x00007ffd881a0000 - 0x00007ffd882b2000 	C:\windows\System32\gdi32full.dll
0x00007ffd88460000 - 0x00007ffd884fd000 	C:\windows\System32\msvcp_win.dll
0x00007ffd7f3f0000 - 0x00007ffd7f3fa000 	C:\windows\SYSTEM32\VERSION.dll
0x00007ffd8a750000 - 0x00007ffd8a781000 	C:\windows\System32\IMM32.DLL
0x00007ffd7fef0000 - 0x00007ffd7fefc000 	C:\Program Files\Java\jdk-18\bin\vcruntime140_1.dll
0x00007ffcf8a00000 - 0x00007ffcf8a8d000 	C:\Program Files\Java\jdk-18\bin\msvcp140.dll
0x00007ffceeba0000 - 0x00007ffcef7b1000 	C:\Program Files\Java\jdk-18\bin\server\jvm.dll
0x00007ffd88b40000 - 0x00007ffd88b48000 	C:\windows\System32\PSAPI.DLL
0x00007ffd7fda0000 - 0x00007ffd7fdd3000 	C:\windows\SYSTEM32\WINMM.dll
0x00007ffd7ff00000 - 0x00007ffd7ff09000 	C:\windows\SYSTEM32\WSOCK32.dll
0x00007ffd89240000 - 0x00007ffd892af000 	C:\windows\System32\WS2_32.dll
0x00007ffd87010000 - 0x00007ffd87028000 	C:\windows\SYSTEM32\kernel.appcore.dll
0x00007ffd61ff0000 - 0x00007ffd61ffa000 	C:\Program Files\Java\jdk-18\bin\jimage.dll
0x00007ffd85970000 - 0x00007ffd85b91000 	C:\windows\SYSTEM32\DBGHELP.DLL
0x00007ffd678e0000 - 0x00007ffd67911000 	C:\windows\SYSTEM32\dbgcore.DLL
0x00007ffd88500000 - 0x00007ffd8857f000 	C:\windows\System32\bcryptPrimitives.dll
0x00007ffd62000000 - 0x00007ffd62025000 	C:\Program Files\Java\jdk-18\bin\java.dll
0x00007ffd61f10000 - 0x00007ffd61fe6000 	C:\Program Files\Java\jdk-18\bin\jsvml.dll
0x00007ffd897c0000 - 0x00007ffd89f78000 	C:\windows\System32\SHELL32.dll
0x00007ffd85fa0000 - 0x00007ffd86808000 	C:\windows\SYSTEM32\windows.storage.dll
0x00007ffd88cd0000 - 0x00007ffd89049000 	C:\windows\System32\combase.dll
0x00007ffd85e30000 - 0x00007ffd85f96000 	C:\windows\SYSTEM32\wintypes.dll
0x00007ffd89050000 - 0x00007ffd8913a000 	C:\windows\System32\SHCORE.dll
0x00007ffd893f0000 - 0x00007ffd8944d000 	C:\windows\System32\shlwapi.dll
0x00007ffd87d50000 - 0x00007ffd87d71000 	C:\windows\SYSTEM32\profapi.dll
0x00007ffd38a20000 - 0x00007ffd38a33000 	C:\Program Files\Java\jdk-18\bin\net.dll
0x00007ffd7fde0000 - 0x00007ffd7feec000 	C:\windows\SYSTEM32\WINHTTP.dll
0x00007ffd87440000 - 0x00007ffd874a7000 	C:\windows\system32\mswsock.dll
0x00007ffd38a00000 - 0x00007ffd38a16000 	C:\Program Files\Java\jdk-18\bin\nio.dll
0x00007ffd389e0000 - 0x00007ffd389f8000 	C:\Program Files\Java\jdk-18\bin\zip.dll
0x00007ffd10bd0000 - 0x00007ffd10d5f000 	C:\Program Files\Java\jdk-18\bin\awt.dll
0x00007ffd8a600000 - 0x00007ffd8a6d6000 	C:\windows\System32\OLEAUT32.dll
0x00007ffd82830000 - 0x00007ffd828c1000 	C:\windows\SYSTEM32\apphelp.dll
0x00007ffd85550000 - 0x00007ffd8557f000 	C:\windows\system32\DWMAPI.DLL
0x00007ffd82920000 - 0x00007ffd829cc000 	C:\windows\system32\uxtheme.dll
0x00007ffd4dc70000 - 0x00007ffd4dd71000 	C:\windows\system32\opengl32.dll
0x00007ffd4dec0000 - 0x00007ffd4deed000 	C:\windows\SYSTEM32\GLU32.dll
0x00007ffd85190000 - 0x00007ffd851c8000 	C:\windows\SYSTEM32\dxcore.dll
0x00007ffd89560000 - 0x00007ffd8967e000 	C:\windows\System32\MSCTF.dll
0x00007ffd8a450000 - 0x00007ffd8a5ea000 	C:\windows\System32\ole32.dll
0x00007ffd59410000 - 0x00007ffd5943d000 	C:\Program Files\Java\jdk-18\bin\javajpeg.dll
0x00007ffcf7540000 - 0x00007ffcf75c9000 	C:\Program Files\Java\jdk-18\bin\freetype.dll
0x00007ffcf7490000 - 0x00007ffcf7538000 	C:\Program Files\Java\jdk-18\bin\fontmanager.dll
0x00007ffd88c20000 - 0x00007ffd88ccf000 	C:\windows\System32\clbcatq.dll
0x00007ffd75ff0000 - 0x00007ffd7619e000 	C:\windows\SYSTEM32\WindowsCodecs.dll
0x00007ffd4ccb0000 - 0x00007ffd4cd0d000 	C:\windows\system32\dataexchange.dll
0x00007ffd75350000 - 0x00007ffd755b6000 	C:\windows\system32\twinapi.appcore.dll
0x00007ffd5c9f0000 - 0x00007ffd5cb1d000 	C:\windows\SYSTEM32\textinputframework.dll
0x00007ffd82540000 - 0x00007ffd82672000 	C:\windows\SYSTEM32\CoreMessaging.dll
0x00007ffd776f0000 - 0x00007ffd77a5d000 	C:\windows\SYSTEM32\CoreUIComponents.dll
0x00007ffd876a0000 - 0x00007ffd876ac000 	C:\windows\SYSTEM32\CRYPTBASE.DLL
0x00007ffd64510000 - 0x00007ffd645be000 	C:\windows\SYSTEM32\TextShaping.dll

dbghelp: loaded successfully - version: 4.0.5 - missing functions: none
symbol engine: initialized successfully - sym options: 0x614 - pdb path: .;C:\Program Files\Java\jdk-18\bin;C:\windows\SYSTEM32;C:\windows\WinSxS\amd64_microsoft.windows.common-controls_6595b64144ccf1df_6.0.22000.120_none_9d947278b86cc467;C:\Program Files\Java\jdk-18\bin\server

VM Arguments:
jvm_args: -Dfile.encoding=UTF-8 --module-path=C:\Users\ayush\OneDrive\Documents\University Files\Semester 4\Lab\Project\Bank Management\Bank Management\build\classes 
java_command: bank.management.Loan_Application
java_class_path (initial): C:\Users\ayush\Downloads\jcalendar-tz-1.3.3-4.jar;C:\Users\ayush\Downloads\mysql-connector-java-8.0.28.jar;C:\Users\ayush\OneDrive\Documents\University Files\Semester 4\Lab\Project\Bank Management\Bank Management\build\classes
Launcher Type: SUN_STANDARD

[Global flags]
     intx CICompilerCount                          = 4                                         {product} {ergonomic}
     uint ConcGCThreads                            = 3                                         {product} {ergonomic}
     uint G1ConcRefinementThreads                  = 10                                        {product} {ergonomic}
   size_t G1HeapRegionSize                         = 2097152                                   {product} {ergonomic}
    uintx GCDrainStackTargetSize                   = 64                                        {product} {ergonomic}
   size_t InitialHeapSize                          = 197132288                                 {product} {ergonomic}
   size_t MarkStackSize                            = 4194304                                   {product} {ergonomic}
   size_t MaxHeapSize                              = 3126853632                                {product} {ergonomic}
   size_t MaxNewSize                               = 1874853888                                {product} {ergonomic}
   size_t MinHeapDeltaBytes                        = 2097152                                   {product} {ergonomic}
   size_t MinHeapSize                              = 8388608                                   {product} {ergonomic}
    uintx NonNMethodCodeHeapSize                   = 5839372                                {pd product} {ergonomic}
    uintx NonProfiledCodeHeapSize                  = 122909434                              {pd product} {ergonomic}
    uintx ProfiledCodeHeapSize                     = 122909434                              {pd product} {ergonomic}
    uintx ReservedCodeCacheSize                    = 251658240                              {pd product} {ergonomic}
     bool SegmentedCodeCache                       = true                                      {product} {ergonomic}
   size_t SoftMaxHeapSize                          = 3126853632                             {manageable} {ergonomic}
     bool UseCompressedClassPointers               = true                           {product lp64_product} {ergonomic}
     bool UseCompressedOops                        = true                           {product lp64_product} {ergonomic}
     bool UseG1GC                                  = true                                      {product} {ergonomic}
     bool UseLargePagesIndividualAllocation        = false                                  {pd product} {ergonomic}

Logging:
Log output configuration:
 #0: stdout all=warning uptime,level,tags foldmultilines=false
 #1: stderr all=off uptime,level,tags foldmultilines=false

Environment Variables:
PATH=C:\Program Files\Python310\Scripts\;C:\Program Files\Python310\;C:\Program Files\Common Files\Oracle\Java\javapath;C:\windows\system32;C:\windows;C:\windows\System32\Wbem;C:\windows\System32\WindowsPowerShell\v1.0\;C:\windows\System32\OpenSSH\;C:\Program Files (x86)\NVIDIA Corporation\PhysX\Common;C:\Program Files\NVIDIA Corporation\NVIDIA NvDLISR;C:\Program Files\nodejs\;C:\Program Files\MySQL\MySQL Server 8.0\bin;C:\Program Files\MySQL\MySQL Shell 8.0\bin\;C:\Users\ayush\AppData\Local\Microsoft\WindowsApps;C:\Users\ayush\AppData\Local\Programs\Microsoft VS Code\bin;C:\MinGW\bin;C:\Users\ayush\AppData\Roaming\npm
USERNAME=ayush
OS=Windows_NT
PROCESSOR_IDENTIFIER=Intel64 Family 6 Model 141 Stepping 1, GenuineIntel



---------------  S Y S T E M  ---------------

OS:
 Windows 11 , 64 bit Build 22000 (10.0.22000.708)
OS uptime: 0 days 3:08 hours

CPU: total 12 (initial active 12) (6 cores per cpu, 2 threads per core) family 6 model 141 stepping 1 microcode 0x3c, cx8, cmov, fxsr, ht, mmx, 3dnowpref, sse, sse2, sse3, ssse3, sse4.1, sse4.2, popcnt, lzcnt, tsc, tscinvbit, avx, avx2, aes, erms, clmul, bmi1, bmi2, adx, avx512f, avx512dq, avx512cd, avx512bw, avx512vl, sha, fma, vzeroupper, avx512_vpopcntdq, avx512_vpclmulqdq, avx512_vaes, avx512_vnni, clflush, clflushopt, clwb, avx512_vbmi2, avx512_vbmi

Memory: 4k page, system-wide physical 11925M (574M free)
TotalPageFile size 42349M (AvailPageFile size 0M)
current process WorkingSet (physical memory assigned to process): 43M, peak: 183M
current process commit charge ("private bytes"): 295M, peak: 326M

vm_info: Java HotSpot(TM) 64-Bit Server VM (18+36-2087) for windows-amd64 JRE (18+36-2087), built on Feb 15 2022 09:43:11 by "mach5one" with MS VC++ 16.8 / 16.9 (VS2019)

END.
